Flutter crash report.
Please report a bug at https://github.com/flutter/flutter/issues.

## command

flutter analyze

## exception

_Exception: Exception: analysis server exited with code -1073740791 and output:
[stdout] {"event":"server.connected","params":{"version":"1.40.0","pid":10368}}
[stdout] {"id":"1"}
[stdout] {"event":"analysis.errors","params":{"file":"C:\\olzhas\\flutter\\omnisource\\analysis_options.yaml","errors":[]}}
[stdout] {"event":"analysis.errors","params":{"file":"C:\\olzhas\\flutter\\omnisource\\android\\app\\src\\debug\\AndroidManifest.xml","errors":[]}}
[stdout] {"event":"analysis.errors","params":{"file":"C:\\olzhas\\flutter\\omnisource\\android\\app\\src\\main\\AndroidManifest.xml","errors":[]}}
[stdout] {"event":"analysis.errors","params":{"file":"C:\\olzhas\\flutter\\omnisource\\android\\app\\src\\profile\\AndroidManifest.xml","errors":[]}}
[stdout] {"event":"analysis.errors","params":{"file":"C:\\olzhas\\flutter\\omnisource\\pubspec.yaml","errors":[]}}
[stdout] {"event":"server.status","params":{"analysis":{"isAnalyzing":true}}}
[stdout] {"event":"analysis.errors","params":{"file":"C:\\olzhas\\flutter\\omnisource\\lib\\core\\constants\\api_constants.dart","errors":[]}}
[stdout] {"event":"analysis.errors","params":{"file":"C:\\olzhas\\flutter\\omnisource\\lib\\core\\network\\api_client.dart","errors":[]}}
[stderr] ../../runtime/vm/zone.cc: 96: error: Out of memory.
[stderr] version=3.10.8 (stable) (Tue Jan 27 00:02:04 2026 -0800) on "windows_x64"
[stderr] pid=10368, thread=7996, isolate_group=main(0000017FC4CDCA50), isolate=(nil)(0000000000000000)
[stderr] os=windows, arch=x64, comp=no, sim=no
[stderr] isolate_instructions=17fc33c0000, vm_instructions=7ff715598080
[stderr] fp=43b20fd960, sp=43b20fd918, pc=7ff71587dce3
[stderr]   pc 0x00007ff71587dce3 fp 0x00000043b20fd960 Dart_DetectNullSafety+0x2dd5d3
[stderr] -- End of DumpStackTrace
[stderr] === Crash occurred when compiling package:analyzer/src/dart/analysis/unlinked_data.dart_UnlinkedUnit_UnlinkedUnit.read in optimizing JIT mode in unknown pass
[stderr] === Flow Graph not available

```
```

## flutter doctor

```
[✓] Flutter (Channel stable, 3.38.9, on Microsoft Windows [Version 10.0.26200.7840], locale ru-RU) [917ms]
    • Flutter version 3.38.9 on channel stable at C:\flutter
    • Upstream repository https://github.com/flutter/flutter.git
    • Framework revision 67323de285 (4 weeks ago), 2026-01-28 13:43:12 -0800
    • Engine revision 587c18f873
    • Dart version 3.10.8
    • DevTools version 2.51.1
    • Feature flags: enable-web, enable-linux-desktop, enable-macos-desktop, enable-windows-desktop, no-enable-android, no-enable-ios, cli-animations, enable-native-assets, omit-legacy-version-file, enable-lldb-debugging

[✓] Windows Version (Њ ©Єа®б®дв Windows 11 Pro ¤«п ®Ўа §®ў вҐ«м­ле гзаҐ¦¤Ґ­Ё© 64-bit, 25H2, 2009) [2,2s]

[✓] Chrome - develop for the web [14ms]
    • Chrome at C:\Program Files\Google\Chrome\Application\chrome.exe

[✗] Visual Studio - develop Windows apps [12ms]
    ✗ Visual Studio not installed; this is necessary to develop Windows apps.
      Download at https://visualstudio.microsoft.com/downloads/.
      Please install the "Desktop development with C++" workload, including all of its default components

[✓] Connected device (3 available) [202ms]
    • Windows (desktop) • windows • windows-x64    • Microsoft Windows [Version 10.0.26200.7840]
    • Chrome (web)      • chrome  • web-javascript • Google Chrome 145.0.7632.117
    • Edge (web)        • edge    • web-javascript • Microsoft Edge 145.0.3800.70

[✓] Network resources [555ms]
    • All expected network resources are available.

! Doctor found issues in 1 category.
```
