#
# There is insufficient memory for the Java Runtime Environment to continue.
# Native memory allocation (malloc) failed to allocate 1193936 bytes. Error detail: Chunk::new
# Possible reasons:
#   The system is out of physical RAM or swap space
#   This process is running with CompressedOops enabled, and the Java Heap may be blocking the growth of the native heap
# Possible solutions:
#   Reduce memory load on the system
#   Increase physical memory or swap space
#   Check if swap backing store is full
#   Decrease Java heap size (-Xmx/-Xms)
#   Decrease number of Java threads
#   Decrease Java thread stack sizes (-Xss)
#   Set larger code cache with -XX:ReservedCodeCacheSize=
#   JVM is running with Unscaled Compressed Oops mode in which the Java heap is
#     placed in the first 4GB address space. The Java Heap base address is the
#     maximum limit for the native heap growth. Please use -XX:HeapBaseMinAddress
#     to set the Java Heap base and to place the Java Heap above 4GB virtual address.
# This output file may be truncated or incomplete.
#
#  Out of Memory Error (arena.cpp:168), pid=14448, tid=16988
#
# JRE version: OpenJDK Runtime Environment Temurin-21.0.9+10 (21.0.9+10) (build 21.0.9+10-LTS)
# Java VM: OpenJDK 64-Bit Server VM Temurin-21.0.9+10 (21.0.9+10-LTS, mixed mode, sharing, tiered, compressed oops, compressed class ptrs, parallel gc, windows-amd64)
# No core dump will be written. Minidumps are not enabled by default on client versions of Windows
#

---------------  S U M M A R Y ------------

Command Line: --add-modules=ALL-SYSTEM --add-opens=java.base/java.util=ALL-UNNAMED --add-opens=java.base/java.lang=ALL-UNNAMED --add-opens=java.base/sun.nio.fs=ALL-UNNAMED -Declipse.application=org.eclipse.jdt.ls.core.id1 -Dosgi.bundles.defaultStartLevel=4 -Declipse.product=org.eclipse.jdt.ls.core.product -Djava.import.generatesMetadataFilesAtProjectRoot=false -DDetectVMInstallationsJob.disabled=true -Dfile.encoding=utf8 -XX:+UseParallelGC -XX:GCTimeRatio=4 -XX:AdaptiveSizePolicyWeight=90 -Dsun.zip.disableMemoryMapping=true -Xmx2G -Xms100m -Xlog:disable -javaagent:c:\Users\akbop\.vscode\extensions\redhat.java-1.52.0-win32-x64\lombok\lombok-1.18.39-4050.jar -XX:+HeapDumpOnOutOfMemoryError -XX:HeapDumpPath=c:\Users\akbop\AppData\Roaming\Code\User\workspaceStorage\5c7d54b4b6ce7c03cd1729fc8615050d\redhat.java -Daether.dependencyCollector.impl=bf c:\Users\akbop\.vscode\extensions\redhat.java-1.52.0-win32-x64\server\plugins\org.eclipse.equinox.launcher_1.7.100.v20251111-0406.jar -configuration c:\Users\akbop\AppData\Roaming\Code\User\globalStorage\redhat.java\1.52.0\config_win -data c:\Users\akbop\AppData\Roaming\Code\User\workspaceStorage\5c7d54b4b6ce7c03cd1729fc8615050d\redhat.java\jdt_ws --pipe=\\.\pipe\lsp-872d6337314a1c463c6d814b3caa4744-sock

Host: AMD Athlon Gold 3150U with Radeon Graphics     , 4 cores, 5G,  Windows 11 , 64 bit Build 26100 (10.0.26100.7705)
Time: Tue Feb 24 16:00:13 2026 elapsed time: 80.632320 seconds (0d 0h 1m 20s)

---------------  T H R E A D  ---------------

Current thread (0x0000019e862aaab0):  JavaThread "C2 CompilerThread0" daemon [_thread_in_native, id=16988, stack(0x000000766c300000,0x000000766c400000) (1024K)]


Current CompileTask:
C2:80632 8208   !   4       java.nio.file.FileTreeWalker::next (144 bytes)

Stack: [0x000000766c300000,0x000000766c400000]
Native frames: (J=compiled Java code, j=interpreted, Vv=VM code, C=native code)
V  [jvm.dll+0x6d6e29]
V  [jvm.dll+0x8b4b76]
V  [jvm.dll+0x8b712e]
V  [jvm.dll+0x8b7813]
V  [jvm.dll+0x283d86]
V  [jvm.dll+0xc66ed]
V  [jvm.dll+0xc6c31]
V  [jvm.dll+0x3be501]
V  [jvm.dll+0x38ab92]
V  [jvm.dll+0x389fda]
V  [jvm.dll+0x24bfa0]
V  [jvm.dll+0x24b580]
V  [jvm.dll+0x1cb13e]
V  [jvm.dll+0x25b29d]
V  [jvm.dll+0x25982a]
V  [jvm.dll+0x3f7ea6]
V  [jvm.dll+0x85e9ad]
V  [jvm.dll+0x6d565d]
C  [ucrtbase.dll+0x37b0]
C  [KERNEL32.DLL+0x2e8d7]
C  [ntdll.dll+0x8c40c]


---------------  P R O C E S S  ---------------

Threads class SMR info:
_java_thread_list=0x0000019ee79b4ea0, length=43, elements={
0x0000019e863b3fc0, 0x0000019e86467720, 0x0000019e862a6640, 0x0000019e86468f90,
0x0000019e864699e0, 0x0000019e8646c940, 0x0000019e862a9d30, 0x0000019e862aaab0,
0x0000019e86323140, 0x0000019edeb3e400, 0x0000019edec3a770, 0x0000019ee329d8a0,
0x0000019ee3273250, 0x0000019ee33abf10, 0x0000019ee3365840, 0x0000019ee3a69ed0,
0x0000019ee3d38410, 0x0000019ee35294f0, 0x0000019ee3527420, 0x0000019ee3528140,
0x0000019ee35287d0, 0x0000019ee3528e60, 0x0000019ee3526700, 0x0000019ee3526d90,
0x0000019ee46e75f0, 0x0000019ee46e89a0, 0x0000019ee46e9030, 0x0000019ee46e8310,
0x0000019ee46e96c0, 0x0000019ee46e9d50, 0x0000019ee46e68d0, 0x0000019ee46ea3e0,
0x0000019ee46e7c80, 0x0000019ee46e6f60, 0x0000019ee46eb790, 0x0000019ee46ebe20,
0x0000019ee46ed860, 0x0000019ee46edef0, 0x0000019ee46eaa70, 0x0000019ee46eb100,
0x0000019ee77a40a0, 0x0000019ee77a3380, 0x0000019ee77a3a10
}

Java Threads: ( => current thread )
  0x0000019e863b3fc0 JavaThread "main"                              [_thread_blocked, id=14280, stack(0x000000766b900000,0x000000766ba00000) (1024K)]
  0x0000019e86467720 JavaThread "Reference Handler"          daemon [_thread_blocked, id=8208, stack(0x000000766bd00000,0x000000766be00000) (1024K)]
  0x0000019e862a6640 JavaThread "Finalizer"                  daemon [_thread_blocked, id=14632, stack(0x000000766be00000,0x000000766bf00000) (1024K)]
  0x0000019e86468f90 JavaThread "Signal Dispatcher"          daemon [_thread_blocked, id=5836, stack(0x000000766bf00000,0x000000766c000000) (1024K)]
  0x0000019e864699e0 JavaThread "Attach Listener"            daemon [_thread_blocked, id=11160, stack(0x000000766c000000,0x000000766c100000) (1024K)]
  0x0000019e8646c940 JavaThread "Service Thread"             daemon [_thread_blocked, id=16968, stack(0x000000766c100000,0x000000766c200000) (1024K)]
  0x0000019e862a9d30 JavaThread "Monitor Deflation Thread"   daemon [_thread_blocked, id=3304, stack(0x000000766c200000,0x000000766c300000) (1024K)]
=>0x0000019e862aaab0 JavaThread "C2 CompilerThread0"         daemon [_thread_in_native, id=16988, stack(0x000000766c300000,0x000000766c400000) (1024K)]
  0x0000019e86323140 JavaThread "C1 CompilerThread0"         daemon [_thread_blocked, id=14328, stack(0x000000766c400000,0x000000766c500000) (1024K)]
  0x0000019edeb3e400 JavaThread "Common-Cleaner"             daemon [_thread_blocked, id=12520, stack(0x000000766c500000,0x000000766c600000) (1024K)]
  0x0000019edec3a770 JavaThread "Notification Thread"        daemon [_thread_blocked, id=11448, stack(0x000000766c600000,0x000000766c700000) (1024K)]
  0x0000019ee329d8a0 JavaThread "Active Thread: Equinox Container: 1d3a6377-7499-412a-b6ec-719f292866e8"        [_thread_blocked, id=9288, stack(0x000000766cb00000,0x000000766cc00000) (1024K)]
  0x0000019ee3273250 JavaThread "Refresh Thread: Equinox Container: 1d3a6377-7499-412a-b6ec-719f292866e8" daemon [_thread_blocked, id=14224, stack(0x000000766cc00000,0x000000766cd00000) (1024K)]
  0x0000019ee33abf10 JavaThread "Framework Event Dispatcher: Equinox Container: 1d3a6377-7499-412a-b6ec-719f292866e8" daemon [_thread_blocked, id=7216, stack(0x000000766cd00000,0x000000766ce00000) (1024K)]
  0x0000019ee3365840 JavaThread "Start Level: Equinox Container: 1d3a6377-7499-412a-b6ec-719f292866e8" daemon [_thread_blocked, id=14924, stack(0x000000766ce00000,0x000000766cf00000) (1024K)]
  0x0000019ee3a69ed0 JavaThread "Bundle File Closer"         daemon [_thread_blocked, id=4248, stack(0x000000766cf00000,0x000000766d000000) (1024K)]
  0x0000019ee3d38410 JavaThread "SCR Component Actor"        daemon [_thread_blocked, id=15408, stack(0x000000766c700000,0x000000766c800000) (1024K)]
  0x0000019ee35294f0 JavaThread "Worker-JM"                         [_thread_blocked, id=2340, stack(0x000000766d000000,0x000000766d100000) (1024K)]
  0x0000019ee3527420 JavaThread "JNA Cleaner"                daemon [_thread_blocked, id=16316, stack(0x000000766d100000,0x000000766d200000) (1024K)]
  0x0000019ee3528140 JavaThread "Worker-0"                          [_thread_blocked, id=7700, stack(0x000000766d200000,0x000000766d300000) (1024K)]
  0x0000019ee35287d0 JavaThread "Worker-1"                          [_thread_blocked, id=15896, stack(0x000000766d300000,0x000000766d400000) (1024K)]
  0x0000019ee3528e60 JavaThread "Java indexing"              daemon [_thread_blocked, id=9892, stack(0x000000766d500000,0x000000766d600000) (1024K)]
  0x0000019ee3526700 JavaThread "Worker-3"                          [_thread_blocked, id=6880, stack(0x000000766d700000,0x000000766d800000) (1024K)]
  0x0000019ee3526d90 JavaThread "Worker-4: Synchronize Gradle projects with workspace"        [_thread_blocked, id=16296, stack(0x000000766da00000,0x000000766db00000) (1024K)]
  0x0000019ee46e75f0 JavaThread "Worker-5: Initialize Workspace"        [_thread_in_vm, id=9748, stack(0x000000766db00000,0x000000766dc00000) (1024K)]
  0x0000019ee46e89a0 JavaThread "Thread-1"                   daemon [_thread_in_native, id=4108, stack(0x000000766dc00000,0x000000766dd00000) (1024K)]
  0x0000019ee46e9030 JavaThread "Thread-2"                   daemon [_thread_in_native, id=17376, stack(0x000000766dd00000,0x000000766de00000) (1024K)]
  0x0000019ee46e8310 JavaThread "Thread-3"                   daemon [_thread_in_native, id=15620, stack(0x000000766de00000,0x000000766df00000) (1024K)]
  0x0000019ee46e96c0 JavaThread "Thread-4"                   daemon [_thread_in_native, id=5932, stack(0x000000766df00000,0x000000766e000000) (1024K)]
  0x0000019ee46e9d50 JavaThread "Thread-5"                   daemon [_thread_in_native, id=6976, stack(0x000000766e000000,0x000000766e100000) (1024K)]
  0x0000019ee46e68d0 JavaThread "pool-2-thread-1"                   [_thread_blocked, id=14580, stack(0x000000766e100000,0x000000766e200000) (1024K)]
  0x0000019ee46ea3e0 JavaThread "Timer-0"                           [_thread_blocked, id=2864, stack(0x000000766e200000,0x000000766e300000) (1024K)]
  0x0000019ee46e7c80 JavaThread "Timer-1"                           [_thread_blocked, id=17008, stack(0x000000766e300000,0x000000766e400000) (1024K)]
  0x0000019ee46e6f60 JavaThread "WorkspaceEventsHandler"            [_thread_blocked, id=15568, stack(0x000000766e400000,0x000000766e500000) (1024K)]
  0x0000019ee46eb790 JavaThread "pool-1-thread-1"                   [_thread_blocked, id=1248, stack(0x000000766e500000,0x000000766e600000) (1024K)]
  0x0000019ee46ebe20 JavaThread "Timer-2"                           [_thread_blocked, id=15236, stack(0x000000766d400000,0x000000766d500000) (1024K)]
  0x0000019ee46ed860 JavaThread "Timer-3"                           [_thread_blocked, id=16200, stack(0x000000766e600000,0x000000766e700000) (1024K)]
  0x0000019ee46edef0 JavaThread "Timer-4"                           [_thread_blocked, id=10108, stack(0x000000766e700000,0x000000766e800000) (1024K)]
  0x0000019ee46eaa70 JavaThread "Timer-5"                           [_thread_blocked, id=14248, stack(0x000000766e800000,0x000000766e900000) (1024K)]
  0x0000019ee46eb100 JavaThread "Timer-6"                           [_thread_blocked, id=12476, stack(0x000000766e900000,0x000000766ea00000) (1024K)]
  0x0000019ee77a40a0 JavaThread "Timer-7"                           [_thread_blocked, id=1988, stack(0x000000766ec00000,0x000000766ed00000) (1024K)]
  0x0000019ee77a3380 JavaThread "Timer-8"                           [_thread_blocked, id=2156, stack(0x000000766b700000,0x000000766b800000) (1024K)]
  0x0000019ee77a3a10 JavaThread "Timer-9"                           [_thread_blocked, id=14768, stack(0x000000766d600000,0x000000766d700000) (1024K)]
Total: 43

Other Threads:
  0x0000019e8629f690 VMThread "VM Thread"                           [id=6276, stack(0x000000766bc00000,0x000000766bd00000) (1024K)]
  0x0000019e8623ca00 WatcherThread "VM Periodic Task Thread"        [id=5772, stack(0x000000766bb00000,0x000000766bc00000) (1024K)]
  0x0000019e863d2430 WorkerThread "GC Thread#0"                     [id=8220, stack(0x000000766ba00000,0x000000766bb00000) (1024K)]
  0x0000019ee35434f0 WorkerThread "GC Thread#1"                     [id=9404, stack(0x000000766c800000,0x000000766c900000) (1024K)]
  0x0000019ee31ec900 WorkerThread "GC Thread#2"                     [id=13636, stack(0x000000766c900000,0x000000766ca00000) (1024K)]
  0x0000019ee31f01c0 WorkerThread "GC Thread#3"                     [id=12532, stack(0x000000766ca00000,0x000000766cb00000) (1024K)]
Total: 6

Threads with active compile tasks:
C2 CompilerThread0  80705 8208   !   4       java.nio.file.FileTreeWalker::next (144 bytes)
Total: 1

VM state: not at safepoint (normal execution)

VM Mutex/Monitor currently owned by a thread: None

Heap address: 0x0000000080000000, size: 2048 MB, Compressed Oops mode: 32-bit

CDS archive(s) mapped at: [0x0000019e9d000000-0x0000019e9dba0000-0x0000019e9dba0000), size 12189696, SharedBaseAddress: 0x0000019e9d000000, ArchiveRelocationMode: 1.
Compressed class space mapped at: 0x0000019e9e000000-0x0000019ede000000, reserved size: 1073741824
Narrow klass base: 0x0000019e9d000000, Narrow klass shift: 0, Narrow klass range: 0x100000000

GC Precious Log:
 CardTable entry size: 512
 CPUs: 4 total, 4 available
 Memory: 6020M
 Large Page Support: Disabled
 NUMA Support: Disabled
 Compressed Oops: Enabled (32-bit)
 Alignments: Space 512K, Generation 512K, Heap 2M
 Heap Min Capacity: 100M
 Heap Initial Capacity: 100M
 Heap Max Capacity: 2G
 Pre-touch: Disabled
 Parallel Workers: 4

Heap:
 PSYoungGen      total 22528K, used 9117K [0x00000000d5580000, 0x00000000d6f00000, 0x0000000100000000)
  eden space 22016K, 40% used [0x00000000d5580000,0x00000000d5e477c0,0x00000000d6b00000)
  from space 512K, 25% used [0x00000000d6e00000,0x00000000d6e20000,0x00000000d6e80000)
  to   space 512K, 0% used [0x00000000d6e80000,0x00000000d6e80000,0x00000000d6f00000)
 ParOldGen       total 68608K, used 45337K [0x0000000080000000, 0x0000000084300000, 0x00000000d5580000)
  object space 68608K, 66% used [0x0000000080000000,0x0000000082c46788,0x0000000084300000)
 Metaspace       used 63811K, committed 65152K, reserved 1114112K
  class space    used 8069K, committed 8704K, reserved 1048576K

Card table byte_map: [0x0000019e85d50000,0x0000019e86160000] _byte_map_base: 0x0000019e85950000

Marking Bits: (ParMarkBitMap*) 0x00007ffdc77e2460
 Begin Bits: [0x0000019e98860000, 0x0000019e9a860000)
 End Bits:   [0x0000019e9a860000, 0x0000019e9c860000)

Polling page: 0x0000019e84130000

Metaspace:

Usage:
  Non-class:     54.43 MB used.
      Class:      7.88 MB used.
       Both:     62.32 MB used.

Virtual space:
  Non-class space:       64.00 MB reserved,      55.12 MB ( 86%) committed,  1 nodes.
      Class space:        1.00 GB reserved,       8.50 MB ( <1%) committed,  1 nodes.
             Both:        1.06 GB reserved,      63.62 MB (  6%) committed. 

Chunk freelists:
   Non-Class:  8.89 MB
       Class:  7.50 MB
        Both:  16.39 MB

MaxMetaspaceSize: unlimited
CompressedClassSpaceSize: 1.00 GB
Initial GC threshold: 21.00 MB
Current GC threshold: 97.31 MB
CDS: on
 - commit_granule_bytes: 65536.
 - commit_granule_words: 8192.
 - virtual_space_node_default_size: 8388608.
 - enlarge_chunks_in_place: 1.
 - use_allocation_guard: 0.


Internal statistics:

num_allocs_failed_limit: 9.
num_arena_births: 1268.
num_arena_deaths: 30.
num_vsnodes_births: 2.
num_vsnodes_deaths: 0.
num_space_committed: 1018.
num_space_uncommitted: 0.
num_chunks_returned_to_freelist: 45.
num_chunks_taken_from_freelist: 4172.
num_chunk_merges: 13.
num_chunk_splits: 2600.
num_chunks_enlarged: 1527.
num_inconsistent_stats: 0.

CodeHeap 'non-profiled nmethods': size=120000Kb used=5999Kb max_used=5999Kb free=114000Kb
 bounds [0x0000019e91080000, 0x0000019e91660000, 0x0000019e985b0000]
CodeHeap 'profiled nmethods': size=120000Kb used=15459Kb max_used=15459Kb free=104540Kb
 bounds [0x0000019e895b0000, 0x0000019e8a4d0000, 0x0000019e90ae0000]
CodeHeap 'non-nmethods': size=5760Kb used=1388Kb max_used=1452Kb free=4371Kb
 bounds [0x0000019e90ae0000, 0x0000019e90d50000, 0x0000019e91080000]
CodeCache: size=245760Kb, used=22846Kb, max_used=22910Kb, free=222911Kb
 total_blobs=8186, nmethods=7494, adapters=596, full_count=0
Compilation: enabled, stopped_count=0, restarted_count=0

Compilation events (20 events):
Event: 79.898 Thread 0x0000019e862aaab0 nmethod 8204 0x0000019e9164f990 code [0x0000019e9164fd20, 0x0000019e916519f8]
Event: 79.898 Thread 0x0000019e862aaab0 8202       4       java.util.regex.Pattern::sequence (647 bytes)
Event: 79.938 Thread 0x0000019e862aaab0 nmethod 8202 0x0000019e91652a10 code [0x0000019e91652e40, 0x0000019e91654278]
Event: 79.938 Thread 0x0000019e862aaab0 8203       4       sun.nio.fs.Globs::toRegexPattern (745 bytes)
Event: 80.046 Thread 0x0000019e862aaab0 nmethod 8203 0x0000019e91655310 code [0x0000019e91655900, 0x0000019e916582d8]
Event: 80.047 Thread 0x0000019e862aaab0 8205       4       java.util.regex.Pattern$Begin::match (62 bytes)
Event: 80.063 Thread 0x0000019e862aaab0 nmethod 8205 0x0000019e9165a290 code [0x0000019e9165a4a0, 0x0000019e9165abb0]
Event: 80.063 Thread 0x0000019e862aaab0 8206   !   4       sun.nio.fs.WindowsNativeDispatcher::GetFileInformationByHandle (29 bytes)
Event: 80.065 Thread 0x0000019e862aaab0 nmethod 8206 0x0000019e9165b210 code [0x0000019e9165b3c0, 0x0000019e9165b4f0]
Event: 80.071 Thread 0x0000019e862aaab0 8207       4       java.lang.StringConcatHelper::mix (27 bytes)
Event: 80.072 Thread 0x0000019e862aaab0 nmethod 8207 0x0000019e9165b690 code [0x0000019e9165b820, 0x0000019e9165b8f8]
Event: 80.078 Thread 0x0000019e862aaab0 8208   !   4       java.nio.file.FileTreeWalker::next (144 bytes)
Event: 80.093 Thread 0x0000019e86323140 8210       3       java.util.LinkedList::node (65 bytes)
Event: 80.094 Thread 0x0000019e86323140 nmethod 8210 0x0000019e8a4c1790 code [0x0000019e8a4c1960, 0x0000019e8a4c1c28]
Event: 80.094 Thread 0x0000019e86323140 8211       1       org.eclipse.core.internal.resources.Workspace::getFileSystemManager (5 bytes)
Event: 80.094 Thread 0x0000019e86323140 nmethod 8211 0x0000019e9165ba10 code [0x0000019e9165bba0, 0x0000019e9165bc68]
Event: 80.112 Thread 0x0000019e86323140 8212       3       sun.nio.fs.WindowsPathParser::parse (504 bytes)
Event: 80.120 Thread 0x0000019e86323140 nmethod 8212 0x0000019e8a4c1d90 code [0x0000019e8a4c25c0, 0x0000019e8a4c6d40]
Event: 80.120 Thread 0x0000019e86323140 8213       3       sun.nio.fs.WindowsPathParser::isLetter (30 bytes)
Event: 80.120 Thread 0x0000019e86323140 nmethod 8213 0x0000019e8a4c8910 code [0x0000019e8a4c8ac0, 0x0000019e8a4c8c90]

GC Heap History (20 events):
Event: 45.051 GC heap before
{Heap before GC invocations=43 (full 3):
 PSYoungGen      total 22528K, used 22528K [0x00000000d5580000, 0x00000000d6f00000, 0x0000000100000000)
  eden space 22016K, 100% used [0x00000000d5580000,0x00000000d6b00000,0x00000000d6b00000)
  from space 512K, 100% used [0x00000000d6e00000,0x00000000d6e80000,0x00000000d6e80000)
  to   space 512K, 0% used [0x00000000d6e80000,0x00000000d6e80000,0x00000000d6f00000)
 ParOldGen       total 68608K, used 40872K [0x0000000080000000, 0x0000000084300000, 0x00000000d5580000)
  object space 68608K, 59% used [0x0000000080000000,0x00000000827ea060,0x0000000084300000)
 Metaspace       used 62789K, committed 64128K, reserved 1114112K
  class space    used 7952K, committed 8576K, reserved 1048576K
}
Event: 45.057 GC heap after
{Heap after GC invocations=43 (full 3):
 PSYoungGen      total 22528K, used 496K [0x00000000d5580000, 0x00000000d6f00000, 0x0000000100000000)
  eden space 22016K, 0% used [0x00000000d5580000,0x00000000d5580000,0x00000000d6b00000)
  from space 512K, 96% used [0x00000000d6e80000,0x00000000d6efc020,0x00000000d6f00000)
  to   space 1536K, 0% used [0x00000000d6c00000,0x00000000d6c00000,0x00000000d6d80000)
 ParOldGen       total 68608K, used 41525K [0x0000000080000000, 0x0000000084300000, 0x00000000d5580000)
  object space 68608K, 60% used [0x0000000080000000,0x000000008288d5a8,0x0000000084300000)
 Metaspace       used 62789K, committed 64128K, reserved 1114112K
  class space    used 7952K, committed 8576K, reserved 1048576K
}
Event: 55.845 GC heap before
{Heap before GC invocations=44 (full 3):
 PSYoungGen      total 22528K, used 22512K [0x00000000d5580000, 0x00000000d6f00000, 0x0000000100000000)
  eden space 22016K, 100% used [0x00000000d5580000,0x00000000d6b00000,0x00000000d6b00000)
  from space 512K, 96% used [0x00000000d6e80000,0x00000000d6efc020,0x00000000d6f00000)
  to   space 1536K, 0% used [0x00000000d6c00000,0x00000000d6c00000,0x00000000d6d80000)
 ParOldGen       total 68608K, used 41525K [0x0000000080000000, 0x0000000084300000, 0x00000000d5580000)
  object space 68608K, 60% used [0x0000000080000000,0x000000008288d5a8,0x0000000084300000)
 Metaspace       used 62939K, committed 64256K, reserved 1114112K
  class space    used 7972K, committed 8576K, reserved 1048576K
}
Event: 55.848 GC heap after
{Heap after GC invocations=44 (full 3):
 PSYoungGen      total 23552K, used 160K [0x00000000d5580000, 0x00000000d6f00000, 0x0000000100000000)
  eden space 22016K, 0% used [0x00000000d5580000,0x00000000d5580000,0x00000000d6b00000)
  from space 1536K, 10% used [0x00000000d6c00000,0x00000000d6c28000,0x00000000d6d80000)
  to   space 1024K, 0% used [0x00000000d6e00000,0x00000000d6e00000,0x00000000d6f00000)
 ParOldGen       total 68608K, used 41989K [0x0000000080000000, 0x0000000084300000, 0x00000000d5580000)
  object space 68608K, 61% used [0x0000000080000000,0x00000000829015f8,0x0000000084300000)
 Metaspace       used 62939K, committed 64256K, reserved 1114112K
  class space    used 7972K, committed 8576K, reserved 1048576K
}
Event: 57.639 GC heap before
{Heap before GC invocations=45 (full 3):
 PSYoungGen      total 23552K, used 22176K [0x00000000d5580000, 0x00000000d6f00000, 0x0000000100000000)
  eden space 22016K, 100% used [0x00000000d5580000,0x00000000d6b00000,0x00000000d6b00000)
  from space 1536K, 10% used [0x00000000d6c00000,0x00000000d6c28000,0x00000000d6d80000)
  to   space 1024K, 0% used [0x00000000d6e00000,0x00000000d6e00000,0x00000000d6f00000)
 ParOldGen       total 68608K, used 41989K [0x0000000080000000, 0x0000000084300000, 0x00000000d5580000)
  object space 68608K, 61% used [0x0000000080000000,0x00000000829015f8,0x0000000084300000)
 Metaspace       used 62939K, committed 64256K, reserved 1114112K
  class space    used 7972K, committed 8576K, reserved 1048576K
}
Event: 57.640 GC heap after
{Heap after GC invocations=45 (full 3):
 PSYoungGen      total 22528K, used 96K [0x00000000d5580000, 0x00000000d6e80000, 0x0000000100000000)
  eden space 22016K, 0% used [0x00000000d5580000,0x00000000d5580000,0x00000000d6b00000)
  from space 512K, 18% used [0x00000000d6e00000,0x00000000d6e18000,0x00000000d6e80000)
  to   space 512K, 0% used [0x00000000d6d80000,0x00000000d6d80000,0x00000000d6e00000)
 ParOldGen       total 68608K, used 42101K [0x0000000080000000, 0x0000000084300000, 0x00000000d5580000)
  object space 68608K, 61% used [0x0000000080000000,0x000000008291d5f8,0x0000000084300000)
 Metaspace       used 62939K, committed 64256K, reserved 1114112K
  class space    used 7972K, committed 8576K, reserved 1048576K
}
Event: 63.336 GC heap before
{Heap before GC invocations=46 (full 3):
 PSYoungGen      total 22528K, used 22112K [0x00000000d5580000, 0x00000000d6e80000, 0x0000000100000000)
  eden space 22016K, 100% used [0x00000000d5580000,0x00000000d6b00000,0x00000000d6b00000)
  from space 512K, 18% used [0x00000000d6e00000,0x00000000d6e18000,0x00000000d6e80000)
  to   space 512K, 0% used [0x00000000d6d80000,0x00000000d6d80000,0x00000000d6e00000)
 ParOldGen       total 68608K, used 42101K [0x0000000080000000, 0x0000000084300000, 0x00000000d5580000)
  object space 68608K, 61% used [0x0000000080000000,0x000000008291d5f8,0x0000000084300000)
 Metaspace       used 62939K, committed 64256K, reserved 1114112K
  class space    used 7972K, committed 8576K, reserved 1048576K
}
Event: 63.336 GC heap after
{Heap after GC invocations=46 (full 3):
 PSYoungGen      total 22528K, used 96K [0x00000000d5580000, 0x00000000d6e80000, 0x0000000100000000)
  eden space 22016K, 0% used [0x00000000d5580000,0x00000000d5580000,0x00000000d6b00000)
  from space 512K, 18% used [0x00000000d6d80000,0x00000000d6d98000,0x00000000d6e00000)
  to   space 512K, 0% used [0x00000000d6e00000,0x00000000d6e00000,0x00000000d6e80000)
 ParOldGen       total 68608K, used 42117K [0x0000000080000000, 0x0000000084300000, 0x00000000d5580000)
  object space 68608K, 61% used [0x0000000080000000,0x00000000829215f8,0x0000000084300000)
 Metaspace       used 62939K, committed 64256K, reserved 1114112K
  class space    used 7972K, committed 8576K, reserved 1048576K
}
Event: 68.594 GC heap before
{Heap before GC invocations=47 (full 3):
 PSYoungGen      total 22528K, used 22112K [0x00000000d5580000, 0x00000000d6e80000, 0x0000000100000000)
  eden space 22016K, 100% used [0x00000000d5580000,0x00000000d6b00000,0x00000000d6b00000)
  from space 512K, 18% used [0x00000000d6d80000,0x00000000d6d98000,0x00000000d6e00000)
  to   space 512K, 0% used [0x00000000d6e00000,0x00000000d6e00000,0x00000000d6e80000)
 ParOldGen       total 68608K, used 42117K [0x0000000080000000, 0x0000000084300000, 0x00000000d5580000)
  object space 68608K, 61% used [0x0000000080000000,0x00000000829215f8,0x0000000084300000)
 Metaspace       used 62942K, committed 64256K, reserved 1114112K
  class space    used 7972K, committed 8576K, reserved 1048576K
}
Event: 68.595 GC heap after
{Heap after GC invocations=47 (full 3):
 PSYoungGen      total 22528K, used 128K [0x00000000d5580000, 0x00000000d6e80000, 0x0000000100000000)
  eden space 22016K, 0% used [0x00000000d5580000,0x00000000d5580000,0x00000000d6b00000)
  from space 512K, 25% used [0x00000000d6e00000,0x00000000d6e20000,0x00000000d6e80000)
  to   space 512K, 0% used [0x00000000d6d80000,0x00000000d6d80000,0x00000000d6e00000)
 ParOldGen       total 68608K, used 42149K [0x0000000080000000, 0x0000000084300000, 0x00000000d5580000)
  object space 68608K, 61% used [0x0000000080000000,0x00000000829295f8,0x0000000084300000)
 Metaspace       used 62942K, committed 64256K, reserved 1114112K
  class space    used 7972K, committed 8576K, reserved 1048576K
}
Event: 72.382 GC heap before
{Heap before GC invocations=48 (full 3):
 PSYoungGen      total 22528K, used 22144K [0x00000000d5580000, 0x00000000d6e80000, 0x0000000100000000)
  eden space 22016K, 100% used [0x00000000d5580000,0x00000000d6b00000,0x00000000d6b00000)
  from space 512K, 25% used [0x00000000d6e00000,0x00000000d6e20000,0x00000000d6e80000)
  to   space 512K, 0% used [0x00000000d6d80000,0x00000000d6d80000,0x00000000d6e00000)
 ParOldGen       total 68608K, used 42149K [0x0000000080000000, 0x0000000084300000, 0x00000000d5580000)
  object space 68608K, 61% used [0x0000000080000000,0x00000000829295f8,0x0000000084300000)
 Metaspace       used 63640K, committed 65024K, reserved 1114112K
  class space    used 8058K, committed 8704K, reserved 1048576K
}
Event: 72.384 GC heap after
{Heap after GC invocations=48 (full 3):
 PSYoungGen      total 22528K, used 512K [0x00000000d5580000, 0x00000000d7200000, 0x0000000100000000)
  eden space 22016K, 0% used [0x00000000d5580000,0x00000000d5580000,0x00000000d6b00000)
  from space 512K, 100% used [0x00000000d6d80000,0x00000000d6e00000,0x00000000d6e00000)
  to   space 3584K, 0% used [0x00000000d6e80000,0x00000000d6e80000,0x00000000d7200000)
 ParOldGen       total 68608K, used 44607K [0x0000000080000000, 0x0000000084300000, 0x00000000d5580000)
  object space 68608K, 65% used [0x0000000080000000,0x0000000082b8fdc8,0x0000000084300000)
 Metaspace       used 63640K, committed 65024K, reserved 1114112K
  class space    used 8058K, committed 8704K, reserved 1048576K
}
Event: 75.590 GC heap before
{Heap before GC invocations=49 (full 3):
 PSYoungGen      total 22528K, used 22528K [0x00000000d5580000, 0x00000000d7200000, 0x0000000100000000)
  eden space 22016K, 100% used [0x00000000d5580000,0x00000000d6b00000,0x00000000d6b00000)
  from space 512K, 100% used [0x00000000d6d80000,0x00000000d6e00000,0x00000000d6e00000)
  to   space 3584K, 0% used [0x00000000d6e80000,0x00000000d6e80000,0x00000000d7200000)
 ParOldGen       total 68608K, used 44607K [0x0000000080000000, 0x0000000084300000, 0x00000000d5580000)
  object space 68608K, 65% used [0x0000000080000000,0x0000000082b8fdc8,0x0000000084300000)
 Metaspace       used 63758K, committed 65152K, reserved 1114112K
  class space    used 8068K, committed 8704K, reserved 1048576K
}
Event: 75.594 GC heap after
{Heap after GC invocations=49 (full 3):
 PSYoungGen      total 22528K, used 304K [0x00000000d5580000, 0x00000000d6f00000, 0x0000000100000000)
  eden space 22016K, 0% used [0x00000000d5580000,0x00000000d5580000,0x00000000d6b00000)
  from space 512K, 59% used [0x00000000d6e80000,0x00000000d6ecc010,0x00000000d6f00000)
  to   space 1536K, 0% used [0x00000000d6c00000,0x00000000d6c00000,0x00000000d6d80000)
 ParOldGen       total 68608K, used 45109K [0x0000000080000000, 0x0000000084300000, 0x00000000d5580000)
  object space 68608K, 65% used [0x0000000080000000,0x0000000082c0d758,0x0000000084300000)
 Metaspace       used 63758K, committed 65152K, reserved 1114112K
  class space    used 8068K, committed 8704K, reserved 1048576K
}
Event: 76.012 GC heap before
{Heap before GC invocations=50 (full 3):
 PSYoungGen      total 22528K, used 22320K [0x00000000d5580000, 0x00000000d6f00000, 0x0000000100000000)
  eden space 22016K, 100% used [0x00000000d5580000,0x00000000d6b00000,0x00000000d6b00000)
  from space 512K, 59% used [0x00000000d6e80000,0x00000000d6ecc010,0x00000000d6f00000)
  to   space 1536K, 0% used [0x00000000d6c00000,0x00000000d6c00000,0x00000000d6d80000)
 ParOldGen       total 68608K, used 45109K [0x0000000080000000, 0x0000000084300000, 0x00000000d5580000)
  object space 68608K, 65% used [0x0000000080000000,0x0000000082c0d758,0x0000000084300000)
 Metaspace       used 63759K, committed 65152K, reserved 1114112K
  class space    used 8068K, committed 8704K, reserved 1048576K
}
Event: 76.015 GC heap after
{Heap after GC invocations=50 (full 3):
 PSYoungGen      total 23552K, used 64K [0x00000000d5580000, 0x00000000d6f00000, 0x0000000100000000)
  eden space 22016K, 0% used [0x00000000d5580000,0x00000000d5580000,0x00000000d6b00000)
  from space 1536K, 4% used [0x00000000d6c00000,0x00000000d6c10000,0x00000000d6d80000)
  to   space 512K, 0% used [0x00000000d6e80000,0x00000000d6e80000,0x00000000d6f00000)
 ParOldGen       total 68608K, used 45313K [0x0000000080000000, 0x0000000084300000, 0x00000000d5580000)
  object space 68608K, 66% used [0x0000000080000000,0x0000000082c40788,0x0000000084300000)
 Metaspace       used 63759K, committed 65152K, reserved 1114112K
  class space    used 8068K, committed 8704K, reserved 1048576K
}
Event: 76.718 GC heap before
{Heap before GC invocations=51 (full 3):
 PSYoungGen      total 23552K, used 22080K [0x00000000d5580000, 0x00000000d6f00000, 0x0000000100000000)
  eden space 22016K, 100% used [0x00000000d5580000,0x00000000d6b00000,0x00000000d6b00000)
  from space 1536K, 4% used [0x00000000d6c00000,0x00000000d6c10000,0x00000000d6d80000)
  to   space 512K, 0% used [0x00000000d6e80000,0x00000000d6e80000,0x00000000d6f00000)
 ParOldGen       total 68608K, used 45313K [0x0000000080000000, 0x0000000084300000, 0x00000000d5580000)
  object space 68608K, 66% used [0x0000000080000000,0x0000000082c40788,0x0000000084300000)
 Metaspace       used 63773K, committed 65152K, reserved 1114112K
  class space    used 8068K, committed 8704K, reserved 1048576K
}
Event: 76.719 GC heap after
{Heap after GC invocations=51 (full 3):
 PSYoungGen      total 22528K, used 96K [0x00000000d5580000, 0x00000000d6f00000, 0x0000000100000000)
  eden space 22016K, 0% used [0x00000000d5580000,0x00000000d5580000,0x00000000d6b00000)
  from space 512K, 18% used [0x00000000d6e80000,0x00000000d6e98000,0x00000000d6f00000)
  to   space 512K, 0% used [0x00000000d6e00000,0x00000000d6e00000,0x00000000d6e80000)
 ParOldGen       total 68608K, used 45329K [0x0000000080000000, 0x0000000084300000, 0x00000000d5580000)
  object space 68608K, 66% used [0x0000000080000000,0x0000000082c44788,0x0000000084300000)
 Metaspace       used 63773K, committed 65152K, reserved 1114112K
  class space    used 8068K, committed 8704K, reserved 1048576K
}
Event: 79.801 GC heap before
{Heap before GC invocations=52 (full 3):
 PSYoungGen      total 22528K, used 22112K [0x00000000d5580000, 0x00000000d6f00000, 0x0000000100000000)
  eden space 22016K, 100% used [0x00000000d5580000,0x00000000d6b00000,0x00000000d6b00000)
  from space 512K, 18% used [0x00000000d6e80000,0x00000000d6e98000,0x00000000d6f00000)
  to   space 512K, 0% used [0x00000000d6e00000,0x00000000d6e00000,0x00000000d6e80000)
 ParOldGen       total 68608K, used 45329K [0x0000000080000000, 0x0000000084300000, 0x00000000d5580000)
  object space 68608K, 66% used [0x0000000080000000,0x0000000082c44788,0x0000000084300000)
 Metaspace       used 63808K, committed 65152K, reserved 1114112K
  class space    used 8069K, committed 8704K, reserved 1048576K
}
Event: 79.802 GC heap after
{Heap after GC invocations=52 (full 3):
 PSYoungGen      total 22528K, used 128K [0x00000000d5580000, 0x00000000d6f00000, 0x0000000100000000)
  eden space 22016K, 0% used [0x00000000d5580000,0x00000000d5580000,0x00000000d6b00000)
  from space 512K, 25% used [0x00000000d6e00000,0x00000000d6e20000,0x00000000d6e80000)
  to   space 512K, 0% used [0x00000000d6e80000,0x00000000d6e80000,0x00000000d6f00000)
 ParOldGen       total 68608K, used 45337K [0x0000000080000000, 0x0000000084300000, 0x00000000d5580000)
  object space 68608K, 66% used [0x0000000080000000,0x0000000082c46788,0x0000000084300000)
 Metaspace       used 63808K, committed 65152K, reserved 1114112K
  class space    used 8069K, committed 8704K, reserved 1048576K
}

Dll operation events (15 events):
Event: 0.026 Loaded shared library c:\Users\akbop\.vscode\extensions\redhat.java-1.52.0-win32-x64\jre\21.0.9-win32-x86_64\bin\java.dll
Event: 0.092 Loaded shared library c:\Users\akbop\.vscode\extensions\redhat.java-1.52.0-win32-x64\jre\21.0.9-win32-x86_64\bin\zip.dll
Event: 0.248 Loaded shared library C:\Users\akbop\.vscode\extensions\redhat.java-1.52.0-win32-x64\jre\21.0.9-win32-x86_64\bin\instrument.dll
Event: 0.262 Loaded shared library C:\Users\akbop\.vscode\extensions\redhat.java-1.52.0-win32-x64\jre\21.0.9-win32-x86_64\bin\net.dll
Event: 0.267 Loaded shared library C:\Users\akbop\.vscode\extensions\redhat.java-1.52.0-win32-x64\jre\21.0.9-win32-x86_64\bin\nio.dll
Event: 0.275 Loaded shared library C:\Users\akbop\.vscode\extensions\redhat.java-1.52.0-win32-x64\jre\21.0.9-win32-x86_64\bin\zip.dll
Event: 0.353 Loaded shared library C:\Users\akbop\.vscode\extensions\redhat.java-1.52.0-win32-x64\jre\21.0.9-win32-x86_64\bin\jimage.dll
Event: 0.602 Loaded shared library c:\Users\akbop\.vscode\extensions\redhat.java-1.52.0-win32-x64\jre\21.0.9-win32-x86_64\bin\verify.dll
Event: 3.778 Loaded shared library C:\Users\akbop\AppData\Roaming\Code\User\globalStorage\redhat.java\1.52.0\config_win\org.eclipse.equinox.launcher\org.eclipse.equinox.launcher.win32.win32.x86_64_1.2.1500.v20260121-1430\eclipse_11919.dll
Event: 7.532 Loaded shared library C:\Users\akbop\AppData\Local\Temp\jna-92866905\jna8125267996929586683.dll
Event: 13.264 Loaded shared library C:\Users\akbop\.gradle\native\1def1411415f61bf3af743bc5b6707747c0891f09f0c88961ee8f79bc544acac\windows-amd64\native-platform.dll
Event: 17.466 Loaded shared library C:\Users\akbop\.vscode\extensions\redhat.java-1.52.0-win32-x64\jre\21.0.9-win32-x86_64\bin\management.dll
Event: 17.529 Loaded shared library C:\Users\akbop\.vscode\extensions\redhat.java-1.52.0-win32-x64\jre\21.0.9-win32-x86_64\bin\management_ext.dll
Event: 23.879 Loaded shared library C:\Users\akbop\.vscode\extensions\redhat.java-1.52.0-win32-x64\jre\21.0.9-win32-x86_64\bin\extnet.dll
Event: 28.567 Loaded shared library C:\Users\akbop\.vscode\extensions\redhat.java-1.52.0-win32-x64\jre\21.0.9-win32-x86_64\bin\sunmscapi.dll

Deoptimization events (20 events):
Event: 79.616 Thread 0x0000019ee46e75f0 DEOPT PACKING pc=0x0000019e8a457ffd sp=0x000000766dbfecc0
Event: 79.616 Thread 0x0000019ee46e75f0 DEOPT UNPACKING pc=0x0000019e90b34242 sp=0x000000766dbfe170 mode 0
Event: 79.646 Thread 0x0000019ee46e75f0 DEOPT PACKING pc=0x0000019e8a457ffd sp=0x000000766dbfecc0
Event: 79.646 Thread 0x0000019ee46e75f0 DEOPT UNPACKING pc=0x0000019e90b34242 sp=0x000000766dbfe170 mode 0
Event: 79.678 Thread 0x0000019ee46e75f0 DEOPT PACKING pc=0x0000019e8a457ffd sp=0x000000766dbfecc0
Event: 79.678 Thread 0x0000019ee46e75f0 DEOPT UNPACKING pc=0x0000019e90b34242 sp=0x000000766dbfe170 mode 0
Event: 79.704 Thread 0x0000019ee46e75f0 DEOPT PACKING pc=0x0000019e8a458065 sp=0x000000766dbfecc0
Event: 79.704 Thread 0x0000019ee46e75f0 DEOPT UNPACKING pc=0x0000019e90b34242 sp=0x000000766dbfe170 mode 0
Event: 79.731 Thread 0x0000019ee46e75f0 DEOPT PACKING pc=0x0000019e8a458065 sp=0x000000766dbfecc0
Event: 79.731 Thread 0x0000019ee46e75f0 DEOPT UNPACKING pc=0x0000019e90b34242 sp=0x000000766dbfe170 mode 0
Event: 79.755 Thread 0x0000019ee46e75f0 DEOPT PACKING pc=0x0000019e8a458065 sp=0x000000766dbfecc0
Event: 79.755 Thread 0x0000019ee46e75f0 DEOPT UNPACKING pc=0x0000019e90b34242 sp=0x000000766dbfe170 mode 0
Event: 79.784 Thread 0x0000019ee46e75f0 DEOPT PACKING pc=0x0000019e8a458065 sp=0x000000766dbfecc0
Event: 79.784 Thread 0x0000019ee46e75f0 DEOPT UNPACKING pc=0x0000019e90b34242 sp=0x000000766dbfe170 mode 0
Event: 79.796 Thread 0x0000019ee46e75f0 DEOPT PACKING pc=0x0000019e8a467472 sp=0x000000766dbfec70
Event: 79.796 Thread 0x0000019ee46e75f0 DEOPT UNPACKING pc=0x0000019e90b34242 sp=0x000000766dbfe190 mode 0
Event: 80.094 Thread 0x0000019ee46e75f0 Uncommon trap: trap_request=0xffffff3d fr.pc=0x0000019e9140c6fc relative=0x00000000000013fc
Event: 80.094 Thread 0x0000019ee46e75f0 Uncommon trap: reason=unstable_fused_if action=reinterpret pc=0x0000019e9140c6fc method=sun.nio.fs.WindowsPathParser.isLetter(C)Z @ 15 c2
Event: 80.094 Thread 0x0000019ee46e75f0 DEOPT PACKING pc=0x0000019e9140c6fc sp=0x000000766dbfecd0
Event: 80.094 Thread 0x0000019ee46e75f0 DEOPT UNPACKING pc=0x0000019e90b33aa2 sp=0x000000766dbfec18 mode 2

Classes loaded (20 events):
Event: 33.657 Loading class sun/nio/cs/ISO_8859_1$Encoder
Event: 33.657 Loading class sun/nio/cs/ISO_8859_1$Encoder done
Event: 33.657 Loading class sun/nio/cs/Surrogate$Parser
Event: 33.658 Loading class sun/nio/cs/Surrogate$Parser done
Event: 33.658 Loading class sun/nio/cs/Surrogate
Event: 33.658 Loading class sun/nio/cs/Surrogate done
Event: 50.941 Loading class java/time/Ser
Event: 50.942 Loading class java/time/Ser done
Event: 71.236 Loading class java/net/Proxy
Event: 71.237 Loading class java/net/Proxy done
Event: 71.283 Loading class java/util/concurrent/ConcurrentLinkedQueue$Itr
Event: 71.284 Loading class java/util/concurrent/ConcurrentLinkedQueue$Itr done
Event: 71.427 Loading class java/lang/Throwable$PrintStreamOrWriter
Event: 71.427 Loading class java/lang/Throwable$PrintStreamOrWriter done
Event: 71.963 Loading class sun/misc/SharedSecrets
Event: 71.963 Loading class sun/misc/SharedSecrets done
Event: 71.963 Loading class java/lang/Throwable$WrappedPrintWriter
Event: 71.963 Loading class java/lang/Throwable$WrappedPrintWriter done
Event: 72.432 Loading class java/security/DigestInputStream
Event: 72.433 Loading class java/security/DigestInputStream done

Classes unloaded (15 events):
Event: 8.545 Thread 0x0000019e8629f690 Unloading class 0x0000019e9e1ac800 'java/lang/invoke/LambdaForm$MH+0x0000019e9e1ac800'
Event: 8.545 Thread 0x0000019e8629f690 Unloading class 0x0000019e9e1ac400 'java/lang/invoke/LambdaForm$MH+0x0000019e9e1ac400'
Event: 8.545 Thread 0x0000019e8629f690 Unloading class 0x0000019e9e1ac000 'java/lang/invoke/LambdaForm$MH+0x0000019e9e1ac000'
Event: 8.545 Thread 0x0000019e8629f690 Unloading class 0x0000019e9e1abc00 'java/lang/invoke/LambdaForm$MH+0x0000019e9e1abc00'
Event: 8.545 Thread 0x0000019e8629f690 Unloading class 0x0000019e9e1ab800 'java/lang/invoke/LambdaForm$BMH+0x0000019e9e1ab800'
Event: 8.545 Thread 0x0000019e8629f690 Unloading class 0x0000019e9e1ab400 'java/lang/invoke/LambdaForm$DMH+0x0000019e9e1ab400'
Event: 8.545 Thread 0x0000019e8629f690 Unloading class 0x0000019e9e1aa400 'java/lang/invoke/LambdaForm$DMH+0x0000019e9e1aa400'
Event: 10.855 Thread 0x0000019e8629f690 Unloading class 0x0000019e9e31b800 'java/lang/invoke/LambdaForm$MH+0x0000019e9e31b800'
Event: 10.855 Thread 0x0000019e8629f690 Unloading class 0x0000019e9e31a000 'java/lang/invoke/LambdaForm$DMH+0x0000019e9e31a000'
Event: 10.855 Thread 0x0000019e8629f690 Unloading class 0x0000019e9e316000 'java/lang/invoke/LambdaForm$MH+0x0000019e9e316000'
Event: 10.855 Thread 0x0000019e8629f690 Unloading class 0x0000019e9e315800 'java/lang/invoke/LambdaForm$MH+0x0000019e9e315800'
Event: 10.855 Thread 0x0000019e8629f690 Unloading class 0x0000019e9e315400 'java/lang/invoke/LambdaForm$MH+0x0000019e9e315400'
Event: 10.855 Thread 0x0000019e8629f690 Unloading class 0x0000019e9e314800 'java/lang/invoke/LambdaForm$MH+0x0000019e9e314800'
Event: 10.855 Thread 0x0000019e8629f690 Unloading class 0x0000019e9e314000 'java/lang/invoke/LambdaForm$MH+0x0000019e9e314000'
Event: 10.855 Thread 0x0000019e8629f690 Unloading class 0x0000019e9e30d800 'java/lang/invoke/LambdaForm$MH+0x0000019e9e30d800'

Classes redefined (0 events):
No events

Internal exceptions (20 events):
Event: 80.586 Thread 0x0000019ee46e75f0 Exception <a 'sun/nio/fs/WindowsException'{0x00000000d5da1310}> (0x00000000d5da1310) 
thrown [s\src\hotspot\share\prims\jni.cpp, line 520]
Event: 80.588 Thread 0x0000019ee46e75f0 Exception <a 'sun/nio/fs/WindowsException'{0x00000000d5da4f58}> (0x00000000d5da4f58) 
thrown [s\src\hotspot\share\prims\jni.cpp, line 520]
Event: 80.589 Thread 0x0000019ee46e75f0 Exception <a 'sun/nio/fs/WindowsException'{0x00000000d5da8da0}> (0x00000000d5da8da0) 
thrown [s\src\hotspot\share\prims\jni.cpp, line 520]
Event: 80.590 Thread 0x0000019ee46e75f0 Exception <a 'sun/nio/fs/WindowsException'{0x00000000d5dac970}> (0x00000000d5dac970) 
thrown [s\src\hotspot\share\prims\jni.cpp, line 520]
Event: 80.593 Thread 0x0000019ee46e75f0 Exception <a 'sun/nio/fs/WindowsException'{0x00000000d5db05e8}> (0x00000000d5db05e8) 
thrown [s\src\hotspot\share\prims\jni.cpp, line 520]
Event: 80.594 Thread 0x0000019ee46e75f0 Exception <a 'sun/nio/fs/WindowsException'{0x00000000d5db3da0}> (0x00000000d5db3da0) 
thrown [s\src\hotspot\share\prims\jni.cpp, line 520]
Event: 80.598 Thread 0x0000019ee46e75f0 Exception <a 'sun/nio/fs/WindowsException'{0x00000000d5db9d40}> (0x00000000d5db9d40) 
thrown [s\src\hotspot\share\prims\jni.cpp, line 520]
Event: 80.602 Thread 0x0000019ee46e75f0 Exception <a 'sun/nio/fs/WindowsException'{0x00000000d5dbd6b0}> (0x00000000d5dbd6b0) 
thrown [s\src\hotspot\share\prims\jni.cpp, line 520]
Event: 80.603 Thread 0x0000019ee46e75f0 Exception <a 'sun/nio/fs/WindowsException'{0x00000000d5dc10e8}> (0x00000000d5dc10e8) 
thrown [s\src\hotspot\share\prims\jni.cpp, line 520]
Event: 80.610 Thread 0x0000019ee46e75f0 Exception <a 'sun/nio/fs/WindowsException'{0x00000000d5dc5570}> (0x00000000d5dc5570) 
thrown [s\src\hotspot\share\prims\jni.cpp, line 520]
Event: 80.612 Thread 0x0000019ee46e75f0 Exception <a 'sun/nio/fs/WindowsException'{0x00000000d5dc9e38}> (0x00000000d5dc9e38) 
thrown [s\src\hotspot\share\prims\jni.cpp, line 520]
Event: 80.614 Thread 0x0000019ee46e75f0 Exception <a 'sun/nio/fs/WindowsException'{0x00000000d5dcd528}> (0x00000000d5dcd528) 
thrown [s\src\hotspot\share\prims\jni.cpp, line 520]
Event: 80.616 Thread 0x0000019ee46e75f0 Exception <a 'sun/nio/fs/WindowsException'{0x00000000d5dd0c20}> (0x00000000d5dd0c20) 
thrown [s\src\hotspot\share\prims\jni.cpp, line 520]
Event: 80.618 Thread 0x0000019ee46e75f0 Exception <a 'sun/nio/fs/WindowsException'{0x00000000d5dd4db8}> (0x00000000d5dd4db8) 
thrown [s\src\hotspot\share\prims\jni.cpp, line 520]
Event: 80.619 Thread 0x0000019ee46e75f0 Exception <a 'sun/nio/fs/WindowsException'{0x00000000d5dd8a10}> (0x00000000d5dd8a10) 
thrown [s\src\hotspot\share\prims\jni.cpp, line 520]
Event: 80.620 Thread 0x0000019ee46e75f0 Exception <a 'sun/nio/fs/WindowsException'{0x00000000d5ddc520}> (0x00000000d5ddc520) 
thrown [s\src\hotspot\share\prims\jni.cpp, line 520]
Event: 80.623 Thread 0x0000019ee46e75f0 Exception <a 'sun/nio/fs/WindowsException'{0x00000000d5de13f8}> (0x00000000d5de13f8) 
thrown [s\src\hotspot\share\prims\jni.cpp, line 520]
Event: 80.626 Thread 0x0000019ee46e75f0 Exception <a 'sun/nio/fs/WindowsException'{0x00000000d5de4d10}> (0x00000000d5de4d10) 
thrown [s\src\hotspot\share\prims\jni.cpp, line 520]
Event: 80.627 Thread 0x0000019ee46e75f0 Exception <a 'sun/nio/fs/WindowsException'{0x00000000d5de9900}> (0x00000000d5de9900) 
thrown [s\src\hotspot\share\prims\jni.cpp, line 520]
Event: 80.628 Thread 0x0000019ee46e75f0 Exception <a 'sun/nio/fs/WindowsException'{0x00000000d5ded470}> (0x00000000d5ded470) 
thrown [s\src\hotspot\share\prims\jni.cpp, line 520]

ZGC Phase Switch (0 events):
No events

VM Operations (20 events):
Event: 71.589 Executing VM operation: HandshakeAllThreads (Deoptimize)
Event: 71.589 Executing VM operation: HandshakeAllThreads (Deoptimize) done
Event: 72.381 Executing VM operation: ParallelGCFailedAllocation (Allocation Failure)
Event: 72.384 Executing VM operation: ParallelGCFailedAllocation (Allocation Failure) done
Event: 74.384 Executing VM operation: Cleanup
Event: 74.384 Executing VM operation: Cleanup done
Event: 75.384 Executing VM operation: Cleanup
Event: 75.384 Executing VM operation: Cleanup done
Event: 75.590 Executing VM operation: ParallelGCFailedAllocation (Allocation Failure)
Event: 75.594 Executing VM operation: ParallelGCFailedAllocation (Allocation Failure) done
Event: 76.012 Executing VM operation: ParallelGCFailedAllocation (Allocation Failure)
Event: 76.015 Executing VM operation: ParallelGCFailedAllocation (Allocation Failure) done
Event: 76.718 Executing VM operation: ParallelGCFailedAllocation (Allocation Failure)
Event: 76.719 Executing VM operation: ParallelGCFailedAllocation (Allocation Failure) done
Event: 78.719 Executing VM operation: Cleanup
Event: 78.719 Executing VM operation: Cleanup done
Event: 79.719 Executing VM operation: Cleanup
Event: 79.719 Executing VM operation: Cleanup done
Event: 79.801 Executing VM operation: ParallelGCFailedAllocation (Allocation Failure)
Event: 79.802 Executing VM operation: ParallelGCFailedAllocation (Allocation Failure) done

Memory protections (0 events):
No events

Nmethod flushes (20 events):
Event: 19.829 Thread 0x0000019e8629f690 flushing  nmethod 0x0000019e89d5f310
Event: 19.829 Thread 0x0000019e8629f690 flushing  nmethod 0x0000019e89d7d490
Event: 19.829 Thread 0x0000019e8629f690 flushing  nmethod 0x0000019e89d87a90
Event: 19.829 Thread 0x0000019e8629f690 flushing  nmethod 0x0000019e89dfba10
Event: 19.829 Thread 0x0000019e8629f690 flushing  nmethod 0x0000019e89dff890
Event: 19.829 Thread 0x0000019e8629f690 flushing  nmethod 0x0000019e89e00110
Event: 19.829 Thread 0x0000019e8629f690 flushing  nmethod 0x0000019e89e0b390
Event: 19.829 Thread 0x0000019e8629f690 flushing  nmethod 0x0000019e89e25790
Event: 19.829 Thread 0x0000019e8629f690 flushing  nmethod 0x0000019e89e2a010
Event: 19.829 Thread 0x0000019e8629f690 flushing  nmethod 0x0000019e89e2a710
Event: 19.829 Thread 0x0000019e8629f690 flushing  nmethod 0x0000019e89e2bb10
Event: 19.829 Thread 0x0000019e8629f690 flushing  nmethod 0x0000019e89e2c110
Event: 19.829 Thread 0x0000019e8629f690 flushing  nmethod 0x0000019e89e2d410
Event: 19.829 Thread 0x0000019e8629f690 flushing  nmethod 0x0000019e89e2ec10
Event: 19.829 Thread 0x0000019e8629f690 flushing  nmethod 0x0000019e89e38510
Event: 19.829 Thread 0x0000019e8629f690 flushing  nmethod 0x0000019e89e45490
Event: 19.829 Thread 0x0000019e8629f690 flushing  nmethod 0x0000019e89e74f10
Event: 19.829 Thread 0x0000019e8629f690 flushing  nmethod 0x0000019e89e84010
Event: 19.829 Thread 0x0000019e8629f690 flushing  nmethod 0x0000019e89e99110
Event: 19.829 Thread 0x0000019e8629f690 flushing  nmethod 0x0000019e89eb4690

Events (20 events):
Event: 51.068 Thread 0x0000019ee5a90090 Thread exited: 0x0000019ee5a90090
Event: 71.266 Thread 0x0000019e86323140 Thread added: 0x0000019ee6d729d0
Event: 71.295 Thread 0x0000019ee77a1fd0 Thread exited: 0x0000019ee77a1fd0
Event: 71.513 Thread 0x0000019ee6d729d0 Thread exited: 0x0000019ee6d729d0
Event: 71.595 Thread 0x0000019e86323140 Thread added: 0x0000019ee6d729d0
Event: 71.843 Thread 0x0000019ee77a1940 Thread exited: 0x0000019ee77a1940
Event: 71.852 Thread 0x0000019ee3526070 Thread exited: 0x0000019ee3526070
Event: 71.964 Thread 0x0000019ee6d729d0 Thread exited: 0x0000019ee6d729d0
Event: 72.334 Thread 0x0000019ee46e75f0 Thread added: 0x0000019ee77a3380
Event: 72.338 Thread 0x0000019ee46e75f0 Thread added: 0x0000019ee77a2660
Event: 72.376 Thread 0x0000019ee77a2660 Thread exited: 0x0000019ee77a2660
Event: 72.389 Thread 0x0000019e86323140 Thread added: 0x0000019ee8bd0570
Event: 72.399 Thread 0x0000019ee46e75f0 Thread added: 0x0000019ee77a3a10
Event: 72.402 Thread 0x0000019ee46e75f0 Thread added: 0x0000019ee77a1940
Event: 72.455 Thread 0x0000019ee77a1940 Thread added: 0x0000019ee77a4730
Event: 72.956 Thread 0x0000019ee8bd0570 Thread exited: 0x0000019ee8bd0570
Event: 79.076 Thread 0x0000019e86323140 Thread added: 0x0000019ee56474f0
Event: 79.086 Thread 0x0000019ee77a1940 Thread exited: 0x0000019ee77a1940
Event: 79.221 Thread 0x0000019ee77a4730 Thread exited: 0x0000019ee77a4730
Event: 79.423 Thread 0x0000019ee56474f0 Thread exited: 0x0000019ee56474f0


Dynamic libraries:
0x00007ff6473a0000 - 0x00007ff6473ae000 	c:\Users\akbop\.vscode\extensions\redhat.java-1.52.0-win32-x64\jre\21.0.9-win32-x86_64\bin\java.exe
0x00007ffe377a0000 - 0x00007ffe37a08000 	C:\WINDOWS\SYSTEM32\ntdll.dll
0x00007ffe36000000 - 0x00007ffe360c9000 	C:\WINDOWS\System32\KERNEL32.DLL
0x00007ffe34130000 - 0x00007ffe34521000 	C:\WINDOWS\System32\KERNELBASE.dll
0x00007ffe353f0000 - 0x00007ffe3553b000 	C:\WINDOWS\System32\ucrtbase.dll
0x00007ffe2e000000 - 0x00007ffe2e018000 	c:\Users\akbop\.vscode\extensions\redhat.java-1.52.0-win32-x64\jre\21.0.9-win32-x86_64\bin\jli.dll
0x00007ffe35bc0000 - 0x00007ffe35d86000 	C:\WINDOWS\System32\USER32.dll
0x00007ffe353c0000 - 0x00007ffe353e7000 	C:\WINDOWS\System32\win32u.dll
0x00007ffe355d0000 - 0x00007ffe355fb000 	C:\WINDOWS\System32\GDI32.dll
0x00007ffe35120000 - 0x00007ffe3524b000 	C:\WINDOWS\System32\gdi32full.dll
0x00007ffe34f20000 - 0x00007ffe34fc3000 	C:\WINDOWS\System32\msvcp_win.dll
0x00007ffe2c2b0000 - 0x00007ffe2c2ce000 	c:\Users\akbop\.vscode\extensions\redhat.java-1.52.0-win32-x64\jre\21.0.9-win32-x86_64\bin\VCRUNTIME140.dll
0x00007ffe26340000 - 0x00007ffe265d3000 	C:\WINDOWS\WinSxS\amd64_microsoft.windows.common-controls_6595b64144ccf1df_6.0.26100.7824_none_3e0870b2e3345462\COMCTL32.dll
0x00007ffe35b10000 - 0x00007ffe35bb9000 	C:\WINDOWS\System32\msvcrt.dll
0x00007ffe35d90000 - 0x00007ffe35dc1000 	C:\WINDOWS\System32\IMM32.DLL
0x00007ffe2f6e0000 - 0x00007ffe2f6ec000 	c:\Users\akbop\.vscode\extensions\redhat.java-1.52.0-win32-x64\jre\21.0.9-win32-x86_64\bin\vcruntime140_1.dll
0x00007ffe1ae50000 - 0x00007ffe1aedd000 	c:\Users\akbop\.vscode\extensions\redhat.java-1.52.0-win32-x64\jre\21.0.9-win32-x86_64\bin\msvcp140.dll
0x00007ffdc6b20000 - 0x00007ffdc78c0000 	c:\Users\akbop\.vscode\extensions\redhat.java-1.52.0-win32-x64\jre\21.0.9-win32-x86_64\bin\server\jvm.dll
0x00007ffe362b0000 - 0x00007ffe36364000 	C:\WINDOWS\System32\ADVAPI32.dll
0x00007ffe35ed0000 - 0x00007ffe35f76000 	C:\WINDOWS\System32\sechost.dll
0x00007ffe36a50000 - 0x00007ffe36b68000 	C:\WINDOWS\System32\RPCRT4.dll
0x00007ffe36800000 - 0x00007ffe36874000 	C:\WINDOWS\System32\WS2_32.dll
0x00007ffe33f00000 - 0x00007ffe33f5e000 	C:\WINDOWS\SYSTEM32\POWRPROF.dll
0x00007ffe2baa0000 - 0x00007ffe2bad5000 	C:\WINDOWS\SYSTEM32\WINMM.dll
0x00007ffe2d8a0000 - 0x00007ffe2d8ab000 	C:\WINDOWS\SYSTEM32\VERSION.dll
0x00007ffe33ee0000 - 0x00007ffe33ef4000 	C:\WINDOWS\SYSTEM32\UMPDC.dll
0x00007ffe32de0000 - 0x00007ffe32dfb000 	C:\WINDOWS\SYSTEM32\kernel.appcore.dll
0x00007ffe24790000 - 0x00007ffe2479a000 	c:\Users\akbop\.vscode\extensions\redhat.java-1.52.0-win32-x64\jre\21.0.9-win32-x86_64\bin\jimage.dll
0x00007ffe32250000 - 0x00007ffe32492000 	C:\WINDOWS\SYSTEM32\DBGHELP.DLL
0x00007ffe363a0000 - 0x00007ffe36726000 	C:\WINDOWS\System32\combase.dll
0x00007ffe35600000 - 0x00007ffe356d7000 	C:\WINDOWS\System32\OLEAUT32.dll
0x00007ffe1c120000 - 0x00007ffe1c15b000 	C:\WINDOWS\SYSTEM32\dbgcore.DLL
0x00007ffe34080000 - 0x00007ffe34125000 	C:\WINDOWS\System32\bcryptPrimitives.dll
0x00007ffe26600000 - 0x00007ffe2660f000 	c:\Users\akbop\.vscode\extensions\redhat.java-1.52.0-win32-x64\jre\21.0.9-win32-x86_64\bin\instrument.dll
0x00007ffe246d0000 - 0x00007ffe246f0000 	c:\Users\akbop\.vscode\extensions\redhat.java-1.52.0-win32-x64\jre\21.0.9-win32-x86_64\bin\java.dll
0x00007ffe37000000 - 0x00007ffe37752000 	C:\WINDOWS\System32\SHELL32.dll
0x00007ffe35250000 - 0x00007ffe353ba000 	C:\WINDOWS\System32\wintypes.dll
0x00007ffe34530000 - 0x00007ffe34d93000 	C:\WINDOWS\System32\windows.storage.dll
0x00007ffe36130000 - 0x00007ffe36226000 	C:\WINDOWS\System32\SHCORE.dll
0x00007ffe36230000 - 0x00007ffe36297000 	C:\WINDOWS\System32\shlwapi.dll
0x00007ffe33fa0000 - 0x00007ffe33fc9000 	C:\WINDOWS\SYSTEM32\profapi.dll
0x00007ffe24450000 - 0x00007ffe24468000 	c:\Users\akbop\.vscode\extensions\redhat.java-1.52.0-win32-x64\jre\21.0.9-win32-x86_64\bin\zip.dll
0x00007ffe24780000 - 0x00007ffe24790000 	C:\Users\akbop\.vscode\extensions\redhat.java-1.52.0-win32-x64\jre\21.0.9-win32-x86_64\bin\net.dll
0x00007ffe2d660000 - 0x00007ffe2d787000 	C:\WINDOWS\SYSTEM32\WINHTTP.dll
0x00007ffe33330000 - 0x00007ffe3339b000 	C:\WINDOWS\system32\mswsock.dll
0x00007ffe24430000 - 0x00007ffe24446000 	C:\Users\akbop\.vscode\extensions\redhat.java-1.52.0-win32-x64\jre\21.0.9-win32-x86_64\bin\nio.dll
0x00007ffe221f0000 - 0x00007ffe22200000 	c:\Users\akbop\.vscode\extensions\redhat.java-1.52.0-win32-x64\jre\21.0.9-win32-x86_64\bin\verify.dll
0x00007ffe15840000 - 0x00007ffe15885000 	C:\Users\akbop\AppData\Roaming\Code\User\globalStorage\redhat.java\1.52.0\config_win\org.eclipse.equinox.launcher\org.eclipse.equinox.launcher.win32.win32.x86_64_1.2.1500.v20260121-1430\eclipse_11919.dll
0x00007ffe35790000 - 0x00007ffe35927000 	C:\WINDOWS\System32\ole32.dll
0x00007ffe33720000 - 0x00007ffe3373b000 	C:\WINDOWS\SYSTEM32\CRYPTSP.dll
0x00007ffe32d40000 - 0x00007ffe32d79000 	C:\WINDOWS\system32\rsaenh.dll
0x00007ffe333e0000 - 0x00007ffe3340b000 	C:\WINDOWS\SYSTEM32\USERENV.dll
0x00007ffe33f70000 - 0x00007ffe33f9a000 	C:\WINDOWS\SYSTEM32\bcrypt.dll
0x00007ffe33580000 - 0x00007ffe3358c000 	C:\WINDOWS\SYSTEM32\CRYPTBASE.dll
0x00007ffe327e0000 - 0x00007ffe32814000 	C:\WINDOWS\SYSTEM32\IPHLPAPI.DLL
0x00007ffe362a0000 - 0x00007ffe362aa000 	C:\WINDOWS\System32\NSI.dll
0x00007ffe213a0000 - 0x00007ffe213e9000 	C:\Users\akbop\AppData\Local\Temp\jna-92866905\jna8125267996929586683.dll
0x00007ffe35540000 - 0x00007ffe35548000 	C:\WINDOWS\System32\PSAPI.DLL
0x00007ffe2d4b0000 - 0x00007ffe2d4ce000 	C:\WINDOWS\SYSTEM32\dhcpcsvc6.DLL
0x00007ffe2d480000 - 0x00007ffe2d4a3000 	C:\WINDOWS\SYSTEM32\dhcpcsvc.DLL
0x00007ffe2f490000 - 0x00007ffe2f4b7000 	C:\Users\akbop\.gradle\native\1def1411415f61bf3af743bc5b6707747c0891f09f0c88961ee8f79bc544acac\windows-amd64\native-platform.dll
0x00007ffe24660000 - 0x00007ffe2466a000 	C:\Users\akbop\.vscode\extensions\redhat.java-1.52.0-win32-x64\jre\21.0.9-win32-x86_64\bin\management.dll
0x00007ffe22680000 - 0x00007ffe2268c000 	C:\Users\akbop\.vscode\extensions\redhat.java-1.52.0-win32-x64\jre\21.0.9-win32-x86_64\bin\management_ext.dll
0x00007ffe1ddc0000 - 0x00007ffe1ddc9000 	C:\Users\akbop\.vscode\extensions\redhat.java-1.52.0-win32-x64\jre\21.0.9-win32-x86_64\bin\extnet.dll
0x00007ffe1e0e0000 - 0x00007ffe1e0ee000 	C:\Users\akbop\.vscode\extensions\redhat.java-1.52.0-win32-x64\jre\21.0.9-win32-x86_64\bin\sunmscapi.dll
0x00007ffe34da0000 - 0x00007ffe34f17000 	C:\WINDOWS\System32\CRYPT32.dll
0x00007ffe33880000 - 0x00007ffe338b0000 	C:\WINDOWS\SYSTEM32\ncrypt.dll
0x00007ffe33830000 - 0x00007ffe3386f000 	C:\WINDOWS\SYSTEM32\NTASN1.dll
0x00007ffe2da20000 - 0x00007ffe2da28000 	C:\WINDOWS\system32\wshunix.dll

JVMTI agents:
c:\Users\akbop\.vscode\extensions\redhat.java-1.52.0-win32-x64\lombok\lombok-1.18.39-4050.jar path:c:\Users\akbop\.vscode\extensions\redhat.java-1.52.0-win32-x64\jre\21.0.9-win32-x86_64\bin\instrument.dll, loaded, initialized, instrumentlib options:none

dbghelp: loaded successfully - version: 4.0.5 - missing functions: none
symbol engine: initialized successfully - sym options: 0x614 - pdb path: .;c:\Users\akbop\.vscode\extensions\redhat.java-1.52.0-win32-x64\jre\21.0.9-win32-x86_64\bin;C:\WINDOWS\SYSTEM32;C:\WINDOWS\WinSxS\amd64_microsoft.windows.common-controls_6595b64144ccf1df_6.0.26100.7824_none_3e0870b2e3345462;c:\Users\akbop\.vscode\extensions\redhat.java-1.52.0-win32-x64\jre\21.0.9-win32-x86_64\bin\server;C:\Users\akbop\AppData\Roaming\Code\User\globalStorage\redhat.java\1.52.0\config_win\org.eclipse.equinox.launcher\org.eclipse.equinox.launcher.win32.win32.x86_64_1.2.1500.v20260121-1430;C:\Users\akbop\AppData\Local\Temp\jna-92866905;C:\Users\akbop\.gradle\native\1def1411415f61bf3af743bc5b6707747c0891f09f0c88961ee8f79bc544acac\windows-amd64

VM Arguments:
jvm_args: --add-modules=ALL-SYSTEM --add-opens=java.base/java.util=ALL-UNNAMED --add-opens=java.base/java.lang=ALL-UNNAMED --add-opens=java.base/sun.nio.fs=ALL-UNNAMED -Declipse.application=org.eclipse.jdt.ls.core.id1 -Dosgi.bundles.defaultStartLevel=4 -Declipse.product=org.eclipse.jdt.ls.core.product -Djava.import.generatesMetadataFilesAtProjectRoot=false -DDetectVMInstallationsJob.disabled=true -Dfile.encoding=utf8 -XX:+UseParallelGC -XX:GCTimeRatio=4 -XX:AdaptiveSizePolicyWeight=90 -Dsun.zip.disableMemoryMapping=true -Xmx2G -Xms100m -Xlog:disable -javaagent:c:\Users\akbop\.vscode\extensions\redhat.java-1.52.0-win32-x64\lombok\lombok-1.18.39-4050.jar -XX:+HeapDumpOnOutOfMemoryError -XX:HeapDumpPath=c:\Users\akbop\AppData\Roaming\Code\User\workspaceStorage\5c7d54b4b6ce7c03cd1729fc8615050d\redhat.java -Daether.dependencyCollector.impl=bf 
java_command: c:\Users\akbop\.vscode\extensions\redhat.java-1.52.0-win32-x64\server\plugins\org.eclipse.equinox.launcher_1.7.100.v20251111-0406.jar -configuration c:\Users\akbop\AppData\Roaming\Code\User\globalStorage\redhat.java\1.52.0\config_win -data c:\Users\akbop\AppData\Roaming\Code\User\workspaceStorage\5c7d54b4b6ce7c03cd1729fc8615050d\redhat.java\jdt_ws --pipe=\\.\pipe\lsp-872d6337314a1c463c6d814b3caa4744-sock
java_class_path (initial): c:\Users\akbop\.vscode\extensions\redhat.java-1.52.0-win32-x64\server\plugins\org.eclipse.equinox.launcher_1.7.100.v20251111-0406.jar
Launcher Type: SUN_STANDARD

[Global flags]
    uintx AdaptiveSizePolicyWeight                 = 90                                        {product} {command line}
     intx CICompilerCount                          = 3                                         {product} {ergonomic}
    uintx GCTimeRatio                              = 4                                         {product} {command line}
     bool HeapDumpOnOutOfMemoryError               = true                                   {manageable} {command line}
    ccstr HeapDumpPath                             = c:\Users\akbop\AppData\Roaming\Code\User\workspaceStorage\5c7d54b4b6ce7c03cd1729fc8615050d\redhat.java         {manageable} {command line}
   size_t InitialHeapSize                          = 104857600                                 {product} {command line}
   size_t MaxHeapSize                              = 2147483648                                {product} {command line}
   size_t MaxNewSize                               = 715653120                                 {product} {ergonomic}
   size_t MinHeapDeltaBytes                        = 524288                                    {product} {ergonomic}
   size_t MinHeapSize                              = 104857600                                 {product} {command line}
   size_t NewSize                                  = 34603008                                  {product} {ergonomic}
    uintx NonNMethodCodeHeapSize                   = 5832780                                {pd product} {ergonomic}
    uintx NonProfiledCodeHeapSize                  = 122912730                              {pd product} {ergonomic}
   size_t OldSize                                  = 70254592                                  {product} {ergonomic}
    uintx ProfiledCodeHeapSize                     = 122912730                              {pd product} {ergonomic}
    uintx ReservedCodeCacheSize                    = 251658240                              {pd product} {ergonomic}
     bool SegmentedCodeCache                       = true                                      {product} {ergonomic}
   size_t SoftMaxHeapSize                          = 2147483648                             {manageable} {ergonomic}
     bool UseCompressedOops                        = true                           {product lp64_product} {ergonomic}
     bool UseLargePagesIndividualAllocation        = false                                  {pd product} {ergonomic}
     bool UseParallelGC                            = true                                      {product} {command line}

Logging:
Log output configuration:
 #0: stdout all=off uptime,level,tags foldmultilines=false
 #1: stderr all=off uptime,level,tags foldmultilines=false

Release file:
JAVA_VERSION="21.0.9" 
MODULES="java.base java.compiler java.datatransfer java.xml java.prefs java.desktop java.instrument java.logging java.management java.security.sasl java.naming java.rmi java.management.rmi java.net.http java.scripting java.security.jgss java.transaction.xa java.sql java.sql.rowset java.xml.crypto java.se java.smartcardio jdk.accessibility jdk.internal.jvmstat jdk.attach jdk.charsets jdk.internal.opt jdk.zipfs jdk.compiler jdk.crypto.ec jdk.crypto.cryptoki jdk.crypto.mscapi jdk.dynalink jdk.internal.ed jdk.editpad jdk.hotspot.agent jdk.httpserver jdk.internal.le jdk.internal.vm.ci jdk.internal.vm.compiler jdk.internal.vm.compiler.management jdk.jartool jdk.javadoc jdk.jcmd jdk.management jdk.management.agent jdk.jconsole jdk.jdeps jdk.jdwp.agent jdk.jdi jdk.jfr jdk.jshell jdk.jsobject jdk.jstatd jdk.localedata jdk.management.jfr jdk.naming.dns jdk.naming.rmi jdk.net jdk.nio.mapmode jdk.random jdk.sctp jdk.security.auth jdk.security.jgss jdk.unsupported jdk.unsupported.desktop jdk.xml.dom" 

Environment Variables:
PATH=C:\ProgramData\Oracle\Java\javapath;C:\Program Files\Common Files\Oracle\Java\javapath;C:\Program Files (x86)\Common Files\Oracle\Java\java8path;C:\WINDOWS\system32;C:\WINDOWS;C:\WINDOWS\System32\Wbem;C:\WINDOWS\System32\WindowsPowerShell\v1.0\;C:\WINDOWS\System32\OpenSSH\;C:\Program Files (x86)\Common Files\Intel\Shared Libraries\redist\intel64\compiler;C:\Program Files (x86)\NVIDIA Corporation\PhysX\Common;C:\Users\akbop\AppData\Local\Programs\Python\Python311\Scripts\;C:\Users\akbop\AppData\Local\Programs\Python\Python311\;C:\Users\akbop\AppData\Local\Microsoft\WindowsApps;C:\Users\akbop\AppData\Local\Programs\Microsoft VS Code\bin;C:\Program Files\nodejs\;C:\Program Files\dotnet\;C:\WINDOWS\system32;C:\WINDOWS;C:\WINDOWS\System32\Wbem;C:\WINDOWS\System32\WindowsPowerShell\v1.0\;C:\WINDOWS\System32\OpenSSH\;C:\apache-maven-3.9.11\bin;C:\Program Files\Git\cmd;C:\Users\akbop\AppData\Roaming\npm;C:\Users\akbop\AppData\Local\Pub\Cache\bin;C:\ffmpeg\ffmpeg-8.0-essentials_build\bin;;C:\Program Files\Docker\Docker\resources\bin;C:\Users\akbop\AppData\Local\Programs\Python\Python314\Scripts\;C:\Users\akbop\AppData\Local\Programs\Python\Python314\;C:\Program Files\PowerShell\7;C:\Program Files\Common Files\Oracle\Java\javapath;C:\Program Files\Eclipse Adoptium\jdk-21.0.8.9-hotspot\bin;C:\Program Files (x86)\Common Files\Oracle\Java\java8path;C:\WINDOWS\system32;C:\WINDOWS;C:\WINDOWS\System32\Wbem;C:\WINDOWS\System32\WindowsPowerShell\v1.0\;C:\WINDOWS\System32\OpenSSH\;C:\Program Files (x86)\Common Files\Intel\Shared Libraries\redist\intel64\compiler;C:\Program Files (x86)\NVIDIA Corporation\PhysX\Common;C:\Users\akbop\AppData\Local\Programs\Python\Python311\Scripts\;C:\Users\akbop\AppData\Local\Programs\Python\Python311\;C:\Users\akbop\AppData\Local\Microsoft\WindowsApps;C:\Users\akbop\AppData\Local\Programs\Microsoft VS Code\bin;C:\Program Files\nodejs\;C:\Program Files\dotnet\;C:\WINDOWS\system32;C:\WINDOWS;C:\WINDOWS\System32\Wbem;C:\WINDOWS\System32\WindowsPowerShell\v1.0\;C:\WINDOWS\System32\OpenSSH\;C:\ffmpeg\bin;C:\apache-maven-3.9.11\bin;C:\Program Files\Git\cmd;C:\Users\akbop\AppData\Roaming\npm;C:\Program Files\PowerShell\7;C:\flutter\bin\;C:;C:\Users\akbop\AppData\Local\Microsoft\WinGet\Links;C:\Program Files\JetBrains\IntelliJ IDEA 2025.3.1.1\bin
USERNAME=akbop
OS=Windows_NT
PROCESSOR_IDENTIFIER=AMD64 Family 23 Model 24 Stepping 1, AuthenticAMD
TMP=C:\Users\akbop\AppData\Local\Temp
TEMP=C:\Users\akbop\AppData\Local\Temp




Periodic native trim disabled

---------------  S Y S T E M  ---------------

OS:
 Windows 11 , 64 bit Build 26100 (10.0.26100.7705)
OS uptime: 0 days 2:49 hours
Hyper-V role detected

CPU: total 4 (initial active 4) (4 cores per cpu, 2 threads per core) family 23 model 24 stepping 1 microcode 0x8108109, cx8, cmov, fxsr, ht, mmx, 3dnowpref, sse, sse2, sse3, ssse3, sse4a, sse4.1, sse4.2, popcnt, lzcnt, tsc, tscinvbit, avx, avx2, aes, clmul, bmi1, bmi2, adx, sha, fma, vzeroupper, clflush, clflushopt, hv, rdtscp, f16c
Processor Information for the first 4 processors :
  Max Mhz: 2400, Current Mhz: 2400, Mhz Limit: 2400

Memory: 4k page, system-wide physical 6020M (785M free)
TotalPageFile size 14212M (AvailPageFile size 0M)
current process WorkingSet (physical memory assigned to process): 245M, peak: 279M
current process commit charge ("private bytes"): 365M, peak: 376M

vm_info: OpenJDK 64-Bit Server VM (21.0.9+10-LTS) for windows-amd64 JRE (21.0.9+10-LTS), built on 2025-10-21T00:00:00Z by "admin" with unknown MS VC++:1942

END.
