#
# There is insufficient memory for the Java Runtime Environment to continue.
# Native memory allocation (mmap) failed to map 16777216 bytes. Error detail: G1 virtual space
# Possible reasons:
#   The system is out of physical RAM or swap space
#   This process is running with CompressedOops enabled, and the Java Heap may be blocking the growth of the native heap
# Possible solutions:
#   Reduce memory load on the system
#   Increase physical memory or swap space
#   Check if swap backing store is full
#   Decrease Java heap size (-Xmx/-Xms)
#   Decrease number of Java threads
#   Decrease Java thread stack sizes (-Xss)
#   Set larger code cache with -XX:ReservedCodeCacheSize=
#   JVM is running with Zero Based Compressed Oops mode in which the Java heap is
#     placed in the first 32GB address space. The Java Heap base address is the
#     maximum limit for the native heap growth. Please use -XX:HeapBaseMinAddress
#     to set the Java Heap base and to place the Java Heap above 32GB virtual address.
# This output file may be truncated or incomplete.
#
#  Out of Memory Error (os_windows.cpp:3713), pid=7088, tid=18456
#
# JRE version: OpenJDK Runtime Environment Temurin-21.0.9+10 (21.0.9+10) (build 21.0.9+10-LTS)
# Java VM: OpenJDK 64-Bit Server VM Temurin-21.0.9+10 (21.0.9+10-LTS, mixed mode, sharing, tiered, compressed oops, compressed class ptrs, g1 gc, windows-amd64)
# No core dump will be written. Minidumps are not enabled by default on client versions of Windows
#

---------------  S U M M A R Y ------------

Command Line: --add-opens=java.base/java.lang=ALL-UNNAMED --add-opens=java.base/java.lang.invoke=ALL-UNNAMED --add-opens=java.base/java.util=ALL-UNNAMED --add-opens=java.prefs/java.util.prefs=ALL-UNNAMED --add-exports=jdk.compiler/com.sun.tools.javac.api=ALL-UNNAMED --add-exports=jdk.compiler/com.sun.tools.javac.util=ALL-UNNAMED --add-opens=java.base/java.util=ALL-UNNAMED --add-opens=java.prefs/java.util.prefs=ALL-UNNAMED --add-opens=java.base/java.nio.charset=ALL-UNNAMED --add-opens=java.base/java.net=ALL-UNNAMED --add-opens=java.base/java.util.concurrent.atomic=ALL-UNNAMED --add-opens=java.xml/javax.xml.namespace=ALL-UNNAMED -XX:MaxMetaspaceSize=4G -XX:ReservedCodeCacheSize=512m -XX:+HeapDumpOnOutOfMemoryError -Xmx8G -Dfile.encoding=UTF-8 -Duser.country=RU -Duser.language=ru -Duser.variant -javaagent:C:\Users\akbop\.gradle\wrapper\dists\gradle-8.12-all\ejduaidbjup3bmmkhw3rie4zb\gradle-8.12\lib\agents\gradle-instrumentation-agent-8.12.jar org.gradle.launcher.daemon.bootstrap.GradleDaemon 8.12

Host: AMD Athlon Gold 3150U with Radeon Graphics     , 4 cores, 5G,  Windows 11 , 64 bit Build 26100 (10.0.26100.7705)
Time: Thu Feb 12 02:40:39 2026 elapsed time: 93.943742 seconds (0d 0h 1m 33s)

---------------  T H R E A D  ---------------

Current thread (0x0000021de677f4f0):  VMThread "VM Thread"          [id=18456, stack(0x0000002a23000000,0x0000002a23100000) (1024K)]

Stack: [0x0000002a23000000,0x0000002a23100000]
Native frames: (J=compiled Java code, j=interpreted, Vv=VM code, C=native code)
V  [jvm.dll+0x6d6e29]
V  [jvm.dll+0x8b4b76]
V  [jvm.dll+0x8b712e]
V  [jvm.dll+0x8b7813]
V  [jvm.dll+0x283d86]
V  [jvm.dll+0x6d3745]
V  [jvm.dll+0x6c747a]
V  [jvm.dll+0x35e7e8]
V  [jvm.dll+0x366426]
V  [jvm.dll+0x3b73fe]
V  [jvm.dll+0x3b76a8]
V  [jvm.dll+0x3329ec]
V  [jvm.dll+0x335206]
V  [jvm.dll+0x33f1fd]
V  [jvm.dll+0x3748bf]
V  [jvm.dll+0x8bd500]
V  [jvm.dll+0x8be8a4]
V  [jvm.dll+0x8bede0]
V  [jvm.dll+0x8bf083]
V  [jvm.dll+0x85e9ad]
V  [jvm.dll+0x6d565d]
C  [ucrtbase.dll+0x37b0]
C  [KERNEL32.DLL+0x2e8d7]
C  [ntdll.dll+0x8c40c]

VM_Operation (0x0000002a22bff780): G1PauseRemark, mode: safepoint, requested by thread 0x0000021db93bcba0


---------------  P R O C E S S  ---------------

Threads class SMR info:
_java_thread_list=0x0000021e3016ec80, length=73, elements={
0x0000021db6f5b120, 0x0000021de679f390, 0x0000021de67a0b00, 0x0000021de67a4280,
0x0000021de67a6ce0, 0x0000021de67a7730, 0x0000021de67a8180, 0x0000021de67a8f00,
0x0000021de67b3300, 0x0000021e2e215c80, 0x0000021e2e243d30, 0x0000021e2faa68c0,
0x0000021e2ecae2b0, 0x0000021e2ee09290, 0x0000021e2efb34d0, 0x0000021e2efb3b30,
0x0000021e2f00f900, 0x0000021e2f00ff60, 0x0000021e2e18e8d0, 0x0000021e2ed66040,
0x0000021e2ed673f0, 0x0000021e2ed68110, 0x0000021e2ed66d60, 0x0000021e2ed687a0,
0x0000021e2ed666d0, 0x0000021e2ed67a80, 0x0000021e2ed65320, 0x0000021e30829d10,
0x0000021e3082d190, 0x0000021e3082cb00, 0x0000021e3082d820, 0x0000021e3082aa30,
0x0000021e3082bde0, 0x0000021e3082b0c0, 0x0000021e3082b750, 0x0000021e3082ebd0,
0x0000021e3082f8f0, 0x0000021e3082f260, 0x0000021e3082e540, 0x0000021e3082c470,
0x0000021e3082ff80, 0x0000021e30830610, 0x0000021e30830ca0, 0x0000021e30831330,
0x0000021e3082deb0, 0x0000021e307049a0, 0x0000021e30705030, 0x0000021e30705d50,
0x0000021e30706a70, 0x0000021e307035f0, 0x0000021e30707100, 0x0000021e30703c80,
0x0000021e30707790, 0x0000021e30704310, 0x0000021e30708b40, 0x0000021e30709ef0,
0x0000021e3070ac10, 0x0000021e30709860, 0x0000021e3070a580, 0x0000021e30707e20,
0x0000021e307084b0, 0x0000021e307091d0, 0x0000021e312e6df0, 0x0000021e312e7480,
0x0000021e312e4d20, 0x0000021e312e53b0, 0x0000021e312e5a40, 0x0000021e312e60d0,
0x0000021e312e4000, 0x0000021e312e6760, 0x0000021e312e9be0, 0x0000021e312e9550,
0x0000021e312e81a0
}

Java Threads: ( => current thread )
  0x0000021db6f5b120 JavaThread "main"                              [_thread_blocked, id=19956, stack(0x0000002a22900000,0x0000002a22a00000) (1024K)]
  0x0000021de679f390 JavaThread "Reference Handler"          daemon [_thread_blocked, id=15344, stack(0x0000002a23100000,0x0000002a23200000) (1024K)]
  0x0000021de67a0b00 JavaThread "Finalizer"                  daemon [_thread_blocked, id=18788, stack(0x0000002a23200000,0x0000002a23300000) (1024K)]
  0x0000021de67a4280 JavaThread "Signal Dispatcher"          daemon [_thread_blocked, id=15092, stack(0x0000002a23300000,0x0000002a23400000) (1024K)]
  0x0000021de67a6ce0 JavaThread "Attach Listener"            daemon [_thread_blocked, id=2224, stack(0x0000002a23400000,0x0000002a23500000) (1024K)]
  0x0000021de67a7730 JavaThread "Service Thread"             daemon [_thread_blocked, id=16232, stack(0x0000002a23500000,0x0000002a23600000) (1024K)]
  0x0000021de67a8180 JavaThread "Monitor Deflation Thread"   daemon [_thread_blocked, id=1256, stack(0x0000002a23600000,0x0000002a23700000) (1024K)]
  0x0000021de67a8f00 JavaThread "C2 CompilerThread0"         daemon [_thread_blocked, id=5672, stack(0x0000002a23700000,0x0000002a23800000) (1024K)]
  0x0000021de67b3300 JavaThread "C1 CompilerThread0"         daemon [_thread_blocked, id=12952, stack(0x0000002a23800000,0x0000002a23900000) (1024K)]
  0x0000021e2e215c80 JavaThread "Common-Cleaner"             daemon [_thread_blocked, id=17160, stack(0x0000002a23900000,0x0000002a23a00000) (1024K)]
  0x0000021e2e243d30 JavaThread "Notification Thread"        daemon [_thread_blocked, id=14536, stack(0x0000002a23a00000,0x0000002a23b00000) (1024K)]
  0x0000021e2faa68c0 JavaThread "Daemon health stats"               [_thread_blocked, id=21108, stack(0x0000002a23e00000,0x0000002a23f00000) (1024K)]
  0x0000021e2ecae2b0 JavaThread "Incoming local TCP Connector on port 65147"        [_thread_in_native, id=19460, stack(0x0000002a23f00000,0x0000002a24000000) (1024K)]
  0x0000021e2ee09290 JavaThread "Daemon periodic checks"            [_thread_blocked, id=9848, stack(0x0000002a24000000,0x0000002a24100000) (1024K)]
  0x0000021e2efb34d0 JavaThread "Daemon"                            [_thread_blocked, id=17064, stack(0x0000002a24100000,0x0000002a24200000) (1024K)]
  0x0000021e2efb3b30 JavaThread "Handler for socket connection from /127.0.0.1:65147 to /127.0.0.1:65148"        [_thread_in_native, id=14380, stack(0x0000002a24200000,0x0000002a24300000) (1024K)]
  0x0000021e2f00f900 JavaThread "Cancel handler"                    [_thread_blocked, id=15476, stack(0x0000002a24300000,0x0000002a24400000) (1024K)]
  0x0000021e2f00ff60 JavaThread "Daemon worker"                     [_thread_blocked, id=13516, stack(0x0000002a24400000,0x0000002a24500000) (1024K)]
  0x0000021e2e18e8d0 JavaThread "Asynchronous log dispatcher for DefaultDaemonConnection: socket connection from /127.0.0.1:65147 to /127.0.0.1:65148"        [_thread_blocked, id=1988, stack(0x0000002a24500000,0x0000002a24600000) (1024K)]
  0x0000021e2ed66040 JavaThread "Stdin handler"                     [_thread_blocked, id=11664, stack(0x0000002a24600000,0x0000002a24700000) (1024K)]
  0x0000021e2ed673f0 JavaThread "Daemon client event forwarder"        [_thread_blocked, id=20540, stack(0x0000002a24700000,0x0000002a24800000) (1024K)]
  0x0000021e2ed68110 JavaThread "Cache worker for journal cache (C:\Users\akbop\.gradle\caches\journal-1)"        [_thread_blocked, id=7672, stack(0x0000002a24800000,0x0000002a24900000) (1024K)]
  0x0000021e2ed66d60 JavaThread "File lock request listener"        [_thread_in_native, id=16276, stack(0x0000002a24900000,0x0000002a24a00000) (1024K)]
  0x0000021e2ed687a0 JavaThread "Cache worker for file hash cache (C:\Users\akbop\.gradle\caches\8.12\fileHashes)"        [_thread_blocked, id=17224, stack(0x0000002a24a00000,0x0000002a24b00000) (1024K)]
  0x0000021e2ed666d0 JavaThread "Cache worker for file hash cache (C:\olzhas\flutter\omnisource\android\.gradle\8.12\fileHashes)"        [_thread_blocked, id=11904, stack(0x0000002a24b00000,0x0000002a24c00000) (1024K)]
  0x0000021e2ed67a80 JavaThread "Cache worker for Build Output Cleanup Cache (C:\olzhas\flutter\omnisource\android\.gradle\buildOutputCleanup)"        [_thread_blocked, id=15040, stack(0x0000002a24c00000,0x0000002a24d00000) (1024K)]
  0x0000021e2ed65320 JavaThread "File watcher server"        daemon [_thread_in_native, id=11944, stack(0x0000002a24d00000,0x0000002a24e00000) (1024K)]
  0x0000021e30829d10 JavaThread "File watcher consumer"      daemon [_thread_blocked, id=10544, stack(0x0000002a24e00000,0x0000002a24f00000) (1024K)]
  0x0000021e3082d190 JavaThread "jar transforms"                    [_thread_blocked, id=13732, stack(0x0000002a24f00000,0x0000002a25000000) (1024K)]
  0x0000021e3082cb00 JavaThread "jar transforms Thread 2"           [_thread_blocked, id=14768, stack(0x0000002a25000000,0x0000002a25100000) (1024K)]
  0x0000021e3082d820 JavaThread "jar transforms Thread 3"           [_thread_blocked, id=17924, stack(0x0000002a25100000,0x0000002a25200000) (1024K)]
  0x0000021e3082aa30 JavaThread "jar transforms Thread 4"           [_thread_blocked, id=11844, stack(0x0000002a25200000,0x0000002a25300000) (1024K)]
  0x0000021e3082bde0 JavaThread "Cache worker for checksums cache (C:\olzhas\flutter\omnisource\android\.gradle\8.12\checksums)"        [_thread_blocked, id=7084, stack(0x0000002a25300000,0x0000002a25400000) (1024K)]
  0x0000021e3082b0c0 JavaThread "Cache worker for file content cache (C:\Users\akbop\.gradle\caches\8.12\fileContent)"        [_thread_blocked, id=5144, stack(0x0000002a25400000,0x0000002a25500000) (1024K)]
  0x0000021e3082b750 JavaThread "Cache worker for cache directory md-rule (C:\Users\akbop\.gradle\caches\8.12\md-rule)"        [_thread_blocked, id=3092, stack(0x0000002a25500000,0x0000002a25600000) (1024K)]
  0x0000021e3082ebd0 JavaThread "Cache worker for cache directory md-supplier (C:\Users\akbop\.gradle\caches\8.12\md-supplier)"        [_thread_blocked, id=18484, stack(0x0000002a25600000,0x0000002a25700000) (1024K)]
  0x0000021e3082f8f0 JavaThread "Cache worker for Build Output Cleanup Cache (C:\flutter\packages\flutter_tools\gradle\.gradle\buildOutputCleanup)"        [_thread_blocked, id=11480, stack(0x0000002a25700000,0x0000002a25800000) (1024K)]
  0x0000021e3082f260 JavaThread "Unconstrained build operations"        [_thread_blocked, id=11400, stack(0x0000002a25800000,0x0000002a25900000) (1024K)]
  0x0000021e3082e540 JavaThread "Unconstrained build operations Thread 2"        [_thread_blocked, id=1368, stack(0x0000002a25900000,0x0000002a25a00000) (1024K)]
  0x0000021e3082c470 JavaThread "Unconstrained build operations Thread 3"        [_thread_blocked, id=16572, stack(0x0000002a25a00000,0x0000002a25b00000) (1024K)]
  0x0000021e3082ff80 JavaThread "Unconstrained build operations Thread 4"        [_thread_blocked, id=4704, stack(0x0000002a25b00000,0x0000002a25c00000) (1024K)]
  0x0000021e30830610 JavaThread "Unconstrained build operations Thread 5"        [_thread_blocked, id=6568, stack(0x0000002a25c00000,0x0000002a25d00000) (1024K)]
  0x0000021e30830ca0 JavaThread "Unconstrained build operations Thread 6"        [_thread_blocked, id=16848, stack(0x0000002a25d00000,0x0000002a25e00000) (1024K)]
  0x0000021e30831330 JavaThread "Unconstrained build operations Thread 7"        [_thread_blocked, id=14984, stack(0x0000002a25e00000,0x0000002a25f00000) (1024K)]
  0x0000021e3082deb0 JavaThread "Unconstrained build operations Thread 8"        [_thread_blocked, id=1468, stack(0x0000002a25f00000,0x0000002a26000000) (1024K)]
  0x0000021e307049a0 JavaThread "Unconstrained build operations Thread 9"        [_thread_blocked, id=6828, stack(0x0000002a26000000,0x0000002a26100000) (1024K)]
  0x0000021e30705030 JavaThread "Memory manager"                    [_thread_blocked, id=18868, stack(0x0000002a26100000,0x0000002a26200000) (1024K)]
  0x0000021e30705d50 JavaThread "build event listener"              [_thread_blocked, id=10276, stack(0x0000002a26300000,0x0000002a26400000) (1024K)]
  0x0000021e30706a70 JavaThread "included builds"                   [_thread_blocked, id=17908, stack(0x0000002a22800000,0x0000002a22900000) (1024K)]
  0x0000021e307035f0 JavaThread "Execution worker"                  [_thread_blocked, id=18236, stack(0x0000002a26200000,0x0000002a26300000) (1024K)]
  0x0000021e30707100 JavaThread "Execution worker Thread 2"         [_thread_blocked, id=3352, stack(0x0000002a26400000,0x0000002a26500000) (1024K)]
  0x0000021e30703c80 JavaThread "Execution worker Thread 3"         [_thread_blocked, id=17448, stack(0x0000002a26500000,0x0000002a26600000) (1024K)]
  0x0000021e30707790 JavaThread "Cache worker for execution history cache (C:\flutter\packages\flutter_tools\gradle\.gradle\8.12\executionHistory)"        [_thread_blocked, id=11360, stack(0x0000002a26600000,0x0000002a26700000) (1024K)]
  0x0000021e30704310 JavaThread "Unconstrained build operations Thread 10"        [_thread_blocked, id=19168, stack(0x0000002a26700000,0x0000002a26800000) (1024K)]
  0x0000021e30708b40 JavaThread "Unconstrained build operations Thread 11"        [_thread_blocked, id=21188, stack(0x0000002a26800000,0x0000002a26900000) (1024K)]
  0x0000021e30709ef0 JavaThread "Unconstrained build operations Thread 12"        [_thread_blocked, id=9860, stack(0x0000002a26900000,0x0000002a26a00000) (1024K)]
  0x0000021e3070ac10 JavaThread "Unconstrained build operations Thread 13"        [_thread_blocked, id=7156, stack(0x0000002a26a00000,0x0000002a26b00000) (1024K)]
  0x0000021e30709860 JavaThread "Unconstrained build operations Thread 14"        [_thread_blocked, id=12008, stack(0x0000002a26b00000,0x0000002a26c00000) (1024K)]
  0x0000021e3070a580 JavaThread "Unconstrained build operations Thread 15"        [_thread_blocked, id=19528, stack(0x0000002a26c00000,0x0000002a26d00000) (1024K)]
  0x0000021e30707e20 JavaThread "Unconstrained build operations Thread 16"        [_thread_blocked, id=19476, stack(0x0000002a26d00000,0x0000002a26e00000) (1024K)]
  0x0000021e307084b0 JavaThread "Unconstrained build operations Thread 17"        [_thread_blocked, id=12160, stack(0x0000002a26e00000,0x0000002a26f00000) (1024K)]
  0x0000021e307091d0 JavaThread "Unconstrained build operations Thread 18"        [_thread_blocked, id=10160, stack(0x0000002a26f00000,0x0000002a27000000) (1024K)]
  0x0000021e312e6df0 JavaThread "Unconstrained build operations Thread 19"        [_thread_blocked, id=11984, stack(0x0000002a27000000,0x0000002a27100000) (1024K)]
  0x0000021e312e7480 JavaThread "Unconstrained build operations Thread 20"        [_thread_blocked, id=14676, stack(0x0000002a27100000,0x0000002a27200000) (1024K)]
  0x0000021e312e4d20 JavaThread "Unconstrained build operations Thread 21"        [_thread_blocked, id=17480, stack(0x0000002a27200000,0x0000002a27300000) (1024K)]
  0x0000021e312e53b0 JavaThread "Unconstrained build operations Thread 22"        [_thread_blocked, id=20284, stack(0x0000002a27300000,0x0000002a27400000) (1024K)]
  0x0000021e312e5a40 JavaThread "Unconstrained build operations Thread 23"        [_thread_blocked, id=8528, stack(0x0000002a27400000,0x0000002a27500000) (1024K)]
  0x0000021e312e60d0 JavaThread "Unconstrained build operations Thread 24"        [_thread_blocked, id=20064, stack(0x0000002a27500000,0x0000002a27600000) (1024K)]
  0x0000021e312e4000 JavaThread "Unconstrained build operations Thread 25"        [_thread_blocked, id=19184, stack(0x0000002a27600000,0x0000002a27700000) (1024K)]
  0x0000021e312e6760 JavaThread "Unconstrained build operations Thread 26"        [_thread_blocked, id=13820, stack(0x0000002a27700000,0x0000002a27800000) (1024K)]
  0x0000021e312e9be0 JavaThread "Unconstrained build operations Thread 27"        [_thread_blocked, id=19604, stack(0x0000002a27900000,0x0000002a27a00000) (1024K)]
  0x0000021e312e9550 JavaThread "Unconstrained build operations Thread 28"        [_thread_blocked, id=5084, stack(0x0000002a27a00000,0x0000002a27b00000) (1024K)]
  0x0000021e312e81a0 JavaThread "Unconstrained build operations Thread 29"        [_thread_blocked, id=15272, stack(0x0000002a27b00000,0x0000002a27c00000) (1024K)]
Total: 73

Other Threads:
=>0x0000021de677f4f0 VMThread "VM Thread"                           [id=18456, stack(0x0000002a23000000,0x0000002a23100000) (1024K)]
  0x0000021de676c190 WatcherThread "VM Periodic Task Thread"        [id=4204, stack(0x0000002a22f00000,0x0000002a23000000) (1024K)]
  0x0000021db93abcb0 WorkerThread "GC Thread#0"                     [id=14832, stack(0x0000002a22a00000,0x0000002a22b00000) (1024K)]
  0x0000021e2e30fe60 WorkerThread "GC Thread#1"                     [id=20044, stack(0x0000002a23b00000,0x0000002a23c00000) (1024K)]
  0x0000021e2e2ed410 WorkerThread "GC Thread#2"                     [id=6384, stack(0x0000002a23c00000,0x0000002a23d00000) (1024K)]
  0x0000021e2e152ff0 WorkerThread "GC Thread#3"                     [id=11020, stack(0x0000002a23d00000,0x0000002a23e00000) (1024K)]
  0x0000021db93bcba0 ConcurrentGCThread "G1 Main Marker"            [id=21448, stack(0x0000002a22b00000,0x0000002a22c00000) (1024K)]
  0x0000021db93bddc0 WorkerThread "G1 Conc#0"                       [id=13160, stack(0x0000002a22c00000,0x0000002a22d00000) (1024K)]
  0x0000021de663be60 ConcurrentGCThread "G1 Refine#0"               [id=21224, stack(0x0000002a22d00000,0x0000002a22e00000) (1024K)]
  0x0000021de663c8e0 ConcurrentGCThread "G1 Service"                [id=16656, stack(0x0000002a22e00000,0x0000002a22f00000) (1024K)]
Total: 10

Threads with active compile tasks:
Total: 0

VM state: at safepoint (normal execution)

VM Mutex/Monitor currently owned by a thread:  ([mutex/lock_event])
[0x00007ffa8832d570] Threads_lock - owner thread: 0x0000021de677f4f0
[0x00007ffa8832d670] Heap_lock - owner thread: 0x0000021db93bcba0

Heap address: 0x0000000600000000, size: 8192 MB, Compressed Oops mode: Zero based, Oop shift amount: 3

CDS archive(s) mapped at: [0x0000021de9000000-0x0000021de9ba0000-0x0000021de9ba0000), size 12189696, SharedBaseAddress: 0x0000021de9000000, ArchiveRelocationMode: 1.
Compressed class space mapped at: 0x0000021dea000000-0x0000021e2a000000, reserved size: 1073741824
Narrow klass base: 0x0000021de9000000, Narrow klass shift: 0, Narrow klass range: 0x100000000

GC Precious Log:
 CardTable entry size: 512
 Card Set container configuration: InlinePtr #cards 4 size 8 Array Of Cards #cards 32 size 80 Howl #buckets 8 coarsen threshold 7372 Howl Bitmap #cards 1024 size 144 coarsen threshold 921 Card regions per heap region 1 cards per card region 8192
 CPUs: 4 total, 4 available
 Memory: 6020M
 Large Page Support: Disabled
 NUMA Support: Disabled
 Compressed Oops: Enabled (Zero based)
 Heap Region Size: 4M
 Heap Min Capacity: 8M
 Heap Initial Capacity: 96M
 Heap Max Capacity: 8G
 Pre-touch: Disabled
 Parallel Workers: 4
 Concurrent Workers: 1
 Concurrent Refinement Workers: 4
 Periodic GC: Disabled

Heap:
 garbage-first heap   total 163840K, used 108370K [0x0000000600000000, 0x0000000800000000)
  region size 4096K, 3 young (12288K), 1 survivors (4096K)
 Metaspace       used 86295K, committed 88512K, reserved 1179648K
  class space    used 12293K, committed 13376K, reserved 1048576K

Heap Regions: E=young(eden), S=young(survivor), O=old, HS=humongous(starts), HC=humongous(continues), CS=collection set, F=free, TAMS=top-at-mark-start, PB=parsable bottom
|   0|0x0000000600000000, 0x0000000600400000, 0x0000000600400000|100%|HS|  |TAMS 0x0000000600400000| PB 0x0000000600000000| Complete 
|   1|0x0000000600400000, 0x0000000600800000, 0x0000000600800000|100%| O|  |TAMS 0x0000000600800000| PB 0x0000000600800000| Untracked 
|   2|0x0000000600800000, 0x0000000600c00000, 0x0000000600c00000|100%| O|  |TAMS 0x0000000600c00000| PB 0x0000000600c00000| Untracked 
|   3|0x0000000600c00000, 0x0000000601000000, 0x0000000601000000|100%| O|  |TAMS 0x0000000601000000| PB 0x0000000601000000| Untracked 
|   4|0x0000000601000000, 0x0000000601400000, 0x0000000601400000|100%|HS|  |TAMS 0x0000000601400000| PB 0x0000000601000000| Complete 
|   5|0x0000000601400000, 0x0000000601800000, 0x0000000601800000|100%| O|  |TAMS 0x0000000601800000| PB 0x0000000601800000| Untracked 
|   6|0x0000000601800000, 0x0000000601c00000, 0x0000000601c00000|100%| O|  |TAMS 0x0000000601c00000| PB 0x0000000601c00000| Untracked 
|   7|0x0000000601c00000, 0x0000000602000000, 0x0000000602000000|100%| O|  |TAMS 0x0000000602000000| PB 0x0000000602000000| Untracked 
|   8|0x0000000602000000, 0x0000000602400000, 0x0000000602400000|100%| O|  |TAMS 0x0000000602400000| PB 0x0000000602400000| Untracked 
|   9|0x0000000602400000, 0x0000000602800000, 0x0000000602800000|100%| O|  |TAMS 0x0000000602800000| PB 0x0000000602800000| Untracked 
|  10|0x0000000602800000, 0x0000000602c00000, 0x0000000602c00000|100%| O|  |TAMS 0x0000000602c00000| PB 0x0000000602c00000| Untracked 
|  11|0x0000000602c00000, 0x0000000603000000, 0x0000000603000000|100%|HS|  |TAMS 0x0000000603000000| PB 0x0000000602c00000| Complete 
|  12|0x0000000603000000, 0x0000000603400000, 0x0000000603400000|100%| O|  |TAMS 0x0000000603400000| PB 0x0000000603400000| Untracked 
|  13|0x0000000603400000, 0x0000000603800000, 0x0000000603800000|100%| O|  |TAMS 0x0000000603800000| PB 0x0000000603800000| Untracked 
|  14|0x0000000603800000, 0x0000000603c00000, 0x0000000603c00000|100%| O|  |TAMS 0x0000000603c00000| PB 0x0000000603c00000| Untracked 
|  15|0x0000000603c00000, 0x0000000604000000, 0x0000000604000000|100%| O|  |TAMS 0x0000000604000000| PB 0x0000000604000000| Untracked 
|  16|0x0000000604000000, 0x0000000604400000, 0x0000000604400000|100%| O|  |TAMS 0x0000000604400000| PB 0x0000000604400000| Untracked 
|  17|0x0000000604400000, 0x0000000604800000, 0x0000000604800000|100%| O|  |TAMS 0x0000000604800000| PB 0x0000000604800000| Untracked 
|  18|0x0000000604800000, 0x0000000604c00000, 0x0000000604c00000|100%| O|  |TAMS 0x0000000604c00000| PB 0x0000000604c00000| Updating 
|  19|0x0000000604c00000, 0x0000000605000000, 0x0000000605000000|100%| O|  |TAMS 0x0000000605000000| PB 0x0000000605000000| Untracked 
|  20|0x0000000605000000, 0x0000000605400000, 0x0000000605400000|100%| O|  |TAMS 0x0000000605400000| PB 0x0000000605400000| Untracked 
|  21|0x0000000605400000, 0x0000000605800000, 0x0000000605800000|100%| O|  |TAMS 0x00000006055e55a8| PB 0x00000006055e55a8| Untracked 
|  22|0x0000000605800000, 0x0000000605b834c0, 0x0000000605c00000| 87%| O|  |TAMS 0x0000000605800000| PB 0x0000000605800000| Untracked 
|  23|0x0000000605c00000, 0x0000000605c00000, 0x0000000606000000|  0%| F|  |TAMS 0x0000000605c00000| PB 0x0000000605c00000| Untracked 
|  24|0x0000000606000000, 0x0000000606000000, 0x0000000606400000|  0%| F|  |TAMS 0x0000000606000000| PB 0x0000000606000000| Untracked 
|  25|0x0000000606400000, 0x0000000606400000, 0x0000000606800000|  0%| F|  |TAMS 0x0000000606400000| PB 0x0000000606400000| Untracked 
|  26|0x0000000606800000, 0x0000000606800000, 0x0000000606c00000|  0%| F|  |TAMS 0x0000000606800000| PB 0x0000000606800000| Untracked 
|  27|0x0000000606c00000, 0x0000000606c00000, 0x0000000607000000|  0%| F|  |TAMS 0x0000000606c00000| PB 0x0000000606c00000| Untracked 
|  28|0x0000000607000000, 0x00000006072516d0, 0x0000000607400000| 57%| S|CS|TAMS 0x0000000607000000| PB 0x0000000607000000| Complete 
|  29|0x0000000607400000, 0x0000000607400000, 0x0000000607800000|  0%| F|  |TAMS 0x0000000607400000| PB 0x0000000607400000| Untracked 
|  30|0x0000000607800000, 0x0000000607800000, 0x0000000607c00000|  0%| F|  |TAMS 0x0000000607800000| PB 0x0000000607800000| Untracked 
|  31|0x0000000607c00000, 0x0000000607c00000, 0x0000000608000000|  0%| F|  |TAMS 0x0000000607c00000| PB 0x0000000607c00000| Untracked 
|  32|0x0000000608000000, 0x0000000608000000, 0x0000000608400000|  0%| F|  |TAMS 0x0000000608000000| PB 0x0000000608000000| Untracked 
|  33|0x0000000608400000, 0x0000000608400000, 0x0000000608800000|  0%| F|  |TAMS 0x0000000608400000| PB 0x0000000608400000| Untracked 
|  34|0x0000000608800000, 0x0000000608800000, 0x0000000608c00000|  0%| F|  |TAMS 0x0000000608800000| PB 0x0000000608800000| Untracked 
|  35|0x0000000608c00000, 0x0000000608c00000, 0x0000000609000000|  0%| F|  |TAMS 0x0000000608c00000| PB 0x0000000608c00000| Untracked 
|  36|0x0000000609000000, 0x00000006093bed88, 0x0000000609400000| 93%| E|  |TAMS 0x0000000609000000| PB 0x0000000609000000| Complete 
|2045|0x00000007ff400000, 0x00000007ff800000, 0x00000007ff800000|100%| E|CS|TAMS 0x00000007ff400000| PB 0x00000007ff400000| Complete 
|2046|0x00000007ff800000, 0x00000007ffc00000, 0x00000007ffc00000|100%| O|  |TAMS 0x00000007ffc00000| PB 0x00000007ffc00000| Untracked 
|2047|0x00000007ffc00000, 0x0000000800000000, 0x0000000800000000|100%| O|  |TAMS 0x0000000800000000| PB 0x0000000800000000| Untracked 

Card table byte_map: [0x0000021ddd610000,0x0000021dde610000] _byte_map_base: 0x0000021dda610000

Marking Bits: (CMBitMap*) 0x0000021db93ac2c0
 Bits: [0x0000021dde610000, 0x0000021de6610000)

Polling page: 0x0000021db7370000

Metaspace:

Usage:
  Non-class:     72.27 MB used.
      Class:     12.01 MB used.
       Both:     84.27 MB used.

Virtual space:
  Non-class space:      128.00 MB reserved,      73.38 MB ( 57%) committed,  2 nodes.
      Class space:        1.00 GB reserved,      13.06 MB (  1%) committed,  1 nodes.
             Both:        1.12 GB reserved,      86.44 MB (  8%) committed. 

Chunk freelists:
   Non-Class:  6.11 MB
       Class:  2.94 MB
        Both:  9.05 MB

MaxMetaspaceSize: 4.00 GB
CompressedClassSpaceSize: 1.00 GB
Initial GC threshold: 21.00 MB
Current GC threshold: 132.00 MB
CDS: on
 - commit_granule_bytes: 65536.
 - commit_granule_words: 8192.
 - virtual_space_node_default_size: 8388608.
 - enlarge_chunks_in_place: 1.
 - use_allocation_guard: 0.


Internal statistics:

num_allocs_failed_limit: 6.
num_arena_births: 3966.
num_arena_deaths: 0.
num_vsnodes_births: 3.
num_vsnodes_deaths: 0.
num_space_committed: 1383.
num_space_uncommitted: 0.
num_chunks_returned_to_freelist: 6.
num_chunks_taken_from_freelist: 8114.
num_chunk_merges: 3.
num_chunk_splits: 5222.
num_chunks_enlarged: 3198.
num_inconsistent_stats: 0.

CodeHeap 'non-profiled nmethods': size=259264Kb used=6004Kb max_used=6136Kb free=253259Kb
 bounds [0x0000021dcc7d0000, 0x0000021dccdd0000, 0x0000021ddc500000]
CodeHeap 'profiled nmethods': size=259264Kb used=18204Kb max_used=18696Kb free=241060Kb
 bounds [0x0000021dbc500000, 0x0000021dbd750000, 0x0000021dcc230000]
CodeHeap 'non-nmethods': size=5760Kb used=2689Kb max_used=2722Kb free=3070Kb
 bounds [0x0000021dcc230000, 0x0000021dcc4f0000, 0x0000021dcc7d0000]
CodeCache: size=524288Kb, used=26897Kb, max_used=27554Kb, free=497389Kb
 total_blobs=10749, nmethods=9798, adapters=855, full_count=0
Compilation: enabled, stopped_count=0, restarted_count=0

Compilation events (20 events):
Event: 93.813 Thread 0x0000021de67b3300 11756       3       org.objectweb.asm.commons.GeneratorAdapter::<init> (15 bytes)
Event: 93.814 Thread 0x0000021de67b3300 nmethod 11756 0x0000021dbd740290 code [0x0000021dbd740440, 0x0000021dbd7405d0]
Event: 93.818 Thread 0x0000021de67b3300 11757       3       org.objectweb.asm.commons.GeneratorAdapter::<init> (50 bytes)
Event: 93.819 Thread 0x0000021de67b3300 nmethod 11757 0x0000021dbd740690 code [0x0000021dbd7408c0, 0x0000021dbd741050]
Event: 93.821 Thread 0x0000021de67b3300 11758       3       org.objectweb.asm.commons.GeneratorAdapter::returnValue (18 bytes)
Event: 93.821 Thread 0x0000021de67b3300 nmethod 11758 0x0000021dbd741310 code [0x0000021dbd7414e0, 0x0000021dbd741718]
Event: 93.821 Thread 0x0000021de67b3300 11759       3       org.objectweb.asm.commons.GeneratorAdapter::endMethod (28 bytes)
Event: 93.821 Thread 0x0000021de67b3300 nmethod 11759 0x0000021dbd741810 code [0x0000021dbd7419e0, 0x0000021dbd741ce0]
Event: 93.821 Thread 0x0000021de67b3300 11760       3       org.objectweb.asm.MethodWriter::visitMaxs (60 bytes)
Event: 93.821 Thread 0x0000021de67b3300 nmethod 11760 0x0000021dbd741e10 code [0x0000021dbd741fe0, 0x0000021dbd742298]
Event: 93.821 Thread 0x0000021de67b3300 11763       1       com.google.common.cache.LocalCache$StrongEntry::getHash (5 bytes)
Event: 93.821 Thread 0x0000021de67b3300 nmethod 11763 0x0000021dccdcc890 code [0x0000021dccdcca20, 0x0000021dccdccae8]
Event: 93.821 Thread 0x0000021de67b3300 11762       3       org.objectweb.asm.Handler::putExceptionTable (63 bytes)
Event: 93.822 Thread 0x0000021de67b3300 nmethod 11762 0x0000021dbd742390 code [0x0000021dbd7425c0, 0x0000021dbd742a50]
Event: 93.822 Thread 0x0000021de67b3300 11761       3       org.objectweb.asm.MethodWriter::visitEnd (1 bytes)
Event: 93.822 Thread 0x0000021de67b3300 nmethod 11761 0x0000021dbd1bb590 code [0x0000021dbd1bb720, 0x0000021dbd1bb828]
Event: 93.822 Thread 0x0000021de67a8f00 11764       4       org.gradle.model.internal.asm.MethodVisitorScope::_INVOKEVIRTUAL (11 bytes)
Event: 93.833 Thread 0x0000021de67a8f00 nmethod 11764 0x0000021dccdccb90 code [0x0000021dccdccd80, 0x0000021dccdcd668]
Event: 93.847 Thread 0x0000021de67a8f00 11765   !   4       java.util.zip.Inflater::setInput (56 bytes)
Event: 93.851 Thread 0x0000021de67a8f00 nmethod 11765 0x0000021dccdcdb90 code [0x0000021dccdcdd20, 0x0000021dccdce108]

GC Heap History (20 events):
Event: 72.444 GC heap before
{Heap before GC invocations=26 (full 0):
 garbage-first heap   total 118784K, used 99868K [0x0000000600000000, 0x0000000800000000)
  region size 4096K, 10 young (40960K), 2 survivors (8192K)
 Metaspace       used 73192K, committed 75264K, reserved 1114112K
  class space    used 10639K, committed 11648K, reserved 1048576K
}
Event: 72.457 GC heap after
{Heap after GC invocations=27 (full 0):
 garbage-first heap   total 118784K, used 69468K [0x0000000600000000, 0x0000000800000000)
  region size 4096K, 2 young (8192K), 2 survivors (8192K)
 Metaspace       used 73192K, committed 75264K, reserved 1114112K
  class space    used 10639K, committed 11648K, reserved 1048576K
}
Event: 79.146 GC heap before
{Heap before GC invocations=27 (full 0):
 garbage-first heap   total 118784K, used 106332K [0x0000000600000000, 0x0000000800000000)
  region size 4096K, 11 young (45056K), 2 survivors (8192K)
 Metaspace       used 75649K, committed 77824K, reserved 1179648K
  class space    used 11064K, committed 12160K, reserved 1048576K
}
Event: 79.159 GC heap after
{Heap after GC invocations=28 (full 0):
 garbage-first heap   total 122880K, used 73091K [0x0000000600000000, 0x0000000800000000)
  region size 4096K, 2 young (8192K), 2 survivors (8192K)
 Metaspace       used 75649K, committed 77824K, reserved 1179648K
  class space    used 11064K, committed 12160K, reserved 1048576K
}
Event: 82.063 GC heap before
{Heap before GC invocations=29 (full 0):
 garbage-first heap   total 131072K, used 105859K [0x0000000600000000, 0x0000000800000000)
  region size 4096K, 10 young (40960K), 2 survivors (8192K)
 Metaspace       used 76194K, committed 78336K, reserved 1179648K
  class space    used 11084K, committed 12160K, reserved 1048576K
}
Event: 82.076 GC heap after
{Heap after GC invocations=30 (full 0):
 garbage-first heap   total 131072K, used 75189K [0x0000000600000000, 0x0000000800000000)
  region size 4096K, 2 young (8192K), 2 survivors (8192K)
 Metaspace       used 76194K, committed 78336K, reserved 1179648K
  class space    used 11084K, committed 12160K, reserved 1048576K
}
Event: 83.314 GC heap before
{Heap before GC invocations=30 (full 0):
 garbage-first heap   total 131072K, used 112053K [0x0000000600000000, 0x0000000800000000)
  region size 4096K, 12 young (49152K), 2 survivors (8192K)
 Metaspace       used 76256K, committed 78464K, reserved 1179648K
  class space    used 11086K, committed 12160K, reserved 1048576K
}
Event: 83.325 GC heap after
{Heap after GC invocations=31 (full 0):
 garbage-first heap   total 131072K, used 76980K [0x0000000600000000, 0x0000000800000000)
  region size 4096K, 2 young (8192K), 2 survivors (8192K)
 Metaspace       used 76256K, committed 78464K, reserved 1179648K
  class space    used 11086K, committed 12160K, reserved 1048576K
}
Event: 85.737 GC heap before
{Heap before GC invocations=32 (full 0):
 garbage-first heap   total 139264K, used 109748K [0x0000000600000000, 0x0000000800000000)
  region size 4096K, 11 young (45056K), 2 survivors (8192K)
 Metaspace       used 76263K, committed 78464K, reserved 1179648K
  class space    used 11086K, committed 12160K, reserved 1048576K
}
Event: 85.747 GC heap after
{Heap after GC invocations=33 (full 0):
 garbage-first heap   total 139264K, used 78196K [0x0000000600000000, 0x0000000800000000)
  region size 4096K, 2 young (8192K), 2 survivors (8192K)
 Metaspace       used 76263K, committed 78464K, reserved 1179648K
  class space    used 11086K, committed 12160K, reserved 1048576K
}
Event: 89.085 GC heap before
{Heap before GC invocations=33 (full 0):
 garbage-first heap   total 139264K, used 119156K [0x0000000600000000, 0x0000000800000000)
  region size 4096K, 13 young (53248K), 2 survivors (8192K)
 Metaspace       used 77074K, committed 79232K, reserved 1179648K
  class space    used 11185K, committed 12288K, reserved 1048576K
}
Event: 89.105 GC heap after
{Heap after GC invocations=34 (full 0):
 garbage-first heap   total 147456K, used 88947K [0x0000000600000000, 0x0000000800000000)
  region size 4096K, 2 young (8192K), 2 survivors (8192K)
 Metaspace       used 77074K, committed 79232K, reserved 1179648K
  class space    used 11185K, committed 12288K, reserved 1048576K
}
Event: 90.165 GC heap before
{Heap before GC invocations=34 (full 0):
 garbage-first heap   total 147456K, used 121715K [0x0000000600000000, 0x0000000800000000)
  region size 4096K, 11 young (45056K), 2 survivors (8192K)
 Metaspace       used 78640K, committed 80832K, reserved 1179648K
  class space    used 11378K, committed 12480K, reserved 1048576K
}
Event: 90.175 GC heap after
{Heap after GC invocations=35 (full 0):
 garbage-first heap   total 147456K, used 97525K [0x0000000600000000, 0x0000000800000000)
  region size 4096K, 2 young (8192K), 2 survivors (8192K)
 Metaspace       used 78640K, committed 80832K, reserved 1179648K
  class space    used 11378K, committed 12480K, reserved 1048576K
}
Event: 91.295 GC heap before
{Heap before GC invocations=36 (full 0):
 garbage-first heap   total 163840K, used 126197K [0x0000000600000000, 0x0000000800000000)
  region size 4096K, 9 young (36864K), 2 survivors (8192K)
 Metaspace       used 81241K, committed 83456K, reserved 1179648K
  class space    used 11650K, committed 12736K, reserved 1048576K
}
Event: 91.300 GC heap after
{Heap after GC invocations=37 (full 0):
 garbage-first heap   total 163840K, used 98995K [0x0000000600000000, 0x0000000800000000)
  region size 4096K, 1 young (4096K), 1 survivors (4096K)
 Metaspace       used 81241K, committed 83456K, reserved 1179648K
  class space    used 11650K, committed 12736K, reserved 1048576K
}
Event: 92.556 GC heap before
{Heap before GC invocations=37 (full 0):
 garbage-first heap   total 163840K, used 135859K [0x0000000600000000, 0x0000000800000000)
  region size 4096K, 11 young (45056K), 1 survivors (4096K)
 Metaspace       used 82947K, committed 85120K, reserved 1179648K
  class space    used 11897K, committed 12992K, reserved 1048576K
}
Event: 92.565 GC heap after
{Heap after GC invocations=38 (full 0):
 garbage-first heap   total 163840K, used 101975K [0x0000000600000000, 0x0000000800000000)
  region size 4096K, 2 young (8192K), 2 survivors (8192K)
 Metaspace       used 82947K, committed 85120K, reserved 1179648K
  class space    used 11897K, committed 12992K, reserved 1048576K
}
Event: 93.645 GC heap before
{Heap before GC invocations=38 (full 0):
 garbage-first heap   total 163840K, used 138839K [0x0000000600000000, 0x0000000800000000)
  region size 4096K, 11 young (45056K), 2 survivors (8192K)
 Metaspace       used 85706K, committed 87936K, reserved 1179648K
  class space    used 12239K, committed 13376K, reserved 1048576K
}
Event: 93.653 GC heap after
{Heap after GC invocations=39 (full 0):
 garbage-first heap   total 163840K, used 104274K [0x0000000600000000, 0x0000000800000000)
  region size 4096K, 1 young (4096K), 1 survivors (4096K)
 Metaspace       used 85706K, committed 87936K, reserved 1179648K
  class space    used 12239K, committed 13376K, reserved 1048576K
}

Dll operation events (15 events):
Event: 0.021 Loaded shared library C:\Users\akbop\.vscode\extensions\redhat.java-1.52.0-win32-x64\jre\21.0.9-win32-x86_64\bin\java.dll
Event: 0.107 Loaded shared library C:\Users\akbop\.vscode\extensions\redhat.java-1.52.0-win32-x64\jre\21.0.9-win32-x86_64\bin\zip.dll
Event: 0.240 Loaded shared library C:\Users\akbop\.vscode\extensions\redhat.java-1.52.0-win32-x64\jre\21.0.9-win32-x86_64\bin\instrument.dll
Event: 0.252 Loaded shared library C:\Users\akbop\.vscode\extensions\redhat.java-1.52.0-win32-x64\jre\21.0.9-win32-x86_64\bin\net.dll
Event: 0.256 Loaded shared library C:\Users\akbop\.vscode\extensions\redhat.java-1.52.0-win32-x64\jre\21.0.9-win32-x86_64\bin\nio.dll
Event: 0.264 Loaded shared library C:\Users\akbop\.vscode\extensions\redhat.java-1.52.0-win32-x64\jre\21.0.9-win32-x86_64\bin\zip.dll
Event: 1.139 Loaded shared library C:\Users\akbop\.vscode\extensions\redhat.java-1.52.0-win32-x64\jre\21.0.9-win32-x86_64\bin\jimage.dll
Event: 1.641 Loaded shared library C:\Users\akbop\.vscode\extensions\redhat.java-1.52.0-win32-x64\jre\21.0.9-win32-x86_64\bin\verify.dll
Event: 1.956 Loaded shared library C:\Users\akbop\.gradle\native\1def1411415f61bf3af743bc5b6707747c0891f09f0c88961ee8f79bc544acac\windows-amd64\native-platform.dll
Event: 1.974 Loaded shared library C:\Users\akbop\.gradle\native\0.2.5\x86_64-windows-gnu\gradle-fileevents.dll
Event: 9.620 Loaded shared library C:\Users\akbop\.vscode\extensions\redhat.java-1.52.0-win32-x64\jre\21.0.9-win32-x86_64\bin\management.dll
Event: 9.627 Loaded shared library C:\Users\akbop\.vscode\extensions\redhat.java-1.52.0-win32-x64\jre\21.0.9-win32-x86_64\bin\management_ext.dll
Event: 10.826 Loaded shared library C:\Users\akbop\.vscode\extensions\redhat.java-1.52.0-win32-x64\jre\21.0.9-win32-x86_64\bin\extnet.dll
Event: 11.750 Loaded shared library C:\Users\akbop\.vscode\extensions\redhat.java-1.52.0-win32-x64\jre\21.0.9-win32-x86_64\bin\sunmscapi.dll
Event: 16.507 Loaded shared library C:\Users\akbop\AppData\Local\Temp\native-platform3183575312782290430dir\gradle-fileevents.dll

Deoptimization events (20 events):
Event: 92.754 Thread 0x0000021e2f00ff60 DEOPT PACKING pc=0x0000021dccb7a7b4 sp=0x0000002a244f3630
Event: 92.754 Thread 0x0000021e2f00ff60 DEOPT UNPACKING pc=0x0000021dcc284422 sp=0x0000002a244f33c8 mode 2
Event: 92.755 Thread 0x0000021e2f00ff60 Uncommon trap: trap_request=0xffffff45 fr.pc=0x0000021dccd9a934 relative=0x0000000000000094
Event: 92.755 Thread 0x0000021e2f00ff60 Uncommon trap: reason=unstable_if action=reinterpret pc=0x0000021dccd9a934 method=java.lang.CharacterDataLatin1.isUpperCase(I)Z @ 7 c2
Event: 92.755 Thread 0x0000021e2f00ff60 DEOPT PACKING pc=0x0000021dccd9a934 sp=0x0000002a244f34b0
Event: 92.755 Thread 0x0000021e2f00ff60 DEOPT UNPACKING pc=0x0000021dcc284422 sp=0x0000002a244f3430 mode 2
Event: 92.755 Thread 0x0000021e2f00ff60 Uncommon trap: trap_request=0xffffff45 fr.pc=0x0000021dccc29fe8 relative=0x00000000000007c8
Event: 92.755 Thread 0x0000021e2f00ff60 Uncommon trap: reason=unstable_if action=reinterpret pc=0x0000021dccc29fe8 method=java.lang.CharacterDataLatin1.isUpperCase(I)Z @ 7 c2
Event: 92.755 Thread 0x0000021e2f00ff60 DEOPT PACKING pc=0x0000021dccc29fe8 sp=0x0000002a244f3540
Event: 92.755 Thread 0x0000021e2f00ff60 DEOPT UNPACKING pc=0x0000021dcc284422 sp=0x0000002a244f33f8 mode 2
Event: 93.259 Thread 0x0000021e2f00ff60 DEOPT PACKING pc=0x0000021dbd0d9360 sp=0x0000002a244f36d0
Event: 93.259 Thread 0x0000021e2f00ff60 DEOPT UNPACKING pc=0x0000021dcc284bc2 sp=0x0000002a244f2bf0 mode 0
Event: 93.746 Thread 0x0000021e2f00ff60 Uncommon trap: trap_request=0xffffff45 fr.pc=0x0000021dccba6c9c relative=0x000000000000055c
Event: 93.746 Thread 0x0000021e2f00ff60 Uncommon trap: reason=unstable_if action=reinterpret pc=0x0000021dccba6c9c method=sun.reflect.annotation.AnnotationInvocationHandler.invoke(Ljava/lang/Object;Ljava/lang/reflect/Method;[Ljava/lang/Object;)Ljava/lang/Object; @ 15 c2
Event: 93.746 Thread 0x0000021e2f00ff60 DEOPT PACKING pc=0x0000021dccba6c9c sp=0x0000002a244f4240
Event: 93.746 Thread 0x0000021e2f00ff60 DEOPT UNPACKING pc=0x0000021dcc284422 sp=0x0000002a244f41e8 mode 2
Event: 93.751 Thread 0x0000021e2f00ff60 Uncommon trap: trap_request=0xffffff45 fr.pc=0x0000021dccb160f4 relative=0x0000000000000374
Event: 93.751 Thread 0x0000021e2f00ff60 Uncommon trap: reason=unstable_if action=reinterpret pc=0x0000021dccb160f4 method=org.gradle.internal.reflect.PropertyAccessorType.of(Ljava/lang/reflect/Method;)Lorg/gradle/internal/reflect/PropertyAccessorType; @ 56 c2
Event: 93.751 Thread 0x0000021e2f00ff60 DEOPT PACKING pc=0x0000021dccb160f4 sp=0x0000002a244f42c0
Event: 93.751 Thread 0x0000021e2f00ff60 DEOPT UNPACKING pc=0x0000021dcc284422 sp=0x0000002a244f4280 mode 2

Classes loaded (20 events):
Event: 92.086 Loading class sun/security/provider/DSA done
Event: 92.086 Loading class sun/security/provider/DSA$SHA256withDSA done
Event: 92.087 Loading class java/security/interfaces/DSAPrivateKey
Event: 92.087 Loading class java/security/interfaces/DSAPrivateKey done
Event: 92.087 Loading class java/security/interfaces/DSAParams
Event: 92.087 Loading class java/security/interfaces/DSAParams done
Event: 92.087 Loading class java/security/spec/DSAParameterSpec
Event: 92.087 Loading class java/security/spec/DSAParameterSpec done
Event: 92.087 Loading class java/math/SignedMutableBigInteger
Event: 92.088 Loading class java/math/SignedMutableBigInteger done
Event: 92.327 Loading class java/security/KeyStore$ProtectionParameter
Event: 92.329 Loading class java/security/KeyStore$ProtectionParameter done
Event: 92.723 Loading class java/lang/foreign/ValueLayout
Event: 92.725 Loading class java/lang/foreign/MemoryLayout
Event: 92.726 Loading class java/lang/foreign/MemoryLayout done
Event: 92.726 Loading class java/lang/foreign/ValueLayout done
Event: 93.305 Loading class java/security/KeyStore
Event: 93.306 Loading class java/security/KeyStore done
Event: 93.696 Loading class javax/xml/stream/XMLStreamException
Event: 93.697 Loading class javax/xml/stream/XMLStreamException done

Classes unloaded (0 events):
No events

Classes redefined (0 events):
No events

Internal exceptions (20 events):
Event: 74.205 Thread 0x0000021e30705d50 Exception <a 'java/lang/NoSuchMethodError'{0x0000000606559d58}: static Ljava/lang/Object;.<clinit>()V> (0x0000000606559d58) 
thrown [s\src\hotspot\share\prims\jni.cpp, line 1111]
Event: 74.212 Thread 0x0000021e30705d50 Exception <a 'java/lang/NoSuchMethodError'{0x00000006065919c0}: static Lorg/jetbrains/kotlin/gradle/plugin/statistics/MetricContainer;.<clinit>()V> (0x00000006065919c0) 
thrown [s\src\hotspot\share\prims\jni.cpp, line 1111]
Event: 74.543 Thread 0x0000021e30703c80 Exception <a 'java/lang/NoSuchMethodError'{0x00000006067a21a0}: 'int java.lang.invoke.DirectMethodHandle$Holder.invokeSpecial(java.lang.Object, java.lang.Object, java.lang.Object, java.lang.Object, java.lang.Object)'> (0x00000006067a21a0) 
thrown [s\src\hotspot\share\interpreter\linkResolver.cpp, line 773]
Event: 74.797 Thread 0x0000021e30703c80 Exception <a 'java/lang/IncompatibleClassChangeError'{0x00000006062c7358}: Found class java.lang.Object, but interface was expected> (0x00000006062c7358) 
thrown [s\src\hotspot\share\interpreter\linkResolver.cpp, line 840]
Event: 77.361 Thread 0x0000021e30703c80 Exception <a 'java/lang/NoSuchMethodError'{0x000000060596d530}: static Ljava/lang/Object;.<clinit>()V> (0x000000060596d530) 
thrown [s\src\hotspot\share\prims\jni.cpp, line 1111]
Event: 78.380 Thread 0x0000021e30703c80 Exception <a 'java/lang/NoSuchMethodError'{0x0000000605273dd0}: 'int java.lang.invoke.DirectMethodHandle$Holder.invokeStaticInit(java.lang.Object, java.lang.Object, java.lang.Object, java.lang.Object, java.lang.Object)'> (0x0000000605273dd0) 
thrown [s\src\hotspot\share\interpreter\linkResolver.cpp, line 773]
Event: 78.574 Thread 0x0000021e2ed673f0 Exception <a 'java/lang/NoSuchMethodError'{0x00000006053f6428}: static Lorg/gradle/internal/build/event/types/DefaultTaskSuccessResult;.<clinit>()V> (0x00000006053f6428) 
thrown [s\src\hotspot\share\prims\jni.cpp, line 1111]
Event: 78.591 Thread 0x0000021e30707100 Exception <a 'sun/nio/fs/WindowsException'{0x000000060688c758}> (0x000000060688c758) 
thrown [s\src\hotspot\share\prims\jni.cpp, line 520]
Event: 78.603 Thread 0x0000021e30707100 Exception <a 'sun/nio/fs/WindowsException'{0x000000060688e8e8}> (0x000000060688e8e8) 
thrown [s\src\hotspot\share\prims\jni.cpp, line 520]
Event: 78.609 Thread 0x0000021e30707100 Exception <a 'sun/nio/fs/WindowsException'{0x0000000606890710}> (0x0000000606890710) 
thrown [s\src\hotspot\share\prims\jni.cpp, line 520]
Event: 78.617 Thread 0x0000021e30707100 Exception <a 'sun/nio/fs/WindowsException'{0x00000006068922f8}> (0x00000006068922f8) 
thrown [s\src\hotspot\share\prims\jni.cpp, line 520]
Event: 78.653 Thread 0x0000021e30707100 Exception <a 'sun/nio/fs/WindowsException'{0x00000006068a0230}> (0x00000006068a0230) 
thrown [s\src\hotspot\share\prims\jni.cpp, line 520]
Event: 78.657 Thread 0x0000021e30707100 Exception <a 'sun/nio/fs/WindowsException'{0x00000006044431b0}> (0x00000006044431b0) 
thrown [s\src\hotspot\share\prims\jni.cpp, line 520]
Event: 78.658 Thread 0x0000021e30707100 Exception <a 'sun/nio/fs/WindowsException'{0x0000000604444d20}> (0x0000000604444d20) 
thrown [s\src\hotspot\share\prims\jni.cpp, line 520]
Event: 80.731 Thread 0x0000021e312e60d0 Implicit null exception at 0x0000021dccbf77eb to 0x0000021dccbf9c28
Event: 80.732 Thread 0x0000021e312e60d0 Implicit null exception at 0x0000021dccbf77eb to 0x0000021dccbf9c28
Event: 80.737 Thread 0x0000021e312e4000 Implicit null exception at 0x0000021dccbf77eb to 0x0000021dccbf9c28
Event: 80.737 Thread 0x0000021e312e4000 Implicit null exception at 0x0000021dccbf77eb to 0x0000021dccbf9c28
Event: 80.871 Thread 0x0000021e312e6760 Implicit null exception at 0x0000021dcccd0770 to 0x0000021dcccd2c9c
Event: 88.880 Thread 0x0000021e2f00ff60 Exception <a 'java/lang/NoSuchMethodError'{0x000000060613c078}: 'java.lang.Object java.lang.invoke.Invokers$Holder.invokeExact_MT(java.lang.Object, java.lang.Object, java.lang.Object, int, java.lang.Object, java.lang.Object)'> (0x000000060613c078) 
thrown [s\src\hotspot\share\interpreter\linkResolver.cpp, line 773]

ZGC Phase Switch (0 events):
No events

VM Operations (20 events):
Event: 89.105 Executing VM operation: G1CollectForAllocation (G1 Evacuation Pause) done
Event: 90.109 Executing VM operation: Cleanup
Event: 90.109 Executing VM operation: Cleanup done
Event: 90.165 Executing VM operation: G1CollectForAllocation (G1 Evacuation Pause)
Event: 90.175 Executing VM operation: G1CollectForAllocation (G1 Evacuation Pause) done
Event: 90.359 Executing VM operation: G1PauseRemark
Event: 90.389 Executing VM operation: G1PauseRemark done
Event: 90.447 Executing VM operation: G1PauseCleanup
Event: 90.455 Executing VM operation: G1PauseCleanup done
Event: 91.295 Executing VM operation: G1CollectForAllocation (G1 Evacuation Pause)
Event: 91.300 Executing VM operation: G1CollectForAllocation (G1 Evacuation Pause) done
Event: 92.313 Executing VM operation: Cleanup
Event: 92.313 Executing VM operation: Cleanup done
Event: 92.556 Executing VM operation: G1CollectForAllocation (G1 Evacuation Pause)
Event: 92.565 Executing VM operation: G1CollectForAllocation (G1 Evacuation Pause) done
Event: 93.576 Executing VM operation: Cleanup
Event: 93.576 Executing VM operation: Cleanup done
Event: 93.645 Executing VM operation: G1CollectForAllocation (G1 Evacuation Pause)
Event: 93.653 Executing VM operation: G1CollectForAllocation (G1 Evacuation Pause) done
Event: 93.851 Executing VM operation: G1PauseRemark

Memory protections (0 events):
No events

Nmethod flushes (20 events):
Event: 93.860 Thread 0x0000021de677f4f0 flushing  nmethod 0x0000021dbd092110
Event: 93.860 Thread 0x0000021de677f4f0 flushing  nmethod 0x0000021dbd096690
Event: 93.860 Thread 0x0000021de677f4f0 flushing  nmethod 0x0000021dbd096b90
Event: 93.860 Thread 0x0000021de677f4f0 flushing  nmethod 0x0000021dbd0b8f10
Event: 93.860 Thread 0x0000021de677f4f0 flushing  nmethod 0x0000021dbd0db410
Event: 93.860 Thread 0x0000021de677f4f0 flushing  nmethod 0x0000021dbd10ac90
Event: 93.860 Thread 0x0000021de677f4f0 flushing  nmethod 0x0000021dbd10eb10
Event: 93.860 Thread 0x0000021de677f4f0 flushing  nmethod 0x0000021dbd10f290
Event: 93.860 Thread 0x0000021de677f4f0 flushing  nmethod 0x0000021dbd112490
Event: 93.860 Thread 0x0000021de677f4f0 flushing  nmethod 0x0000021dbd112e90
Event: 93.860 Thread 0x0000021de677f4f0 flushing  nmethod 0x0000021dbd13e010
Event: 93.860 Thread 0x0000021de677f4f0 flushing  nmethod 0x0000021dbd142790
Event: 93.860 Thread 0x0000021de677f4f0 flushing  nmethod 0x0000021dbd143f90
Event: 93.860 Thread 0x0000021de677f4f0 flushing  nmethod 0x0000021dbd1e4510
Event: 93.860 Thread 0x0000021de677f4f0 flushing  nmethod 0x0000021dbd29a690
Event: 93.860 Thread 0x0000021de677f4f0 flushing  nmethod 0x0000021dbd29c210
Event: 93.860 Thread 0x0000021de677f4f0 flushing  nmethod 0x0000021dbd3a0c90
Event: 93.860 Thread 0x0000021de677f4f0 flushing  nmethod 0x0000021dbd3cff90
Event: 93.860 Thread 0x0000021de677f4f0 flushing  nmethod 0x0000021dbd3d4190
Event: 93.860 Thread 0x0000021de677f4f0 flushing  nmethod 0x0000021dbd3ecc10

Events (20 events):
Event: 75.907 Thread 0x0000021e30703c80 Thread added: 0x0000021e30709ef0
Event: 77.240 Thread 0x0000021e30703c80 Thread added: 0x0000021e3070ac10
Event: 77.240 Thread 0x0000021e30703c80 Thread added: 0x0000021e30709860
Event: 77.241 Thread 0x0000021e30703c80 Thread added: 0x0000021e3070a580
Event: 77.431 Thread 0x0000021e30703c80 Thread added: 0x0000021e30707e20
Event: 77.446 Thread 0x0000021e30703c80 Thread added: 0x0000021e307084b0
Event: 77.448 Thread 0x0000021e30703c80 Thread added: 0x0000021e307091d0
Event: 78.275 Thread 0x0000021e30703c80 Thread added: 0x0000021e312e6df0
Event: 78.275 Thread 0x0000021e30703c80 Thread added: 0x0000021e312e7480
Event: 80.290 Thread 0x0000021e2f00ff60 Thread added: 0x0000021e312e4d20
Event: 80.291 Thread 0x0000021e2f00ff60 Thread added: 0x0000021e312e53b0
Event: 80.291 Thread 0x0000021e2f00ff60 Thread added: 0x0000021e312e5a40
Event: 80.729 Thread 0x0000021e2f00ff60 Thread added: 0x0000021e312e60d0
Event: 80.732 Thread 0x0000021e2f00ff60 Thread added: 0x0000021e312e4000
Event: 80.734 Thread 0x0000021e2f00ff60 Thread added: 0x0000021e312e6760
Event: 81.030 Thread 0x0000021de67b3300 Thread added: 0x0000021e3235e040
Event: 82.273 Thread 0x0000021e2f00ff60 Thread added: 0x0000021e312e9be0
Event: 82.274 Thread 0x0000021e2f00ff60 Thread added: 0x0000021e312e9550
Event: 82.278 Thread 0x0000021e2f00ff60 Thread added: 0x0000021e312e81a0
Event: 82.953 Thread 0x0000021e3235e040 Thread exited: 0x0000021e3235e040


Dynamic libraries:
0x00007ff747dc0000 - 0x00007ff747dce000 	C:\Users\akbop\.vscode\extensions\redhat.java-1.52.0-win32-x64\jre\21.0.9-win32-x86_64\bin\java.exe
0x00007ffb237c0000 - 0x00007ffb23a28000 	C:\WINDOWS\SYSTEM32\ntdll.dll
0x00007ffb220b0000 - 0x00007ffb22179000 	C:\WINDOWS\System32\KERNEL32.DLL
0x00007ffb207b0000 - 0x00007ffb20ba1000 	C:\WINDOWS\System32\KERNELBASE.dll
0x00007ffb20300000 - 0x00007ffb2044b000 	C:\WINDOWS\System32\ucrtbase.dll
0x00007ffb13d70000 - 0x00007ffb13d88000 	C:\Users\akbop\.vscode\extensions\redhat.java-1.52.0-win32-x64\jre\21.0.9-win32-x86_64\bin\jli.dll
0x00007ffb22230000 - 0x00007ffb223f6000 	C:\WINDOWS\System32\USER32.dll
0x00007ffb202d0000 - 0x00007ffb202f7000 	C:\WINDOWS\System32\win32u.dll
0x00007ffb22b60000 - 0x00007ffb22b8b000 	C:\WINDOWS\System32\GDI32.dll
0x00007ffb20510000 - 0x00007ffb2063b000 	C:\WINDOWS\System32\gdi32full.dll
0x00007ffb21420000 - 0x00007ffb214c3000 	C:\WINDOWS\System32\msvcp_win.dll
0x00007ffafa610000 - 0x00007ffafa62e000 	C:\Users\akbop\.vscode\extensions\redhat.java-1.52.0-win32-x64\jre\21.0.9-win32-x86_64\bin\VCRUNTIME140.dll
0x00007ffb0d470000 - 0x00007ffb0d703000 	C:\WINDOWS\WinSxS\amd64_microsoft.windows.common-controls_6595b64144ccf1df_6.0.26100.7824_none_3e0870b2e3345462\COMCTL32.dll
0x00007ffb22180000 - 0x00007ffb22229000 	C:\WINDOWS\System32\msvcrt.dll
0x00007ffb22d40000 - 0x00007ffb22d71000 	C:\WINDOWS\System32\IMM32.DLL
0x00007ffb13da0000 - 0x00007ffb13dac000 	C:\Users\akbop\.vscode\extensions\redhat.java-1.52.0-win32-x64\jre\21.0.9-win32-x86_64\bin\vcruntime140_1.dll
0x00007ffac7360000 - 0x00007ffac73ed000 	C:\Users\akbop\.vscode\extensions\redhat.java-1.52.0-win32-x64\jre\21.0.9-win32-x86_64\bin\msvcp140.dll
0x00007ffa87670000 - 0x00007ffa88410000 	C:\Users\akbop\.vscode\extensions\redhat.java-1.52.0-win32-x64\jre\21.0.9-win32-x86_64\bin\server\jvm.dll
0x00007ffb21f20000 - 0x00007ffb21fd4000 	C:\WINDOWS\System32\ADVAPI32.dll
0x00007ffb23240000 - 0x00007ffb232e6000 	C:\WINDOWS\System32\sechost.dll
0x00007ffb22c20000 - 0x00007ffb22d38000 	C:\WINDOWS\System32\RPCRT4.dll
0x00007ffb21df0000 - 0x00007ffb21e64000 	C:\WINDOWS\System32\WS2_32.dll
0x00007ffb1ff20000 - 0x00007ffb1ff7e000 	C:\WINDOWS\SYSTEM32\POWRPROF.dll
0x00007ffb17e50000 - 0x00007ffb17e85000 	C:\WINDOWS\SYSTEM32\WINMM.dll
0x00007ffb19600000 - 0x00007ffb1960b000 	C:\WINDOWS\SYSTEM32\VERSION.dll
0x00007ffb1fee0000 - 0x00007ffb1fef4000 	C:\WINDOWS\SYSTEM32\UMPDC.dll
0x00007ffb1ee00000 - 0x00007ffb1ee1b000 	C:\WINDOWS\SYSTEM32\kernel.appcore.dll
0x00007ffb05680000 - 0x00007ffb0568a000 	C:\Users\akbop\.vscode\extensions\redhat.java-1.52.0-win32-x64\jre\21.0.9-win32-x86_64\bin\jimage.dll
0x00007ffb1e270000 - 0x00007ffb1e4b2000 	C:\WINDOWS\SYSTEM32\DBGHELP.DLL
0x00007ffb233f0000 - 0x00007ffb23776000 	C:\WINDOWS\System32\combase.dll
0x00007ffb22da0000 - 0x00007ffb22e77000 	C:\WINDOWS\System32\OLEAUT32.dll
0x00007ffb0c360000 - 0x00007ffb0c39b000 	C:\WINDOWS\SYSTEM32\dbgcore.DLL
0x00007ffb20220000 - 0x00007ffb202c5000 	C:\WINDOWS\System32\bcryptPrimitives.dll
0x00007ffb1a380000 - 0x00007ffb1a38f000 	C:\Users\akbop\.vscode\extensions\redhat.java-1.52.0-win32-x64\jre\21.0.9-win32-x86_64\bin\instrument.dll
0x00007ffaf97f0000 - 0x00007ffaf9810000 	C:\Users\akbop\.vscode\extensions\redhat.java-1.52.0-win32-x64\jre\21.0.9-win32-x86_64\bin\java.dll
0x00007ffb22400000 - 0x00007ffb22b52000 	C:\WINDOWS\System32\SHELL32.dll
0x00007ffb20640000 - 0x00007ffb207aa000 	C:\WINDOWS\System32\wintypes.dll
0x00007ffb20bb0000 - 0x00007ffb21413000 	C:\WINDOWS\System32\windows.storage.dll
0x00007ffb22e80000 - 0x00007ffb22f76000 	C:\WINDOWS\System32\SHCORE.dll
0x00007ffb218e0000 - 0x00007ffb21947000 	C:\WINDOWS\System32\shlwapi.dll
0x00007ffb1ffc0000 - 0x00007ffb1ffe9000 	C:\WINDOWS\SYSTEM32\profapi.dll
0x00007ffaef220000 - 0x00007ffaef238000 	C:\Users\akbop\.vscode\extensions\redhat.java-1.52.0-win32-x64\jre\21.0.9-win32-x86_64\bin\zip.dll
0x00007ffb055a0000 - 0x00007ffb055b0000 	C:\Users\akbop\.vscode\extensions\redhat.java-1.52.0-win32-x64\jre\21.0.9-win32-x86_64\bin\net.dll
0x00007ffb18ce0000 - 0x00007ffb18e07000 	C:\WINDOWS\SYSTEM32\WINHTTP.dll
0x00007ffb1f350000 - 0x00007ffb1f3bb000 	C:\WINDOWS\system32\mswsock.dll
0x00007ffaef170000 - 0x00007ffaef186000 	C:\Users\akbop\.vscode\extensions\redhat.java-1.52.0-win32-x64\jre\21.0.9-win32-x86_64\bin\nio.dll
0x00007ffaf0a20000 - 0x00007ffaf0a30000 	C:\Users\akbop\.vscode\extensions\redhat.java-1.52.0-win32-x64\jre\21.0.9-win32-x86_64\bin\verify.dll
0x00007ffb13dc0000 - 0x00007ffb13de7000 	C:\Users\akbop\.gradle\native\1def1411415f61bf3af743bc5b6707747c0891f09f0c88961ee8f79bc544acac\windows-amd64\native-platform.dll
0x0000000065190000 - 0x0000000065203000 	C:\Users\akbop\.gradle\native\0.2.5\x86_64-windows-gnu\gradle-fileevents.dll
0x00007ffb04c80000 - 0x00007ffb04c8a000 	C:\Users\akbop\.vscode\extensions\redhat.java-1.52.0-win32-x64\jre\21.0.9-win32-x86_64\bin\management.dll
0x00007ffafcc20000 - 0x00007ffafcc2c000 	C:\Users\akbop\.vscode\extensions\redhat.java-1.52.0-win32-x64\jre\21.0.9-win32-x86_64\bin\management_ext.dll
0x00007ffb22040000 - 0x00007ffb22048000 	C:\WINDOWS\System32\PSAPI.DLL
0x00007ffb1f740000 - 0x00007ffb1f75b000 	C:\WINDOWS\SYSTEM32\CRYPTSP.dll
0x00007ffb1ed60000 - 0x00007ffb1ed99000 	C:\WINDOWS\system32\rsaenh.dll
0x00007ffb1f400000 - 0x00007ffb1f42b000 	C:\WINDOWS\SYSTEM32\USERENV.dll
0x00007ffb1ff90000 - 0x00007ffb1ffba000 	C:\WINDOWS\SYSTEM32\bcrypt.dll
0x00007ffb1f5a0000 - 0x00007ffb1f5ac000 	C:\WINDOWS\SYSTEM32\CRYPTBASE.dll
0x00007ffb1e800000 - 0x00007ffb1e834000 	C:\WINDOWS\SYSTEM32\IPHLPAPI.DLL
0x00007ffb21950000 - 0x00007ffb2195a000 	C:\WINDOWS\System32\NSI.dll
0x00007ffafb2a0000 - 0x00007ffafb2a9000 	C:\Users\akbop\.vscode\extensions\redhat.java-1.52.0-win32-x64\jre\21.0.9-win32-x86_64\bin\extnet.dll
0x00007ffafc590000 - 0x00007ffafc59e000 	C:\Users\akbop\.vscode\extensions\redhat.java-1.52.0-win32-x64\jre\21.0.9-win32-x86_64\bin\sunmscapi.dll
0x00007ffb200a0000 - 0x00007ffb20217000 	C:\WINDOWS\System32\CRYPT32.dll
0x00007ffb1f8a0000 - 0x00007ffb1f8d0000 	C:\WINDOWS\SYSTEM32\ncrypt.dll
0x00007ffb1f850000 - 0x00007ffb1f88f000 	C:\WINDOWS\SYSTEM32\NTASN1.dll
0x00007ffae6220000 - 0x00007ffae6228000 	C:\WINDOWS\system32\wshunix.dll
0x0000000065110000 - 0x0000000065183000 	C:\Users\akbop\AppData\Local\Temp\native-platform3183575312782290430dir\gradle-fileevents.dll
0x00007ffb00200000 - 0x00007ffb00218000 	C:\WINDOWS\system32\napinsp.dll
0x00007ffb1e890000 - 0x00007ffb1e9bc000 	C:\WINDOWS\SYSTEM32\DNSAPI.dll
0x00007ffb001e0000 - 0x00007ffb001f2000 	C:\WINDOWS\System32\winrnr.dll
0x00007ffaffeb0000 - 0x00007ffaffed2000 	C:\WINDOWS\system32\nlansp_c.dll
0x00007ffb001c0000 - 0x00007ffb001d6000 	C:\WINDOWS\system32\wshbth.dll
0x00007ffb12e80000 - 0x00007ffb12e8b000 	C:\Windows\System32\rasadhlp.dll
0x00007ffb15480000 - 0x00007ffb15506000 	C:\WINDOWS\System32\fwpuclnt.dll

JVMTI agents:
C:\Users\akbop\.gradle\wrapper\dists\gradle-8.12-all\ejduaidbjup3bmmkhw3rie4zb\gradle-8.12\lib\agents\gradle-instrumentation-agent-8.12.jar path:C:\Users\akbop\.vscode\extensions\redhat.java-1.52.0-win32-x64\jre\21.0.9-win32-x86_64\bin\instrument.dll, loaded, initialized, instrumentlib options:none

dbghelp: loaded successfully - version: 4.0.5 - missing functions: none
symbol engine: initialized successfully - sym options: 0x614 - pdb path: .;C:\Users\akbop\.vscode\extensions\redhat.java-1.52.0-win32-x64\jre\21.0.9-win32-x86_64\bin;C:\WINDOWS\SYSTEM32;C:\WINDOWS\WinSxS\amd64_microsoft.windows.common-controls_6595b64144ccf1df_6.0.26100.7824_none_3e0870b2e3345462;C:\Users\akbop\.vscode\extensions\redhat.java-1.52.0-win32-x64\jre\21.0.9-win32-x86_64\bin\server;C:\Users\akbop\.gradle\native\1def1411415f61bf3af743bc5b6707747c0891f09f0c88961ee8f79bc544acac\windows-amd64;C:\Users\akbop\.gradle\native\0.2.5\x86_64-windows-gnu;C:\Users\akbop\AppData\Local\Temp\native-platform3183575312782290430dir

VM Arguments:
jvm_args: --add-opens=java.base/java.lang=ALL-UNNAMED --add-opens=java.base/java.lang.invoke=ALL-UNNAMED --add-opens=java.base/java.util=ALL-UNNAMED --add-opens=java.prefs/java.util.prefs=ALL-UNNAMED --add-exports=jdk.compiler/com.sun.tools.javac.api=ALL-UNNAMED --add-exports=jdk.compiler/com.sun.tools.javac.util=ALL-UNNAMED --add-opens=java.base/java.util=ALL-UNNAMED --add-opens=java.prefs/java.util.prefs=ALL-UNNAMED --add-opens=java.base/java.nio.charset=ALL-UNNAMED --add-opens=java.base/java.net=ALL-UNNAMED --add-opens=java.base/java.util.concurrent.atomic=ALL-UNNAMED --add-opens=java.xml/javax.xml.namespace=ALL-UNNAMED -XX:MaxMetaspaceSize=4G -XX:ReservedCodeCacheSize=512m -XX:+HeapDumpOnOutOfMemoryError -Xmx8G -Dfile.encoding=UTF-8 -Duser.country=RU -Duser.language=ru -Duser.variant -javaagent:C:\Users\akbop\.gradle\wrapper\dists\gradle-8.12-all\ejduaidbjup3bmmkhw3rie4zb\gradle-8.12\lib\agents\gradle-instrumentation-agent-8.12.jar 
java_command: org.gradle.launcher.daemon.bootstrap.GradleDaemon 8.12
java_class_path (initial): C:\Users\akbop\.gradle\wrapper\dists\gradle-8.12-all\ejduaidbjup3bmmkhw3rie4zb\gradle-8.12\lib\gradle-daemon-main-8.12.jar
Launcher Type: SUN_STANDARD

[Global flags]
     intx CICompilerCount                          = 3                                         {product} {ergonomic}
     uint ConcGCThreads                            = 1                                         {product} {ergonomic}
     uint G1ConcRefinementThreads                  = 4                                         {product} {ergonomic}
   size_t G1HeapRegionSize                         = 4194304                                   {product} {ergonomic}
    uintx GCDrainStackTargetSize                   = 64                                        {product} {ergonomic}
     bool HeapDumpOnOutOfMemoryError               = true                                   {manageable} {command line}
   size_t InitialHeapSize                          = 100663296                                 {product} {ergonomic}
   size_t MarkStackSize                            = 4194304                                   {product} {ergonomic}
   size_t MaxHeapSize                              = 8589934592                                {product} {command line}
   size_t MaxMetaspaceSize                         = 4294967296                                {product} {command line}
   size_t MaxNewSize                               = 5150605312                                {product} {ergonomic}
   size_t MinHeapDeltaBytes                        = 4194304                                   {product} {ergonomic}
   size_t MinHeapSize                              = 8388608                                   {product} {ergonomic}
    uintx NonNMethodCodeHeapSize                   = 5832780                                {pd product} {ergonomic}
    uintx NonProfiledCodeHeapSize                  = 265519066                              {pd product} {ergonomic}
    uintx ProfiledCodeHeapSize                     = 265519066                              {pd product} {ergonomic}
    uintx ReservedCodeCacheSize                    = 536870912                              {pd product} {command line}
     bool SegmentedCodeCache                       = true                                      {product} {ergonomic}
   size_t SoftMaxHeapSize                          = 8589934592                             {manageable} {ergonomic}
     bool UseCompressedOops                        = true                           {product lp64_product} {ergonomic}
     bool UseG1GC                                  = true                                      {product} {ergonomic}
     bool UseLargePagesIndividualAllocation        = false                                  {pd product} {ergonomic}

Logging:
Log output configuration:
 #0: stdout all=warning uptime,level,tags foldmultilines=false
 #1: stderr all=off uptime,level,tags foldmultilines=false

Release file:
JAVA_VERSION="21.0.9" 
MODULES="java.base java.compiler java.datatransfer java.xml java.prefs java.desktop java.instrument java.logging java.management java.security.sasl java.naming java.rmi java.management.rmi java.net.http java.scripting java.security.jgss java.transaction.xa java.sql java.sql.rowset java.xml.crypto java.se java.smartcardio jdk.accessibility jdk.internal.jvmstat jdk.attach jdk.charsets jdk.internal.opt jdk.zipfs jdk.compiler jdk.crypto.ec jdk.crypto.cryptoki jdk.crypto.mscapi jdk.dynalink jdk.internal.ed jdk.editpad jdk.hotspot.agent jdk.httpserver jdk.internal.le jdk.internal.vm.ci jdk.internal.vm.compiler jdk.internal.vm.compiler.management jdk.jartool jdk.javadoc jdk.jcmd jdk.management jdk.management.agent jdk.jconsole jdk.jdeps jdk.jdwp.agent jdk.jdi jdk.jfr jdk.jshell jdk.jsobject jdk.jstatd jdk.localedata jdk.management.jfr jdk.naming.dns jdk.naming.rmi jdk.net jdk.nio.mapmode jdk.random jdk.sctp jdk.security.auth jdk.security.jgss jdk.unsupported jdk.unsupported.desktop jdk.xml.dom" 

Environment Variables:
PATH=C:\ProgramData\Oracle\Java\javapath;C:\Program Files\Common Files\Oracle\Java\javapath;C:\Program Files (x86)\Common Files\Oracle\Java\java8path;C:\WINDOWS\system32;C:\WINDOWS;C:\WINDOWS\System32\Wbem;C:\WINDOWS\System32\WindowsPowerShell\v1.0\;C:\WINDOWS\System32\OpenSSH\;C:\Program Files (x86)\Common Files\Intel\Shared Libraries\redist\intel64\compiler;C:\Program Files (x86)\NVIDIA Corporation\PhysX\Common;C:\Users\akbop\AppData\Local\Programs\Python\Python311\Scripts\;C:\Users\akbop\AppData\Local\Programs\Python\Python311\;C:\Users\akbop\AppData\Local\Microsoft\WindowsApps;C:\Users\akbop\AppData\Local\Programs\Microsoft VS Code\bin;C:\Program Files\nodejs\;C:\Program Files\dotnet\;C:\WINDOWS\system32;C:\WINDOWS;C:\WINDOWS\System32\Wbem;C:\WINDOWS\System32\WindowsPowerShell\v1.0\;C:\WINDOWS\System32\OpenSSH\;C:\apache-maven-3.9.11\bin;C:\Program Files\Git\cmd;C:\Users\akbop\AppData\Roaming\npm;C:\Users\akbop\AppData\Local\Pub\Cache\bin;C:\ffmpeg\ffmpeg-8.0-essentials_build\bin;;C:\Program Files\Docker\Docker\resources\bin;C:\Users\akbop\AppData\Local\Programs\Python\Python314\Scripts\;C:\Users\akbop\AppData\Local\Programs\Python\Python314\;C:\Program Files\PowerShell\7;C:\Program Files\Common Files\Oracle\Java\javapath;C:\Program Files\Eclipse Adoptium\jdk-21.0.8.9-hotspot\bin;C:\Program Files (x86)\Common Files\Oracle\Java\java8path;C:\WINDOWS\system32;C:\WINDOWS;C:\WINDOWS\System32\Wbem;C:\WINDOWS\System32\WindowsPowerShell\v1.0\;C:\WINDOWS\System32\OpenSSH\;C:\Program Files (x86)\Common Files\Intel\Shared Libraries\redist\intel64\compiler;C:\Program Files (x86)\NVIDIA Corporation\PhysX\Common;C:\Users\akbop\AppData\Local\Programs\Python\Python311\Scripts\;C:\Users\akbop\AppData\Local\Programs\Python\Python311\;C:\Users\akbop\AppData\Local\Microsoft\WindowsApps;C:\Users\akbop\AppData\Local\Programs\Microsoft VS Code\bin;C:\Program Files\nodejs\;C:\Program Files\dotnet\;C:\WINDOWS\system32;C:\WINDOWS;C:\WINDOWS\System32\Wbem;C:\WINDOWS\System32\WindowsPowerShell\v1.0\;C:\WINDOWS\System32\OpenSSH\;C:\ffmpeg\bin;C:\apache-maven-3.9.11\bin;C:\Program Files\Git\cmd;C:\Users\akbop\AppData\Roaming\npm;C:\Program Files\PowerShell\7;C:\flutter\bin\;C:;C:\Users\akbop\AppData\Local\Microsoft\WinGet\Links;C:\Users\akbop\AppData\Local\Microsoft\WinGet\Packages\yt-dlp.FFmpeg_Microsoft.Winget.Source_8wekyb3d8bbwe\ffmpeg-N-121583-g4348bde2d2-win64-gpl/bin;C:\Program Files\JetBrains\IntelliJ IDEA 2025.3.1.1\bin
USERNAME=akbop
OS=Windows_NT
PROCESSOR_IDENTIFIER=AMD64 Family 23 Model 24 Stepping 1, AuthenticAMD
TMP=C:\Users\akbop\AppData\Local\Temp
TEMP=C:\Users\akbop\AppData\Local\Temp




Periodic native trim disabled

---------------  S Y S T E M  ---------------

OS:
 Windows 11 , 64 bit Build 26100 (10.0.26100.7705)
OS uptime: 0 days 12:02 hours
Hyper-V role detected

CPU: total 4 (initial active 4) (4 cores per cpu, 2 threads per core) family 23 model 24 stepping 1 microcode 0x8108109, cx8, cmov, fxsr, ht, mmx, 3dnowpref, sse, sse2, sse3, ssse3, sse4a, sse4.1, sse4.2, popcnt, lzcnt, tsc, tscinvbit, avx, avx2, aes, clmul, bmi1, bmi2, adx, sha, fma, vzeroupper, clflush, clflushopt, hv, rdtscp, f16c
Processor Information for the first 4 processors :
  Max Mhz: 2400, Current Mhz: 2400, Mhz Limit: 2400

Memory: 4k page, system-wide physical 6020M (306M free)
TotalPageFile size 21123M (AvailPageFile size 15M)
current process WorkingSet (physical memory assigned to process): 321M, peak: 321M
current process commit charge ("private bytes"): 427M, peak: 443M

vm_info: OpenJDK 64-Bit Server VM (21.0.9+10-LTS) for windows-amd64 JRE (21.0.9+10-LTS), built on 2025-10-21T00:00:00Z by "admin" with unknown MS VC++:1942

END.
