#
# There is insufficient memory for the Java Runtime Environment to continue.
# Native memory allocation (malloc) failed to allocate 1048576 bytes. Error detail: AllocateHeap
# Possible reasons:
#   The system is out of physical RAM or swap space
#   This process is running with CompressedOops enabled, and the Java Heap may be blocking the growth of the native heap
# Possible solutions:
#   Reduce memory load on the system
#   Increase physical memory or swap space
#   Check if swap backing store is full
#   Decrease Java heap size (-Xmx/-Xms)
#   Decrease number of Java threads
#   Decrease Java thread stack sizes (-Xss)
#   Set larger code cache with -XX:ReservedCodeCacheSize=
#   JVM is running with Unscaled Compressed Oops mode in which the Java heap is
#     placed in the first 4GB address space. The Java Heap base address is the
#     maximum limit for the native heap growth. Please use -XX:HeapBaseMinAddress
#     to set the Java Heap base and to place the Java Heap above 4GB virtual address.
# This output file may be truncated or incomplete.
#
#  Out of Memory Error (allocation.cpp:44), pid=8884, tid=14944
#
# JRE version: OpenJDK Runtime Environment Temurin-21.0.9+10 (21.0.9+10) (build 21.0.9+10-LTS)
# Java VM: OpenJDK 64-Bit Server VM Temurin-21.0.9+10 (21.0.9+10-LTS, mixed mode, sharing, tiered, compressed oops, compressed class ptrs, parallel gc, windows-amd64)
# No core dump will be written. Minidumps are not enabled by default on client versions of Windows
#

---------------  S U M M A R Y ------------

Command Line: --add-modules=ALL-SYSTEM --add-opens=java.base/java.util=ALL-UNNAMED --add-opens=java.base/java.lang=ALL-UNNAMED --add-opens=java.base/sun.nio.fs=ALL-UNNAMED -Declipse.application=org.eclipse.jdt.ls.core.id1 -Dosgi.bundles.defaultStartLevel=4 -Declipse.product=org.eclipse.jdt.ls.core.product -Djava.import.generatesMetadataFilesAtProjectRoot=false -DDetectVMInstallationsJob.disabled=true -Dfile.encoding=utf8 -XX:+UseParallelGC -XX:GCTimeRatio=4 -XX:AdaptiveSizePolicyWeight=90 -Dsun.zip.disableMemoryMapping=true -Xmx2G -Xms100m -Xlog:disable -javaagent:c:\Users\akbop\.vscode\extensions\redhat.java-1.52.0-win32-x64\lombok\lombok-1.18.39-4050.jar -XX:+HeapDumpOnOutOfMemoryError -XX:HeapDumpPath=c:\Users\akbop\AppData\Roaming\Code\User\workspaceStorage\5c7d54b4b6ce7c03cd1729fc8615050d\redhat.java -Daether.dependencyCollector.impl=bf c:\Users\akbop\.vscode\extensions\redhat.java-1.52.0-win32-x64\server\plugins\org.eclipse.equinox.launcher_1.7.100.v20251111-0406.jar -configuration c:\Users\akbop\AppData\Roaming\Code\User\globalStorage\redhat.java\1.52.0\config_win -data c:\Users\akbop\AppData\Roaming\Code\User\workspaceStorage\5c7d54b4b6ce7c03cd1729fc8615050d\redhat.java\jdt_ws --pipe=\\.\pipe\lsp-fdcaa50ec2c6577932f669153b2c4e0e-sock

Host: AMD Athlon Gold 3150U with Radeon Graphics     , 4 cores, 5G,  Windows 11 , 64 bit Build 26100 (10.0.26100.7705)
Time: Tue Feb 17 17:08:36 2026 elapsed time: 2716.683674 seconds (0d 0h 45m 16s)

---------------  T H R E A D  ---------------

Current thread (0x000002acc3696170):  JavaThread "Attach Listener" daemon [_thread_in_vm, id=14944, stack(0x000000e5af800000,0x000000e5af900000) (1024K)]

Stack: [0x000000e5af800000,0x000000e5af900000]
Native frames: (J=compiled Java code, j=interpreted, Vv=VM code, C=native code)
V  [jvm.dll+0x6d6e29]
V  [jvm.dll+0x8b4b76]
V  [jvm.dll+0x8b712e]
V  [jvm.dll+0x8b7813]
V  [jvm.dll+0x283d86]
V  [jvm.dll+0xc1277]
V  [jvm.dll+0x6d76d9]
V  [jvm.dll+0x133466]
V  [jvm.dll+0x3f7ea6]
V  [jvm.dll+0x85e9ad]
V  [jvm.dll+0x6d565d]
C  [ucrtbase.dll+0x37b0]
C  [KERNEL32.DLL+0x2e8d7]
C  [ntdll.dll+0x8c40c]


---------------  P R O C E S S  ---------------

Threads class SMR info:
_java_thread_list=0x000002ace13698f0, length=43, elements={
0x000002acc142b930, 0x000002acc385e450, 0x000002acc36919c0, 0x000002acc3695520,
0x000002acc3696170, 0x000002acc3698bd0, 0x000002acc3699620, 0x000002acc369a3a0,
0x000002acc37134b0, 0x000002acdf179c00, 0x000002acdf1bd920, 0x000002acdf03eb80,
0x000002acc3731e80, 0x000002acdf226fe0, 0x000002acdf666210, 0x000002acdfdcf960,
0x000002acdf650680, 0x000002acdfa86dd0, 0x000002acdfa83950, 0x000002acdfa86740,
0x000002acdfa84d00, 0x000002acdfa84670, 0x000002ace2333000, 0x000002ace2335df0,
0x000002ace23343b0, 0x000002ace2334a40, 0x000002ace23350d0, 0x000002ace2333d20,
0x000002ace2333690, 0x000002ace2335760, 0x000002ace2dfbed0, 0x000002ace2dfab20,
0x000002ace2dfb1b0, 0x000002ace2dfd910, 0x000002ace2dfcbf0, 0x000002ace2dfd280,
0x000002ace2dfa490, 0x000002ace2e00070, 0x000002ace2dfecc0, 0x000002ace2e01ab0,
0x000002ace2e00d90, 0x000002ace2e01420, 0x000002ace2dfe630
}

Java Threads: ( => current thread )
  0x000002acc142b930 JavaThread "main"                              [_thread_blocked, id=2548, stack(0x000000e5af100000,0x000000e5af200000) (1024K)]
  0x000002acc385e450 JavaThread "Reference Handler"          daemon [_thread_blocked, id=17912, stack(0x000000e5af500000,0x000000e5af600000) (1024K)]
  0x000002acc36919c0 JavaThread "Finalizer"                  daemon [_thread_blocked, id=14436, stack(0x000000e5af600000,0x000000e5af700000) (1024K)]
  0x000002acc3695520 JavaThread "Signal Dispatcher"          daemon [_thread_blocked, id=16564, stack(0x000000e5af700000,0x000000e5af800000) (1024K)]
=>0x000002acc3696170 JavaThread "Attach Listener"            daemon [_thread_in_vm, id=14944, stack(0x000000e5af800000,0x000000e5af900000) (1024K)]
  0x000002acc3698bd0 JavaThread "Service Thread"             daemon [_thread_blocked, id=18116, stack(0x000000e5af900000,0x000000e5afa00000) (1024K)]
  0x000002acc3699620 JavaThread "Monitor Deflation Thread"   daemon [_thread_blocked, id=9952, stack(0x000000e5afa00000,0x000000e5afb00000) (1024K)]
  0x000002acc369a3a0 JavaThread "C2 CompilerThread0"         daemon [_thread_blocked, id=11384, stack(0x000000e5afb00000,0x000000e5afc00000) (1024K)]
  0x000002acc37134b0 JavaThread "C1 CompilerThread0"         daemon [_thread_blocked, id=6112, stack(0x000000e5afc00000,0x000000e5afd00000) (1024K)]
  0x000002acdf179c00 JavaThread "Common-Cleaner"             daemon [_thread_blocked, id=4704, stack(0x000000e5afd00000,0x000000e5afe00000) (1024K)]
  0x000002acdf1bd920 JavaThread "Notification Thread"        daemon [_thread_blocked, id=15120, stack(0x000000e5afe00000,0x000000e5aff00000) (1024K)]
  0x000002acdf03eb80 JavaThread "Active Thread: Equinox Container: f847eb03-83a5-4843-af6d-c8c960ea1384"        [_thread_blocked, id=18424, stack(0x000000e5b0200000,0x000000e5b0300000) (1024K)]
  0x000002acc3731e80 JavaThread "Refresh Thread: Equinox Container: f847eb03-83a5-4843-af6d-c8c960ea1384" daemon [_thread_blocked, id=14852, stack(0x000000e5b0300000,0x000000e5b0400000) (1024K)]
  0x000002acdf226fe0 JavaThread "Framework Event Dispatcher: Equinox Container: f847eb03-83a5-4843-af6d-c8c960ea1384" daemon [_thread_blocked, id=13992, stack(0x000000e5b0400000,0x000000e5b0500000) (1024K)]
  0x000002acdf666210 JavaThread "Start Level: Equinox Container: f847eb03-83a5-4843-af6d-c8c960ea1384" daemon [_thread_blocked, id=15584, stack(0x000000e5b0500000,0x000000e5b0600000) (1024K)]
  0x000002acdfdcf960 JavaThread "Bundle File Closer"         daemon [_thread_blocked, id=12984, stack(0x000000e5b0600000,0x000000e5b0700000) (1024K)]
  0x000002acdf650680 JavaThread "SCR Component Actor"        daemon [_thread_blocked, id=18192, stack(0x000000e5b0700000,0x000000e5b0800000) (1024K)]
  0x000002acdfa86dd0 JavaThread "Worker-JM"                         [_thread_blocked, id=10204, stack(0x000000e5b0800000,0x000000e5b0900000) (1024K)]
  0x000002acdfa83950 JavaThread "JNA Cleaner"                daemon [_thread_blocked, id=4372, stack(0x000000e5b0900000,0x000000e5b0a00000) (1024K)]
  0x000002acdfa86740 JavaThread "Worker-1"                          [_thread_blocked, id=19656, stack(0x000000e5b0b00000,0x000000e5b0c00000) (1024K)]
  0x000002acdfa84d00 JavaThread "Java indexing"              daemon [_thread_blocked, id=18364, stack(0x000000e5b0e00000,0x000000e5b0f00000) (1024K)]
  0x000002acdfa84670 JavaThread "Worker-4"                          [_thread_blocked, id=11712, stack(0x000000e5b1200000,0x000000e5b1300000) (1024K)]
  0x000002ace2333000 JavaThread "Thread-1"                   daemon [_thread_in_native, id=21632, stack(0x000000e5b1400000,0x000000e5b1500000) (1024K)]
  0x000002ace2335df0 JavaThread "Thread-2"                   daemon [_thread_in_native, id=14800, stack(0x000000e5b1500000,0x000000e5b1600000) (1024K)]
  0x000002ace23343b0 JavaThread "Thread-3"                   daemon [_thread_in_native, id=11056, stack(0x000000e5b1600000,0x000000e5b1700000) (1024K)]
  0x000002ace2334a40 JavaThread "Thread-4"                   daemon [_thread_in_native, id=19468, stack(0x000000e5b1700000,0x000000e5b1800000) (1024K)]
  0x000002ace23350d0 JavaThread "Thread-5"                   daemon [_thread_in_native, id=7188, stack(0x000000e5b1800000,0x000000e5b1900000) (1024K)]
  0x000002ace2333d20 JavaThread "pool-2-thread-1"                   [_thread_blocked, id=17436, stack(0x000000e5b1900000,0x000000e5b1a00000) (1024K)]
  0x000002ace2333690 JavaThread "Timer-0"                           [_thread_blocked, id=22584, stack(0x000000e5b1a00000,0x000000e5b1b00000) (1024K)]
  0x000002ace2335760 JavaThread "Timer-1"                           [_thread_blocked, id=3552, stack(0x000000e5b1b00000,0x000000e5b1c00000) (1024K)]
  0x000002ace2dfbed0 JavaThread "WorkspaceEventsHandler"            [_thread_blocked, id=7472, stack(0x000000e5b1100000,0x000000e5b1200000) (1024K)]
  0x000002ace2dfab20 JavaThread "pool-1-thread-1"                   [_thread_blocked, id=12608, stack(0x000000e5b1d00000,0x000000e5b1e00000) (1024K)]
  0x000002ace2dfb1b0 JavaThread "Timer-2"                           [_thread_blocked, id=16400, stack(0x000000e5b2000000,0x000000e5b2100000) (1024K)]
  0x000002ace2dfd910 JavaThread "Timer-3"                           [_thread_blocked, id=19036, stack(0x000000e5b1c00000,0x000000e5b1d00000) (1024K)]
  0x000002ace2dfcbf0 JavaThread "Timer-4"                           [_thread_blocked, id=22620, stack(0x000000e5b2100000,0x000000e5b2200000) (1024K)]
  0x000002ace2dfd280 JavaThread "Timer-5"                           [_thread_blocked, id=9472, stack(0x000000e5b2200000,0x000000e5b2300000) (1024K)]
  0x000002ace2dfa490 JavaThread "Timer-6"                           [_thread_blocked, id=2376, stack(0x000000e5b2300000,0x000000e5b2400000) (1024K)]
  0x000002ace2e00070 JavaThread "Timer-7"                           [_thread_blocked, id=15520, stack(0x000000e5b2400000,0x000000e5b2500000) (1024K)]
  0x000002ace2dfecc0 JavaThread "Timer-8"                           [_thread_blocked, id=7740, stack(0x000000e5aef00000,0x000000e5af000000) (1024K)]
  0x000002ace2e01ab0 JavaThread "Timer-9"                           [_thread_blocked, id=9336, stack(0x000000e5af000000,0x000000e5af100000) (1024K)]
  0x000002ace2e00d90 JavaThread "Timer-10"                          [_thread_blocked, id=13256, stack(0x000000e5b0d00000,0x000000e5b0e00000) (1024K)]
  0x000002ace2e01420 JavaThread "Timer-11"                          [_thread_blocked, id=23364, stack(0x000000e5b0f00000,0x000000e5b1000000) (1024K)]
  0x000002ace2dfe630 JavaThread "Timer-12"                          [_thread_blocked, id=13316, stack(0x000000e5b1300000,0x000000e5b1400000) (1024K)]
Total: 43

Other Threads:
  0x000002acc3840aa0 VMThread "VM Thread"                           [id=17560, stack(0x000000e5af400000,0x000000e5af500000) (1024K)]
  0x000002acc362cb20 WatcherThread "VM Periodic Task Thread"        [id=23488, stack(0x000000e5af300000,0x000000e5af400000) (1024K)]
  0x000002acc37bc2b0 WorkerThread "GC Thread#0"                     [id=20808, stack(0x000000e5af200000,0x000000e5af300000) (1024K)]
  0x000002acdf473ae0 WorkerThread "GC Thread#1"                     [id=3432, stack(0x000000e5aff00000,0x000000e5b0000000) (1024K)]
  0x000002acdf611010 WorkerThread "GC Thread#2"                     [id=20464, stack(0x000000e5b0000000,0x000000e5b0100000) (1024K)]
  0x000002acdf6113b0 WorkerThread "GC Thread#3"                     [id=19740, stack(0x000000e5b0100000,0x000000e5b0200000) (1024K)]
Total: 6

Threads with active compile tasks:
Total: 0

VM state: not at safepoint (normal execution)

VM Mutex/Monitor currently owned by a thread: None

Heap address: 0x0000000080000000, size: 2048 MB, Compressed Oops mode: 32-bit

CDS archive(s) mapped at: [0x000002ac80000000-0x000002ac80ba0000-0x000002ac80ba0000), size 12189696, SharedBaseAddress: 0x000002ac80000000, ArchiveRelocationMode: 1.
Compressed class space mapped at: 0x000002ac81000000-0x000002acc1000000, reserved size: 1073741824
Narrow klass base: 0x000002ac80000000, Narrow klass shift: 0, Narrow klass range: 0x100000000

GC Precious Log:
 CardTable entry size: 512
 CPUs: 4 total, 4 available
 Memory: 6020M
 Large Page Support: Disabled
 NUMA Support: Disabled
 Compressed Oops: Enabled (32-bit)
 Alignments: Space 512K, Generation 512K, Heap 2M
 Heap Min Capacity: 100M
 Heap Initial Capacity: 100M
 Heap Max Capacity: 2G
 Pre-touch: Disabled
 Parallel Workers: 4

Heap:
 PSYoungGen      total 19456K, used 9269K [0x00000000d5580000, 0x00000000d6b00000, 0x0000000100000000)
  eden space 18944K, 47% used [0x00000000d5580000,0x00000000d5e555c0,0x00000000d6800000)
  from space 512K, 43% used [0x00000000d6a00000,0x00000000d6a38000,0x00000000d6a80000)
  to   space 512K, 0% used [0x00000000d6a80000,0x00000000d6a80000,0x00000000d6b00000)
 ParOldGen       total 68608K, used 48783K [0x0000000080000000, 0x0000000084300000, 0x00000000d5580000)
  object space 68608K, 71% used [0x0000000080000000,0x0000000082fa3c60,0x0000000084300000)
 Metaspace       used 69951K, committed 71488K, reserved 1114112K
  class space    used 8786K, committed 9472K, reserved 1048576K

Card table byte_map: [0x000002acc3140000,0x000002acc3550000] _byte_map_base: 0x000002acc2d40000

Marking Bits: (ParMarkBitMap*) 0x00007ffafa392460
 Begin Bits: [0x000002acd5c50000, 0x000002acd7c50000)
 End Bits:   [0x000002acd7c50000, 0x000002acd9c50000)

Polling page: 0x000002acc1550000

Metaspace:

Usage:
  Non-class:     59.73 MB used.
      Class:      8.58 MB used.
       Both:     68.31 MB used.

Virtual space:
  Non-class space:       64.00 MB reserved,      60.56 MB ( 95%) committed,  1 nodes.
      Class space:        1.00 GB reserved,       9.25 MB ( <1%) committed,  1 nodes.
             Both:        1.06 GB reserved,      69.81 MB (  6%) committed. 

Chunk freelists:
   Non-Class:  3.37 MB
       Class:  6.75 MB
        Both:  10.12 MB

MaxMetaspaceSize: unlimited
CompressedClassSpaceSize: 1.00 GB
Initial GC threshold: 21.00 MB
Current GC threshold: 97.31 MB
CDS: on
 - commit_granule_bytes: 65536.
 - commit_granule_words: 8192.
 - virtual_space_node_default_size: 8388608.
 - enlarge_chunks_in_place: 1.
 - use_allocation_guard: 0.


Internal statistics:

num_allocs_failed_limit: 9.
num_arena_births: 1284.
num_arena_deaths: 14.
num_vsnodes_births: 2.
num_vsnodes_deaths: 0.
num_space_committed: 1117.
num_space_uncommitted: 0.
num_chunks_returned_to_freelist: 23.
num_chunks_taken_from_freelist: 4283.
num_chunk_merges: 14.
num_chunk_splits: 2684.
num_chunks_enlarged: 1596.
num_inconsistent_stats: 0.

CodeHeap 'non-profiled nmethods': size=120000Kb used=6609Kb max_used=6609Kb free=113390Kb
 bounds [0x000002acce470000, 0x000002acceaf0000, 0x000002acd59a0000]
CodeHeap 'profiled nmethods': size=120000Kb used=17199Kb max_used=17199Kb free=102800Kb
 bounds [0x000002acc69a0000, 0x000002acc7a70000, 0x000002accded0000]
CodeHeap 'non-nmethods': size=5760Kb used=1427Kb max_used=1481Kb free=4332Kb
 bounds [0x000002accded0000, 0x000002acce140000, 0x000002acce470000]
CodeCache: size=245760Kb, used=25235Kb, max_used=25289Kb, free=220522Kb
 total_blobs=9173, nmethods=8437, adapters=642, full_count=0
Compilation: enabled, stopped_count=0, restarted_count=0

Compilation events (20 events):
Event: 1323.302 Thread 0x000002acc37134b0 9224       1       org.eclipse.jdt.ls.core.internal.LanguageServerApplication::getParentProcessId (5 bytes)
Event: 1323.303 Thread 0x000002acc37134b0 nmethod 9224 0x000002acceae2510 code [0x000002acceae26a0, 0x000002acceae2768]
Event: 1692.909 Thread 0x000002acc37134b0 9225   !   3       java.util.logging.LogManager::ensureLogManagerInitialized (144 bytes)
Event: 1692.959 Thread 0x000002acc37134b0 nmethod 9225 0x000002acc7a67690 code [0x000002acc7a679a0, 0x000002acc7a68ac0]
Event: 1722.911 Thread 0x000002acc37134b0 9226       1       com.sun.jna.internal.Cleaner::access$100 (5 bytes)
Event: 1722.915 Thread 0x000002acc37134b0 nmethod 9226 0x000002acceae2810 code [0x000002acceae29a0, 0x000002acceae2a50]
Event: 2055.291 Thread 0x000002acc369a3a0 9227 % !   4       java.util.TimerThread::mainLoop @ 0 (232 bytes)
Event: 2055.436 Thread 0x000002acc369a3a0 nmethod 9227% 0x000002acceae2b10 code [0x000002acceae2d80, 0x000002acceae3970]
Event: 2126.000 Thread 0x000002acc37134b0 9228       3       org.eclipse.core.internal.dtree.AbstractDataTreeNode::storeStrings (42 bytes)
Event: 2126.004 Thread 0x000002acc37134b0 nmethod 9228 0x000002acc7a69090 code [0x000002acc7a69260, 0x000002acc7a695d8]
Event: 2126.005 Thread 0x000002acc37134b0 9229       3       org.eclipse.core.internal.dtree.DataTreeNode::storeStrings (28 bytes)
Event: 2126.005 Thread 0x000002acc37134b0 nmethod 9229 0x000002acc7a69790 code [0x000002acc7a69960, 0x000002acc7a69de0]
Event: 2411.970 Thread 0x000002acc37134b0 9230       1       org.eclipse.osgi.internal.framework.EquinoxContainer::getStorage (5 bytes)
Event: 2411.976 Thread 0x000002acc37134b0 nmethod 9230 0x000002acceae4390 code [0x000002acceae4520, 0x000002acceae45e8]
Event: 2503.824 Thread 0x000002acc37134b0 9231       3       java.util.Optional::get (22 bytes)
Event: 2503.832 Thread 0x000002acc37134b0 nmethod 9231 0x000002acc7a69f10 code [0x000002acc7a6a0c0, 0x000002acc7a6a2e0]
Event: 2603.879 Thread 0x000002acc37134b0 9232       3       org.eclipse.jdt.ls.core.internal.ParentProcessWatcher::run (83 bytes)
Event: 2603.913 Thread 0x000002acc37134b0 nmethod 9232 0x000002acc7a6a410 code [0x000002acc7a6a6a0, 0x000002acc7a6b0d0]
Event: 2603.913 Thread 0x000002acc37134b0 9233       3       org.eclipse.jdt.ls.core.internal.ParentProcessWatcher::parentProcessStillRunning (62 bytes)
Event: 2603.919 Thread 0x000002acc37134b0 nmethod 9233 0x000002acc7a6b410 code [0x000002acc7a6b640, 0x000002acc7a6bd48]

GC Heap History (20 events):
Event: 187.741 GC heap before
{Heap before GC invocations=57 (full 3):
 PSYoungGen      total 19456K, used 19072K [0x00000000d5580000, 0x00000000d6b00000, 0x0000000100000000)
  eden space 18944K, 100% used [0x00000000d5580000,0x00000000d6800000,0x00000000d6800000)
  from space 512K, 25% used [0x00000000d6a00000,0x00000000d6a20000,0x00000000d6a80000)
  to   space 512K, 0% used [0x00000000d6a80000,0x00000000d6a80000,0x00000000d6b00000)
 ParOldGen       total 68608K, used 47783K [0x0000000080000000, 0x0000000084300000, 0x00000000d5580000)
  object space 68608K, 69% used [0x0000000080000000,0x0000000082ea9d88,0x0000000084300000)
 Metaspace       used 68646K, committed 70080K, reserved 1114112K
  class space    used 8633K, committed 9280K, reserved 1048576K
}
Event: 187.934 GC heap after
{Heap after GC invocations=57 (full 3):
 PSYoungGen      total 19456K, used 376K [0x00000000d5580000, 0x00000000d6b00000, 0x0000000100000000)
  eden space 18944K, 0% used [0x00000000d5580000,0x00000000d5580000,0x00000000d6800000)
  from space 512K, 73% used [0x00000000d6a80000,0x00000000d6ade1a8,0x00000000d6b00000)
  to   space 512K, 0% used [0x00000000d6a00000,0x00000000d6a00000,0x00000000d6a80000)
 ParOldGen       total 68608K, used 47799K [0x0000000080000000, 0x0000000084300000, 0x00000000d5580000)
  object space 68608K, 69% used [0x0000000080000000,0x0000000082eadd88,0x0000000084300000)
 Metaspace       used 68646K, committed 70080K, reserved 1114112K
  class space    used 8633K, committed 9280K, reserved 1048576K
}
Event: 191.073 GC heap before
{Heap before GC invocations=58 (full 3):
 PSYoungGen      total 19456K, used 19320K [0x00000000d5580000, 0x00000000d6b00000, 0x0000000100000000)
  eden space 18944K, 100% used [0x00000000d5580000,0x00000000d6800000,0x00000000d6800000)
  from space 512K, 73% used [0x00000000d6a80000,0x00000000d6ade1a8,0x00000000d6b00000)
  to   space 512K, 0% used [0x00000000d6a00000,0x00000000d6a00000,0x00000000d6a80000)
 ParOldGen       total 68608K, used 47799K [0x0000000080000000, 0x0000000084300000, 0x00000000d5580000)
  object space 68608K, 69% used [0x0000000080000000,0x0000000082eadd88,0x0000000084300000)
 Metaspace       used 68654K, committed 70208K, reserved 1114112K
  class space    used 8634K, committed 9344K, reserved 1048576K
}
Event: 191.101 GC heap after
{Heap after GC invocations=58 (full 3):
 PSYoungGen      total 19456K, used 96K [0x00000000d5580000, 0x00000000d6b00000, 0x0000000100000000)
  eden space 18944K, 0% used [0x00000000d5580000,0x00000000d5580000,0x00000000d6800000)
  from space 512K, 18% used [0x00000000d6a00000,0x00000000d6a18000,0x00000000d6a80000)
  to   space 512K, 0% used [0x00000000d6a80000,0x00000000d6a80000,0x00000000d6b00000)
 ParOldGen       total 68608K, used 48141K [0x0000000080000000, 0x0000000084300000, 0x00000000d5580000)
  object space 68608K, 70% used [0x0000000080000000,0x0000000082f03688,0x0000000084300000)
 Metaspace       used 68654K, committed 70208K, reserved 1114112K
  class space    used 8634K, committed 9344K, reserved 1048576K
}
Event: 191.744 GC heap before
{Heap before GC invocations=59 (full 3):
 PSYoungGen      total 19456K, used 19040K [0x00000000d5580000, 0x00000000d6b00000, 0x0000000100000000)
  eden space 18944K, 100% used [0x00000000d5580000,0x00000000d6800000,0x00000000d6800000)
  from space 512K, 18% used [0x00000000d6a00000,0x00000000d6a18000,0x00000000d6a80000)
  to   space 512K, 0% used [0x00000000d6a80000,0x00000000d6a80000,0x00000000d6b00000)
 ParOldGen       total 68608K, used 48141K [0x0000000080000000, 0x0000000084300000, 0x00000000d5580000)
  object space 68608K, 70% used [0x0000000080000000,0x0000000082f03688,0x0000000084300000)
 Metaspace       used 68654K, committed 70208K, reserved 1114112K
  class space    used 8634K, committed 9344K, reserved 1048576K
}
Event: 191.745 GC heap after
{Heap after GC invocations=59 (full 3):
 PSYoungGen      total 19456K, used 128K [0x00000000d5580000, 0x00000000d6b00000, 0x0000000100000000)
  eden space 18944K, 0% used [0x00000000d5580000,0x00000000d5580000,0x00000000d6800000)
  from space 512K, 25% used [0x00000000d6a80000,0x00000000d6aa0000,0x00000000d6b00000)
  to   space 512K, 0% used [0x00000000d6a00000,0x00000000d6a00000,0x00000000d6a80000)
 ParOldGen       total 68608K, used 48173K [0x0000000080000000, 0x0000000084300000, 0x00000000d5580000)
  object space 68608K, 70% used [0x0000000080000000,0x0000000082f0b688,0x0000000084300000)
 Metaspace       used 68654K, committed 70208K, reserved 1114112K
  class space    used 8634K, committed 9344K, reserved 1048576K
}
Event: 193.525 GC heap before
{Heap before GC invocations=60 (full 3):
 PSYoungGen      total 19456K, used 19072K [0x00000000d5580000, 0x00000000d6b00000, 0x0000000100000000)
  eden space 18944K, 100% used [0x00000000d5580000,0x00000000d6800000,0x00000000d6800000)
  from space 512K, 25% used [0x00000000d6a80000,0x00000000d6aa0000,0x00000000d6b00000)
  to   space 512K, 0% used [0x00000000d6a00000,0x00000000d6a00000,0x00000000d6a80000)
 ParOldGen       total 68608K, used 48173K [0x0000000080000000, 0x0000000084300000, 0x00000000d5580000)
  object space 68608K, 70% used [0x0000000080000000,0x0000000082f0b688,0x0000000084300000)
 Metaspace       used 68655K, committed 70208K, reserved 1114112K
  class space    used 8634K, committed 9344K, reserved 1048576K
}
Event: 193.527 GC heap after
{Heap after GC invocations=60 (full 3):
 PSYoungGen      total 19456K, used 128K [0x00000000d5580000, 0x00000000d6b00000, 0x0000000100000000)
  eden space 18944K, 0% used [0x00000000d5580000,0x00000000d5580000,0x00000000d6800000)
  from space 512K, 25% used [0x00000000d6a00000,0x00000000d6a20000,0x00000000d6a80000)
  to   space 512K, 0% used [0x00000000d6a80000,0x00000000d6a80000,0x00000000d6b00000)
 ParOldGen       total 68608K, used 48181K [0x0000000080000000, 0x0000000084300000, 0x00000000d5580000)
  object space 68608K, 70% used [0x0000000080000000,0x0000000082f0d688,0x0000000084300000)
 Metaspace       used 68655K, committed 70208K, reserved 1114112K
  class space    used 8634K, committed 9344K, reserved 1048576K
}
Event: 201.555 GC heap before
{Heap before GC invocations=61 (full 3):
 PSYoungGen      total 19456K, used 19031K [0x00000000d5580000, 0x00000000d6b00000, 0x0000000100000000)
  eden space 18944K, 99% used [0x00000000d5580000,0x00000000d67f5ee8,0x00000000d6800000)
  from space 512K, 25% used [0x00000000d6a00000,0x00000000d6a20000,0x00000000d6a80000)
  to   space 512K, 0% used [0x00000000d6a80000,0x00000000d6a80000,0x00000000d6b00000)
 ParOldGen       total 68608K, used 48181K [0x0000000080000000, 0x0000000084300000, 0x00000000d5580000)
  object space 68608K, 70% used [0x0000000080000000,0x0000000082f0d688,0x0000000084300000)
 Metaspace       used 68659K, committed 70208K, reserved 1114112K
  class space    used 8634K, committed 9344K, reserved 1048576K
}
Event: 201.556 GC heap after
{Heap after GC invocations=61 (full 3):
 PSYoungGen      total 19456K, used 256K [0x00000000d5580000, 0x00000000d6b00000, 0x0000000100000000)
  eden space 18944K, 0% used [0x00000000d5580000,0x00000000d5580000,0x00000000d6800000)
  from space 512K, 50% used [0x00000000d6a80000,0x00000000d6ac0010,0x00000000d6b00000)
  to   space 512K, 0% used [0x00000000d6a00000,0x00000000d6a00000,0x00000000d6a80000)
 ParOldGen       total 68608K, used 48189K [0x0000000080000000, 0x0000000084300000, 0x00000000d5580000)
  object space 68608K, 70% used [0x0000000080000000,0x0000000082f0f688,0x0000000084300000)
 Metaspace       used 68659K, committed 70208K, reserved 1114112K
  class space    used 8634K, committed 9344K, reserved 1048576K
}
Event: 204.001 GC heap before
{Heap before GC invocations=62 (full 3):
 PSYoungGen      total 19456K, used 19200K [0x00000000d5580000, 0x00000000d6b00000, 0x0000000100000000)
  eden space 18944K, 100% used [0x00000000d5580000,0x00000000d6800000,0x00000000d6800000)
  from space 512K, 50% used [0x00000000d6a80000,0x00000000d6ac0010,0x00000000d6b00000)
  to   space 512K, 0% used [0x00000000d6a00000,0x00000000d6a00000,0x00000000d6a80000)
 ParOldGen       total 68608K, used 48189K [0x0000000080000000, 0x0000000084300000, 0x00000000d5580000)
  object space 68608K, 70% used [0x0000000080000000,0x0000000082f0f688,0x0000000084300000)
 Metaspace       used 69086K, committed 70592K, reserved 1114112K
  class space    used 8678K, committed 9344K, reserved 1048576K
}
Event: 204.004 GC heap after
{Heap after GC invocations=62 (full 3):
 PSYoungGen      total 19456K, used 506K [0x00000000d5580000, 0x00000000d6b00000, 0x0000000100000000)
  eden space 18944K, 0% used [0x00000000d5580000,0x00000000d5580000,0x00000000d6800000)
  from space 512K, 98% used [0x00000000d6a00000,0x00000000d6a7e980,0x00000000d6a80000)
  to   space 512K, 0% used [0x00000000d6a80000,0x00000000d6a80000,0x00000000d6b00000)
 ParOldGen       total 68608K, used 48253K [0x0000000080000000, 0x0000000084300000, 0x00000000d5580000)
  object space 68608K, 70% used [0x0000000080000000,0x0000000082f1f698,0x0000000084300000)
 Metaspace       used 69086K, committed 70592K, reserved 1114112K
  class space    used 8678K, committed 9344K, reserved 1048576K
}
Event: 207.210 GC heap before
{Heap before GC invocations=63 (full 3):
 PSYoungGen      total 19456K, used 19450K [0x00000000d5580000, 0x00000000d6b00000, 0x0000000100000000)
  eden space 18944K, 100% used [0x00000000d5580000,0x00000000d6800000,0x00000000d6800000)
  from space 512K, 98% used [0x00000000d6a00000,0x00000000d6a7e980,0x00000000d6a80000)
  to   space 512K, 0% used [0x00000000d6a80000,0x00000000d6a80000,0x00000000d6b00000)
 ParOldGen       total 68608K, used 48253K [0x0000000080000000, 0x0000000084300000, 0x00000000d5580000)
  object space 68608K, 70% used [0x0000000080000000,0x0000000082f1f698,0x0000000084300000)
 Metaspace       used 69130K, committed 70592K, reserved 1114112K
  class space    used 8681K, committed 9344K, reserved 1048576K
}
Event: 207.212 GC heap after
{Heap after GC invocations=63 (full 3):
 PSYoungGen      total 19456K, used 128K [0x00000000d5580000, 0x00000000d6b00000, 0x0000000100000000)
  eden space 18944K, 0% used [0x00000000d5580000,0x00000000d5580000,0x00000000d6800000)
  from space 512K, 25% used [0x00000000d6a80000,0x00000000d6aa0000,0x00000000d6b00000)
  to   space 512K, 0% used [0x00000000d6a00000,0x00000000d6a00000,0x00000000d6a80000)
 ParOldGen       total 68608K, used 48751K [0x0000000080000000, 0x0000000084300000, 0x00000000d5580000)
  object space 68608K, 71% used [0x0000000080000000,0x0000000082f9bc60,0x0000000084300000)
 Metaspace       used 69130K, committed 70592K, reserved 1114112K
  class space    used 8681K, committed 9344K, reserved 1048576K
}
Event: 207.833 GC heap before
{Heap before GC invocations=64 (full 3):
 PSYoungGen      total 19456K, used 19072K [0x00000000d5580000, 0x00000000d6b00000, 0x0000000100000000)
  eden space 18944K, 100% used [0x00000000d5580000,0x00000000d6800000,0x00000000d6800000)
  from space 512K, 25% used [0x00000000d6a80000,0x00000000d6aa0000,0x00000000d6b00000)
  to   space 512K, 0% used [0x00000000d6a00000,0x00000000d6a00000,0x00000000d6a80000)
 ParOldGen       total 68608K, used 48751K [0x0000000080000000, 0x0000000084300000, 0x00000000d5580000)
  object space 68608K, 71% used [0x0000000080000000,0x0000000082f9bc60,0x0000000084300000)
 Metaspace       used 69131K, committed 70592K, reserved 1114112K
  class space    used 8681K, committed 9344K, reserved 1048576K
}
Event: 207.834 GC heap after
{Heap after GC invocations=64 (full 3):
 PSYoungGen      total 19456K, used 96K [0x00000000d5580000, 0x00000000d6b00000, 0x0000000100000000)
  eden space 18944K, 0% used [0x00000000d5580000,0x00000000d5580000,0x00000000d6800000)
  from space 512K, 18% used [0x00000000d6a00000,0x00000000d6a18000,0x00000000d6a80000)
  to   space 512K, 0% used [0x00000000d6a80000,0x00000000d6a80000,0x00000000d6b00000)
 ParOldGen       total 68608K, used 48783K [0x0000000080000000, 0x0000000084300000, 0x00000000d5580000)
  object space 68608K, 71% used [0x0000000080000000,0x0000000082fa3c60,0x0000000084300000)
 Metaspace       used 69131K, committed 70592K, reserved 1114112K
  class space    used 8681K, committed 9344K, reserved 1048576K
}
Event: 209.306 GC heap before
{Heap before GC invocations=65 (full 3):
 PSYoungGen      total 19456K, used 19040K [0x00000000d5580000, 0x00000000d6b00000, 0x0000000100000000)
  eden space 18944K, 100% used [0x00000000d5580000,0x00000000d6800000,0x00000000d6800000)
  from space 512K, 18% used [0x00000000d6a00000,0x00000000d6a18000,0x00000000d6a80000)
  to   space 512K, 0% used [0x00000000d6a80000,0x00000000d6a80000,0x00000000d6b00000)
 ParOldGen       total 68608K, used 48783K [0x0000000080000000, 0x0000000084300000, 0x00000000d5580000)
  object space 68608K, 71% used [0x0000000080000000,0x0000000082fa3c60,0x0000000084300000)
 Metaspace       used 69131K, committed 70592K, reserved 1114112K
  class space    used 8681K, committed 9344K, reserved 1048576K
}
Event: 209.306 GC heap after
{Heap after GC invocations=65 (full 3):
 PSYoungGen      total 19456K, used 128K [0x00000000d5580000, 0x00000000d6b00000, 0x0000000100000000)
  eden space 18944K, 0% used [0x00000000d5580000,0x00000000d5580000,0x00000000d6800000)
  from space 512K, 25% used [0x00000000d6a80000,0x00000000d6aa0000,0x00000000d6b00000)
  to   space 512K, 0% used [0x00000000d6a00000,0x00000000d6a00000,0x00000000d6a80000)
 ParOldGen       total 68608K, used 48783K [0x0000000080000000, 0x0000000084300000, 0x00000000d5580000)
  object space 68608K, 71% used [0x0000000080000000,0x0000000082fa3c60,0x0000000084300000)
 Metaspace       used 69131K, committed 70592K, reserved 1114112K
  class space    used 8681K, committed 9344K, reserved 1048576K
}
Event: 213.130 GC heap before
{Heap before GC invocations=66 (full 3):
 PSYoungGen      total 19456K, used 19072K [0x00000000d5580000, 0x00000000d6b00000, 0x0000000100000000)
  eden space 18944K, 100% used [0x00000000d5580000,0x00000000d6800000,0x00000000d6800000)
  from space 512K, 25% used [0x00000000d6a80000,0x00000000d6aa0000,0x00000000d6b00000)
  to   space 512K, 0% used [0x00000000d6a00000,0x00000000d6a00000,0x00000000d6a80000)
 ParOldGen       total 68608K, used 48783K [0x0000000080000000, 0x0000000084300000, 0x00000000d5580000)
  object space 68608K, 71% used [0x0000000080000000,0x0000000082fa3c60,0x0000000084300000)
 Metaspace       used 69143K, committed 70592K, reserved 1114112K
  class space    used 8681K, committed 9344K, reserved 1048576K
}
Event: 213.131 GC heap after
{Heap after GC invocations=66 (full 3):
 PSYoungGen      total 19456K, used 224K [0x00000000d5580000, 0x00000000d6b00000, 0x0000000100000000)
  eden space 18944K, 0% used [0x00000000d5580000,0x00000000d5580000,0x00000000d6800000)
  from space 512K, 43% used [0x00000000d6a00000,0x00000000d6a38000,0x00000000d6a80000)
  to   space 512K, 0% used [0x00000000d6a80000,0x00000000d6a80000,0x00000000d6b00000)
 ParOldGen       total 68608K, used 48783K [0x0000000080000000, 0x0000000084300000, 0x00000000d5580000)
  object space 68608K, 71% used [0x0000000080000000,0x0000000082fa3c60,0x0000000084300000)
 Metaspace       used 69143K, committed 70592K, reserved 1114112K
  class space    used 8681K, committed 9344K, reserved 1048576K
}

Dll operation events (15 events):
Event: 0.060 Loaded shared library c:\Users\akbop\.vscode\extensions\redhat.java-1.52.0-win32-x64\jre\21.0.9-win32-x86_64\bin\java.dll
Event: 0.128 Loaded shared library c:\Users\akbop\.vscode\extensions\redhat.java-1.52.0-win32-x64\jre\21.0.9-win32-x86_64\bin\zip.dll
Event: 0.766 Loaded shared library C:\Users\akbop\.vscode\extensions\redhat.java-1.52.0-win32-x64\jre\21.0.9-win32-x86_64\bin\instrument.dll
Event: 0.805 Loaded shared library C:\Users\akbop\.vscode\extensions\redhat.java-1.52.0-win32-x64\jre\21.0.9-win32-x86_64\bin\net.dll
Event: 0.817 Loaded shared library C:\Users\akbop\.vscode\extensions\redhat.java-1.52.0-win32-x64\jre\21.0.9-win32-x86_64\bin\nio.dll
Event: 0.831 Loaded shared library C:\Users\akbop\.vscode\extensions\redhat.java-1.52.0-win32-x64\jre\21.0.9-win32-x86_64\bin\zip.dll
Event: 0.914 Loaded shared library C:\Users\akbop\.vscode\extensions\redhat.java-1.52.0-win32-x64\jre\21.0.9-win32-x86_64\bin\jimage.dll
Event: 1.367 Loaded shared library c:\Users\akbop\.vscode\extensions\redhat.java-1.52.0-win32-x64\jre\21.0.9-win32-x86_64\bin\verify.dll
Event: 12.214 Loaded shared library C:\Users\akbop\AppData\Roaming\Code\User\globalStorage\redhat.java\1.52.0\config_win\org.eclipse.equinox.launcher\org.eclipse.equinox.launcher.win32.win32.x86_64_1.2.1500.v20260121-1430\eclipse_11919.dll
Event: 25.190 Loaded shared library C:\Users\akbop\AppData\Local\Temp\jna-92866905\jna7458264997345607907.dll
Event: 41.905 Loaded shared library C:\Users\akbop\.vscode\extensions\redhat.java-1.52.0-win32-x64\jre\21.0.9-win32-x86_64\bin\sunmscapi.dll
Event: 44.511 Loaded shared library C:\Users\akbop\.vscode\extensions\redhat.java-1.52.0-win32-x64\jre\21.0.9-win32-x86_64\bin\extnet.dll
Event: 48.832 Loaded shared library C:\Users\akbop\.gradle\native\1def1411415f61bf3af743bc5b6707747c0891f09f0c88961ee8f79bc544acac\windows-amd64\native-platform.dll
Event: 60.139 Loaded shared library C:\Users\akbop\.vscode\extensions\redhat.java-1.52.0-win32-x64\jre\21.0.9-win32-x86_64\bin\management.dll
Event: 60.174 Loaded shared library C:\Users\akbop\.vscode\extensions\redhat.java-1.52.0-win32-x64\jre\21.0.9-win32-x86_64\bin\management_ext.dll

Deoptimization events (20 events):
Event: 363.803 Thread 0x000002acdfa84670 DEOPT PACKING pc=0x000002acce6cfd44 sp=0x000000e5b12fe670
Event: 363.803 Thread 0x000002acdfa84670 DEOPT UNPACKING pc=0x000002accdf23aa2 sp=0x000000e5b12fe590 mode 2
Event: 363.804 Thread 0x000002acdfa84670 Uncommon trap: trap_request=0xffffff45 fr.pc=0x000002acce6d1bd8 relative=0x0000000000000338
Event: 363.804 Thread 0x000002acdfa84670 Uncommon trap: reason=unstable_if action=reinterpret pc=0x000002acce6d1bd8 method=java.io.BufferedOutputStream.implWrite([BII)V @ 5 c2
Event: 363.804 Thread 0x000002acdfa84670 DEOPT PACKING pc=0x000002acce6d1bd8 sp=0x000000e5b12fe570
Event: 363.804 Thread 0x000002acdfa84670 DEOPT UNPACKING pc=0x000002accdf23aa2 sp=0x000000e5b12fe4c0 mode 2
Event: 363.804 Thread 0x000002acdfa84670 Uncommon trap: trap_request=0xffffffde fr.pc=0x000002acce6cfd44 relative=0x0000000000000824
Event: 363.804 Thread 0x000002acdfa84670 Uncommon trap: reason=class_check action=maybe_recompile pc=0x000002acce6cfd44 method=java.io.DataOutputStream.write([BII)V @ 7 c2
Event: 363.804 Thread 0x000002acdfa84670 DEOPT PACKING pc=0x000002acce6cfd44 sp=0x000000e5b12fe670
Event: 363.804 Thread 0x000002acdfa84670 DEOPT UNPACKING pc=0x000002accdf23aa2 sp=0x000000e5b12fe590 mode 2
Event: 363.805 Thread 0x000002acdfa84670 Uncommon trap: trap_request=0xffffff45 fr.pc=0x000002acce6d281c relative=0x00000000000001dc
Event: 363.805 Thread 0x000002acdfa84670 Uncommon trap: reason=unstable_if action=reinterpret pc=0x000002acce6d281c method=java.io.BufferedOutputStream.implWrite([BII)V @ 5 c2
Event: 363.805 Thread 0x000002acdfa84670 DEOPT PACKING pc=0x000002acce6d281c sp=0x000000e5b12fe4f0
Event: 363.805 Thread 0x000002acdfa84670 DEOPT UNPACKING pc=0x000002accdf23aa2 sp=0x000000e5b12fe4c8 mode 2
Event: 2212.822 Thread 0x000002ace2dfd910 DEOPT PACKING pc=0x000002acc7a653ab sp=0x000000e5b1cff240
Event: 2212.822 Thread 0x000002ace2dfd910 DEOPT UNPACKING pc=0x000002accdf24242 sp=0x000000e5b1cfe728 mode 0
Event: 2370.374 Thread 0x000002ace2dfa490 DEOPT PACKING pc=0x000002acc7a653ab sp=0x000000e5b23ff100
Event: 2370.383 Thread 0x000002ace2dfa490 DEOPT UNPACKING pc=0x000002accdf24242 sp=0x000000e5b23fe5e8 mode 0
Event: 2708.211 Thread 0x000002ace2e00070 DEOPT PACKING pc=0x000002acc7a653ab sp=0x000000e5b24ff140
Event: 2708.212 Thread 0x000002ace2e00070 DEOPT UNPACKING pc=0x000002accdf24242 sp=0x000000e5b24fe628 mode 0

Classes loaded (20 events):
Event: 202.520 Loading class java/util/concurrent/CompletableFuture$UniAccept
Event: 202.521 Loading class java/util/concurrent/CompletableFuture$UniAccept done
Event: 202.521 Loading class java/util/concurrent/CompletableFuture$UniExceptionally
Event: 202.522 Loading class java/util/concurrent/CompletableFuture$UniExceptionally done
Event: 214.391 Loading class java/nio/file/InvalidPathException
Event: 214.391 Loading class java/nio/file/InvalidPathException done
Event: 214.455 Loading class java/io/SequenceInputStream
Event: 214.456 Loading class java/io/SequenceInputStream done
Event: 363.637 Loading class java/util/concurrent/ForkJoinTask$AdaptedCallable
Event: 363.641 Loading class java/util/concurrent/ForkJoinTask$AdaptedCallable done
Event: 363.666 Loading class java/util/stream/Nodes$CollectorTask$OfRef
Event: 363.670 Loading class java/util/stream/Nodes$CollectorTask
Event: 363.674 Loading class java/util/stream/Nodes$CollectorTask done
Event: 363.674 Loading class java/util/stream/Nodes$CollectorTask$OfRef done
Event: 363.676 Loading class java/util/function/LongFunction
Event: 363.677 Loading class java/util/function/LongFunction done
Event: 363.679 Loading class java/util/stream/Nodes$ConcNode
Event: 363.681 Loading class java/util/stream/Nodes$AbstractConcNode
Event: 363.683 Loading class java/util/stream/Nodes$AbstractConcNode done
Event: 363.683 Loading class java/util/stream/Nodes$ConcNode done

Classes unloaded (7 events):
Event: 28.606 Thread 0x000002acc3840aa0 Unloading class 0x000002ac811acc00 'java/lang/invoke/LambdaForm$MH+0x000002ac811acc00'
Event: 28.606 Thread 0x000002acc3840aa0 Unloading class 0x000002ac811ac800 'java/lang/invoke/LambdaForm$MH+0x000002ac811ac800'
Event: 28.606 Thread 0x000002acc3840aa0 Unloading class 0x000002ac811ac400 'java/lang/invoke/LambdaForm$MH+0x000002ac811ac400'
Event: 28.606 Thread 0x000002acc3840aa0 Unloading class 0x000002ac811ac000 'java/lang/invoke/LambdaForm$MH+0x000002ac811ac000'
Event: 28.606 Thread 0x000002acc3840aa0 Unloading class 0x000002ac811abc00 'java/lang/invoke/LambdaForm$BMH+0x000002ac811abc00'
Event: 28.606 Thread 0x000002acc3840aa0 Unloading class 0x000002ac811ab800 'java/lang/invoke/LambdaForm$DMH+0x000002ac811ab800'
Event: 28.606 Thread 0x000002acc3840aa0 Unloading class 0x000002ac811aa800 'java/lang/invoke/LambdaForm$DMH+0x000002ac811aa800'

Classes redefined (0 events):
No events

Internal exceptions (20 events):
Event: 201.744 Thread 0x000002ace2dfab20 Exception <a 'sun/nio/fs/WindowsException'{0x00000000d5ba3100}> (0x00000000d5ba3100) 
thrown [s\src\hotspot\share\prims\jni.cpp, line 520]
Event: 201.748 Thread 0x000002ace2dfab20 Exception <a 'sun/nio/fs/WindowsException'{0x00000000d5ba6eb8}> (0x00000000d5ba6eb8) 
thrown [s\src\hotspot\share\prims\jni.cpp, line 520]
Event: 201.748 Thread 0x000002ace2dfab20 Exception <a 'sun/nio/fs/WindowsException'{0x00000000d5ba7768}> (0x00000000d5ba7768) 
thrown [s\src\hotspot\share\prims\jni.cpp, line 520]
Event: 201.844 Thread 0x000002ace2dfab20 Exception <a 'sun/nio/fs/WindowsException'{0x00000000d5d3f158}> (0x00000000d5d3f158) 
thrown [s\src\hotspot\share\prims\jni.cpp, line 520]
Event: 201.844 Thread 0x000002ace2dfab20 Exception <a 'sun/nio/fs/WindowsException'{0x00000000d5d400f8}> (0x00000000d5d400f8) 
thrown [s\src\hotspot\share\prims\jni.cpp, line 520]
Event: 201.846 Thread 0x000002ace2dfab20 Exception <a 'sun/nio/fs/WindowsException'{0x00000000d5d4c100}> (0x00000000d5d4c100) 
thrown [s\src\hotspot\share\prims\jni.cpp, line 520]
Event: 201.846 Thread 0x000002ace2dfab20 Exception <a 'sun/nio/fs/WindowsException'{0x00000000d5d4cc88}> (0x00000000d5d4cc88) 
thrown [s\src\hotspot\share\prims\jni.cpp, line 520]
Event: 201.848 Thread 0x000002ace2dfab20 Exception <a 'sun/nio/fs/WindowsException'{0x00000000d5d4efb8}> (0x00000000d5d4efb8) 
thrown [s\src\hotspot\share\prims\jni.cpp, line 520]
Event: 201.849 Thread 0x000002ace2dfab20 Exception <a 'sun/nio/fs/WindowsException'{0x00000000d5d4fb10}> (0x00000000d5d4fb10) 
thrown [s\src\hotspot\share\prims\jni.cpp, line 520]
Event: 201.868 Thread 0x000002ace2dfab20 Exception <a 'sun/nio/fs/WindowsException'{0x00000000d5d661a8}> (0x00000000d5d661a8) 
thrown [s\src\hotspot\share\prims\jni.cpp, line 520]
Event: 201.868 Thread 0x000002ace2dfab20 Exception <a 'sun/nio/fs/WindowsException'{0x00000000d5d66a28}> (0x00000000d5d66a28) 
thrown [s\src\hotspot\share\prims\jni.cpp, line 520]
Event: 201.869 Thread 0x000002ace2dfab20 Exception <a 'sun/nio/fs/WindowsException'{0x00000000d5d67800}> (0x00000000d5d67800) 
thrown [s\src\hotspot\share\prims\jni.cpp, line 520]
Event: 201.869 Thread 0x000002ace2dfab20 Exception <a 'sun/nio/fs/WindowsException'{0x00000000d5d68070}> (0x00000000d5d68070) 
thrown [s\src\hotspot\share\prims\jni.cpp, line 520]
Event: 202.506 Thread 0x000002ace2dfab20 Exception <a 'java/lang/IncompatibleClassChangeError'{0x00000000d60b9028}: Found class java.lang.Object, but interface was expected> (0x00000000d60b9028) 
thrown [s\src\hotspot\share\interpreter\linkResolver.cpp, line 840]
Event: 214.506 Thread 0x000002acdfa86740 Exception <a 'java/io/FileNotFoundException'{0x00000000d5c11808}> (0x00000000d5c11808) 
thrown [s\src\hotspot\share\prims\jni.cpp, line 520]
Event: 214.508 Thread 0x000002acdfa86740 Exception <a 'java/io/FileNotFoundException'{0x00000000d5c12e58}> (0x00000000d5c12e58) 
thrown [s\src\hotspot\share\prims\jni.cpp, line 520]
Event: 214.522 Thread 0x000002acdfa86740 Exception <a 'java/lang/NoSuchMethodError'{0x00000000d5c3cce8}: 'java.lang.Object java.lang.invoke.DirectMethodHandle$Holder.invokeStatic(java.lang.Object, java.lang.Object, int, java.lang.Object)'> (0x00000000d5c3cce8) 
thrown [s\src\hotspot\share\interpreter\linkResolver.cpp, line 773]
Event: 214.524 Thread 0x000002acdfa86740 Exception <a 'java/lang/NoSuchMethodError'{0x00000000d5c44db8}: 'java.lang.Object java.lang.invoke.DirectMethodHandle$Holder.newInvokeSpecial(java.lang.Object, java.lang.Object, int)'> (0x00000000d5c44db8) 
thrown [s\src\hotspot\share\interpreter\linkResolver.cpp, line 773]
Event: 363.745 Thread 0x000002acdfa84670 Implicit null exception at 0x000002acce8f5b2d to 0x000002acce8f60dc
Event: 363.795 Thread 0x000002acdfa84670 Exception <a 'java/lang/NoSuchMethodError'{0x00000000d5e00ef8}: 'java.lang.Object java.lang.invoke.DirectMethodHandle$Holder.newInvokeSpecial(java.lang.Object, java.lang.Object, java.lang.Object, java.lang.Object, java.lang.Object, java.lang.Object, java.lang.Object, java.lang.Object)'> (0x00000000d5e00ef8) 
thrown [s\src\hotspot\share\interpreter\linkResolver.cpp, line 773]

ZGC Phase Switch (0 events):
No events

VM Operations (20 events):
Event: 2104.286 Executing VM operation: HandshakeAllThreads (HandshakeForDeflation)
Event: 2104.288 Executing VM operation: HandshakeAllThreads (HandshakeForDeflation) done
Event: 2104.288 Executing VM operation: RendezvousGCThreads
Event: 2104.289 Executing VM operation: RendezvousGCThreads done
Event: 2164.399 Executing VM operation: HandshakeAllThreads (HandshakeForDeflation)
Event: 2164.399 Executing VM operation: HandshakeAllThreads (HandshakeForDeflation) done
Event: 2164.399 Executing VM operation: RendezvousGCThreads
Event: 2164.399 Executing VM operation: RendezvousGCThreads done
Event: 2224.418 Executing VM operation: HandshakeAllThreads (HandshakeForDeflation)
Event: 2224.419 Executing VM operation: HandshakeAllThreads (HandshakeForDeflation) done
Event: 2224.419 Executing VM operation: RendezvousGCThreads
Event: 2224.419 Executing VM operation: RendezvousGCThreads done
Event: 2344.822 Executing VM operation: HandshakeAllThreads (HandshakeForDeflation)
Event: 2344.824 Executing VM operation: HandshakeAllThreads (HandshakeForDeflation) done
Event: 2344.824 Executing VM operation: RendezvousGCThreads
Event: 2344.824 Executing VM operation: RendezvousGCThreads done
Event: 2405.034 Executing VM operation: HandshakeAllThreads (HandshakeForDeflation)
Event: 2405.034 Executing VM operation: HandshakeAllThreads (HandshakeForDeflation) done
Event: 2405.034 Executing VM operation: RendezvousGCThreads
Event: 2405.034 Executing VM operation: RendezvousGCThreads done

Memory protections (0 events):
No events

Nmethod flushes (20 events):
Event: 64.186 Thread 0x000002acc3840aa0 flushing  nmethod 0x000002acc7327890
Event: 64.186 Thread 0x000002acc3840aa0 flushing  nmethod 0x000002acc7327e90
Event: 64.186 Thread 0x000002acc3840aa0 flushing  nmethod 0x000002acc732b690
Event: 64.186 Thread 0x000002acc3840aa0 flushing  nmethod 0x000002acc732c590
Event: 64.186 Thread 0x000002acc3840aa0 flushing  nmethod 0x000002acc732c910
Event: 64.186 Thread 0x000002acc3840aa0 flushing  nmethod 0x000002acc732d110
Event: 64.186 Thread 0x000002acc3840aa0 flushing  nmethod 0x000002acc7332890
Event: 64.186 Thread 0x000002acc3840aa0 flushing  nmethod 0x000002acc7333c10
Event: 64.186 Thread 0x000002acc3840aa0 flushing  nmethod 0x000002acc7334290
Event: 64.186 Thread 0x000002acc3840aa0 flushing  nmethod 0x000002acc7334f90
Event: 64.186 Thread 0x000002acc3840aa0 flushing  nmethod 0x000002acc7348190
Event: 64.186 Thread 0x000002acc3840aa0 flushing  nmethod 0x000002acc7348610
Event: 64.186 Thread 0x000002acc3840aa0 flushing  nmethod 0x000002acc735d190
Event: 64.186 Thread 0x000002acc3840aa0 flushing  nmethod 0x000002acc735dd10
Event: 64.186 Thread 0x000002acc3840aa0 flushing  nmethod 0x000002acc737ac90
Event: 64.186 Thread 0x000002acc3840aa0 flushing  nmethod 0x000002acc738b310
Event: 64.186 Thread 0x000002acc3840aa0 flushing  nmethod 0x000002acc738cb90
Event: 64.186 Thread 0x000002acc3840aa0 flushing  nmethod 0x000002acc738d190
Event: 64.186 Thread 0x000002acc3840aa0 flushing  nmethod 0x000002acc738da10
Event: 64.186 Thread 0x000002acc3840aa0 flushing  nmethod 0x000002acc738fe90

Events (20 events):
Event: 185.900 Thread 0x000002ace2dfe630 Thread added: 0x000002ace2dff350
Event: 201.558 Thread 0x000002ace2dff350 Thread exited: 0x000002ace2dff350
Event: 201.563 Thread 0x000002acc37134b0 Thread added: 0x000002ace19993d0
Event: 201.592 Thread 0x000002ace2dfe630 Thread exited: 0x000002ace2dfe630
Event: 201.949 Thread 0x000002acdfa85a20 Thread added: 0x000002ace2dfe630
Event: 201.953 Thread 0x000002acdfa85a20 Thread added: 0x000002ace2dff350
Event: 202.103 Thread 0x000002acdfa85a20 Thread added: 0x000002acdfa83fe0
Event: 202.104 Thread 0x000002ace19993d0 Thread exited: 0x000002ace19993d0
Event: 202.358 Thread 0x000002acdfa83fe0 Thread added: 0x000002ace2336480
Event: 202.520 Thread 0x000002ace2dfab20 Thread added: 0x000002ace4079060
Event: 213.126 Thread 0x000002ace2336480 Thread exited: 0x000002ace2336480
Event: 213.135 Thread 0x000002acdfa83fe0 Thread exited: 0x000002acdfa83fe0
Event: 213.136 Thread 0x000002ace2dff350 Thread exited: 0x000002ace2dff350
Event: 264.268 Thread 0x000002ace4079060 Thread exited: 0x000002ace4079060
Event: 274.195 Thread 0x000002acdfa85390 Thread exited: 0x000002acdfa85390
Event: 274.339 Thread 0x000002acdfa85a20 Thread exited: 0x000002acdfa85a20
Event: 363.652 Thread 0x000002acdfa84670 Thread added: 0x000002acdfa83fe0
Event: 363.686 Thread 0x000002acdfa83fe0 Thread exited: 0x000002acdfa83fe0
Event: 363.749 Thread 0x000002acdfa84670 Thread added: 0x000002acdfa85390
Event: 363.753 Thread 0x000002acdfa85390 Thread exited: 0x000002acdfa85390


Dynamic libraries:
0x00007ff70a570000 - 0x00007ff70a57e000 	c:\Users\akbop\.vscode\extensions\redhat.java-1.52.0-win32-x64\jre\21.0.9-win32-x86_64\bin\java.exe
0x00007ffbaefa0000 - 0x00007ffbaf208000 	C:\WINDOWS\SYSTEM32\ntdll.dll
0x00007ffbad620000 - 0x00007ffbad6e9000 	C:\WINDOWS\System32\KERNEL32.DLL
0x00007ffbac710000 - 0x00007ffbacb01000 	C:\WINDOWS\System32\KERNELBASE.dll
0x00007ffbacb40000 - 0x00007ffbacc8b000 	C:\WINDOWS\System32\ucrtbase.dll
0x00007ffb1e700000 - 0x00007ffb1e718000 	c:\Users\akbop\.vscode\extensions\redhat.java-1.52.0-win32-x64\jre\21.0.9-win32-x86_64\bin\jli.dll
0x00007ffbaed30000 - 0x00007ffbaeef6000 	C:\WINDOWS\System32\USER32.dll
0x00007ffbacb10000 - 0x00007ffbacb37000 	C:\WINDOWS\System32\win32u.dll
0x00007ffbaef00000 - 0x00007ffbaef2b000 	C:\WINDOWS\System32\GDI32.dll
0x00007ffbab940000 - 0x00007ffbaba6b000 	C:\WINDOWS\System32\gdi32full.dll
0x00007ffbacc90000 - 0x00007ffbacd33000 	C:\WINDOWS\System32\msvcp_win.dll
0x00007ffb1ac50000 - 0x00007ffb1ac6e000 	c:\Users\akbop\.vscode\extensions\redhat.java-1.52.0-win32-x64\jre\21.0.9-win32-x86_64\bin\VCRUNTIME140.dll
0x00007ffb984b0000 - 0x00007ffb98743000 	C:\WINDOWS\WinSxS\amd64_microsoft.windows.common-controls_6595b64144ccf1df_6.0.26100.7824_none_3e0870b2e3345462\COMCTL32.dll
0x00007ffbacd70000 - 0x00007ffbace19000 	C:\WINDOWS\System32\msvcrt.dll
0x00007ffbae2a0000 - 0x00007ffbae2d1000 	C:\WINDOWS\System32\IMM32.DLL
0x00007ffb99280000 - 0x00007ffb9928c000 	c:\Users\akbop\.vscode\extensions\redhat.java-1.52.0-win32-x64\jre\21.0.9-win32-x86_64\bin\vcruntime140_1.dll
0x00007ffb09110000 - 0x00007ffb0919d000 	c:\Users\akbop\.vscode\extensions\redhat.java-1.52.0-win32-x64\jre\21.0.9-win32-x86_64\bin\msvcp140.dll
0x00007ffaf96d0000 - 0x00007ffafa470000 	c:\Users\akbop\.vscode\extensions\redhat.java-1.52.0-win32-x64\jre\21.0.9-win32-x86_64\bin\server\jvm.dll
0x00007ffbad780000 - 0x00007ffbad834000 	C:\WINDOWS\System32\ADVAPI32.dll
0x00007ffbad480000 - 0x00007ffbad526000 	C:\WINDOWS\System32\sechost.dll
0x00007ffbae2f0000 - 0x00007ffbae408000 	C:\WINDOWS\System32\RPCRT4.dll
0x00007ffbae0b0000 - 0x00007ffbae124000 	C:\WINDOWS\System32\WS2_32.dll
0x00007ffbab700000 - 0x00007ffbab75e000 	C:\WINDOWS\SYSTEM32\POWRPROF.dll
0x00007ffba2d80000 - 0x00007ffba2db5000 	C:\WINDOWS\SYSTEM32\WINMM.dll
0x00007ffba2dc0000 - 0x00007ffba2dcb000 	C:\WINDOWS\SYSTEM32\VERSION.dll
0x00007ffbab6e0000 - 0x00007ffbab6f4000 	C:\WINDOWS\SYSTEM32\UMPDC.dll
0x00007ffbaa5e0000 - 0x00007ffbaa5fb000 	C:\WINDOWS\SYSTEM32\kernel.appcore.dll
0x00007ffb762e0000 - 0x00007ffb762ea000 	c:\Users\akbop\.vscode\extensions\redhat.java-1.52.0-win32-x64\jre\21.0.9-win32-x86_64\bin\jimage.dll
0x00007ffba9a50000 - 0x00007ffba9c92000 	C:\WINDOWS\SYSTEM32\DBGHELP.DLL
0x00007ffbadac0000 - 0x00007ffbade46000 	C:\WINDOWS\System32\combase.dll
0x00007ffbad840000 - 0x00007ffbad917000 	C:\WINDOWS\System32\OLEAUT32.dll
0x00007ffb92de0000 - 0x00007ffb92e1b000 	C:\WINDOWS\SYSTEM32\dbgcore.DLL
0x00007ffbabbe0000 - 0x00007ffbabc85000 	C:\WINDOWS\System32\bcryptPrimitives.dll
0x00007ffb65db0000 - 0x00007ffb65dbf000 	c:\Users\akbop\.vscode\extensions\redhat.java-1.52.0-win32-x64\jre\21.0.9-win32-x86_64\bin\instrument.dll
0x00007ffb11760000 - 0x00007ffb11780000 	c:\Users\akbop\.vscode\extensions\redhat.java-1.52.0-win32-x64\jre\21.0.9-win32-x86_64\bin\java.dll
0x00007ffbae510000 - 0x00007ffbaec62000 	C:\WINDOWS\System32\SHELL32.dll
0x00007ffbaba70000 - 0x00007ffbabbda000 	C:\WINDOWS\System32\wintypes.dll
0x00007ffbabd20000 - 0x00007ffbac583000 	C:\WINDOWS\System32\windows.storage.dll
0x00007ffbae410000 - 0x00007ffbae506000 	C:\WINDOWS\System32\SHCORE.dll
0x00007ffbace20000 - 0x00007ffbace87000 	C:\WINDOWS\System32\shlwapi.dll
0x00007ffbab7a0000 - 0x00007ffbab7c9000 	C:\WINDOWS\SYSTEM32\profapi.dll
0x00007ffb11490000 - 0x00007ffb114a8000 	c:\Users\akbop\.vscode\extensions\redhat.java-1.52.0-win32-x64\jre\21.0.9-win32-x86_64\bin\zip.dll
0x00007ffb72200000 - 0x00007ffb72210000 	C:\Users\akbop\.vscode\extensions\redhat.java-1.52.0-win32-x64\jre\21.0.9-win32-x86_64\bin\net.dll
0x00007ffba4470000 - 0x00007ffba4597000 	C:\WINDOWS\SYSTEM32\WINHTTP.dll
0x00007ffbaab30000 - 0x00007ffbaab9b000 	C:\WINDOWS\system32\mswsock.dll
0x00007ffb11470000 - 0x00007ffb11486000 	C:\Users\akbop\.vscode\extensions\redhat.java-1.52.0-win32-x64\jre\21.0.9-win32-x86_64\bin\nio.dll
0x00007ffb65800000 - 0x00007ffb65810000 	c:\Users\akbop\.vscode\extensions\redhat.java-1.52.0-win32-x64\jre\21.0.9-win32-x86_64\bin\verify.dll
0x00007ffb0def0000 - 0x00007ffb0df35000 	C:\Users\akbop\AppData\Roaming\Code\User\globalStorage\redhat.java\1.52.0\config_win\org.eclipse.equinox.launcher\org.eclipse.equinox.launcher.win32.win32.x86_64_1.2.1500.v20260121-1430\eclipse_11919.dll
0x00007ffbad920000 - 0x00007ffbadab7000 	C:\WINDOWS\System32\ole32.dll
0x00007ffbaaf20000 - 0x00007ffbaaf3b000 	C:\WINDOWS\SYSTEM32\CRYPTSP.dll
0x00007ffbaa540000 - 0x00007ffbaa579000 	C:\WINDOWS\system32\rsaenh.dll
0x00007ffbaabe0000 - 0x00007ffbaac0b000 	C:\WINDOWS\SYSTEM32\USERENV.dll
0x00007ffbab770000 - 0x00007ffbab79a000 	C:\WINDOWS\SYSTEM32\bcrypt.dll
0x00007ffbaad80000 - 0x00007ffbaad8c000 	C:\WINDOWS\SYSTEM32\CRYPTBASE.dll
0x00007ffba9fe0000 - 0x00007ffbaa014000 	C:\WINDOWS\SYSTEM32\IPHLPAPI.DLL
0x00007ffbad610000 - 0x00007ffbad61a000 	C:\WINDOWS\System32\NSI.dll
0x00007ffb117e0000 - 0x00007ffb11829000 	C:\Users\akbop\AppData\Local\Temp\jna-92866905\jna7458264997345607907.dll
0x00007ffbad600000 - 0x00007ffbad608000 	C:\WINDOWS\System32\PSAPI.DLL
0x00007ffba49e0000 - 0x00007ffba49fe000 	C:\WINDOWS\SYSTEM32\dhcpcsvc6.DLL
0x00007ffba4370000 - 0x00007ffba4393000 	C:\WINDOWS\SYSTEM32\dhcpcsvc.DLL
0x00007ffb689d0000 - 0x00007ffb689de000 	C:\Users\akbop\.vscode\extensions\redhat.java-1.52.0-win32-x64\jre\21.0.9-win32-x86_64\bin\sunmscapi.dll
0x00007ffbac590000 - 0x00007ffbac707000 	C:\WINDOWS\System32\CRYPT32.dll
0x00007ffbab080000 - 0x00007ffbab0b0000 	C:\WINDOWS\SYSTEM32\ncrypt.dll
0x00007ffbab030000 - 0x00007ffbab06f000 	C:\WINDOWS\SYSTEM32\NTASN1.dll
0x00007ffbaa070000 - 0x00007ffbaa19c000 	C:\WINDOWS\SYSTEM32\DNSAPI.dll
0x00007ffb9f610000 - 0x00007ffb9f61b000 	C:\Windows\System32\rasadhlp.dll
0x00007ffb9fbc0000 - 0x00007ffb9fc46000 	C:\WINDOWS\System32\fwpuclnt.dll
0x00007ffb67dd0000 - 0x00007ffb67dd9000 	C:\Users\akbop\.vscode\extensions\redhat.java-1.52.0-win32-x64\jre\21.0.9-win32-x86_64\bin\extnet.dll
0x00007ffb114c0000 - 0x00007ffb114e7000 	C:\Users\akbop\.gradle\native\1def1411415f61bf3af743bc5b6707747c0891f09f0c88961ee8f79bc544acac\windows-amd64\native-platform.dll
0x00007ffb6a310000 - 0x00007ffb6a31a000 	C:\Users\akbop\.vscode\extensions\redhat.java-1.52.0-win32-x64\jre\21.0.9-win32-x86_64\bin\management.dll
0x00007ffb68ab0000 - 0x00007ffb68abc000 	C:\Users\akbop\.vscode\extensions\redhat.java-1.52.0-win32-x64\jre\21.0.9-win32-x86_64\bin\management_ext.dll
0x00007ffb76ed0000 - 0x00007ffb76ed8000 	C:\WINDOWS\system32\wshunix.dll

JVMTI agents:
c:\Users\akbop\.vscode\extensions\redhat.java-1.52.0-win32-x64\lombok\lombok-1.18.39-4050.jar path:c:\Users\akbop\.vscode\extensions\redhat.java-1.52.0-win32-x64\jre\21.0.9-win32-x86_64\bin\instrument.dll, loaded, initialized, instrumentlib options:none

dbghelp: loaded successfully - version: 4.0.5 - missing functions: none
symbol engine: initialized successfully - sym options: 0x614 - pdb path: .;c:\Users\akbop\.vscode\extensions\redhat.java-1.52.0-win32-x64\jre\21.0.9-win32-x86_64\bin;C:\WINDOWS\SYSTEM32;C:\WINDOWS\WinSxS\amd64_microsoft.windows.common-controls_6595b64144ccf1df_6.0.26100.7824_none_3e0870b2e3345462;c:\Users\akbop\.vscode\extensions\redhat.java-1.52.0-win32-x64\jre\21.0.9-win32-x86_64\bin\server;C:\Users\akbop\AppData\Roaming\Code\User\globalStorage\redhat.java\1.52.0\config_win\org.eclipse.equinox.launcher\org.eclipse.equinox.launcher.win32.win32.x86_64_1.2.1500.v20260121-1430;C:\Users\akbop\AppData\Local\Temp\jna-92866905;C:\Users\akbop\.gradle\native\1def1411415f61bf3af743bc5b6707747c0891f09f0c88961ee8f79bc544acac\windows-amd64

VM Arguments:
jvm_args: --add-modules=ALL-SYSTEM --add-opens=java.base/java.util=ALL-UNNAMED --add-opens=java.base/java.lang=ALL-UNNAMED --add-opens=java.base/sun.nio.fs=ALL-UNNAMED -Declipse.application=org.eclipse.jdt.ls.core.id1 -Dosgi.bundles.defaultStartLevel=4 -Declipse.product=org.eclipse.jdt.ls.core.product -Djava.import.generatesMetadataFilesAtProjectRoot=false -DDetectVMInstallationsJob.disabled=true -Dfile.encoding=utf8 -XX:+UseParallelGC -XX:GCTimeRatio=4 -XX:AdaptiveSizePolicyWeight=90 -Dsun.zip.disableMemoryMapping=true -Xmx2G -Xms100m -Xlog:disable -javaagent:c:\Users\akbop\.vscode\extensions\redhat.java-1.52.0-win32-x64\lombok\lombok-1.18.39-4050.jar -XX:+HeapDumpOnOutOfMemoryError -XX:HeapDumpPath=c:\Users\akbop\AppData\Roaming\Code\User\workspaceStorage\5c7d54b4b6ce7c03cd1729fc8615050d\redhat.java -Daether.dependencyCollector.impl=bf 
java_command: c:\Users\akbop\.vscode\extensions\redhat.java-1.52.0-win32-x64\server\plugins\org.eclipse.equinox.launcher_1.7.100.v20251111-0406.jar -configuration c:\Users\akbop\AppData\Roaming\Code\User\globalStorage\redhat.java\1.52.0\config_win -data c:\Users\akbop\AppData\Roaming\Code\User\workspaceStorage\5c7d54b4b6ce7c03cd1729fc8615050d\redhat.java\jdt_ws --pipe=\\.\pipe\lsp-fdcaa50ec2c6577932f669153b2c4e0e-sock
java_class_path (initial): c:\Users\akbop\.vscode\extensions\redhat.java-1.52.0-win32-x64\server\plugins\org.eclipse.equinox.launcher_1.7.100.v20251111-0406.jar
Launcher Type: SUN_STANDARD

[Global flags]
    uintx AdaptiveSizePolicyWeight                 = 90                                        {product} {command line}
     intx CICompilerCount                          = 3                                         {product} {ergonomic}
    uintx GCTimeRatio                              = 4                                         {product} {command line}
     bool HeapDumpOnOutOfMemoryError               = true                                   {manageable} {command line}
    ccstr HeapDumpPath                             = c:\Users\akbop\AppData\Roaming\Code\User\workspaceStorage\5c7d54b4b6ce7c03cd1729fc8615050d\redhat.java         {manageable} {command line}
   size_t InitialHeapSize                          = 104857600                                 {product} {command line}
   size_t MaxHeapSize                              = 2147483648                                {product} {command line}
   size_t MaxNewSize                               = 715653120                                 {product} {ergonomic}
   size_t MinHeapDeltaBytes                        = 524288                                    {product} {ergonomic}
   size_t MinHeapSize                              = 104857600                                 {product} {command line}
   size_t NewSize                                  = 34603008                                  {product} {ergonomic}
    uintx NonNMethodCodeHeapSize                   = 5832780                                {pd product} {ergonomic}
    uintx NonProfiledCodeHeapSize                  = 122912730                              {pd product} {ergonomic}
   size_t OldSize                                  = 70254592                                  {product} {ergonomic}
    uintx ProfiledCodeHeapSize                     = 122912730                              {pd product} {ergonomic}
    uintx ReservedCodeCacheSize                    = 251658240                              {pd product} {ergonomic}
     bool SegmentedCodeCache                       = true                                      {product} {ergonomic}
   size_t SoftMaxHeapSize                          = 2147483648                             {manageable} {ergonomic}
     bool UseCompressedOops                        = true                           {product lp64_product} {ergonomic}
     bool UseLargePagesIndividualAllocation        = false                                  {pd product} {ergonomic}
     bool UseParallelGC                            = true                                      {product} {command line}

Logging:
Log output configuration:
 #0: stdout all=off uptime,level,tags foldmultilines=false
 #1: stderr all=off uptime,level,tags foldmultilines=false

Release file:
JAVA_VERSION="21.0.9" 
MODULES="java.base java.compiler java.datatransfer java.xml java.prefs java.desktop java.instrument java.logging java.management java.security.sasl java.naming java.rmi java.management.rmi java.net.http java.scripting java.security.jgss java.transaction.xa java.sql java.sql.rowset java.xml.crypto java.se java.smartcardio jdk.accessibility jdk.internal.jvmstat jdk.attach jdk.charsets jdk.internal.opt jdk.zipfs jdk.compiler jdk.crypto.ec jdk.crypto.cryptoki jdk.crypto.mscapi jdk.dynalink jdk.internal.ed jdk.editpad jdk.hotspot.agent jdk.httpserver jdk.internal.le jdk.internal.vm.ci jdk.internal.vm.compiler jdk.internal.vm.compiler.management jdk.jartool jdk.javadoc jdk.jcmd jdk.management jdk.management.agent jdk.jconsole jdk.jdeps jdk.jdwp.agent jdk.jdi jdk.jfr jdk.jshell jdk.jsobject jdk.jstatd jdk.localedata jdk.management.jfr jdk.naming.dns jdk.naming.rmi jdk.net jdk.nio.mapmode jdk.random jdk.sctp jdk.security.auth jdk.security.jgss jdk.unsupported jdk.unsupported.desktop jdk.xml.dom" 

Environment Variables:
PATH=C:\ProgramData\Oracle\Java\javapath;C:\Program Files\Common Files\Oracle\Java\javapath;C:\Program Files (x86)\Common Files\Oracle\Java\java8path;C:\WINDOWS\system32;C:\WINDOWS;C:\WINDOWS\System32\Wbem;C:\WINDOWS\System32\WindowsPowerShell\v1.0\;C:\WINDOWS\System32\OpenSSH\;C:\Program Files (x86)\Common Files\Intel\Shared Libraries\redist\intel64\compiler;C:\Program Files (x86)\NVIDIA Corporation\PhysX\Common;C:\Users\akbop\AppData\Local\Programs\Python\Python311\Scripts\;C:\Users\akbop\AppData\Local\Programs\Python\Python311\;C:\Users\akbop\AppData\Local\Microsoft\WindowsApps;C:\Users\akbop\AppData\Local\Programs\Microsoft VS Code\bin;C:\Program Files\nodejs\;C:\Program Files\dotnet\;C:\WINDOWS\system32;C:\WINDOWS;C:\WINDOWS\System32\Wbem;C:\WINDOWS\System32\WindowsPowerShell\v1.0\;C:\WINDOWS\System32\OpenSSH\;C:\apache-maven-3.9.11\bin;C:\Program Files\Git\cmd;C:\Users\akbop\AppData\Roaming\npm;C:\Users\akbop\AppData\Local\Pub\Cache\bin;C:\ffmpeg\ffmpeg-8.0-essentials_build\bin;;C:\Program Files\Docker\Docker\resources\bin;C:\Users\akbop\AppData\Local\Programs\Python\Python314\Scripts\;C:\Users\akbop\AppData\Local\Programs\Python\Python314\;C:\Program Files\PowerShell\7;C:\Program Files\Common Files\Oracle\Java\javapath;C:\Program Files\Eclipse Adoptium\jdk-21.0.8.9-hotspot\bin;C:\Program Files (x86)\Common Files\Oracle\Java\java8path;C:\WINDOWS\system32;C:\WINDOWS;C:\WINDOWS\System32\Wbem;C:\WINDOWS\System32\WindowsPowerShell\v1.0\;C:\WINDOWS\System32\OpenSSH\;C:\Program Files (x86)\Common Files\Intel\Shared Libraries\redist\intel64\compiler;C:\Program Files (x86)\NVIDIA Corporation\PhysX\Common;C:\Users\akbop\AppData\Local\Programs\Python\Python311\Scripts\;C:\Users\akbop\AppData\Local\Programs\Python\Python311\;C:\Users\akbop\AppData\Local\Microsoft\WindowsApps;C:\Users\akbop\AppData\Local\Programs\Microsoft VS Code\bin;C:\Program Files\nodejs\;C:\Program Files\dotnet\;C:\WINDOWS\system32;C:\WINDOWS;C:\WINDOWS\System32\Wbem;C:\WINDOWS\System32\WindowsPowerShell\v1.0\;C:\WINDOWS\System32\OpenSSH\;C:\ffmpeg\bin;C:\apache-maven-3.9.11\bin;C:\Program Files\Git\cmd;C:\Users\akbop\AppData\Roaming\npm;C:\Program Files\PowerShell\7;C:\flutter\bin\;C:;C:\Users\akbop\AppData\Local\Microsoft\WinGet\Links;C:\Users\akbop\AppData\Local\Microsoft\WinGet\Packages\yt-dlp.FFmpeg_Microsoft.Winget.Source_8wekyb3d8bbwe\ffmpeg-N-121583-g4348bde2d2-win64-gpl/bin;C:\Program Files\JetBrains\IntelliJ IDEA 2025.3.1.1\bin
USERNAME=akbop
OS=Windows_NT
PROCESSOR_IDENTIFIER=AMD64 Family 23 Model 24 Stepping 1, AuthenticAMD
TMP=C:\Users\akbop\AppData\Local\Temp
TEMP=C:\Users\akbop\AppData\Local\Temp




Periodic native trim disabled

---------------  S Y S T E M  ---------------

OS:
 Windows 11 , 64 bit Build 26100 (10.0.26100.7705)
OS uptime: 2 days 12:41 hours
Hyper-V role detected

CPU: total 4 (initial active 4) (4 cores per cpu, 2 threads per core) family 23 model 24 stepping 1 microcode 0x8108109, cx8, cmov, fxsr, ht, mmx, 3dnowpref, sse, sse2, sse3, ssse3, sse4a, sse4.1, sse4.2, popcnt, lzcnt, tsc, tscinvbit, avx, avx2, aes, clmul, bmi1, bmi2, adx, sha, fma, vzeroupper, clflush, clflushopt, hv, rdtscp, f16c
Processor Information for the first 4 processors :
  Max Mhz: 2400, Current Mhz: 2400, Mhz Limit: 2400

Memory: 4k page, system-wide physical 6020M (450M free)
TotalPageFile size 21123M (AvailPageFile size 2M)
current process WorkingSet (physical memory assigned to process): 9M, peak: 241M
current process commit charge ("private bytes"): 356M, peak: 380M

vm_info: OpenJDK 64-Bit Server VM (21.0.9+10-LTS) for windows-amd64 JRE (21.0.9+10-LTS), built on 2025-10-21T00:00:00Z by "admin" with unknown MS VC++:1942

END.
