#
# There is insufficient memory for the Java Runtime Environment to continue.
# Native memory allocation (malloc) failed to allocate 1131216 bytes. Error detail: Chunk::new
# Possible reasons:
#   The system is out of physical RAM or swap space
#   This process is running with CompressedOops enabled, and the Java Heap may be blocking the growth of the native heap
# Possible solutions:
#   Reduce memory load on the system
#   Increase physical memory or swap space
#   Check if swap backing store is full
#   Decrease Java heap size (-Xmx/-Xms)
#   Decrease number of Java threads
#   Decrease Java thread stack sizes (-Xss)
#   Set larger code cache with -XX:ReservedCodeCacheSize=
#   JVM is running with Unscaled Compressed Oops mode in which the Java heap is
#     placed in the first 4GB address space. The Java Heap base address is the
#     maximum limit for the native heap growth. Please use -XX:HeapBaseMinAddress
#     to set the Java Heap base and to place the Java Heap above 4GB virtual address.
# This output file may be truncated or incomplete.
#
#  Out of Memory Error (arena.cpp:168), pid=2208, tid=10472
#
# JRE version: OpenJDK Runtime Environment Temurin-21.0.9+10 (21.0.9+10) (build 21.0.9+10-LTS)
# Java VM: OpenJDK 64-Bit Server VM Temurin-21.0.9+10 (21.0.9+10-LTS, mixed mode, sharing, tiered, compressed oops, compressed class ptrs, parallel gc, windows-amd64)
# No core dump will be written. Minidumps are not enabled by default on client versions of Windows
#

---------------  S U M M A R Y ------------

Command Line: --add-modules=ALL-SYSTEM --add-opens=java.base/java.util=ALL-UNNAMED --add-opens=java.base/java.lang=ALL-UNNAMED --add-opens=java.base/sun.nio.fs=ALL-UNNAMED -Declipse.application=org.eclipse.jdt.ls.core.id1 -Dosgi.bundles.defaultStartLevel=4 -Declipse.product=org.eclipse.jdt.ls.core.product -Djava.import.generatesMetadataFilesAtProjectRoot=false -DDetectVMInstallationsJob.disabled=true -Dfile.encoding=utf8 -XX:+UseParallelGC -XX:GCTimeRatio=4 -XX:AdaptiveSizePolicyWeight=90 -Dsun.zip.disableMemoryMapping=true -Xmx2G -Xms100m -Xlog:disable -javaagent:c:\Users\akbop\.vscode\extensions\redhat.java-1.52.0-win32-x64\lombok\lombok-1.18.39-4050.jar -XX:+HeapDumpOnOutOfMemoryError -XX:HeapDumpPath=c:\Users\akbop\AppData\Roaming\Code\User\workspaceStorage\5c7d54b4b6ce7c03cd1729fc8615050d\redhat.java -Daether.dependencyCollector.impl=bf c:\Users\akbop\.vscode\extensions\redhat.java-1.52.0-win32-x64\server\plugins\org.eclipse.equinox.launcher_1.7.100.v20251111-0406.jar -configuration c:\Users\akbop\AppData\Roaming\Code\User\globalStorage\redhat.java\1.52.0\config_win -data c:\Users\akbop\AppData\Roaming\Code\User\workspaceStorage\5c7d54b4b6ce7c03cd1729fc8615050d\redhat.java\jdt_ws --pipe=\\.\pipe\lsp-43ad5dff8067d21834461c15f6564d22-sock

Host: AMD Athlon Gold 3150U with Radeon Graphics     , 4 cores, 5G,  Windows 11 , 64 bit Build 26100 (10.0.26100.7705)
Time: Tue Feb 17 18:33:24 2026 elapsed time: 10.552798 seconds (0d 0h 0m 10s)

---------------  T H R E A D  ---------------

Current thread (0x0000015c787cc7e0):  JavaThread "C2 CompilerThread1" daemon [_thread_in_native, id=10472, stack(0x0000002859100000,0x0000002859200000) (1024K)]


Current CompileTask:
C2:10552 4089       4       org.eclipse.osgi.internal.serviceregistry.ServiceRegistry::notifyHooksPrivileged (57 bytes)

Stack: [0x0000002859100000,0x0000002859200000]
Native frames: (J=compiled Java code, j=interpreted, Vv=VM code, C=native code)
V  [jvm.dll+0x6d6e29]
V  [jvm.dll+0x8b4b76]
V  [jvm.dll+0x8b712e]
V  [jvm.dll+0x8b7813]
V  [jvm.dll+0x283d86]
V  [jvm.dll+0xc66ed]
V  [jvm.dll+0xc6c31]
V  [jvm.dll+0x3be501]
V  [jvm.dll+0x38ab92]
V  [jvm.dll+0x389fda]
V  [jvm.dll+0x24bfa0]
V  [jvm.dll+0x24b580]
V  [jvm.dll+0x1cb13e]
V  [jvm.dll+0x25b29d]
V  [jvm.dll+0x25982a]
V  [jvm.dll+0x3f7ea6]
V  [jvm.dll+0x85e9ad]
V  [jvm.dll+0x6d565d]
C  [ucrtbase.dll+0x37b0]
C  [KERNEL32.DLL+0x2e8d7]
C  [ntdll.dll+0x8c40c]


---------------  P R O C E S S  ---------------

Threads class SMR info:
_java_thread_list=0x0000015c77894010, length=26, elements={
0x0000015c19f6ea40, 0x0000015c19e57fd0, 0x0000015c19e5c5c0, 0x0000015c19e5f070,
0x0000015c19e61ad0, 0x0000015c19e63530, 0x0000015c19e695e0, 0x0000015c19e78e20,
0x0000015c19e94680, 0x0000015c726ac360, 0x0000015c72887ca0, 0x0000015c77419eb0,
0x0000015c77547e30, 0x0000015c77645e00, 0x0000015c775c5530, 0x0000015c77b0c150,
0x0000015c77908320, 0x0000015c728e4dc0, 0x0000015c728e5ae0, 0x0000015c728e6170,
0x0000015c728e6e90, 0x0000015c787cc7e0, 0x0000015c728e7520, 0x0000015c728e4730,
0x0000015c728e6800, 0x0000015c728e7bb0
}

Java Threads: ( => current thread )
  0x0000015c19f6ea40 JavaThread "main"                              [_thread_blocked, id=6148, stack(0x0000002857600000,0x0000002857700000) (1024K)]
  0x0000015c19e57fd0 JavaThread "Reference Handler"          daemon [_thread_blocked, id=68, stack(0x0000002857a00000,0x0000002857b00000) (1024K)]
  0x0000015c19e5c5c0 JavaThread "Finalizer"                  daemon [_thread_blocked, id=6660, stack(0x0000002857b00000,0x0000002857c00000) (1024K)]
  0x0000015c19e5f070 JavaThread "Signal Dispatcher"          daemon [_thread_blocked, id=18948, stack(0x0000002857c00000,0x0000002857d00000) (1024K)]
  0x0000015c19e61ad0 JavaThread "Attach Listener"            daemon [_thread_blocked, id=18452, stack(0x0000002857d00000,0x0000002857e00000) (1024K)]
  0x0000015c19e63530 JavaThread "Service Thread"             daemon [_thread_blocked, id=18028, stack(0x0000002857e00000,0x0000002857f00000) (1024K)]
  0x0000015c19e695e0 JavaThread "Monitor Deflation Thread"   daemon [_thread_blocked, id=18496, stack(0x0000002857f00000,0x0000002858000000) (1024K)]
  0x0000015c19e78e20 JavaThread "C2 CompilerThread0"         daemon [_thread_in_native, id=6580, stack(0x0000002858000000,0x0000002858100000) (1024K)]
  0x0000015c19e94680 JavaThread "C1 CompilerThread0"         daemon [_thread_in_native, id=2488, stack(0x0000002858100000,0x0000002858200000) (1024K)]
  0x0000015c726ac360 JavaThread "Common-Cleaner"             daemon [_thread_blocked, id=15704, stack(0x0000002858200000,0x0000002858300000) (1024K)]
  0x0000015c72887ca0 JavaThread "Notification Thread"        daemon [_thread_blocked, id=5256, stack(0x0000002858300000,0x0000002858400000) (1024K)]
  0x0000015c77419eb0 JavaThread "Active Thread: Equinox Container: da3af8f2-51aa-420a-9dd3-c7f52961c09d"        [_thread_blocked, id=15080, stack(0x0000002858800000,0x0000002858900000) (1024K)]
  0x0000015c77547e30 JavaThread "Refresh Thread: Equinox Container: da3af8f2-51aa-420a-9dd3-c7f52961c09d" daemon [_thread_blocked, id=16300, stack(0x0000002858400000,0x0000002858500000) (1024K)]
  0x0000015c77645e00 JavaThread "Framework Event Dispatcher: Equinox Container: da3af8f2-51aa-420a-9dd3-c7f52961c09d" daemon [_thread_blocked, id=13144, stack(0x0000002858900000,0x0000002858a00000) (1024K)]
  0x0000015c775c5530 JavaThread "Start Level: Equinox Container: da3af8f2-51aa-420a-9dd3-c7f52961c09d" daemon [_thread_in_vm, id=6400, stack(0x0000002858a00000,0x0000002858b00000) (1024K)]
  0x0000015c77b0c150 JavaThread "Bundle File Closer"         daemon [_thread_blocked, id=14836, stack(0x0000002858c00000,0x0000002858d00000) (1024K)]
  0x0000015c77908320 JavaThread "SCR Component Actor"        daemon [_thread_blocked, id=17688, stack(0x0000002858b00000,0x0000002858c00000) (1024K)]
  0x0000015c728e4dc0 JavaThread "Worker-JM"                         [_thread_blocked, id=6672, stack(0x0000002858d00000,0x0000002858e00000) (1024K)]
  0x0000015c728e5ae0 JavaThread "JNA Cleaner"                daemon [_thread_blocked, id=15564, stack(0x0000002858e00000,0x0000002858f00000) (1024K)]
  0x0000015c728e6170 JavaThread "Worker-0: Updating Maven Dependencies"        [_thread_in_Java, id=3584, stack(0x0000002858f00000,0x0000002859000000) (1024K)]
  0x0000015c728e6e90 JavaThread "Worker-1: Loading available Gradle versions"        [_thread_in_Java, id=16856, stack(0x0000002859000000,0x0000002859100000) (1024K)]
=>0x0000015c787cc7e0 JavaThread "C2 CompilerThread1"         daemon [_thread_in_native, id=10472, stack(0x0000002859100000,0x0000002859200000) (1024K)]
  0x0000015c728e7520 JavaThread "Worker-2"                          [_thread_blocked, id=5996, stack(0x0000002859200000,0x0000002859300000) (1024K)]
  0x0000015c728e4730 JavaThread "Worker-3: Synchronize Gradle projects with workspace"        [_thread_blocked, id=10380, stack(0x0000002859500000,0x0000002859600000) (1024K)]
  0x0000015c728e6800 JavaThread "Worker-4: Repository registry initialization"        [_thread_blocked, id=18956, stack(0x0000002859600000,0x0000002859700000) (1024K)]
  0x0000015c728e7bb0 JavaThread "Timer-0"                           [_thread_blocked, id=3044, stack(0x0000002859700000,0x0000002859800000) (1024K)]
Total: 26

Other Threads:
  0x0000015c19e4f900 VMThread "VM Thread"                           [id=13632, stack(0x0000002857900000,0x0000002857a00000) (1024K)]
  0x0000015c19deca00 WatcherThread "VM Periodic Task Thread"        [id=10416, stack(0x0000002857800000,0x0000002857900000) (1024K)]
  0x0000015c19f86dc0 WorkerThread "GC Thread#0"                     [id=16712, stack(0x0000002857700000,0x0000002857800000) (1024K)]
  0x0000015c7706f2c0 WorkerThread "GC Thread#1"                     [id=14692, stack(0x0000002858500000,0x0000002858600000) (1024K)]
  0x0000015c7706f660 WorkerThread "GC Thread#2"                     [id=468, stack(0x0000002858600000,0x0000002858700000) (1024K)]
  0x0000015c77359e20 WorkerThread "GC Thread#3"                     [id=9640, stack(0x0000002858700000,0x0000002858800000) (1024K)]
Total: 6

Threads with active compile tasks:
C2 CompilerThread0  10593 4173       4       org.lombokweb.asm.ClassReader::readMethod (1070 bytes)
C2 CompilerThread1  10593 4089       4       org.eclipse.osgi.internal.serviceregistry.ServiceRegistry::notifyHooksPrivileged (57 bytes)
Total: 2

VM state: not at safepoint (normal execution)

VM Mutex/Monitor currently owned by a thread: None

Heap address: 0x0000000080000000, size: 2048 MB, Compressed Oops mode: 32-bit

CDS archive(s) mapped at: [0x0000015c31000000-0x0000015c31ba0000-0x0000015c31ba0000), size 12189696, SharedBaseAddress: 0x0000015c31000000, ArchiveRelocationMode: 1.
Compressed class space mapped at: 0x0000015c32000000-0x0000015c72000000, reserved size: 1073741824
Narrow klass base: 0x0000015c31000000, Narrow klass shift: 0, Narrow klass range: 0x100000000

GC Precious Log:
 CardTable entry size: 512
 CPUs: 4 total, 4 available
 Memory: 6020M
 Large Page Support: Disabled
 NUMA Support: Disabled
 Compressed Oops: Enabled (32-bit)
 Alignments: Space 512K, Generation 512K, Heap 2M
 Heap Min Capacity: 100M
 Heap Initial Capacity: 100M
 Heap Max Capacity: 2G
 Pre-touch: Disabled
 Parallel Workers: 4

Heap:
 PSYoungGen      total 25088K, used 2806K [0x00000000d5580000, 0x00000000d7280000, 0x0000000100000000)
  eden space 23040K, 4% used [0x00000000d5580000,0x00000000d56996c8,0x00000000d6c00000)
  from space 2048K, 82% used [0x00000000d7080000,0x00000000d7224528,0x00000000d7280000)
  to   space 2048K, 0% used [0x00000000d6e80000,0x00000000d6e80000,0x00000000d7080000)
 ParOldGen       total 68608K, used 13973K [0x0000000080000000, 0x0000000084300000, 0x00000000d5580000)
  object space 68608K, 20% used [0x0000000080000000,0x0000000080da5438,0x0000000084300000)
 Metaspace       used 29937K, committed 30912K, reserved 1114112K
  class space    used 3096K, committed 3520K, reserved 1048576K

Card table byte_map: [0x0000015c19900000,0x0000015c19d10000] _byte_map_base: 0x0000015c19500000

Marking Bits: (ParMarkBitMap*) 0x00007ffea7a82460
 Begin Bits: [0x0000015c2c410000, 0x0000015c2e410000)
 End Bits:   [0x0000015c2e410000, 0x0000015c30410000)

Polling page: 0x0000015c17ca0000

Metaspace:

Usage:
  Non-class:     26.21 MB used.
      Class:      3.02 MB used.
       Both:     29.24 MB used.

Virtual space:
  Non-class space:       64.00 MB reserved,      26.75 MB ( 42%) committed,  1 nodes.
      Class space:        1.00 GB reserved,       3.44 MB ( <1%) committed,  1 nodes.
             Both:        1.06 GB reserved,      30.19 MB (  3%) committed. 

Chunk freelists:
   Non-Class:  4.95 MB
       Class:  12.52 MB
        Both:  17.47 MB

MaxMetaspaceSize: unlimited
CompressedClassSpaceSize: 1.00 GB
Initial GC threshold: 21.00 MB
Current GC threshold: 35.00 MB
CDS: on
 - commit_granule_bytes: 65536.
 - commit_granule_words: 8192.
 - virtual_space_node_default_size: 8388608.
 - enlarge_chunks_in_place: 1.
 - use_allocation_guard: 0.


Internal statistics:

num_allocs_failed_limit: 3.
num_arena_births: 728.
num_arena_deaths: 14.
num_vsnodes_births: 2.
num_vsnodes_deaths: 0.
num_space_committed: 483.
num_space_uncommitted: 0.
num_chunks_returned_to_freelist: 17.
num_chunks_taken_from_freelist: 2048.
num_chunk_merges: 7.
num_chunk_splits: 1268.
num_chunks_enlarged: 762.
num_inconsistent_stats: 0.

CodeHeap 'non-profiled nmethods': size=120000Kb used=2017Kb max_used=2017Kb free=117982Kb
 bounds [0x0000015c24c30000, 0x0000015c24ea0000, 0x0000015c2c160000]
CodeHeap 'profiled nmethods': size=120000Kb used=8780Kb max_used=8780Kb free=111219Kb
 bounds [0x0000015c1d160000, 0x0000015c1da00000, 0x0000015c24690000]
CodeHeap 'non-nmethods': size=5760Kb used=1345Kb max_used=1361Kb free=4414Kb
 bounds [0x0000015c24690000, 0x0000015c24900000, 0x0000015c24c30000]
CodeCache: size=245760Kb, used=12142Kb, max_used=12158Kb, free=233615Kb
 total_blobs=4842, nmethods=4206, adapters=542, full_count=0
Compilation: enabled, stopped_count=0, restarted_count=0

Compilation events (20 events):
Event: 10.355 Thread 0x0000015c19e94680 nmethod 4177 0x0000015c1d9d5b90 code [0x0000015c1d9d5d20, 0x0000015c1d9d5e30]
Event: 10.359 Thread 0x0000015c19e94680 4178       3       java.lang.invoke.LambdaFormBuffer::insertExpression (30 bytes)
Event: 10.359 Thread 0x0000015c19e94680 nmethod 4178 0x0000015c1d9d5e90 code [0x0000015c1d9d6040, 0x0000015c1d9d6198]
Event: 10.360 Thread 0x0000015c19e78e20 nmethod 4172 0x0000015c24e26490 code [0x0000015c24e266e0, 0x0000015c24e274c0]
Event: 10.360 Thread 0x0000015c19e94680 4179   !   3       org.eclipse.osgi.internal.loader.BundleLoader::findClass0 (490 bytes)
Event: 10.360 Thread 0x0000015c19e78e20 4173       4       org.lombokweb.asm.ClassReader::readMethod (1070 bytes)
Event: 10.365 Thread 0x0000015c19e94680 nmethod 4179 0x0000015c1d9d6290 code [0x0000015c1d9d6b20, 0x0000015c1d9db2a8]
Event: 10.373 Thread 0x0000015c19e94680 4180       3       java.lang.Class::searchMethods (104 bytes)
Event: 10.374 Thread 0x0000015c19e94680 nmethod 4180 0x0000015c1d9dcb10 code [0x0000015c1d9dcda0, 0x0000015c1d9dd820]
Event: 10.377 Thread 0x0000015c19e94680 4182       3       java.lang.invoke.InvokerBytecodeGenerator::emitReturnInsn (122 bytes)
Event: 10.378 Thread 0x0000015c19e94680 nmethod 4182 0x0000015c1d9ddd10 code [0x0000015c1d9ddf80, 0x0000015c1d9de940]
Event: 10.395 Thread 0x0000015c19e94680 4183       3       org.codehaus.plexus.util.xml.pull.MXParser::setNameStart (11 bytes)
Event: 10.395 Thread 0x0000015c19e94680 nmethod 4183 0x0000015c1d9dec90 code [0x0000015c1d9dee40, 0x0000015c1d9df038]
Event: 10.395 Thread 0x0000015c19e94680 4184       3       org.codehaus.plexus.util.xml.pull.MXParser::setName (7 bytes)
Event: 10.395 Thread 0x0000015c19e94680 nmethod 4184 0x0000015c1d9df110 code [0x0000015c1d9df2c0, 0x0000015c1d9df490]
Event: 10.395 Thread 0x0000015c19e94680 4186       3       java.util.regex.Matcher::getSubSequence (12 bytes)
Event: 10.396 Thread 0x0000015c19e94680 nmethod 4186 0x0000015c1d9df590 code [0x0000015c1d9df740, 0x0000015c1d9df918]
Event: 10.396 Thread 0x0000015c19e94680 4187       3       java.nio.CharBuffer::hasArray (20 bytes)
Event: 10.396 Thread 0x0000015c19e94680 nmethod 4187 0x0000015c1d9dfa10 code [0x0000015c1d9dfbc0, 0x0000015c1d9dfd58]
Event: 10.396 Thread 0x0000015c19e94680 4189       3       org.codehaus.plexus.util.xml.pull.MXParser::more (106 bytes)

GC Heap History (20 events):
Event: 2.085 GC heap before
{Heap before GC invocations=1 (full 0):
 PSYoungGen      total 29696K, used 25600K [0x00000000d5580000, 0x00000000d7680000, 0x0000000100000000)
  eden space 25600K, 100% used [0x00000000d5580000,0x00000000d6e80000,0x00000000d6e80000)
  from space 4096K, 0% used [0x00000000d7280000,0x00000000d7280000,0x00000000d7680000)
  to   space 4096K, 0% used [0x00000000d6e80000,0x00000000d6e80000,0x00000000d7280000)
 ParOldGen       total 68608K, used 0K [0x0000000080000000, 0x0000000084300000, 0x00000000d5580000)
  object space 68608K, 0% used [0x0000000080000000,0x0000000080000000,0x0000000084300000)
 Metaspace       used 4368K, committed 4608K, reserved 1114112K
  class space    used 474K, committed 576K, reserved 1048576K
}
Event: 2.100 GC heap after
{Heap after GC invocations=1 (full 0):
 PSYoungGen      total 29696K, used 3303K [0x00000000d5580000, 0x00000000d7680000, 0x0000000100000000)
  eden space 25600K, 0% used [0x00000000d5580000,0x00000000d5580000,0x00000000d6e80000)
  from space 4096K, 80% used [0x00000000d6e80000,0x00000000d71b9e98,0x00000000d7280000)
  to   space 4096K, 0% used [0x00000000d7280000,0x00000000d7280000,0x00000000d7680000)
 ParOldGen       total 68608K, used 0K [0x0000000080000000, 0x0000000084300000, 0x00000000d5580000)
  object space 68608K, 0% used [0x0000000080000000,0x0000000080000000,0x0000000084300000)
 Metaspace       used 4368K, committed 4608K, reserved 1114112K
  class space    used 474K, committed 576K, reserved 1048576K
}
Event: 3.702 GC heap before
{Heap before GC invocations=2 (full 0):
 PSYoungGen      total 29696K, used 28903K [0x00000000d5580000, 0x00000000d7680000, 0x0000000100000000)
  eden space 25600K, 100% used [0x00000000d5580000,0x00000000d6e80000,0x00000000d6e80000)
  from space 4096K, 80% used [0x00000000d6e80000,0x00000000d71b9e98,0x00000000d7280000)
  to   space 4096K, 0% used [0x00000000d7280000,0x00000000d7280000,0x00000000d7680000)
 ParOldGen       total 68608K, used 0K [0x0000000080000000, 0x0000000084300000, 0x00000000d5580000)
  object space 68608K, 0% used [0x0000000080000000,0x0000000080000000,0x0000000084300000)
 Metaspace       used 8021K, committed 8320K, reserved 1114112K
  class space    used 835K, committed 960K, reserved 1048576K
}
Event: 3.713 GC heap after
{Heap after GC invocations=2 (full 0):
 PSYoungGen      total 29696K, used 4087K [0x00000000d5580000, 0x00000000d7680000, 0x0000000100000000)
  eden space 25600K, 0% used [0x00000000d5580000,0x00000000d5580000,0x00000000d6e80000)
  from space 4096K, 99% used [0x00000000d7280000,0x00000000d767de88,0x00000000d7680000)
  to   space 4096K, 0% used [0x00000000d6e80000,0x00000000d6e80000,0x00000000d7280000)
 ParOldGen       total 68608K, used 2037K [0x0000000080000000, 0x0000000084300000, 0x00000000d5580000)
  object space 68608K, 2% used [0x0000000080000000,0x00000000801fd768,0x0000000084300000)
 Metaspace       used 8021K, committed 8320K, reserved 1114112K
  class space    used 835K, committed 960K, reserved 1048576K
}
Event: 5.510 GC heap before
{Heap before GC invocations=3 (full 0):
 PSYoungGen      total 29696K, used 29687K [0x00000000d5580000, 0x00000000d7680000, 0x0000000100000000)
  eden space 25600K, 100% used [0x00000000d5580000,0x00000000d6e80000,0x00000000d6e80000)
  from space 4096K, 99% used [0x00000000d7280000,0x00000000d767de88,0x00000000d7680000)
  to   space 4096K, 0% used [0x00000000d6e80000,0x00000000d6e80000,0x00000000d7280000)
 ParOldGen       total 68608K, used 2037K [0x0000000080000000, 0x0000000084300000, 0x00000000d5580000)
  object space 68608K, 2% used [0x0000000080000000,0x00000000801fd768,0x0000000084300000)
 Metaspace       used 9476K, committed 9792K, reserved 1114112K
  class space    used 1008K, committed 1152K, reserved 1048576K
}
Event: 5.518 GC heap after
{Heap after GC invocations=3 (full 0):
 PSYoungGen      total 29696K, used 4091K [0x00000000d5580000, 0x00000000d7680000, 0x0000000100000000)
  eden space 25600K, 0% used [0x00000000d5580000,0x00000000d5580000,0x00000000d6e80000)
  from space 4096K, 99% used [0x00000000d6e80000,0x00000000d727eef8,0x00000000d7280000)
  to   space 4096K, 0% used [0x00000000d7280000,0x00000000d7280000,0x00000000d7680000)
 ParOldGen       total 68608K, used 5109K [0x0000000080000000, 0x0000000084300000, 0x00000000d5580000)
  object space 68608K, 7% used [0x0000000080000000,0x00000000804fd628,0x0000000084300000)
 Metaspace       used 9476K, committed 9792K, reserved 1114112K
  class space    used 1008K, committed 1152K, reserved 1048576K
}
Event: 6.541 GC heap before
{Heap before GC invocations=4 (full 0):
 PSYoungGen      total 29696K, used 29691K [0x00000000d5580000, 0x00000000d7680000, 0x0000000100000000)
  eden space 25600K, 100% used [0x00000000d5580000,0x00000000d6e80000,0x00000000d6e80000)
  from space 4096K, 99% used [0x00000000d6e80000,0x00000000d727eef8,0x00000000d7280000)
  to   space 4096K, 0% used [0x00000000d7280000,0x00000000d7280000,0x00000000d7680000)
 ParOldGen       total 68608K, used 5109K [0x0000000080000000, 0x0000000084300000, 0x00000000d5580000)
  object space 68608K, 7% used [0x0000000080000000,0x00000000804fd628,0x0000000084300000)
 Metaspace       used 11757K, committed 12160K, reserved 1114112K
  class space    used 1243K, committed 1408K, reserved 1048576K
}
Event: 6.548 GC heap after
{Heap after GC invocations=4 (full 0):
 PSYoungGen      total 29696K, used 4089K [0x00000000d5580000, 0x00000000d7680000, 0x0000000100000000)
  eden space 25600K, 0% used [0x00000000d5580000,0x00000000d5580000,0x00000000d6e80000)
  from space 4096K, 99% used [0x00000000d7280000,0x00000000d767e650,0x00000000d7680000)
  to   space 4096K, 0% used [0x00000000d6e80000,0x00000000d6e80000,0x00000000d7280000)
 ParOldGen       total 68608K, used 6699K [0x0000000080000000, 0x0000000084300000, 0x00000000d5580000)
  object space 68608K, 9% used [0x0000000080000000,0x000000008068ac70,0x0000000084300000)
 Metaspace       used 11757K, committed 12160K, reserved 1114112K
  class space    used 1243K, committed 1408K, reserved 1048576K
}
Event: 7.973 GC heap before
{Heap before GC invocations=5 (full 0):
 PSYoungGen      total 29696K, used 29689K [0x00000000d5580000, 0x00000000d7680000, 0x0000000100000000)
  eden space 25600K, 100% used [0x00000000d5580000,0x00000000d6e80000,0x00000000d6e80000)
  from space 4096K, 99% used [0x00000000d7280000,0x00000000d767e650,0x00000000d7680000)
  to   space 4096K, 0% used [0x00000000d6e80000,0x00000000d6e80000,0x00000000d7280000)
 ParOldGen       total 68608K, used 6699K [0x0000000080000000, 0x0000000084300000, 0x00000000d5580000)
  object space 68608K, 9% used [0x0000000080000000,0x000000008068ac70,0x0000000084300000)
 Metaspace       used 15682K, committed 16320K, reserved 1114112K
  class space    used 1629K, committed 1920K, reserved 1048576K
}
Event: 7.979 GC heap after
{Heap after GC invocations=5 (full 0):
 PSYoungGen      total 29184K, used 4078K [0x00000000d5580000, 0x00000000d7900000, 0x0000000100000000)
  eden space 25088K, 0% used [0x00000000d5580000,0x00000000d5580000,0x00000000d6e00000)
  from space 4096K, 99% used [0x00000000d6e80000,0x00000000d727b910,0x00000000d7280000)
  to   space 5632K, 0% used [0x00000000d7380000,0x00000000d7380000,0x00000000d7900000)
 ParOldGen       total 68608K, used 7796K [0x0000000080000000, 0x0000000084300000, 0x00000000d5580000)
  object space 68608K, 11% used [0x0000000080000000,0x000000008079d2f0,0x0000000084300000)
 Metaspace       used 15682K, committed 16320K, reserved 1114112K
  class space    used 1629K, committed 1920K, reserved 1048576K
}
Event: 8.715 GC heap before
{Heap before GC invocations=6 (full 0):
 PSYoungGen      total 29184K, used 29166K [0x00000000d5580000, 0x00000000d7900000, 0x0000000100000000)
  eden space 25088K, 100% used [0x00000000d5580000,0x00000000d6e00000,0x00000000d6e00000)
  from space 4096K, 99% used [0x00000000d6e80000,0x00000000d727b910,0x00000000d7280000)
  to   space 5632K, 0% used [0x00000000d7380000,0x00000000d7380000,0x00000000d7900000)
 ParOldGen       total 68608K, used 7796K [0x0000000080000000, 0x0000000084300000, 0x00000000d5580000)
  object space 68608K, 11% used [0x0000000080000000,0x000000008079d2f0,0x0000000084300000)
 Metaspace       used 18659K, committed 19328K, reserved 1114112K
  class space    used 1956K, committed 2240K, reserved 1048576K
}
Event: 8.723 GC heap after
{Heap after GC invocations=6 (full 0):
 PSYoungGen      total 30208K, used 5424K [0x00000000d5580000, 0x00000000d7900000, 0x0000000100000000)
  eden space 24576K, 0% used [0x00000000d5580000,0x00000000d5580000,0x00000000d6d80000)
  from space 5632K, 96% used [0x00000000d7380000,0x00000000d78cc008,0x00000000d7900000)
  to   space 5632K, 0% used [0x00000000d6e00000,0x00000000d6e00000,0x00000000d7380000)
 ParOldGen       total 68608K, used 7804K [0x0000000080000000, 0x0000000084300000, 0x00000000d5580000)
  object space 68608K, 11% used [0x0000000080000000,0x000000008079f2f0,0x0000000084300000)
 Metaspace       used 18659K, committed 19328K, reserved 1114112K
  class space    used 1956K, committed 2240K, reserved 1048576K
}
Event: 9.212 GC heap before
{Heap before GC invocations=7 (full 0):
 PSYoungGen      total 30208K, used 26943K [0x00000000d5580000, 0x00000000d7900000, 0x0000000100000000)
  eden space 24576K, 87% used [0x00000000d5580000,0x00000000d6a83ec0,0x00000000d6d80000)
  from space 5632K, 96% used [0x00000000d7380000,0x00000000d78cc008,0x00000000d7900000)
  to   space 5632K, 0% used [0x00000000d6e00000,0x00000000d6e00000,0x00000000d7380000)
 ParOldGen       total 68608K, used 7804K [0x0000000080000000, 0x0000000084300000, 0x00000000d5580000)
  object space 68608K, 11% used [0x0000000080000000,0x000000008079f2f0,0x0000000084300000)
 Metaspace       used 20709K, committed 21504K, reserved 1114112K
  class space    used 2196K, committed 2560K, reserved 1048576K
}
Event: 9.222 GC heap after
{Heap after GC invocations=7 (full 0):
 PSYoungGen      total 29184K, used 4550K [0x00000000d5580000, 0x00000000d7780000, 0x0000000100000000)
  eden space 24576K, 0% used [0x00000000d5580000,0x00000000d5580000,0x00000000d6d80000)
  from space 4608K, 98% used [0x00000000d6e00000,0x00000000d72718f8,0x00000000d7280000)
  to   space 5120K, 0% used [0x00000000d7280000,0x00000000d7280000,0x00000000d7780000)
 ParOldGen       total 68608K, used 9256K [0x0000000080000000, 0x0000000084300000, 0x00000000d5580000)
  object space 68608K, 13% used [0x0000000080000000,0x000000008090a278,0x0000000084300000)
 Metaspace       used 20709K, committed 21504K, reserved 1114112K
  class space    used 2196K, committed 2560K, reserved 1048576K
}
Event: 9.222 GC heap before
{Heap before GC invocations=8 (full 1):
 PSYoungGen      total 29184K, used 4550K [0x00000000d5580000, 0x00000000d7780000, 0x0000000100000000)
  eden space 24576K, 0% used [0x00000000d5580000,0x00000000d5580000,0x00000000d6d80000)
  from space 4608K, 98% used [0x00000000d6e00000,0x00000000d72718f8,0x00000000d7280000)
  to   space 5120K, 0% used [0x00000000d7280000,0x00000000d7280000,0x00000000d7780000)
 ParOldGen       total 68608K, used 9256K [0x0000000080000000, 0x0000000084300000, 0x00000000d5580000)
  object space 68608K, 13% used [0x0000000080000000,0x000000008090a278,0x0000000084300000)
 Metaspace       used 20709K, committed 21504K, reserved 1114112K
  class space    used 2196K, committed 2560K, reserved 1048576K
}
Event: 9.281 GC heap after
{Heap after GC invocations=8 (full 1):
 PSYoungGen      total 29184K, used 0K [0x00000000d5580000, 0x00000000d7780000, 0x0000000100000000)
  eden space 24576K, 0% used [0x00000000d5580000,0x00000000d5580000,0x00000000d6d80000)
  from space 4608K, 0% used [0x00000000d6e00000,0x00000000d6e00000,0x00000000d7280000)
  to   space 5120K, 0% used [0x00000000d7280000,0x00000000d7280000,0x00000000d7780000)
 ParOldGen       total 68608K, used 13262K [0x0000000080000000, 0x0000000084300000, 0x00000000d5580000)
  object space 68608K, 19% used [0x0000000080000000,0x0000000080cf3a80,0x0000000084300000)
 Metaspace       used 20697K, committed 21504K, reserved 1114112K
  class space    used 2193K, committed 2560K, reserved 1048576K
}
Event: 9.795 GC heap before
{Heap before GC invocations=9 (full 1):
 PSYoungGen      total 29184K, used 24576K [0x00000000d5580000, 0x00000000d7780000, 0x0000000100000000)
  eden space 24576K, 100% used [0x00000000d5580000,0x00000000d6d80000,0x00000000d6d80000)
  from space 4608K, 0% used [0x00000000d6e00000,0x00000000d6e00000,0x00000000d7280000)
  to   space 5120K, 0% used [0x00000000d7280000,0x00000000d7280000,0x00000000d7780000)
 ParOldGen       total 68608K, used 13262K [0x0000000080000000, 0x0000000084300000, 0x00000000d5580000)
  object space 68608K, 19% used [0x0000000080000000,0x0000000080cf3a80,0x0000000084300000)
 Metaspace       used 22694K, committed 23552K, reserved 1114112K
  class space    used 2383K, committed 2752K, reserved 1048576K
}
Event: 9.797 GC heap after
{Heap after GC invocations=9 (full 1):
 PSYoungGen      total 27136K, used 2870K [0x00000000d5580000, 0x00000000d7580000, 0x0000000100000000)
  eden space 24064K, 0% used [0x00000000d5580000,0x00000000d5580000,0x00000000d6d00000)
  from space 3072K, 93% used [0x00000000d7280000,0x00000000d754dae8,0x00000000d7580000)
  to   space 3584K, 0% used [0x00000000d6e80000,0x00000000d6e80000,0x00000000d7200000)
 ParOldGen       total 68608K, used 13270K [0x0000000080000000, 0x0000000084300000, 0x00000000d5580000)
  object space 68608K, 19% used [0x0000000080000000,0x0000000080cf5a80,0x0000000084300000)
 Metaspace       used 22694K, committed 23552K, reserved 1114112K
  class space    used 2383K, committed 2752K, reserved 1048576K
}
Event: 10.129 GC heap before
{Heap before GC invocations=10 (full 1):
 PSYoungGen      total 27136K, used 26934K [0x00000000d5580000, 0x00000000d7580000, 0x0000000100000000)
  eden space 24064K, 100% used [0x00000000d5580000,0x00000000d6d00000,0x00000000d6d00000)
  from space 3072K, 93% used [0x00000000d7280000,0x00000000d754dae8,0x00000000d7580000)
  to   space 3584K, 0% used [0x00000000d6e80000,0x00000000d6e80000,0x00000000d7200000)
 ParOldGen       total 68608K, used 13270K [0x0000000080000000, 0x0000000084300000, 0x00000000d5580000)
  object space 68608K, 19% used [0x0000000080000000,0x0000000080cf5a80,0x0000000084300000)
 Metaspace       used 26554K, committed 27392K, reserved 1114112K
  class space    used 2749K, committed 3072K, reserved 1048576K
}
Event: 10.133 GC heap after
{Heap after GC invocations=10 (full 1):
 PSYoungGen      total 25600K, used 1767K [0x00000000d5580000, 0x00000000d7300000, 0x0000000100000000)
  eden space 23552K, 0% used [0x00000000d5580000,0x00000000d5580000,0x00000000d6c80000)
  from space 2048K, 86% used [0x00000000d6e80000,0x00000000d7039f90,0x00000000d7080000)
  to   space 2560K, 0% used [0x00000000d7080000,0x00000000d7080000,0x00000000d7300000)
 ParOldGen       total 68608K, used 13278K [0x0000000080000000, 0x0000000084300000, 0x00000000d5580000)
  object space 68608K, 19% used [0x0000000080000000,0x0000000080cf7a80,0x0000000084300000)
 Metaspace       used 26554K, committed 27392K, reserved 1114112K
  class space    used 2749K, committed 3072K, reserved 1048576K
}

Dll operation events (10 events):
Event: 0.017 Loaded shared library c:\Users\akbop\.vscode\extensions\redhat.java-1.52.0-win32-x64\jre\21.0.9-win32-x86_64\bin\java.dll
Event: 0.052 Loaded shared library c:\Users\akbop\.vscode\extensions\redhat.java-1.52.0-win32-x64\jre\21.0.9-win32-x86_64\bin\zip.dll
Event: 0.160 Loaded shared library C:\Users\akbop\.vscode\extensions\redhat.java-1.52.0-win32-x64\jre\21.0.9-win32-x86_64\bin\instrument.dll
Event: 0.169 Loaded shared library C:\Users\akbop\.vscode\extensions\redhat.java-1.52.0-win32-x64\jre\21.0.9-win32-x86_64\bin\net.dll
Event: 0.174 Loaded shared library C:\Users\akbop\.vscode\extensions\redhat.java-1.52.0-win32-x64\jre\21.0.9-win32-x86_64\bin\nio.dll
Event: 0.179 Loaded shared library C:\Users\akbop\.vscode\extensions\redhat.java-1.52.0-win32-x64\jre\21.0.9-win32-x86_64\bin\zip.dll
Event: 0.206 Loaded shared library C:\Users\akbop\.vscode\extensions\redhat.java-1.52.0-win32-x64\jre\21.0.9-win32-x86_64\bin\jimage.dll
Event: 0.376 Loaded shared library c:\Users\akbop\.vscode\extensions\redhat.java-1.52.0-win32-x64\jre\21.0.9-win32-x86_64\bin\verify.dll
Event: 3.736 Loaded shared library C:\Users\akbop\AppData\Roaming\Code\User\globalStorage\redhat.java\1.52.0\config_win\org.eclipse.equinox.launcher\org.eclipse.equinox.launcher.win32.win32.x86_64_1.2.1500.v20260121-1430\eclipse_11919.dll
Event: 8.247 Loaded shared library C:\Users\akbop\AppData\Local\Temp\jna-92866905\jna18130246981342082011.dll

Deoptimization events (20 events):
Event: 10.355 Thread 0x0000015c728e6170 Uncommon trap: trap_request=0xffffffde fr.pc=0x0000015c24df92b8 relative=0x00000000000000f8
Event: 10.355 Thread 0x0000015c728e6170 Uncommon trap: reason=class_check action=maybe_recompile pc=0x0000015c24df92b8 method=java.lang.Character.codePointAt(Ljava/lang/CharSequence;I)I @ 2 c2
Event: 10.355 Thread 0x0000015c728e6170 DEOPT PACKING pc=0x0000015c24df92b8 sp=0x0000002858ffe5f0
Event: 10.355 Thread 0x0000015c728e6170 DEOPT UNPACKING pc=0x0000015c246e3aa2 sp=0x0000002858ffe578 mode 2
Event: 10.355 Thread 0x0000015c728e6170 Uncommon trap: trap_request=0xffffffde fr.pc=0x0000015c24df92b8 relative=0x00000000000000f8
Event: 10.355 Thread 0x0000015c728e6170 Uncommon trap: reason=class_check action=maybe_recompile pc=0x0000015c24df92b8 method=java.lang.Character.codePointAt(Ljava/lang/CharSequence;I)I @ 2 c2
Event: 10.355 Thread 0x0000015c728e6170 DEOPT PACKING pc=0x0000015c24df92b8 sp=0x0000002858ffe5f0
Event: 10.355 Thread 0x0000015c728e6170 DEOPT UNPACKING pc=0x0000015c246e3aa2 sp=0x0000002858ffe578 mode 2
Event: 10.355 Thread 0x0000015c728e6170 Uncommon trap: trap_request=0xffffffde fr.pc=0x0000015c24df92b8 relative=0x00000000000000f8
Event: 10.355 Thread 0x0000015c728e6170 Uncommon trap: reason=class_check action=maybe_recompile pc=0x0000015c24df92b8 method=java.lang.Character.codePointAt(Ljava/lang/CharSequence;I)I @ 2 c2
Event: 10.355 Thread 0x0000015c728e6170 DEOPT PACKING pc=0x0000015c24df92b8 sp=0x0000002858ffe5f0
Event: 10.355 Thread 0x0000015c728e6170 DEOPT UNPACKING pc=0x0000015c246e3aa2 sp=0x0000002858ffe578 mode 2
Event: 10.355 Thread 0x0000015c728e6170 Uncommon trap: trap_request=0xffffffde fr.pc=0x0000015c24df92b8 relative=0x00000000000000f8
Event: 10.355 Thread 0x0000015c728e6170 Uncommon trap: reason=class_check action=maybe_recompile pc=0x0000015c24df92b8 method=java.lang.Character.codePointAt(Ljava/lang/CharSequence;I)I @ 2 c2
Event: 10.355 Thread 0x0000015c728e6170 DEOPT PACKING pc=0x0000015c24df92b8 sp=0x0000002858ffe5f0
Event: 10.355 Thread 0x0000015c728e6170 DEOPT UNPACKING pc=0x0000015c246e3aa2 sp=0x0000002858ffe578 mode 2
Event: 10.377 Thread 0x0000015c728e6800 Uncommon trap: trap_request=0xffffff45 fr.pc=0x0000015c24c9f5a8 relative=0x0000000000000108
Event: 10.377 Thread 0x0000015c728e6800 Uncommon trap: reason=unstable_if action=reinterpret pc=0x0000015c24c9f5a8 method=jdk.internal.org.objectweb.asm.ByteVector.putShort(I)Ljdk/internal/org/objectweb/asm/ByteVector; @ 13 c2
Event: 10.377 Thread 0x0000015c728e6800 DEOPT PACKING pc=0x0000015c24c9f5a8 sp=0x00000028596fd6a0
Event: 10.377 Thread 0x0000015c728e6800 DEOPT UNPACKING pc=0x0000015c246e3aa2 sp=0x00000028596fd638 mode 2

Classes loaded (20 events):
Event: 10.269 Loading class java/lang/invoke/MethodHandleImpl$Makers$2
Event: 10.269 Loading class java/lang/invoke/MethodHandleImpl$Makers$2 done
Event: 10.269 Loading class java/lang/invoke/MethodHandleImpl$Makers$3
Event: 10.270 Loading class java/lang/invoke/MethodHandleImpl$Makers$3 done
Event: 10.277 Loading class java/lang/runtime/ObjectMethods$1
Event: 10.277 Loading class java/lang/runtime/ObjectMethods$1 done
Event: 10.284 Loading class java/math/BigDecimal
Event: 10.286 Loading class java/math/BigDecimal done
Event: 10.325 Loading class java/util/concurrent/atomic/AtomicIntegerArray
Event: 10.326 Loading class java/util/concurrent/atomic/AtomicIntegerArray done
Event: 10.332 Loading class java/util/Currency
Event: 10.332 Loading class java/util/Currency done
Event: 10.355 Loading class java/io/FileReader
Event: 10.355 Loading class java/io/FileReader done
Event: 10.370 Loading class java/util/concurrent/atomic/AtomicLongArray
Event: 10.370 Loading class java/util/concurrent/atomic/AtomicLongArray done
Event: 10.375 Loading class java/lang/invoke/MethodHandleImpl$CountingWrapper
Event: 10.375 Loading class java/lang/invoke/MethodHandleImpl$CountingWrapper done
Event: 10.386 Loading class sun/reflect/generics/tree/TypeVariableSignature
Event: 10.386 Loading class sun/reflect/generics/tree/TypeVariableSignature done

Classes unloaded (7 events):
Event: 9.233 Thread 0x0000015c19e4f900 Unloading class 0x0000015c321b1000 'java/lang/invoke/LambdaForm$MH+0x0000015c321b1000'
Event: 9.233 Thread 0x0000015c19e4f900 Unloading class 0x0000015c321b0c00 'java/lang/invoke/LambdaForm$MH+0x0000015c321b0c00'
Event: 9.233 Thread 0x0000015c19e4f900 Unloading class 0x0000015c321b0800 'java/lang/invoke/LambdaForm$MH+0x0000015c321b0800'
Event: 9.233 Thread 0x0000015c19e4f900 Unloading class 0x0000015c321b0400 'java/lang/invoke/LambdaForm$MH+0x0000015c321b0400'
Event: 9.233 Thread 0x0000015c19e4f900 Unloading class 0x0000015c321b0000 'java/lang/invoke/LambdaForm$BMH+0x0000015c321b0000'
Event: 9.233 Thread 0x0000015c19e4f900 Unloading class 0x0000015c321afc00 'java/lang/invoke/LambdaForm$DMH+0x0000015c321afc00'
Event: 9.233 Thread 0x0000015c19e4f900 Unloading class 0x0000015c321aec00 'java/lang/invoke/LambdaForm$DMH+0x0000015c321aec00'

Classes redefined (0 events):
No events

Internal exceptions (20 events):
Event: 9.766 Thread 0x0000015c728e6170 Exception <a 'java/lang/UnsatisfiedLinkError'{0x00000000d69368c8}: Не найдена указанная процедура.
> (0x00000000d69368c8) 
thrown [s\src\hotspot\share\prims\jni.cpp, line 539]
Event: 9.774 Thread 0x0000015c728e6170 Exception <a 'java/io/FileNotFoundException'{0x00000000d6a56c58}> (0x00000000d6a56c58) 
thrown [s\src\hotspot\share\prims\jni.cpp, line 520]
Event: 9.794 Thread 0x0000015c728e6170 Exception <a 'java/io/FileNotFoundException'{0x00000000d6d31ff8}> (0x00000000d6d31ff8) 
thrown [s\src\hotspot\share\prims\jni.cpp, line 520]
Event: 9.812 Thread 0x0000015c728e6170 Exception <a 'java/lang/UnsatisfiedLinkError'{0x00000000d56217d8}: Не найдена указанная процедура.
> (0x00000000d56217d8) 
thrown [s\src\hotspot\share\prims\jni.cpp, line 539]
Event: 10.043 Thread 0x0000015c728e6170 Exception <a 'java/io/FileNotFoundException'{0x00000000d66d1a88}> (0x00000000d66d1a88) 
thrown [s\src\hotspot\share\prims\jni.cpp, line 520]
Event: 10.187 Thread 0x0000015c728e4730 Exception <a 'java/lang/NoSuchMethodError'{0x00000000d59c01a8}: 'void java.lang.invoke.DirectMethodHandle$Holder.invokeStaticInit(java.lang.Object, java.lang.Object, java.lang.Object)'> (0x00000000d59c01a8) 
thrown [s\src\hotspot\share\interpreter\linkResolver.cpp, line 773]
Event: 10.223 Thread 0x0000015c728e6e90 Exception <a 'java/lang/NoSuchMethodError'{0x00000000d5ce8d80}: 'void java.lang.invoke.DirectMethodHandle$Holder.invokeStaticInit(java.lang.Object, java.lang.Object, java.lang.Object, java.lang.Object)'> (0x00000000d5ce8d80) 
thrown [s\src\hotspot\share\interpreter\linkResolver.cpp, line 773]
Event: 10.265 Thread 0x0000015c728e6170 Exception <a 'java/lang/NoSuchMethodError'{0x00000000d626e608}: 'java.lang.Object java.lang.invoke.DirectMethodHandle$Holder.invokeStaticInit(java.lang.Object, java.lang.Object, java.lang.Object, java.lang.Object, java.lang.Object, java.lang.Object, java.lang.Object)'> (0x00000000d626e608) 
thrown [s\src\hotspot\share\interpreter\linkResolver.cpp, line 773]
Event: 10.267 Thread 0x0000015c728e6170 Exception <a 'java/lang/NoSuchMethodError'{0x00000000d6272de0}: 'java.lang.Object java.lang.invoke.Invokers$Holder.invoke_MT(java.lang.Object, java.lang.Object, java.lang.Object, java.lang.Object, java.lang.Object, java.lang.Object, java.lang.Object, java.lang.Object, java.lang.Object)'> (0x00000000d6272de0) 
thrown [s\src\hotspot\share\interpreter\linkResolver.cpp, line 773]
Event: 10.277 Thread 0x0000015c728e6170 Exception <a 'java/lang/NoSuchMethodError'{0x00000000d634c688}: 'int java.lang.invoke.DirectMethodHandle$Holder.invokeVirtual(java.lang.Object, java.lang.Object, java.lang.Object)'> (0x00000000d634c688) 
thrown [s\src\hotspot\share\interpreter\linkResolver.cpp, line 773]
Event: 10.278 Thread 0x0000015c728e6170 Exception <a 'java/lang/NoSuchMethodError'{0x00000000d6350600}: 'int java.lang.invoke.DirectMethodHandle$Holder.invokeStaticInit(java.lang.Object, int, int)'> (0x00000000d6350600) 
thrown [s\src\hotspot\share\interpreter\linkResolver.cpp, line 773]
Event: 10.279 Thread 0x0000015c728e6170 Exception <a 'java/lang/NoSuchMethodError'{0x00000000d6357bb0}: 'int java.lang.invoke.DirectMethodHandle$Holder.invokeStaticInit(java.lang.Object, long, long)'> (0x00000000d6357bb0) 
thrown [s\src\hotspot\share\interpreter\linkResolver.cpp, line 773]
Event: 10.280 Thread 0x0000015c728e6170 Exception <a 'java/lang/NoSuchMethodError'{0x00000000d635e548}: 'int java.lang.invoke.DirectMethodHandle$Holder.invokeStaticInit(java.lang.Object, float, float)'> (0x00000000d635e548) 
thrown [s\src\hotspot\share\interpreter\linkResolver.cpp, line 773]
Event: 10.281 Thread 0x0000015c728e6170 Exception <a 'java/lang/NoSuchMethodError'{0x00000000d6364ed8}: 'int java.lang.invoke.DirectMethodHandle$Holder.invokeStaticInit(java.lang.Object, double, double)'> (0x00000000d6364ed8) 
thrown [s\src\hotspot\share\interpreter\linkResolver.cpp, line 773]
Event: 10.281 Thread 0x0000015c728e6170 Exception <a 'java/lang/NoSuchMethodError'{0x00000000d63692d0}: 'int java.lang.invoke.DirectMethodHandle$Holder.invokeStatic(java.lang.Object, long)'> (0x00000000d63692d0) 
thrown [s\src\hotspot\share\interpreter\linkResolver.cpp, line 773]
Event: 10.309 Thread 0x0000015c728e6170 Exception <a 'java/lang/NoSuchMethodError'{0x00000000d6496a50}: 'int java.lang.invoke.Invokers$Holder.linkToTargetMethod(java.lang.Object, java.lang.Object)'> (0x00000000d6496a50) 
thrown [s\src\hotspot\share\interpreter\linkResolver.cpp, line 773]
Event: 10.353 Thread 0x0000015c728e6800 Exception <a 'java/lang/NoSuchMethodError'{0x00000000d59e5518}: 'int java.lang.invoke.DirectMethodHandle$Holder.invokeSpecial(java.lang.Object, java.lang.Object, java.lang.Object, java.lang.Object)'> (0x00000000d59e5518) 
thrown [s\src\hotspot\share\interpreter\linkResolver.cpp, line 773]
Event: 10.373 Thread 0x0000015c728e6800 Exception <a 'java/lang/NoSuchMethodError'{0x00000000d69307a0}: 'java.lang.Object java.lang.invoke.DirectMethodHandle$Holder.invokeStatic(java.lang.Object, int, java.lang.Object, java.lang.Object)'> (0x00000000d69307a0) 
thrown [s\src\hotspot\share\interpreter\linkResolver.cpp, line 773]
Event: 10.375 Thread 0x0000015c728e6800 Exception <a 'java/lang/NoSuchMethodError'{0x00000000d6933f80}: 'java.lang.Object java.lang.invoke.DelegatingMethodHandle$Holder.delegate(java.lang.Object, int, java.lang.Object, java.lang.Object)'> (0x00000000d6933f80) 
thrown [s\src\hotspot\share\interpreter\linkResolver.cpp, line 773]
Event: 10.379 Thread 0x0000015c728e6800 Exception <a 'java/lang/NoSuchMethodError'{0x00000000d6a2f618}: 'int java.lang.invoke.Invokers$Holder.linkToTargetMethod(java.lang.Object, java.lang.Object, java.lang.Object)'> (0x00000000d6a2f618) 
thrown [s\src\hotspot\share\interpreter\linkResolver.cpp, line 773]

ZGC Phase Switch (0 events):
No events

VM Operations (20 events):
Event: 8.559 Executing VM operation: HandshakeAllThreads (Deoptimize)
Event: 8.559 Executing VM operation: HandshakeAllThreads (Deoptimize) done
Event: 8.570 Executing VM operation: HandshakeAllThreads (Deoptimize)
Event: 8.570 Executing VM operation: HandshakeAllThreads (Deoptimize) done
Event: 8.609 Executing VM operation: ICBufferFull
Event: 8.609 Executing VM operation: ICBufferFull done
Event: 8.715 Executing VM operation: ParallelGCFailedAllocation (Allocation Failure)
Event: 8.723 Executing VM operation: ParallelGCFailedAllocation (Allocation Failure) done
Event: 9.212 Executing VM operation: CollectForMetadataAllocation (Metadata GC Threshold)
Event: 9.281 Executing VM operation: CollectForMetadataAllocation (Metadata GC Threshold) done
Event: 9.391 Executing VM operation: HandshakeAllThreads (Deoptimize)
Event: 9.391 Executing VM operation: HandshakeAllThreads (Deoptimize) done
Event: 9.779 Executing VM operation: HandshakeAllThreads (Deoptimize)
Event: 9.779 Executing VM operation: HandshakeAllThreads (Deoptimize) done
Event: 9.795 Executing VM operation: ParallelGCFailedAllocation (Allocation Failure)
Event: 9.797 Executing VM operation: ParallelGCFailedAllocation (Allocation Failure) done
Event: 10.129 Executing VM operation: ParallelGCFailedAllocation (Allocation Failure)
Event: 10.133 Executing VM operation: ParallelGCFailedAllocation (Allocation Failure) done
Event: 10.318 Executing VM operation: HandshakeAllThreads (Deoptimize)
Event: 10.325 Executing VM operation: HandshakeAllThreads (Deoptimize) done

Memory protections (0 events):
No events

Nmethod flushes (0 events):
No events

Events (20 events):
Event: 2.968 Thread 0x0000015c19f6ea40 Thread added: 0x0000015c77419eb0
Event: 3.078 Thread 0x0000015c771d7b10 Thread exited: 0x0000015c771d7b10
Event: 3.722 Thread 0x0000015c19f6ea40 Thread added: 0x0000015c77547e30
Event: 3.811 Thread 0x0000015c77547e30 Thread added: 0x0000015c77645e00
Event: 3.816 Thread 0x0000015c19f6ea40 Thread added: 0x0000015c775c5530
Event: 4.316 Thread 0x0000015c19e94680 Thread added: 0x0000015c77777030
Event: 5.607 Thread 0x0000015c775c5530 Thread added: 0x0000015c77b0c150
Event: 5.906 Thread 0x0000015c77777030 Thread exited: 0x0000015c77777030
Event: 6.460 Thread 0x0000015c775c5530 Thread added: 0x0000015c77908320
Event: 6.723 Thread 0x0000015c19e94680 Thread added: 0x0000015c77b9e370
Event: 7.348 Thread 0x0000015c77b9e370 Thread exited: 0x0000015c77b9e370
Event: 7.538 Thread 0x0000015c775c5530 Thread added: 0x0000015c728e4dc0
Event: 8.289 Thread 0x0000015c775c5530 Thread added: 0x0000015c728e5ae0
Event: 8.349 Thread 0x0000015c775c5530 Thread added: 0x0000015c728e6170
Event: 8.384 Thread 0x0000015c775c5530 Thread added: 0x0000015c728e6e90
Event: 8.516 Thread 0x0000015c19e94680 Thread added: 0x0000015c787cc7e0
Event: 8.584 Thread 0x0000015c728e6e90 Thread added: 0x0000015c728e7520
Event: 9.969 Thread 0x0000015c728e7520 Thread added: 0x0000015c728e4730
Event: 10.176 Thread 0x0000015c728e4730 Thread added: 0x0000015c728e6800
Event: 10.182 Thread 0x0000015c728e4730 Thread added: 0x0000015c728e7bb0


Dynamic libraries:
0x00007ff6eb5b0000 - 0x00007ff6eb5be000 	c:\Users\akbop\.vscode\extensions\redhat.java-1.52.0-win32-x64\jre\21.0.9-win32-x86_64\bin\java.exe
0x00007fff4bba0000 - 0x00007fff4be08000 	C:\WINDOWS\SYSTEM32\ntdll.dll
0x00007fff4a750000 - 0x00007fff4a819000 	C:\WINDOWS\System32\KERNEL32.DLL
0x00007fff49150000 - 0x00007fff49541000 	C:\WINDOWS\System32\KERNELBASE.dll
0x00007fff457b0000 - 0x00007fff4584e000 	C:\WINDOWS\SYSTEM32\apphelp.dll
0x00007fff497f0000 - 0x00007fff4993b000 	C:\WINDOWS\System32\ucrtbase.dll
0x00007fff37590000 - 0x00007fff375a8000 	c:\Users\akbop\.vscode\extensions\redhat.java-1.52.0-win32-x64\jre\21.0.9-win32-x86_64\bin\jli.dll
0x00007fff4b320000 - 0x00007fff4b4e6000 	C:\WINDOWS\System32\USER32.dll
0x00007fff067a0000 - 0x00007fff067be000 	c:\Users\akbop\.vscode\extensions\redhat.java-1.52.0-win32-x64\jre\21.0.9-win32-x86_64\bin\VCRUNTIME140.dll
0x00007fff49550000 - 0x00007fff49577000 	C:\WINDOWS\System32\win32u.dll
0x00007fff4a820000 - 0x00007fff4a84b000 	C:\WINDOWS\System32\GDI32.dll
0x00007fff49630000 - 0x00007fff4975b000 	C:\WINDOWS\System32\gdi32full.dll
0x00007fff48480000 - 0x00007fff48523000 	C:\WINDOWS\System32\msvcp_win.dll
0x00007fff34ff0000 - 0x00007fff35283000 	C:\WINDOWS\WinSxS\amd64_microsoft.windows.common-controls_6595b64144ccf1df_6.0.26100.7824_none_3e0870b2e3345462\COMCTL32.dll
0x00007fff4a6a0000 - 0x00007fff4a749000 	C:\WINDOWS\System32\msvcrt.dll
0x00007fff4b4f0000 - 0x00007fff4b521000 	C:\WINDOWS\System32\IMM32.DLL
0x00007fff37580000 - 0x00007fff3758c000 	c:\Users\akbop\.vscode\extensions\redhat.java-1.52.0-win32-x64\jre\21.0.9-win32-x86_64\bin\vcruntime140_1.dll
0x00007fff00150000 - 0x00007fff001dd000 	c:\Users\akbop\.vscode\extensions\redhat.java-1.52.0-win32-x64\jre\21.0.9-win32-x86_64\bin\msvcp140.dll
0x00007ffea6dc0000 - 0x00007ffea7b60000 	c:\Users\akbop\.vscode\extensions\redhat.java-1.52.0-win32-x64\jre\21.0.9-win32-x86_64\bin\server\jvm.dll
0x00007fff49e00000 - 0x00007fff49eb4000 	C:\WINDOWS\System32\ADVAPI32.dll
0x00007fff49cd0000 - 0x00007fff49d76000 	C:\WINDOWS\System32\sechost.dll
0x00007fff49ec0000 - 0x00007fff49fd8000 	C:\WINDOWS\System32\RPCRT4.dll
0x00007fff4a620000 - 0x00007fff4a694000 	C:\WINDOWS\System32\WS2_32.dll
0x00007fff48300000 - 0x00007fff4835e000 	C:\WINDOWS\SYSTEM32\POWRPROF.dll
0x00007fff41530000 - 0x00007fff4153b000 	C:\WINDOWS\SYSTEM32\VERSION.dll
0x00007fff3f830000 - 0x00007fff3f865000 	C:\WINDOWS\SYSTEM32\WINMM.dll
0x00007fff482c0000 - 0x00007fff482d4000 	C:\WINDOWS\SYSTEM32\UMPDC.dll
0x00007fff471e0000 - 0x00007fff471fb000 	C:\WINDOWS\SYSTEM32\kernel.appcore.dll
0x00007fff29350000 - 0x00007fff2935a000 	c:\Users\akbop\.vscode\extensions\redhat.java-1.52.0-win32-x64\jre\21.0.9-win32-x86_64\bin\jimage.dll
0x00007fff46650000 - 0x00007fff46892000 	C:\WINDOWS\SYSTEM32\DBGHELP.DLL
0x00007fff49940000 - 0x00007fff49cc6000 	C:\WINDOWS\System32\combase.dll
0x00007fff4a210000 - 0x00007fff4a2e7000 	C:\WINDOWS\System32\OLEAUT32.dll
0x00007fff2fad0000 - 0x00007fff2fb0b000 	C:\WINDOWS\SYSTEM32\dbgcore.DLL
0x00007fff49580000 - 0x00007fff49625000 	C:\WINDOWS\System32\bcryptPrimitives.dll
0x00007fff0dcb0000 - 0x00007fff0dcbf000 	c:\Users\akbop\.vscode\extensions\redhat.java-1.52.0-win32-x64\jre\21.0.9-win32-x86_64\bin\instrument.dll
0x00007fff02910000 - 0x00007fff02930000 	c:\Users\akbop\.vscode\extensions\redhat.java-1.52.0-win32-x64\jre\21.0.9-win32-x86_64\bin\java.dll
0x00007fff4a870000 - 0x00007fff4afc2000 	C:\WINDOWS\System32\SHELL32.dll
0x00007fff48770000 - 0x00007fff488da000 	C:\WINDOWS\System32\wintypes.dll
0x00007fff488e0000 - 0x00007fff49143000 	C:\WINDOWS\System32\windows.storage.dll
0x00007fff4a4d0000 - 0x00007fff4a5c6000 	C:\WINDOWS\System32\SHCORE.dll
0x00007fff49d90000 - 0x00007fff49df7000 	C:\WINDOWS\System32\shlwapi.dll
0x00007fff483a0000 - 0x00007fff483c9000 	C:\WINDOWS\SYSTEM32\profapi.dll
0x00007fff01cf0000 - 0x00007fff01d08000 	c:\Users\akbop\.vscode\extensions\redhat.java-1.52.0-win32-x64\jre\21.0.9-win32-x86_64\bin\zip.dll
0x00007fff238d0000 - 0x00007fff238e0000 	C:\Users\akbop\.vscode\extensions\redhat.java-1.52.0-win32-x64\jre\21.0.9-win32-x86_64\bin\net.dll
0x00007fff413c0000 - 0x00007fff414e7000 	C:\WINDOWS\SYSTEM32\WINHTTP.dll
0x00007fff47730000 - 0x00007fff4779b000 	C:\WINDOWS\system32\mswsock.dll
0x00007fff00330000 - 0x00007fff00346000 	C:\Users\akbop\.vscode\extensions\redhat.java-1.52.0-win32-x64\jre\21.0.9-win32-x86_64\bin\nio.dll
0x00007fff0d8a0000 - 0x00007fff0d8b0000 	c:\Users\akbop\.vscode\extensions\redhat.java-1.52.0-win32-x64\jre\21.0.9-win32-x86_64\bin\verify.dll
0x00007fff00050000 - 0x00007fff00095000 	C:\Users\akbop\AppData\Roaming\Code\User\globalStorage\redhat.java\1.52.0\config_win\org.eclipse.equinox.launcher\org.eclipse.equinox.launcher.win32.win32.x86_64_1.2.1500.v20260121-1430\eclipse_11919.dll
0x00007fff4a320000 - 0x00007fff4a4b7000 	C:\WINDOWS\System32\ole32.dll
0x00007fff47b20000 - 0x00007fff47b3b000 	C:\WINDOWS\SYSTEM32\CRYPTSP.dll
0x00007fff47140000 - 0x00007fff47179000 	C:\WINDOWS\system32\rsaenh.dll
0x00007fff477e0000 - 0x00007fff4780b000 	C:\WINDOWS\SYSTEM32\USERENV.dll
0x00007fff48370000 - 0x00007fff4839a000 	C:\WINDOWS\SYSTEM32\bcrypt.dll
0x00007fff47980000 - 0x00007fff4798c000 	C:\WINDOWS\SYSTEM32\CRYPTBASE.dll
0x00007fff46be0000 - 0x00007fff46c14000 	C:\WINDOWS\SYSTEM32\IPHLPAPI.DLL
0x00007fff49d80000 - 0x00007fff49d8a000 	C:\WINDOWS\System32\NSI.dll
0x00007fff008b0000 - 0x00007fff008f9000 	C:\Users\akbop\AppData\Local\Temp\jna-92866905\jna18130246981342082011.dll
0x00007fff4b1b0000 - 0x00007fff4b1b8000 	C:\WINDOWS\System32\PSAPI.DLL
0x00007fff41540000 - 0x00007fff4155e000 	C:\WINDOWS\SYSTEM32\dhcpcsvc6.DLL
0x00007fff41160000 - 0x00007fff41183000 	C:\WINDOWS\SYSTEM32\dhcpcsvc.DLL

JVMTI agents:
c:\Users\akbop\.vscode\extensions\redhat.java-1.52.0-win32-x64\lombok\lombok-1.18.39-4050.jar path:c:\Users\akbop\.vscode\extensions\redhat.java-1.52.0-win32-x64\jre\21.0.9-win32-x86_64\bin\instrument.dll, loaded, initialized, instrumentlib options:none

dbghelp: loaded successfully - version: 4.0.5 - missing functions: none
symbol engine: initialized successfully - sym options: 0x614 - pdb path: .;c:\Users\akbop\.vscode\extensions\redhat.java-1.52.0-win32-x64\jre\21.0.9-win32-x86_64\bin;C:\WINDOWS\SYSTEM32;C:\WINDOWS\WinSxS\amd64_microsoft.windows.common-controls_6595b64144ccf1df_6.0.26100.7824_none_3e0870b2e3345462;c:\Users\akbop\.vscode\extensions\redhat.java-1.52.0-win32-x64\jre\21.0.9-win32-x86_64\bin\server;C:\Users\akbop\AppData\Roaming\Code\User\globalStorage\redhat.java\1.52.0\config_win\org.eclipse.equinox.launcher\org.eclipse.equinox.launcher.win32.win32.x86_64_1.2.1500.v20260121-1430;C:\Users\akbop\AppData\Local\Temp\jna-92866905

VM Arguments:
jvm_args: --add-modules=ALL-SYSTEM --add-opens=java.base/java.util=ALL-UNNAMED --add-opens=java.base/java.lang=ALL-UNNAMED --add-opens=java.base/sun.nio.fs=ALL-UNNAMED -Declipse.application=org.eclipse.jdt.ls.core.id1 -Dosgi.bundles.defaultStartLevel=4 -Declipse.product=org.eclipse.jdt.ls.core.product -Djava.import.generatesMetadataFilesAtProjectRoot=false -DDetectVMInstallationsJob.disabled=true -Dfile.encoding=utf8 -XX:+UseParallelGC -XX:GCTimeRatio=4 -XX:AdaptiveSizePolicyWeight=90 -Dsun.zip.disableMemoryMapping=true -Xmx2G -Xms100m -Xlog:disable -javaagent:c:\Users\akbop\.vscode\extensions\redhat.java-1.52.0-win32-x64\lombok\lombok-1.18.39-4050.jar -XX:+HeapDumpOnOutOfMemoryError -XX:HeapDumpPath=c:\Users\akbop\AppData\Roaming\Code\User\workspaceStorage\5c7d54b4b6ce7c03cd1729fc8615050d\redhat.java -Daether.dependencyCollector.impl=bf 
java_command: c:\Users\akbop\.vscode\extensions\redhat.java-1.52.0-win32-x64\server\plugins\org.eclipse.equinox.launcher_1.7.100.v20251111-0406.jar -configuration c:\Users\akbop\AppData\Roaming\Code\User\globalStorage\redhat.java\1.52.0\config_win -data c:\Users\akbop\AppData\Roaming\Code\User\workspaceStorage\5c7d54b4b6ce7c03cd1729fc8615050d\redhat.java\jdt_ws --pipe=\\.\pipe\lsp-43ad5dff8067d21834461c15f6564d22-sock
java_class_path (initial): c:\Users\akbop\.vscode\extensions\redhat.java-1.52.0-win32-x64\server\plugins\org.eclipse.equinox.launcher_1.7.100.v20251111-0406.jar
Launcher Type: SUN_STANDARD

[Global flags]
    uintx AdaptiveSizePolicyWeight                 = 90                                        {product} {command line}
     intx CICompilerCount                          = 3                                         {product} {ergonomic}
    uintx GCTimeRatio                              = 4                                         {product} {command line}
     bool HeapDumpOnOutOfMemoryError               = true                                   {manageable} {command line}
    ccstr HeapDumpPath                             = c:\Users\akbop\AppData\Roaming\Code\User\workspaceStorage\5c7d54b4b6ce7c03cd1729fc8615050d\redhat.java         {manageable} {command line}
   size_t InitialHeapSize                          = 104857600                                 {product} {command line}
   size_t MaxHeapSize                              = 2147483648                                {product} {command line}
   size_t MaxNewSize                               = 715653120                                 {product} {ergonomic}
   size_t MinHeapDeltaBytes                        = 524288                                    {product} {ergonomic}
   size_t MinHeapSize                              = 104857600                                 {product} {command line}
   size_t NewSize                                  = 34603008                                  {product} {ergonomic}
    uintx NonNMethodCodeHeapSize                   = 5832780                                {pd product} {ergonomic}
    uintx NonProfiledCodeHeapSize                  = 122912730                              {pd product} {ergonomic}
   size_t OldSize                                  = 70254592                                  {product} {ergonomic}
    uintx ProfiledCodeHeapSize                     = 122912730                              {pd product} {ergonomic}
    uintx ReservedCodeCacheSize                    = 251658240                              {pd product} {ergonomic}
     bool SegmentedCodeCache                       = true                                      {product} {ergonomic}
   size_t SoftMaxHeapSize                          = 2147483648                             {manageable} {ergonomic}
     bool UseCompressedOops                        = true                           {product lp64_product} {ergonomic}
     bool UseLargePagesIndividualAllocation        = false                                  {pd product} {ergonomic}
     bool UseParallelGC                            = true                                      {product} {command line}

Logging:
Log output configuration:
 #0: stdout all=off uptime,level,tags foldmultilines=false
 #1: stderr all=off uptime,level,tags foldmultilines=false

Release file:
JAVA_VERSION="21.0.9" 
MODULES="java.base java.compiler java.datatransfer java.xml java.prefs java.desktop java.instrument java.logging java.management java.security.sasl java.naming java.rmi java.management.rmi java.net.http java.scripting java.security.jgss java.transaction.xa java.sql java.sql.rowset java.xml.crypto java.se java.smartcardio jdk.accessibility jdk.internal.jvmstat jdk.attach jdk.charsets jdk.internal.opt jdk.zipfs jdk.compiler jdk.crypto.ec jdk.crypto.cryptoki jdk.crypto.mscapi jdk.dynalink jdk.internal.ed jdk.editpad jdk.hotspot.agent jdk.httpserver jdk.internal.le jdk.internal.vm.ci jdk.internal.vm.compiler jdk.internal.vm.compiler.management jdk.jartool jdk.javadoc jdk.jcmd jdk.management jdk.management.agent jdk.jconsole jdk.jdeps jdk.jdwp.agent jdk.jdi jdk.jfr jdk.jshell jdk.jsobject jdk.jstatd jdk.localedata jdk.management.jfr jdk.naming.dns jdk.naming.rmi jdk.net jdk.nio.mapmode jdk.random jdk.sctp jdk.security.auth jdk.security.jgss jdk.unsupported jdk.unsupported.desktop jdk.xml.dom" 

Environment Variables:
PATH=C:\ProgramData\Oracle\Java\javapath;C:\Program Files\Common Files\Oracle\Java\javapath;C:\Program Files (x86)\Common Files\Oracle\Java\java8path;C:\WINDOWS\system32;C:\WINDOWS;C:\WINDOWS\System32\Wbem;C:\WINDOWS\System32\WindowsPowerShell\v1.0\;C:\WINDOWS\System32\OpenSSH\;C:\Program Files (x86)\Common Files\Intel\Shared Libraries\redist\intel64\compiler;C:\Program Files (x86)\NVIDIA Corporation\PhysX\Common;C:\Users\akbop\AppData\Local\Programs\Python\Python311\Scripts\;C:\Users\akbop\AppData\Local\Programs\Python\Python311\;C:\Users\akbop\AppData\Local\Microsoft\WindowsApps;C:\Users\akbop\AppData\Local\Programs\Microsoft VS Code\bin;C:\Program Files\nodejs\;C:\Program Files\dotnet\;C:\WINDOWS\system32;C:\WINDOWS;C:\WINDOWS\System32\Wbem;C:\WINDOWS\System32\WindowsPowerShell\v1.0\;C:\WINDOWS\System32\OpenSSH\;C:\apache-maven-3.9.11\bin;C:\Program Files\Git\cmd;C:\Users\akbop\AppData\Roaming\npm;C:\Users\akbop\AppData\Local\Pub\Cache\bin;C:\ffmpeg\ffmpeg-8.0-essentials_build\bin;;C:\Program Files\Docker\Docker\resources\bin;C:\Users\akbop\AppData\Local\Programs\Python\Python314\Scripts\;C:\Users\akbop\AppData\Local\Programs\Python\Python314\;C:\Program Files\PowerShell\7;C:\Program Files\Common Files\Oracle\Java\javapath;C:\Program Files\Eclipse Adoptium\jdk-21.0.8.9-hotspot\bin;C:\Program Files (x86)\Common Files\Oracle\Java\java8path;C:\WINDOWS\system32;C:\WINDOWS;C:\WINDOWS\System32\Wbem;C:\WINDOWS\System32\WindowsPowerShell\v1.0\;C:\WINDOWS\System32\OpenSSH\;C:\Program Files (x86)\Common Files\Intel\Shared Libraries\redist\intel64\compiler;C:\Program Files (x86)\NVIDIA Corporation\PhysX\Common;C:\Users\akbop\AppData\Local\Programs\Python\Python311\Scripts\;C:\Users\akbop\AppData\Local\Programs\Python\Python311\;C:\Users\akbop\AppData\Local\Microsoft\WindowsApps;C:\Users\akbop\AppData\Local\Programs\Microsoft VS Code\bin;C:\Program Files\nodejs\;C:\Program Files\dotnet\;C:\WINDOWS\system32;C:\WINDOWS;C:\WINDOWS\System32\Wbem;C:\WINDOWS\System32\WindowsPowerShell\v1.0\;C:\WINDOWS\System32\OpenSSH\;C:\ffmpeg\bin;C:\apache-maven-3.9.11\bin;C:\Program Files\Git\cmd;C:\Users\akbop\AppData\Roaming\npm;C:\Program Files\PowerShell\7;C:\flutter\bin\;C:;C:\Users\akbop\AppData\Local\Microsoft\WinGet\Links;C:\Users\akbop\AppData\Local\Microsoft\WinGet\Packages\yt-dlp.FFmpeg_Microsoft.Winget.Source_8wekyb3d8bbwe\ffmpeg-N-121583-g4348bde2d2-win64-gpl/bin;C:\Program Files\JetBrains\IntelliJ IDEA 2025.3.1.1\bin
USERNAME=akbop
OS=Windows_NT
PROCESSOR_IDENTIFIER=AMD64 Family 23 Model 24 Stepping 1, AuthenticAMD
TMP=C:\Users\akbop\AppData\Local\Temp
TEMP=C:\Users\akbop\AppData\Local\Temp




Periodic native trim disabled

---------------  S Y S T E M  ---------------

OS:
 Windows 11 , 64 bit Build 26100 (10.0.26100.7705)
OS uptime: 0 days 1:15 hours
Hyper-V role detected

CPU: total 4 (initial active 4) (4 cores per cpu, 2 threads per core) family 23 model 24 stepping 1 microcode 0x8108109, cx8, cmov, fxsr, ht, mmx, 3dnowpref, sse, sse2, sse3, ssse3, sse4a, sse4.1, sse4.2, popcnt, lzcnt, tsc, tscinvbit, avx, avx2, aes, clmul, bmi1, bmi2, adx, sha, fma, vzeroupper, clflush, clflushopt, hv, rdtscp, f16c
Processor Information for the first 4 processors :
  Max Mhz: 2400, Current Mhz: 2400, Mhz Limit: 2400

Memory: 4k page, system-wide physical 6020M (483M free)
TotalPageFile size 21123M (AvailPageFile size 15M)
current process WorkingSet (physical memory assigned to process): 171M, peak: 171M
current process commit charge ("private bytes"): 285M, peak: 285M

vm_info: OpenJDK 64-Bit Server VM (21.0.9+10-LTS) for windows-amd64 JRE (21.0.9+10-LTS), built on 2025-10-21T00:00:00Z by "admin" with unknown MS VC++:1942

END.
