#
# There is insufficient memory for the Java Runtime Environment to continue.
# Native memory allocation (malloc) failed to allocate 1048576 bytes. Error detail: AllocateHeap
# Possible reasons:
#   The system is out of physical RAM or swap space
#   This process is running with CompressedOops enabled, and the Java Heap may be blocking the growth of the native heap
# Possible solutions:
#   Reduce memory load on the system
#   Increase physical memory or swap space
#   Check if swap backing store is full
#   Decrease Java heap size (-Xmx/-Xms)
#   Decrease number of Java threads
#   Decrease Java thread stack sizes (-Xss)
#   Set larger code cache with -XX:ReservedCodeCacheSize=
#   JVM is running with Unscaled Compressed Oops mode in which the Java heap is
#     placed in the first 4GB address space. The Java Heap base address is the
#     maximum limit for the native heap growth. Please use -XX:HeapBaseMinAddress
#     to set the Java Heap base and to place the Java Heap above 4GB virtual address.
# This output file may be truncated or incomplete.
#
#  Out of Memory Error (allocation.cpp:44), pid=17804, tid=2308
#
# JRE version: OpenJDK Runtime Environment Temurin-21.0.9+10 (21.0.9+10) (build 21.0.9+10-LTS)
# Java VM: OpenJDK 64-Bit Server VM Temurin-21.0.9+10 (21.0.9+10-LTS, mixed mode, sharing, tiered, compressed oops, compressed class ptrs, parallel gc, windows-amd64)
# No core dump will be written. Minidumps are not enabled by default on client versions of Windows
#

---------------  S U M M A R Y ------------

Command Line: --add-modules=ALL-SYSTEM --add-opens=java.base/java.util=ALL-UNNAMED --add-opens=java.base/java.lang=ALL-UNNAMED --add-opens=java.base/sun.nio.fs=ALL-UNNAMED -Declipse.application=org.eclipse.jdt.ls.core.id1 -Dosgi.bundles.defaultStartLevel=4 -Declipse.product=org.eclipse.jdt.ls.core.product -Djava.import.generatesMetadataFilesAtProjectRoot=false -DDetectVMInstallationsJob.disabled=true -Dfile.encoding=utf8 -XX:+UseParallelGC -XX:GCTimeRatio=4 -XX:AdaptiveSizePolicyWeight=90 -Dsun.zip.disableMemoryMapping=true -Xmx2G -Xms100m -Xlog:disable -javaagent:c:\Users\akbop\.vscode\extensions\redhat.java-1.52.0-win32-x64\lombok\lombok-1.18.39-4050.jar -XX:+HeapDumpOnOutOfMemoryError -XX:HeapDumpPath=c:\Users\akbop\AppData\Roaming\Code\User\workspaceStorage\5c7d54b4b6ce7c03cd1729fc8615050d\redhat.java -Daether.dependencyCollector.impl=bf c:\Users\akbop\.vscode\extensions\redhat.java-1.52.0-win32-x64\server\plugins\org.eclipse.equinox.launcher_1.7.100.v20251111-0406.jar -configuration c:\Users\akbop\AppData\Roaming\Code\User\globalStorage\redhat.java\1.52.0\config_win -data c:\Users\akbop\AppData\Roaming\Code\User\workspaceStorage\5c7d54b4b6ce7c03cd1729fc8615050d\redhat.java\jdt_ws --pipe=\\.\pipe\lsp-45ca892d7fce00c71527f77752a29a05-sock

Host: AMD Athlon Gold 3150U with Radeon Graphics     , 4 cores, 5G,  Windows 11 , 64 bit Build 26100 (10.0.26100.7623)
Time: Wed Feb 11 14:08:44 2026 elapsed time: 745.356204 seconds (0d 0h 12m 25s)

---------------  T H R E A D  ---------------

Current thread (0x00000141a1237c20):  JavaThread "Attach Listener" daemon [_thread_in_vm, id=2308, stack(0x0000002fa4700000,0x0000002fa4800000) (1024K)]

Stack: [0x0000002fa4700000,0x0000002fa4800000]
Native frames: (J=compiled Java code, j=interpreted, Vv=VM code, C=native code)
V  [jvm.dll+0x6d6e29]
V  [jvm.dll+0x8b4b76]
V  [jvm.dll+0x8b712e]
V  [jvm.dll+0x8b7813]
V  [jvm.dll+0x283d86]
V  [jvm.dll+0xc1277]
V  [jvm.dll+0x6d76d9]
V  [jvm.dll+0x133466]
V  [jvm.dll+0x3f7ea6]
V  [jvm.dll+0x85e9ad]
V  [jvm.dll+0x6d565d]
C  [ucrtbase.dll+0x37b0]
C  [KERNEL32.DLL+0x2e8d7]
C  [ntdll.dll+0x8c53c]


---------------  P R O C E S S  ---------------

Threads class SMR info:
_java_thread_list=0x00000141e9f2c3b0, length=43, elements={
0x000001418a840260, 0x000001418a8fde30, 0x00000141a1231ed0, 0x00000141a1234e10,
0x00000141a1237c20, 0x00000141a1238670, 0x00000141a12390c0, 0x00000141a123bf00,
0x00000141a12b0d40, 0x00000141e71650f0, 0x00000141e72869d0, 0x00000141e78ade70,
0x00000141e790a3a0, 0x00000141e7890e60, 0x00000141e7879010, 0x00000141e811b590,
0x00000141e811a220, 0x00000141e83651a0, 0x00000141e8365830, 0x00000141e8365ec0,
0x00000141e8366be0, 0x00000141e9f648a0, 0x00000141e9f61ab0, 0x00000141e9f63b80,
0x00000141e9f634f0, 0x00000141e9f64f30, 0x00000141e9f662e0, 0x00000141e9f655c0,
0x00000141e9f67d20, 0x00000141e9f67000, 0x00000141e9f66970, 0x00000141e9f65c50,
0x00000141e9f68a40, 0x00000141e9f61420, 0x00000141eb9ca670, 0x00000141eb9c92c0,
0x00000141eb9cad00, 0x00000141eb9c7f10, 0x00000141eb9c9fe0, 0x00000141eb9cb390,
0x00000141eb9cc0b0, 0x00000141eb9c8c30, 0x00000141eb9cc740
}

Java Threads: ( => current thread )
  0x000001418a840260 JavaThread "main"                              [_thread_blocked, id=10080, stack(0x0000002fa4000000,0x0000002fa4100000) (1024K)]
  0x000001418a8fde30 JavaThread "Reference Handler"          daemon [_thread_blocked, id=21388, stack(0x0000002fa4400000,0x0000002fa4500000) (1024K)]
  0x00000141a1231ed0 JavaThread "Finalizer"                  daemon [_thread_blocked, id=14276, stack(0x0000002fa4500000,0x0000002fa4600000) (1024K)]
  0x00000141a1234e10 JavaThread "Signal Dispatcher"          daemon [_thread_blocked, id=15352, stack(0x0000002fa4600000,0x0000002fa4700000) (1024K)]
=>0x00000141a1237c20 JavaThread "Attach Listener"            daemon [_thread_in_vm, id=2308, stack(0x0000002fa4700000,0x0000002fa4800000) (1024K)]
  0x00000141a1238670 JavaThread "Service Thread"             daemon [_thread_blocked, id=22892, stack(0x0000002fa4800000,0x0000002fa4900000) (1024K)]
  0x00000141a12390c0 JavaThread "Monitor Deflation Thread"   daemon [_thread_blocked, id=21432, stack(0x0000002fa4900000,0x0000002fa4a00000) (1024K)]
  0x00000141a123bf00 JavaThread "C2 CompilerThread0"         daemon [_thread_blocked, id=10516, stack(0x0000002fa4a00000,0x0000002fa4b00000) (1024K)]
  0x00000141a12b0d40 JavaThread "C1 CompilerThread0"         daemon [_thread_blocked, id=20420, stack(0x0000002fa4b00000,0x0000002fa4c00000) (1024K)]
  0x00000141e71650f0 JavaThread "Common-Cleaner"             daemon [_thread_blocked, id=15280, stack(0x0000002fa4c00000,0x0000002fa4d00000) (1024K)]
  0x00000141e72869d0 JavaThread "Notification Thread"        daemon [_thread_blocked, id=1800, stack(0x0000002fa4e00000,0x0000002fa4f00000) (1024K)]
  0x00000141e78ade70 JavaThread "Active Thread: Equinox Container: c3aa6569-1475-4d24-b166-4a6def79760f"        [_thread_blocked, id=11320, stack(0x0000002fa5200000,0x0000002fa5300000) (1024K)]
  0x00000141e790a3a0 JavaThread "Refresh Thread: Equinox Container: c3aa6569-1475-4d24-b166-4a6def79760f" daemon [_thread_blocked, id=11864, stack(0x0000002fa5300000,0x0000002fa5400000) (1024K)]
  0x00000141e7890e60 JavaThread "Framework Event Dispatcher: Equinox Container: c3aa6569-1475-4d24-b166-4a6def79760f" daemon [_thread_blocked, id=12452, stack(0x0000002fa5400000,0x0000002fa5500000) (1024K)]
  0x00000141e7879010 JavaThread "Start Level: Equinox Container: c3aa6569-1475-4d24-b166-4a6def79760f" daemon [_thread_blocked, id=19136, stack(0x0000002fa5500000,0x0000002fa5600000) (1024K)]
  0x00000141e811b590 JavaThread "Bundle File Closer"         daemon [_thread_blocked, id=15620, stack(0x0000002fa5600000,0x0000002fa5700000) (1024K)]
  0x00000141e811a220 JavaThread "SCR Component Actor"        daemon [_thread_blocked, id=18624, stack(0x0000002fa5700000,0x0000002fa5800000) (1024K)]
  0x00000141e83651a0 JavaThread "Worker-JM"                         [_thread_blocked, id=2788, stack(0x0000002fa5800000,0x0000002fa5900000) (1024K)]
  0x00000141e8365830 JavaThread "JNA Cleaner"                daemon [_thread_blocked, id=11868, stack(0x0000002fa5900000,0x0000002fa5a00000) (1024K)]
  0x00000141e8365ec0 JavaThread "Worker-1"                          [_thread_blocked, id=22772, stack(0x0000002fa5b00000,0x0000002fa5c00000) (1024K)]
  0x00000141e8366be0 JavaThread "Worker-4"                          [_thread_blocked, id=16640, stack(0x0000002fa6000000,0x0000002fa6100000) (1024K)]
  0x00000141e9f648a0 JavaThread "Timer-0"                           [_thread_blocked, id=22656, stack(0x0000002fa6400000,0x0000002fa6500000) (1024K)]
  0x00000141e9f61ab0 JavaThread "Java indexing"              daemon [_thread_blocked, id=19260, stack(0x0000002fa6500000,0x0000002fa6600000) (1024K)]
  0x00000141e9f63b80 JavaThread "Timer-1"                           [_thread_blocked, id=18428, stack(0x0000002fa6600000,0x0000002fa6700000) (1024K)]
  0x00000141e9f634f0 JavaThread "Thread-4"                   daemon [_thread_in_native, id=13492, stack(0x0000002fa6800000,0x0000002fa6900000) (1024K)]
  0x00000141e9f64f30 JavaThread "Thread-5"                   daemon [_thread_in_native, id=15496, stack(0x0000002fa6900000,0x0000002fa6a00000) (1024K)]
  0x00000141e9f662e0 JavaThread "Thread-6"                   daemon [_thread_in_native, id=23220, stack(0x0000002fa6a00000,0x0000002fa6b00000) (1024K)]
  0x00000141e9f655c0 JavaThread "Thread-7"                   daemon [_thread_in_native, id=20492, stack(0x0000002fa6b00000,0x0000002fa6c00000) (1024K)]
  0x00000141e9f67d20 JavaThread "Thread-8"                   daemon [_thread_in_native, id=17208, stack(0x0000002fa6c00000,0x0000002fa6d00000) (1024K)]
  0x00000141e9f67000 JavaThread "pool-2-thread-1"                   [_thread_blocked, id=11364, stack(0x0000002fa6d00000,0x0000002fa6e00000) (1024K)]
  0x00000141e9f66970 JavaThread "WorkspaceEventsHandler"            [_thread_blocked, id=8928, stack(0x0000002fa6e00000,0x0000002fa6f00000) (1024K)]
  0x00000141e9f65c50 JavaThread "pool-1-thread-1"                   [_thread_blocked, id=14588, stack(0x0000002fa6f00000,0x0000002fa7000000) (1024K)]
  0x00000141e9f68a40 JavaThread "Timer-2"                           [_thread_blocked, id=18212, stack(0x0000002fa7000000,0x0000002fa7100000) (1024K)]
  0x00000141e9f61420 JavaThread "Timer-3"                           [_thread_blocked, id=22956, stack(0x0000002fa6700000,0x0000002fa6800000) (1024K)]
  0x00000141eb9ca670 JavaThread "Timer-4"                           [_thread_blocked, id=5636, stack(0x0000002fa7100000,0x0000002fa7200000) (1024K)]
  0x00000141eb9c92c0 JavaThread "Timer-5"                           [_thread_blocked, id=21372, stack(0x0000002fa7300000,0x0000002fa7400000) (1024K)]
  0x00000141eb9cad00 JavaThread "Timer-6"                           [_thread_blocked, id=15908, stack(0x0000002fa7200000,0x0000002fa7300000) (1024K)]
  0x00000141eb9c7f10 JavaThread "Timer-7"                           [_thread_blocked, id=8016, stack(0x0000002fa7500000,0x0000002fa7600000) (1024K)]
  0x00000141eb9c9fe0 JavaThread "Timer-8"                           [_thread_blocked, id=12376, stack(0x0000002fa6200000,0x0000002fa6300000) (1024K)]
  0x00000141eb9cb390 JavaThread "Timer-9"                           [_thread_blocked, id=3384, stack(0x0000002fa7600000,0x0000002fa7700000) (1024K)]
  0x00000141eb9cc0b0 JavaThread "Timer-10"                          [_thread_blocked, id=13936, stack(0x0000002fa7700000,0x0000002fa7800000) (1024K)]
  0x00000141eb9c8c30 JavaThread "Timer-11"                          [_thread_blocked, id=15176, stack(0x0000002fa7900000,0x0000002fa7a00000) (1024K)]
  0x00000141eb9cc740 JavaThread "Timer-12"                          [_thread_blocked, id=19900, stack(0x0000002fa7b00000,0x0000002fa7c00000) (1024K)]
Total: 43

Other Threads:
  0x00000141a122f160 VMThread "VM Thread"                           [id=16776, stack(0x0000002fa4300000,0x0000002fa4400000) (1024K)]
  0x00000141a11cca00 WatcherThread "VM Periodic Task Thread"        [id=7380, stack(0x0000002fa4200000,0x0000002fa4300000) (1024K)]
  0x000001418a85eac0 WorkerThread "GC Thread#0"                     [id=22220, stack(0x0000002fa4100000,0x0000002fa4200000) (1024K)]
  0x00000141e7637ca0 WorkerThread "GC Thread#1"                     [id=19468, stack(0x0000002fa4f00000,0x0000002fa5000000) (1024K)]
  0x00000141e72d1e90 WorkerThread "GC Thread#2"                     [id=8240, stack(0x0000002fa5000000,0x0000002fa5100000) (1024K)]
  0x00000141e72d9090 WorkerThread "GC Thread#3"                     [id=3788, stack(0x0000002fa5100000,0x0000002fa5200000) (1024K)]
Total: 6

Threads with active compile tasks:
Total: 0

VM state: not at safepoint (normal execution)

VM Mutex/Monitor currently owned by a thread: None

Heap address: 0x0000000080000000, size: 2048 MB, Compressed Oops mode: 32-bit

CDS archive(s) mapped at: [0x00000141a2000000-0x00000141a2ba0000-0x00000141a2ba0000), size 12189696, SharedBaseAddress: 0x00000141a2000000, ArchiveRelocationMode: 1.
Compressed class space mapped at: 0x00000141a3000000-0x00000141e3000000, reserved size: 1073741824
Narrow klass base: 0x00000141a2000000, Narrow klass shift: 0, Narrow klass range: 0x100000000

GC Precious Log:
 CardTable entry size: 512
 CPUs: 4 total, 4 available
 Memory: 6020M
 Large Page Support: Disabled
 NUMA Support: Disabled
 Compressed Oops: Enabled (32-bit)
 Alignments: Space 512K, Generation 512K, Heap 2M
 Heap Min Capacity: 100M
 Heap Initial Capacity: 100M
 Heap Max Capacity: 2G
 Pre-touch: Disabled
 Parallel Workers: 4

Heap:
 PSYoungGen      total 16896K, used 11399K [0x00000000d5580000, 0x00000000d6a80000, 0x0000000100000000)
  eden space 16384K, 68% used [0x00000000d5580000,0x00000000d6089cc0,0x00000000d6580000)
  from space 512K, 18% used [0x00000000d6a00000,0x00000000d6a18000,0x00000000d6a80000)
  to   space 512K, 0% used [0x00000000d6980000,0x00000000d6980000,0x00000000d6a00000)
 ParOldGen       total 68608K, used 46575K [0x0000000080000000, 0x0000000084300000, 0x00000000d5580000)
  object space 68608K, 67% used [0x0000000080000000,0x0000000082d7bf10,0x0000000084300000)
 Metaspace       used 65078K, committed 66624K, reserved 1114112K
  class space    used 8192K, committed 8896K, reserved 1048576K

Card table byte_map: [0x000001418a1f0000,0x000001418a600000] _byte_map_base: 0x0000014189df0000

Marking Bits: (ParMarkBitMap*) 0x00007ff9d83d2460
 Begin Bits: [0x000001419ccf0000, 0x000001419ecf0000)
 End Bits:   [0x000001419ecf0000, 0x00000141a0cf0000)

Polling page: 0x0000014188a30000

Metaspace:

Usage:
  Non-class:     55.55 MB used.
      Class:      8.00 MB used.
       Both:     63.55 MB used.

Virtual space:
  Non-class space:       64.00 MB reserved,      56.38 MB ( 88%) committed,  1 nodes.
      Class space:        1.00 GB reserved,       8.69 MB ( <1%) committed,  1 nodes.
             Both:        1.06 GB reserved,      65.06 MB (  6%) committed. 

Chunk freelists:
   Non-Class:  6.98 MB
       Class:  7.16 MB
        Both:  14.14 MB

MaxMetaspaceSize: unlimited
CompressedClassSpaceSize: 1.00 GB
Initial GC threshold: 21.00 MB
Current GC threshold: 97.31 MB
CDS: on
 - commit_granule_bytes: 65536.
 - commit_granule_words: 8192.
 - virtual_space_node_default_size: 8388608.
 - enlarge_chunks_in_place: 1.
 - use_allocation_guard: 0.


Internal statistics:

num_allocs_failed_limit: 9.
num_arena_births: 1288.
num_arena_deaths: 26.
num_vsnodes_births: 2.
num_vsnodes_deaths: 0.
num_space_committed: 1041.
num_space_uncommitted: 0.
num_chunks_returned_to_freelist: 38.
num_chunks_taken_from_freelist: 4348.
num_chunk_merges: 13.
num_chunk_splits: 2671.
num_chunks_enlarged: 1489.
num_inconsistent_stats: 0.

CodeHeap 'non-profiled nmethods': size=120000Kb used=5883Kb max_used=5883Kb free=114116Kb
 bounds [0x0000014195510000, 0x0000014195ad0000, 0x000001419ca40000]
CodeHeap 'profiled nmethods': size=120000Kb used=16338Kb max_used=16338Kb free=103661Kb
 bounds [0x000001418da40000, 0x000001418ea40000, 0x0000014194f70000]
CodeHeap 'non-nmethods': size=5760Kb used=1386Kb max_used=1440Kb free=4373Kb
 bounds [0x0000014194f70000, 0x00000141951e0000, 0x0000014195510000]
CodeCache: size=245760Kb, used=23607Kb, max_used=23661Kb, free=222150Kb
 total_blobs=8622, nmethods=7931, adapters=597, full_count=0
Compilation: enabled, stopped_count=0, restarted_count=0

Compilation events (20 events):
Event: 306.500 Thread 0x00000141a123bf00 nmethod 8636 0x0000014195acb210 code [0x0000014195acb3a0, 0x0000014195acb450]
Event: 306.500 Thread 0x00000141a12b0d40 nmethod 8638 0x000001418ea33010 code [0x000001418ea331c0, 0x000001418ea333a8]
Event: 306.504 Thread 0x00000141a12b0d40 8639       3       java.util.concurrent.atomic.AtomicLong::updateAndGet (59 bytes)
Event: 306.505 Thread 0x00000141a12b0d40 nmethod 8639 0x000001418ea33490 code [0x000001418ea33680, 0x000001418ea33b88]
Event: 306.574 Thread 0x00000141a123bf00 8640       4       java.util.HashMap::putIfAbsent (13 bytes)
Event: 306.608 Thread 0x00000141a123bf00 nmethod 8640 0x0000014195acb510 code [0x0000014195acb720, 0x0000014195acbdb0]
Event: 308.094 Thread 0x00000141a123bf00 8641       4       java.util.ArrayList$SubList::iterator (5 bytes)
Event: 308.100 Thread 0x00000141a123bf00 nmethod 8641 0x0000014195acc310 code [0x0000014195acc4a0, 0x0000014195acc620]
Event: 308.100 Thread 0x00000141a123bf00 8642       4       java.util.ArrayList$SubList$1::<init> (39 bytes)
Event: 308.102 Thread 0x00000141a123bf00 nmethod 8642 0x0000014195acc790 code [0x0000014195acc920, 0x0000014195acc9f0]
Event: 308.362 Thread 0x00000141a123bf00 8643       4       java.lang.invoke.Invokers$Holder::linkToTargetMethod (10 bytes)
Event: 308.363 Thread 0x00000141a123bf00 nmethod 8643 0x0000014195acca90 code [0x0000014195accc20, 0x0000014195accd20]
Event: 308.408 Thread 0x00000141a12b0d40 8644       3       org.eclipse.core.internal.dtree.NoDataDeltaNode::<init> (7 bytes)
Event: 308.408 Thread 0x00000141a12b0d40 nmethod 8644 0x000001418ea33e10 code [0x000001418ea33fc0, 0x000001418ea34280]
Event: 308.442 Thread 0x00000141a123bf00 8647       4       java.io.DataOutputStream::writeInt (28 bytes)
Event: 308.468 Thread 0x00000141a12b0d40 8648   !   3       java.io.FileInputStream::read (32 bytes)
Event: 308.469 Thread 0x00000141a12b0d40 nmethod 8648 0x000001418ea34390 code [0x000001418ea34560, 0x000001418ea34788]
Event: 308.491 Thread 0x00000141a123bf00 nmethod 8647 0x0000014195acd410 code [0x0000014195acd660, 0x0000014195acde10]
Event: 308.653 Thread 0x00000141a12b0d40 8649       1       org.eclipse.lsp4j.WindowClientCapabilities::getWorkDoneProgress (5 bytes)
Event: 308.654 Thread 0x00000141a12b0d40 nmethod 8649 0x0000014195ace610 code [0x0000014195ace7a0, 0x0000014195ace868]

GC Heap History (20 events):
Event: 46.067 GC heap before
{Heap before GC invocations=62 (full 3):
 PSYoungGen      total 16896K, used 16808K [0x00000000d5580000, 0x00000000d6a80000, 0x0000000100000000)
  eden space 16384K, 100% used [0x00000000d5580000,0x00000000d6580000,0x00000000d6580000)
  from space 512K, 82% used [0x00000000d6a00000,0x00000000d6a6a1b8,0x00000000d6a80000)
  to   space 512K, 0% used [0x00000000d6980000,0x00000000d6980000,0x00000000d6a00000)
 ParOldGen       total 68608K, used 45586K [0x0000000080000000, 0x0000000084300000, 0x00000000d5580000)
  object space 68608K, 66% used [0x0000000080000000,0x0000000082c84998,0x0000000084300000)
 Metaspace       used 63852K, committed 65408K, reserved 1114112K
  class space    used 8054K, committed 8704K, reserved 1048576K
}
Event: 46.069 GC heap after
{Heap after GC invocations=62 (full 3):
 PSYoungGen      total 16896K, used 96K [0x00000000d5580000, 0x00000000d6a80000, 0x0000000100000000)
  eden space 16384K, 0% used [0x00000000d5580000,0x00000000d5580000,0x00000000d6580000)
  from space 512K, 18% used [0x00000000d6980000,0x00000000d6998000,0x00000000d6a00000)
  to   space 512K, 0% used [0x00000000d6a00000,0x00000000d6a00000,0x00000000d6a80000)
 ParOldGen       total 68608K, used 45936K [0x0000000080000000, 0x0000000084300000, 0x00000000d5580000)
  object space 68608K, 66% used [0x0000000080000000,0x0000000082cdc298,0x0000000084300000)
 Metaspace       used 63852K, committed 65408K, reserved 1114112K
  class space    used 8054K, committed 8704K, reserved 1048576K
}
Event: 46.166 GC heap before
{Heap before GC invocations=63 (full 3):
 PSYoungGen      total 16896K, used 16480K [0x00000000d5580000, 0x00000000d6a80000, 0x0000000100000000)
  eden space 16384K, 100% used [0x00000000d5580000,0x00000000d6580000,0x00000000d6580000)
  from space 512K, 18% used [0x00000000d6980000,0x00000000d6998000,0x00000000d6a00000)
  to   space 512K, 0% used [0x00000000d6a00000,0x00000000d6a00000,0x00000000d6a80000)
 ParOldGen       total 68608K, used 45936K [0x0000000080000000, 0x0000000084300000, 0x00000000d5580000)
  object space 68608K, 66% used [0x0000000080000000,0x0000000082cdc298,0x0000000084300000)
 Metaspace       used 63852K, committed 65408K, reserved 1114112K
  class space    used 8054K, committed 8704K, reserved 1048576K
}
Event: 46.167 GC heap after
{Heap after GC invocations=63 (full 3):
 PSYoungGen      total 16896K, used 96K [0x00000000d5580000, 0x00000000d6a80000, 0x0000000100000000)
  eden space 16384K, 0% used [0x00000000d5580000,0x00000000d5580000,0x00000000d6580000)
  from space 512K, 18% used [0x00000000d6a00000,0x00000000d6a18000,0x00000000d6a80000)
  to   space 512K, 0% used [0x00000000d6980000,0x00000000d6980000,0x00000000d6a00000)
 ParOldGen       total 68608K, used 45968K [0x0000000080000000, 0x0000000084300000, 0x00000000d5580000)
  object space 68608K, 67% used [0x0000000080000000,0x0000000082ce4298,0x0000000084300000)
 Metaspace       used 63852K, committed 65408K, reserved 1114112K
  class space    used 8054K, committed 8704K, reserved 1048576K
}
Event: 46.341 GC heap before
{Heap before GC invocations=64 (full 3):
 PSYoungGen      total 16896K, used 16480K [0x00000000d5580000, 0x00000000d6a80000, 0x0000000100000000)
  eden space 16384K, 100% used [0x00000000d5580000,0x00000000d6580000,0x00000000d6580000)
  from space 512K, 18% used [0x00000000d6a00000,0x00000000d6a18000,0x00000000d6a80000)
  to   space 512K, 0% used [0x00000000d6980000,0x00000000d6980000,0x00000000d6a00000)
 ParOldGen       total 68608K, used 45968K [0x0000000080000000, 0x0000000084300000, 0x00000000d5580000)
  object space 68608K, 67% used [0x0000000080000000,0x0000000082ce4298,0x0000000084300000)
 Metaspace       used 63854K, committed 65408K, reserved 1114112K
  class space    used 8054K, committed 8704K, reserved 1048576K
}
Event: 46.343 GC heap after
{Heap after GC invocations=64 (full 3):
 PSYoungGen      total 16896K, used 64K [0x00000000d5580000, 0x00000000d6a80000, 0x0000000100000000)
  eden space 16384K, 0% used [0x00000000d5580000,0x00000000d5580000,0x00000000d6580000)
  from space 512K, 12% used [0x00000000d6980000,0x00000000d6990000,0x00000000d6a00000)
  to   space 512K, 0% used [0x00000000d6a00000,0x00000000d6a00000,0x00000000d6a80000)
 ParOldGen       total 68608K, used 45968K [0x0000000080000000, 0x0000000084300000, 0x00000000d5580000)
  object space 68608K, 67% used [0x0000000080000000,0x0000000082ce4298,0x0000000084300000)
 Metaspace       used 63854K, committed 65408K, reserved 1114112K
  class space    used 8054K, committed 8704K, reserved 1048576K
}
Event: 46.543 GC heap before
{Heap before GC invocations=65 (full 3):
 PSYoungGen      total 16896K, used 16448K [0x00000000d5580000, 0x00000000d6a80000, 0x0000000100000000)
  eden space 16384K, 100% used [0x00000000d5580000,0x00000000d6580000,0x00000000d6580000)
  from space 512K, 12% used [0x00000000d6980000,0x00000000d6990000,0x00000000d6a00000)
  to   space 512K, 0% used [0x00000000d6a00000,0x00000000d6a00000,0x00000000d6a80000)
 ParOldGen       total 68608K, used 45968K [0x0000000080000000, 0x0000000084300000, 0x00000000d5580000)
  object space 68608K, 67% used [0x0000000080000000,0x0000000082ce4298,0x0000000084300000)
 Metaspace       used 63854K, committed 65408K, reserved 1114112K
  class space    used 8054K, committed 8704K, reserved 1048576K
}
Event: 46.545 GC heap after
{Heap after GC invocations=65 (full 3):
 PSYoungGen      total 16896K, used 96K [0x00000000d5580000, 0x00000000d6a80000, 0x0000000100000000)
  eden space 16384K, 0% used [0x00000000d5580000,0x00000000d5580000,0x00000000d6580000)
  from space 512K, 18% used [0x00000000d6a00000,0x00000000d6a18000,0x00000000d6a80000)
  to   space 512K, 0% used [0x00000000d6980000,0x00000000d6980000,0x00000000d6a00000)
 ParOldGen       total 68608K, used 45984K [0x0000000080000000, 0x0000000084300000, 0x00000000d5580000)
  object space 68608K, 67% used [0x0000000080000000,0x0000000082ce8298,0x0000000084300000)
 Metaspace       used 63854K, committed 65408K, reserved 1114112K
  class space    used 8054K, committed 8704K, reserved 1048576K
}
Event: 47.825 GC heap before
{Heap before GC invocations=66 (full 3):
 PSYoungGen      total 16896K, used 16479K [0x00000000d5580000, 0x00000000d6a80000, 0x0000000100000000)
  eden space 16384K, 99% used [0x00000000d5580000,0x00000000d657fff0,0x00000000d6580000)
  from space 512K, 18% used [0x00000000d6a00000,0x00000000d6a18000,0x00000000d6a80000)
  to   space 512K, 0% used [0x00000000d6980000,0x00000000d6980000,0x00000000d6a00000)
 ParOldGen       total 68608K, used 45984K [0x0000000080000000, 0x0000000084300000, 0x00000000d5580000)
  object space 68608K, 67% used [0x0000000080000000,0x0000000082ce8298,0x0000000084300000)
 Metaspace       used 64082K, committed 65600K, reserved 1114112K
  class space    used 8075K, committed 8704K, reserved 1048576K
}
Event: 47.827 GC heap after
{Heap after GC invocations=66 (full 3):
 PSYoungGen      total 16896K, used 442K [0x00000000d5580000, 0x00000000d6a80000, 0x0000000100000000)
  eden space 16384K, 0% used [0x00000000d5580000,0x00000000d5580000,0x00000000d6580000)
  from space 512K, 86% used [0x00000000d6980000,0x00000000d69ee980,0x00000000d6a00000)
  to   space 512K, 0% used [0x00000000d6a00000,0x00000000d6a00000,0x00000000d6a80000)
 ParOldGen       total 68608K, used 45992K [0x0000000080000000, 0x0000000084300000, 0x00000000d5580000)
  object space 68608K, 67% used [0x0000000080000000,0x0000000082cea298,0x0000000084300000)
 Metaspace       used 64082K, committed 65600K, reserved 1114112K
  class space    used 8075K, committed 8704K, reserved 1048576K
}
Event: 49.056 GC heap before
{Heap before GC invocations=67 (full 3):
 PSYoungGen      total 16896K, used 16826K [0x00000000d5580000, 0x00000000d6a80000, 0x0000000100000000)
  eden space 16384K, 100% used [0x00000000d5580000,0x00000000d6580000,0x00000000d6580000)
  from space 512K, 86% used [0x00000000d6980000,0x00000000d69ee980,0x00000000d6a00000)
  to   space 512K, 0% used [0x00000000d6a00000,0x00000000d6a00000,0x00000000d6a80000)
 ParOldGen       total 68608K, used 45992K [0x0000000080000000, 0x0000000084300000, 0x00000000d5580000)
  object space 68608K, 67% used [0x0000000080000000,0x0000000082cea298,0x0000000084300000)
 Metaspace       used 64231K, committed 65664K, reserved 1114112K
  class space    used 8087K, committed 8704K, reserved 1048576K
}
Event: 49.058 GC heap after
{Heap after GC invocations=67 (full 3):
 PSYoungGen      total 16896K, used 224K [0x00000000d5580000, 0x00000000d6a80000, 0x0000000100000000)
  eden space 16384K, 0% used [0x00000000d5580000,0x00000000d5580000,0x00000000d6580000)
  from space 512K, 43% used [0x00000000d6a00000,0x00000000d6a38000,0x00000000d6a80000)
  to   space 512K, 0% used [0x00000000d6980000,0x00000000d6980000,0x00000000d6a00000)
 ParOldGen       total 68608K, used 46371K [0x0000000080000000, 0x0000000084300000, 0x00000000d5580000)
  object space 68608K, 67% used [0x0000000080000000,0x0000000082d48ee0,0x0000000084300000)
 Metaspace       used 64231K, committed 65664K, reserved 1114112K
  class space    used 8087K, committed 8704K, reserved 1048576K
}
Event: 49.582 GC heap before
{Heap before GC invocations=68 (full 3):
 PSYoungGen      total 16896K, used 16608K [0x00000000d5580000, 0x00000000d6a80000, 0x0000000100000000)
  eden space 16384K, 100% used [0x00000000d5580000,0x00000000d6580000,0x00000000d6580000)
  from space 512K, 43% used [0x00000000d6a00000,0x00000000d6a38000,0x00000000d6a80000)
  to   space 512K, 0% used [0x00000000d6980000,0x00000000d6980000,0x00000000d6a00000)
 ParOldGen       total 68608K, used 46371K [0x0000000080000000, 0x0000000084300000, 0x00000000d5580000)
  object space 68608K, 67% used [0x0000000080000000,0x0000000082d48ee0,0x0000000084300000)
 Metaspace       used 64244K, committed 65728K, reserved 1114112K
  class space    used 8087K, committed 8704K, reserved 1048576K
}
Event: 49.584 GC heap after
{Heap after GC invocations=68 (full 3):
 PSYoungGen      total 16896K, used 96K [0x00000000d5580000, 0x00000000d6a80000, 0x0000000100000000)
  eden space 16384K, 0% used [0x00000000d5580000,0x00000000d5580000,0x00000000d6580000)
  from space 512K, 18% used [0x00000000d6980000,0x00000000d6998000,0x00000000d6a00000)
  to   space 512K, 0% used [0x00000000d6a00000,0x00000000d6a00000,0x00000000d6a80000)
 ParOldGen       total 68608K, used 46527K [0x0000000080000000, 0x0000000084300000, 0x00000000d5580000)
  object space 68608K, 67% used [0x0000000080000000,0x0000000082d6ff10,0x0000000084300000)
 Metaspace       used 64244K, committed 65728K, reserved 1114112K
  class space    used 8087K, committed 8704K, reserved 1048576K
}
Event: 49.813 GC heap before
{Heap before GC invocations=69 (full 3):
 PSYoungGen      total 16896K, used 16480K [0x00000000d5580000, 0x00000000d6a80000, 0x0000000100000000)
  eden space 16384K, 100% used [0x00000000d5580000,0x00000000d6580000,0x00000000d6580000)
  from space 512K, 18% used [0x00000000d6980000,0x00000000d6998000,0x00000000d6a00000)
  to   space 512K, 0% used [0x00000000d6a00000,0x00000000d6a00000,0x00000000d6a80000)
 ParOldGen       total 68608K, used 46527K [0x0000000080000000, 0x0000000084300000, 0x00000000d5580000)
  object space 68608K, 67% used [0x0000000080000000,0x0000000082d6ff10,0x0000000084300000)
 Metaspace       used 64244K, committed 65728K, reserved 1114112K
  class space    used 8087K, committed 8704K, reserved 1048576K
}
Event: 49.815 GC heap after
{Heap after GC invocations=69 (full 3):
 PSYoungGen      total 16896K, used 96K [0x00000000d5580000, 0x00000000d6a80000, 0x0000000100000000)
  eden space 16384K, 0% used [0x00000000d5580000,0x00000000d5580000,0x00000000d6580000)
  from space 512K, 18% used [0x00000000d6a00000,0x00000000d6a18000,0x00000000d6a80000)
  to   space 512K, 0% used [0x00000000d6980000,0x00000000d6980000,0x00000000d6a00000)
 ParOldGen       total 68608K, used 46551K [0x0000000080000000, 0x0000000084300000, 0x00000000d5580000)
  object space 68608K, 67% used [0x0000000080000000,0x0000000082d75f10,0x0000000084300000)
 Metaspace       used 64244K, committed 65728K, reserved 1114112K
  class space    used 8087K, committed 8704K, reserved 1048576K
}
Event: 50.229 GC heap before
{Heap before GC invocations=70 (full 3):
 PSYoungGen      total 16896K, used 16480K [0x00000000d5580000, 0x00000000d6a80000, 0x0000000100000000)
  eden space 16384K, 100% used [0x00000000d5580000,0x00000000d6580000,0x00000000d6580000)
  from space 512K, 18% used [0x00000000d6a00000,0x00000000d6a18000,0x00000000d6a80000)
  to   space 512K, 0% used [0x00000000d6980000,0x00000000d6980000,0x00000000d6a00000)
 ParOldGen       total 68608K, used 46551K [0x0000000080000000, 0x0000000084300000, 0x00000000d5580000)
  object space 68608K, 67% used [0x0000000080000000,0x0000000082d75f10,0x0000000084300000)
 Metaspace       used 64244K, committed 65728K, reserved 1114112K
  class space    used 8087K, committed 8704K, reserved 1048576K
}
Event: 50.230 GC heap after
{Heap after GC invocations=70 (full 3):
 PSYoungGen      total 16896K, used 128K [0x00000000d5580000, 0x00000000d6a80000, 0x0000000100000000)
  eden space 16384K, 0% used [0x00000000d5580000,0x00000000d5580000,0x00000000d6580000)
  from space 512K, 25% used [0x00000000d6980000,0x00000000d69a0000,0x00000000d6a00000)
  to   space 512K, 0% used [0x00000000d6a00000,0x00000000d6a00000,0x00000000d6a80000)
 ParOldGen       total 68608K, used 46551K [0x0000000080000000, 0x0000000084300000, 0x00000000d5580000)
  object space 68608K, 67% used [0x0000000080000000,0x0000000082d75f10,0x0000000084300000)
 Metaspace       used 64244K, committed 65728K, reserved 1114112K
  class space    used 8087K, committed 8704K, reserved 1048576K
}
Event: 50.571 GC heap before
{Heap before GC invocations=71 (full 3):
 PSYoungGen      total 16896K, used 16512K [0x00000000d5580000, 0x00000000d6a80000, 0x0000000100000000)
  eden space 16384K, 100% used [0x00000000d5580000,0x00000000d6580000,0x00000000d6580000)
  from space 512K, 25% used [0x00000000d6980000,0x00000000d69a0000,0x00000000d6a00000)
  to   space 512K, 0% used [0x00000000d6a00000,0x00000000d6a00000,0x00000000d6a80000)
 ParOldGen       total 68608K, used 46551K [0x0000000080000000, 0x0000000084300000, 0x00000000d5580000)
  object space 68608K, 67% used [0x0000000080000000,0x0000000082d75f10,0x0000000084300000)
 Metaspace       used 64248K, committed 65728K, reserved 1114112K
  class space    used 8087K, committed 8704K, reserved 1048576K
}
Event: 50.572 GC heap after
{Heap after GC invocations=71 (full 3):
 PSYoungGen      total 16896K, used 96K [0x00000000d5580000, 0x00000000d6a80000, 0x0000000100000000)
  eden space 16384K, 0% used [0x00000000d5580000,0x00000000d5580000,0x00000000d6580000)
  from space 512K, 18% used [0x00000000d6a00000,0x00000000d6a18000,0x00000000d6a80000)
  to   space 512K, 0% used [0x00000000d6980000,0x00000000d6980000,0x00000000d6a00000)
 ParOldGen       total 68608K, used 46575K [0x0000000080000000, 0x0000000084300000, 0x00000000d5580000)
  object space 68608K, 67% used [0x0000000080000000,0x0000000082d7bf10,0x0000000084300000)
 Metaspace       used 64248K, committed 65728K, reserved 1114112K
  class space    used 8087K, committed 8704K, reserved 1048576K
}

Dll operation events (15 events):
Event: 0.029 Loaded shared library c:\Users\akbop\.vscode\extensions\redhat.java-1.52.0-win32-x64\jre\21.0.9-win32-x86_64\bin\java.dll
Event: 0.097 Loaded shared library c:\Users\akbop\.vscode\extensions\redhat.java-1.52.0-win32-x64\jre\21.0.9-win32-x86_64\bin\zip.dll
Event: 0.231 Loaded shared library C:\Users\akbop\.vscode\extensions\redhat.java-1.52.0-win32-x64\jre\21.0.9-win32-x86_64\bin\instrument.dll
Event: 0.241 Loaded shared library C:\Users\akbop\.vscode\extensions\redhat.java-1.52.0-win32-x64\jre\21.0.9-win32-x86_64\bin\net.dll
Event: 0.246 Loaded shared library C:\Users\akbop\.vscode\extensions\redhat.java-1.52.0-win32-x64\jre\21.0.9-win32-x86_64\bin\nio.dll
Event: 0.251 Loaded shared library C:\Users\akbop\.vscode\extensions\redhat.java-1.52.0-win32-x64\jre\21.0.9-win32-x86_64\bin\zip.dll
Event: 0.306 Loaded shared library C:\Users\akbop\.vscode\extensions\redhat.java-1.52.0-win32-x64\jre\21.0.9-win32-x86_64\bin\jimage.dll
Event: 0.678 Loaded shared library c:\Users\akbop\.vscode\extensions\redhat.java-1.52.0-win32-x64\jre\21.0.9-win32-x86_64\bin\verify.dll
Event: 3.123 Loaded shared library C:\Users\akbop\AppData\Roaming\Code\User\globalStorage\redhat.java\1.52.0\config_win\org.eclipse.equinox.launcher\org.eclipse.equinox.launcher.win32.win32.x86_64_1.2.1500.v20260121-1430\eclipse_11919.dll
Event: 6.326 Loaded shared library C:\Users\akbop\AppData\Local\Temp\jna-92866905\jna15809411729335665074.dll
Event: 12.065 Loaded shared library C:\Users\akbop\.gradle\native\1def1411415f61bf3af743bc5b6707747c0891f09f0c88961ee8f79bc544acac\windows-amd64\native-platform.dll
Event: 16.597 Loaded shared library C:\Users\akbop\.vscode\extensions\redhat.java-1.52.0-win32-x64\jre\21.0.9-win32-x86_64\bin\management.dll
Event: 16.604 Loaded shared library C:\Users\akbop\.vscode\extensions\redhat.java-1.52.0-win32-x64\jre\21.0.9-win32-x86_64\bin\management_ext.dll
Event: 21.184 Loaded shared library C:\Users\akbop\.vscode\extensions\redhat.java-1.52.0-win32-x64\jre\21.0.9-win32-x86_64\bin\extnet.dll
Event: 21.270 Loaded shared library C:\Users\akbop\.vscode\extensions\redhat.java-1.52.0-win32-x64\jre\21.0.9-win32-x86_64\bin\sunmscapi.dll

Deoptimization events (20 events):
Event: 308.409 Thread 0x00000141e8366be0 Uncommon trap: trap_request=0xffffffc6 fr.pc=0x00000141959c1654 relative=0x0000000000000754
Event: 308.409 Thread 0x00000141e8366be0 Uncommon trap: reason=bimorphic_or_optimized_type_check action=maybe_recompile pc=0x00000141959c1654 method=java.io.DataOutputStream.writeInt(I)V @ 19 c2
Event: 308.409 Thread 0x00000141e8366be0 DEOPT PACKING pc=0x00000141959c1654 sp=0x0000002fa60feaf0
Event: 308.409 Thread 0x00000141e8366be0 DEOPT UNPACKING pc=0x0000014194fc3aa2 sp=0x0000002fa60feac8 mode 2
Event: 308.439 Thread 0x00000141e8366be0 Uncommon trap: trap_request=0xffffff45 fr.pc=0x00000141959bc780 relative=0x0000000000000360
Event: 308.439 Thread 0x00000141e8366be0 Uncommon trap: reason=unstable_if action=reinterpret pc=0x00000141959bc780 method=java.io.BufferedOutputStream.implWrite([BII)V @ 5 c2
Event: 308.440 Thread 0x00000141e8366be0 DEOPT PACKING pc=0x00000141959bc780 sp=0x0000002fa60fea80
Event: 308.440 Thread 0x00000141e8366be0 DEOPT UNPACKING pc=0x0000014194fc3aa2 sp=0x0000002fa60fe9d0 mode 2
Event: 308.441 Thread 0x00000141e8366be0 Uncommon trap: trap_request=0xffffff45 fr.pc=0x00000141959bd39c relative=0x00000000000001dc
Event: 308.442 Thread 0x00000141e8366be0 Uncommon trap: reason=unstable_if action=reinterpret pc=0x00000141959bd39c method=java.io.BufferedOutputStream.implWrite([BII)V @ 5 c2
Event: 308.442 Thread 0x00000141e8366be0 DEOPT PACKING pc=0x00000141959bd39c sp=0x0000002fa60fea00
Event: 308.442 Thread 0x00000141e8366be0 DEOPT UNPACKING pc=0x0000014194fc3aa2 sp=0x0000002fa60fe9d8 mode 2
Event: 308.469 Thread 0x00000141e8366be0 Uncommon trap: trap_request=0xffffffbe fr.pc=0x0000014195a7e4bc relative=0x000000000000083c
Event: 308.469 Thread 0x00000141e8366be0 Uncommon trap: reason=profile_predicate action=maybe_recompile pc=0x0000014195a7e4bc method=java.io.InputStream.read([BII)I @ 40 c2
Event: 308.469 Thread 0x00000141e8366be0 DEOPT PACKING pc=0x0000014195a7e4bc sp=0x0000002fa60fef20
Event: 308.469 Thread 0x00000141e8366be0 DEOPT UNPACKING pc=0x0000014194fc3aa2 sp=0x0000002fa60feec0 mode 2
Event: 308.470 Thread 0x00000141e8366be0 Uncommon trap: trap_request=0xffffff45 fr.pc=0x0000014195768244 relative=0x00000000000004e4
Event: 308.470 Thread 0x00000141e8366be0 Uncommon trap: reason=unstable_if action=reinterpret pc=0x0000014195768244 method=java.io.InputStream.read([BII)I @ 52 c2
Event: 308.470 Thread 0x00000141e8366be0 DEOPT PACKING pc=0x0000014195768244 sp=0x0000002fa60fef00
Event: 308.470 Thread 0x00000141e8366be0 DEOPT UNPACKING pc=0x0000014194fc3aa2 sp=0x0000002fa60feec0 mode 2

Classes loaded (20 events):
Event: 47.786 Loading class java/util/concurrent/CompletableFuture$UniAccept
Event: 47.786 Loading class java/util/concurrent/CompletableFuture$UniAccept done
Event: 47.786 Loading class java/util/concurrent/CompletableFuture$UniExceptionally
Event: 47.786 Loading class java/util/concurrent/CompletableFuture$UniExceptionally done
Event: 51.217 Loading class java/nio/file/InvalidPathException
Event: 51.217 Loading class java/nio/file/InvalidPathException done
Event: 51.253 Loading class java/io/SequenceInputStream
Event: 51.253 Loading class java/io/SequenceInputStream done
Event: 308.148 Loading class java/util/concurrent/ForkJoinTask$AdaptedCallable
Event: 308.156 Loading class java/util/concurrent/ForkJoinTask$AdaptedCallable done
Event: 308.189 Loading class java/util/stream/Nodes$CollectorTask$OfRef
Event: 308.195 Loading class java/util/stream/Nodes$CollectorTask
Event: 308.201 Loading class java/util/stream/Nodes$CollectorTask done
Event: 308.201 Loading class java/util/stream/Nodes$CollectorTask$OfRef done
Event: 308.203 Loading class java/util/function/LongFunction
Event: 308.206 Loading class java/util/function/LongFunction done
Event: 308.210 Loading class java/util/stream/Nodes$ConcNode
Event: 308.212 Loading class java/util/stream/Nodes$AbstractConcNode
Event: 308.216 Loading class java/util/stream/Nodes$AbstractConcNode done
Event: 308.216 Loading class java/util/stream/Nodes$ConcNode done

Classes unloaded (13 events):
Event: 7.507 Thread 0x00000141a122f160 Unloading class 0x00000141a31ad000 'java/lang/invoke/LambdaForm$MH+0x00000141a31ad000'
Event: 7.507 Thread 0x00000141a122f160 Unloading class 0x00000141a31acc00 'java/lang/invoke/LambdaForm$MH+0x00000141a31acc00'
Event: 7.507 Thread 0x00000141a122f160 Unloading class 0x00000141a31ac800 'java/lang/invoke/LambdaForm$MH+0x00000141a31ac800'
Event: 7.507 Thread 0x00000141a122f160 Unloading class 0x00000141a31ac400 'java/lang/invoke/LambdaForm$MH+0x00000141a31ac400'
Event: 7.507 Thread 0x00000141a122f160 Unloading class 0x00000141a31ac000 'java/lang/invoke/LambdaForm$BMH+0x00000141a31ac000'
Event: 7.507 Thread 0x00000141a122f160 Unloading class 0x00000141a31abc00 'java/lang/invoke/LambdaForm$DMH+0x00000141a31abc00'
Event: 7.507 Thread 0x00000141a122f160 Unloading class 0x00000141a31aac00 'java/lang/invoke/LambdaForm$DMH+0x00000141a31aac00'
Event: 9.885 Thread 0x00000141a122f160 Unloading class 0x00000141a332f000 'java/lang/invoke/LambdaForm$MH+0x00000141a332f000'
Event: 9.885 Thread 0x00000141a122f160 Unloading class 0x00000141a332dc00 'java/lang/invoke/LambdaForm$MH+0x00000141a332dc00'
Event: 9.885 Thread 0x00000141a122f160 Unloading class 0x00000141a332d400 'java/lang/invoke/LambdaForm$DMH+0x00000141a332d400'
Event: 9.885 Thread 0x00000141a122f160 Unloading class 0x00000141a332c800 'java/lang/invoke/LambdaForm$MH+0x00000141a332c800'
Event: 9.885 Thread 0x00000141a122f160 Unloading class 0x00000141a3328400 'java/lang/invoke/LambdaForm$MH+0x00000141a3328400'
Event: 9.885 Thread 0x00000141a122f160 Unloading class 0x00000141a3324400 'java/lang/invoke/LambdaForm$DMH+0x00000141a3324400'

Classes redefined (0 events):
No events

Internal exceptions (20 events):
Event: 47.567 Thread 0x00000141e9f65c50 Exception <a 'sun/nio/fs/WindowsException'{0x00000000d6282188}> (0x00000000d6282188) 
thrown [s\src\hotspot\share\prims\jni.cpp, line 520]
Event: 47.567 Thread 0x00000141e9f65c50 Exception <a 'sun/nio/fs/WindowsException'{0x00000000d6282a38}> (0x00000000d6282a38) 
thrown [s\src\hotspot\share\prims\jni.cpp, line 520]
Event: 47.568 Thread 0x00000141e9f65c50 Exception <a 'sun/nio/fs/WindowsException'{0x00000000d6286740}> (0x00000000d6286740) 
thrown [s\src\hotspot\share\prims\jni.cpp, line 520]
Event: 47.568 Thread 0x00000141e9f65c50 Exception <a 'sun/nio/fs/WindowsException'{0x00000000d6286fd0}> (0x00000000d6286fd0) 
thrown [s\src\hotspot\share\prims\jni.cpp, line 520]
Event: 47.643 Thread 0x00000141e9f65c50 Exception <a 'sun/nio/fs/WindowsException'{0x00000000d63ef768}> (0x00000000d63ef768) 
thrown [s\src\hotspot\share\prims\jni.cpp, line 520]
Event: 47.643 Thread 0x00000141e9f65c50 Exception <a 'sun/nio/fs/WindowsException'{0x00000000d63f0818}> (0x00000000d63f0818) 
thrown [s\src\hotspot\share\prims\jni.cpp, line 520]
Event: 47.645 Thread 0x00000141e9f65c50 Exception <a 'sun/nio/fs/WindowsException'{0x00000000d63fc818}> (0x00000000d63fc818) 
thrown [s\src\hotspot\share\prims\jni.cpp, line 520]
Event: 47.645 Thread 0x00000141e9f65c50 Exception <a 'sun/nio/fs/WindowsException'{0x00000000d63fd390}> (0x00000000d63fd390) 
thrown [s\src\hotspot\share\prims\jni.cpp, line 520]
Event: 47.646 Thread 0x00000141e9f65c50 Exception <a 'sun/nio/fs/WindowsException'{0x00000000d63ff670}> (0x00000000d63ff670) 
thrown [s\src\hotspot\share\prims\jni.cpp, line 520]
Event: 47.646 Thread 0x00000141e9f65c50 Exception <a 'sun/nio/fs/WindowsException'{0x00000000d6400190}> (0x00000000d6400190) 
thrown [s\src\hotspot\share\prims\jni.cpp, line 520]
Event: 47.668 Thread 0x00000141e9f65c50 Exception <a 'sun/nio/fs/WindowsException'{0x00000000d64181b0}> (0x00000000d64181b0) 
thrown [s\src\hotspot\share\prims\jni.cpp, line 520]
Event: 47.668 Thread 0x00000141e9f65c50 Exception <a 'sun/nio/fs/WindowsException'{0x00000000d6418a30}> (0x00000000d6418a30) 
thrown [s\src\hotspot\share\prims\jni.cpp, line 520]
Event: 47.668 Thread 0x00000141e9f65c50 Exception <a 'sun/nio/fs/WindowsException'{0x00000000d6419808}> (0x00000000d6419808) 
thrown [s\src\hotspot\share\prims\jni.cpp, line 520]
Event: 47.669 Thread 0x00000141e9f65c50 Exception <a 'sun/nio/fs/WindowsException'{0x00000000d641a078}> (0x00000000d641a078) 
thrown [s\src\hotspot\share\prims\jni.cpp, line 520]
Event: 47.776 Thread 0x00000141e9f65c50 Exception <a 'java/lang/IncompatibleClassChangeError'{0x00000000d64fe5d8}: Found class java.lang.Object, but interface was expected> (0x00000000d64fe5d8) 
thrown [s\src\hotspot\share\interpreter\linkResolver.cpp, line 840]
Event: 51.275 Thread 0x00000141e8366be0 Exception <a 'java/io/FileNotFoundException'{0x00000000d5e24cc0}> (0x00000000d5e24cc0) 
thrown [s\src\hotspot\share\prims\jni.cpp, line 520]
Event: 51.275 Thread 0x00000141e8366be0 Exception <a 'java/io/FileNotFoundException'{0x00000000d5e262b0}> (0x00000000d5e262b0) 
thrown [s\src\hotspot\share\prims\jni.cpp, line 520]
Event: 51.281 Thread 0x00000141e8366be0 Exception <a 'java/lang/NoSuchMethodError'{0x00000000d5e4e690}: 'java.lang.Object java.lang.invoke.DirectMethodHandle$Holder.invokeStatic(java.lang.Object, java.lang.Object, int, java.lang.Object)'> (0x00000000d5e4e690) 
thrown [s\src\hotspot\share\interpreter\linkResolver.cpp, line 773]
Event: 51.281 Thread 0x00000141e8366be0 Exception <a 'java/lang/NoSuchMethodError'{0x00000000d5e56180}: 'java.lang.Object java.lang.invoke.DirectMethodHandle$Holder.newInvokeSpecial(java.lang.Object, java.lang.Object, int)'> (0x00000000d5e56180) 
thrown [s\src\hotspot\share\interpreter\linkResolver.cpp, line 773]
Event: 308.427 Thread 0x00000141e8366be0 Exception <a 'java/lang/NoSuchMethodError'{0x00000000d6039338}: 'java.lang.Object java.lang.invoke.DirectMethodHandle$Holder.newInvokeSpecial(java.lang.Object, java.lang.Object, java.lang.Object, java.lang.Object, java.lang.Object, java.lang.Object, java.lang.Object, java.lang.Object)'> (0x00000000d6039338) 
thrown [s\src\hotspot\share\interpreter\linkResolver.cpp, line 773]

ZGC Phase Switch (0 events):
No events

VM Operations (20 events):
Event: 50.228 Executing VM operation: ParallelGCFailedAllocation (Allocation Failure)
Event: 50.230 Executing VM operation: ParallelGCFailedAllocation (Allocation Failure) done
Event: 50.571 Executing VM operation: ParallelGCFailedAllocation (Allocation Failure)
Event: 50.572 Executing VM operation: ParallelGCFailedAllocation (Allocation Failure) done
Event: 52.572 Executing VM operation: Cleanup
Event: 52.572 Executing VM operation: Cleanup done
Event: 60.156 Executing VM operation: HandshakeAllThreads (HandshakeForDeflation)
Event: 60.156 Executing VM operation: HandshakeAllThreads (HandshakeForDeflation) done
Event: 60.156 Executing VM operation: RendezvousGCThreads
Event: 60.156 Executing VM operation: RendezvousGCThreads done
Event: 69.161 Executing VM operation: Cleanup
Event: 69.161 Executing VM operation: Cleanup done
Event: 308.271 Executing VM operation: Cleanup
Event: 308.274 Executing VM operation: Cleanup done
Event: 309.278 Executing VM operation: Cleanup
Event: 309.282 Executing VM operation: Cleanup done
Event: 360.706 Executing VM operation: HandshakeAllThreads (HandshakeForDeflation)
Event: 360.707 Executing VM operation: HandshakeAllThreads (HandshakeForDeflation) done
Event: 360.707 Executing VM operation: RendezvousGCThreads
Event: 360.707 Executing VM operation: RendezvousGCThreads done

Memory protections (0 events):
No events

Nmethod flushes (20 events):
Event: 18.739 Thread 0x00000141a122f160 flushing osr nmethod 0x000001418e31b890
Event: 18.739 Thread 0x00000141a122f160 flushing  nmethod 0x000001418e347390
Event: 18.739 Thread 0x00000141a122f160 flushing  nmethod 0x000001418e347a90
Event: 18.739 Thread 0x00000141a122f160 flushing  nmethod 0x000001418e34e990
Event: 18.739 Thread 0x00000141a122f160 flushing  nmethod 0x000001418e34f290
Event: 18.739 Thread 0x00000141a122f160 flushing  nmethod 0x000001418e350890
Event: 18.739 Thread 0x00000141a122f160 flushing  nmethod 0x000001418e350d10
Event: 18.739 Thread 0x00000141a122f160 flushing  nmethod 0x000001418e351d10
Event: 18.739 Thread 0x00000141a122f160 flushing  nmethod 0x000001418e352110
Event: 18.739 Thread 0x00000141a122f160 flushing  nmethod 0x000001418e352590
Event: 18.739 Thread 0x00000141a122f160 flushing  nmethod 0x000001418e358a90
Event: 18.739 Thread 0x00000141a122f160 flushing  nmethod 0x000001418e359f10
Event: 18.739 Thread 0x00000141a122f160 flushing  nmethod 0x000001418e35a490
Event: 18.739 Thread 0x00000141a122f160 flushing  nmethod 0x000001418e35aa90
Event: 18.739 Thread 0x00000141a122f160 flushing  nmethod 0x000001418e35b210
Event: 18.739 Thread 0x00000141a122f160 flushing  nmethod 0x000001418e35b610
Event: 18.739 Thread 0x00000141a122f160 flushing  nmethod 0x000001418e35ba90
Event: 18.739 Thread 0x00000141a122f160 flushing  nmethod 0x000001418e35c090
Event: 18.739 Thread 0x00000141a122f160 flushing  nmethod 0x000001418e35ca90
Event: 18.739 Thread 0x00000141a122f160 flushing osr nmethod 0x000001418e397010

Events (20 events):
Event: 47.323 Thread 0x00000141eb9cdaf0 Thread exited: 0x00000141eb9cdaf0
Event: 47.468 Thread 0x00000141e9ea4590 Thread exited: 0x00000141e9ea4590
Event: 47.785 Thread 0x00000141e9f65c50 Thread added: 0x00000141eb9ce180
Event: 47.814 Thread 0x00000141eb9ce180 Thread added: 0x00000141eb9ceea0
Event: 47.951 Thread 0x00000141e8367900 Thread added: 0x00000141eb9cc740
Event: 47.956 Thread 0x00000141e8367900 Thread added: 0x00000141eb9ccdd0
Event: 48.203 Thread 0x00000141eb9ccdd0 Thread added: 0x00000141eb9cf530
Event: 51.131 Thread 0x00000141eb9cf530 Thread exited: 0x00000141eb9cf530
Event: 51.132 Thread 0x00000141eb9ccdd0 Thread exited: 0x00000141eb9ccdd0
Event: 107.847 Thread 0x00000141eb9ceea0 Thread exited: 0x00000141eb9ceea0
Event: 111.149 Thread 0x00000141e8367270 Thread exited: 0x00000141e8367270
Event: 111.156 Thread 0x00000141e8364480 Thread exited: 0x00000141e8364480
Event: 111.179 Thread 0x00000141e8364b10 Thread exited: 0x00000141e8364b10
Event: 111.240 Thread 0x00000141e9f64210 Thread exited: 0x00000141e9f64210
Event: 167.850 Thread 0x00000141eb9ce180 Thread exited: 0x00000141eb9ce180
Event: 171.159 Thread 0x00000141e8367900 Thread exited: 0x00000141e8367900
Event: 308.167 Thread 0x00000141e8366be0 Thread added: 0x00000141eb9ce180
Event: 308.222 Thread 0x00000141eb9ce180 Thread exited: 0x00000141eb9ce180
Event: 308.358 Thread 0x00000141e8366be0 Thread added: 0x00000141eb9ccdd0
Event: 308.365 Thread 0x00000141eb9ccdd0 Thread exited: 0x00000141eb9ccdd0


Dynamic libraries:
0x00007ff7978b0000 - 0x00007ff7978be000 	c:\Users\akbop\.vscode\extensions\redhat.java-1.52.0-win32-x64\jre\21.0.9-win32-x86_64\bin\java.exe
0x00007ffa8f060000 - 0x00007ffa8f2c7000 	C:\WINDOWS\SYSTEM32\ntdll.dll
0x00007ffa8d2a0000 - 0x00007ffa8d369000 	C:\WINDOWS\System32\KERNEL32.DLL
0x00007ffa8c330000 - 0x00007ffa8c71f000 	C:\WINDOWS\System32\KERNELBASE.dll
0x00007ffa8ca60000 - 0x00007ffa8cbab000 	C:\WINDOWS\System32\ucrtbase.dll
0x00007ffa3e830000 - 0x00007ffa3e848000 	c:\Users\akbop\.vscode\extensions\redhat.java-1.52.0-win32-x64\jre\21.0.9-win32-x86_64\bin\jli.dll
0x00007ffa8d030000 - 0x00007ffa8d1f5000 	C:\WINDOWS\System32\USER32.dll
0x00007ffa8cc70000 - 0x00007ffa8cc97000 	C:\WINDOWS\System32\win32u.dll
0x00007ffa8ce00000 - 0x00007ffa8ce2b000 	C:\WINDOWS\System32\GDI32.dll
0x00007ffa8c7c0000 - 0x00007ffa8c8ec000 	C:\WINDOWS\System32\gdi32full.dll
0x00007ffa8cd50000 - 0x00007ffa8cdf3000 	C:\WINDOWS\System32\msvcp_win.dll
0x00007ffa3e750000 - 0x00007ffa3e76e000 	c:\Users\akbop\.vscode\extensions\redhat.java-1.52.0-win32-x64\jre\21.0.9-win32-x86_64\bin\VCRUNTIME140.dll
0x00007ffa7c790000 - 0x00007ffa7ca23000 	C:\WINDOWS\WinSxS\amd64_microsoft.windows.common-controls_6595b64144ccf1df_6.0.26100.7309_none_3e05feeae336a044\COMCTL32.dll
0x00007ffa8d560000 - 0x00007ffa8d609000 	C:\WINDOWS\System32\msvcrt.dll
0x00007ffa8d6c0000 - 0x00007ffa8d6f1000 	C:\WINDOWS\System32\IMM32.DLL
0x00007ffa6f9e0000 - 0x00007ffa6f9ec000 	c:\Users\akbop\.vscode\extensions\redhat.java-1.52.0-win32-x64\jre\21.0.9-win32-x86_64\bin\vcruntime140_1.dll
0x00007ff9d84b0000 - 0x00007ff9d853d000 	c:\Users\akbop\.vscode\extensions\redhat.java-1.52.0-win32-x64\jre\21.0.9-win32-x86_64\bin\msvcp140.dll
0x00007ff9d7710000 - 0x00007ff9d84b0000 	c:\Users\akbop\.vscode\extensions\redhat.java-1.52.0-win32-x64\jre\21.0.9-win32-x86_64\bin\server\jvm.dll
0x00007ffa8dcf0000 - 0x00007ffa8dda4000 	C:\WINDOWS\System32\ADVAPI32.dll
0x00007ffa8d610000 - 0x00007ffa8d6b6000 	C:\WINDOWS\System32\sechost.dll
0x00007ffa8e6c0000 - 0x00007ffa8e7d8000 	C:\WINDOWS\System32\RPCRT4.dll
0x00007ffa8d210000 - 0x00007ffa8d284000 	C:\WINDOWS\System32\WS2_32.dll
0x00007ffa8c030000 - 0x00007ffa8c08e000 	C:\WINDOWS\SYSTEM32\POWRPROF.dll
0x00007ffa82e90000 - 0x00007ffa82ec5000 	C:\WINDOWS\SYSTEM32\WINMM.dll
0x00007ffa82ed0000 - 0x00007ffa82edb000 	C:\WINDOWS\SYSTEM32\VERSION.dll
0x00007ffa8bff0000 - 0x00007ffa8c004000 	C:\WINDOWS\SYSTEM32\UMPDC.dll
0x00007ffa8af20000 - 0x00007ffa8af3b000 	C:\WINDOWS\SYSTEM32\kernel.appcore.dll
0x00007ffa636b0000 - 0x00007ffa636ba000 	c:\Users\akbop\.vscode\extensions\redhat.java-1.52.0-win32-x64\jre\21.0.9-win32-x86_64\bin\jimage.dll
0x00007ffa89b10000 - 0x00007ffa89d52000 	C:\WINDOWS\SYSTEM32\DBGHELP.DLL
0x00007ffa8d810000 - 0x00007ffa8db96000 	C:\WINDOWS\System32\combase.dll
0x00007ffa8d700000 - 0x00007ffa8d7d6000 	C:\WINDOWS\System32\OLEAUT32.dll
0x00007ffa73390000 - 0x00007ffa733cc000 	C:\WINDOWS\SYSTEM32\dbgcore.DLL
0x00007ffa8cca0000 - 0x00007ffa8cd45000 	C:\WINDOWS\System32\bcryptPrimitives.dll
0x00007ffa42b10000 - 0x00007ffa42b1f000 	c:\Users\akbop\.vscode\extensions\redhat.java-1.52.0-win32-x64\jre\21.0.9-win32-x86_64\bin\instrument.dll
0x00007ffa3a210000 - 0x00007ffa3a230000 	c:\Users\akbop\.vscode\extensions\redhat.java-1.52.0-win32-x64\jre\21.0.9-win32-x86_64\bin\java.dll
0x00007ffa8ddb0000 - 0x00007ffa8e503000 	C:\WINDOWS\System32\SHELL32.dll
0x00007ffa8c8f0000 - 0x00007ffa8ca5a000 	C:\WINDOWS\System32\wintypes.dll
0x00007ffa89d90000 - 0x00007ffa8a5ee000 	C:\WINDOWS\SYSTEM32\windows.storage.dll
0x00007ffa8d460000 - 0x00007ffa8d555000 	C:\WINDOWS\System32\SHCORE.dll
0x00007ffa8d3f0000 - 0x00007ffa8d456000 	C:\WINDOWS\System32\shlwapi.dll
0x00007ffa8c0d0000 - 0x00007ffa8c0f9000 	C:\WINDOWS\SYSTEM32\profapi.dll
0x00007ff9fdf00000 - 0x00007ff9fdf18000 	c:\Users\akbop\.vscode\extensions\redhat.java-1.52.0-win32-x64\jre\21.0.9-win32-x86_64\bin\zip.dll
0x00007ffa63100000 - 0x00007ffa63110000 	C:\Users\akbop\.vscode\extensions\redhat.java-1.52.0-win32-x64\jre\21.0.9-win32-x86_64\bin\net.dll
0x00007ffa84490000 - 0x00007ffa845b8000 	C:\WINDOWS\SYSTEM32\WINHTTP.dll
0x00007ffa8b470000 - 0x00007ffa8b4db000 	C:\WINDOWS\system32\mswsock.dll
0x00007ff9fec20000 - 0x00007ff9fec36000 	C:\Users\akbop\.vscode\extensions\redhat.java-1.52.0-win32-x64\jre\21.0.9-win32-x86_64\bin\nio.dll
0x00007ffa3ea70000 - 0x00007ffa3ea80000 	c:\Users\akbop\.vscode\extensions\redhat.java-1.52.0-win32-x64\jre\21.0.9-win32-x86_64\bin\verify.dll
0x00007ffa7be70000 - 0x00007ffa7beb5000 	C:\Users\akbop\AppData\Roaming\Code\User\globalStorage\redhat.java\1.52.0\config_win\org.eclipse.equinox.launcher\org.eclipse.equinox.launcher.win32.win32.x86_64_1.2.1500.v20260121-1430\eclipse_11919.dll
0x00007ffa8e520000 - 0x00007ffa8e6b7000 	C:\WINDOWS\System32\ole32.dll
0x00007ffa8b860000 - 0x00007ffa8b87b000 	C:\WINDOWS\SYSTEM32\CRYPTSP.dll
0x00007ffa8ae80000 - 0x00007ffa8aeba000 	C:\WINDOWS\system32\rsaenh.dll
0x00007ffa8b520000 - 0x00007ffa8b54b000 	C:\WINDOWS\SYSTEM32\USERENV.dll
0x00007ffa8c0a0000 - 0x00007ffa8c0ca000 	C:\WINDOWS\SYSTEM32\bcrypt.dll
0x00007ffa8b6c0000 - 0x00007ffa8b6cc000 	C:\WINDOWS\SYSTEM32\CRYPTBASE.dll
0x00007ffa8a910000 - 0x00007ffa8a944000 	C:\WINDOWS\SYSTEM32\IPHLPAPI.DLL
0x00007ffa8d290000 - 0x00007ffa8d29a000 	C:\WINDOWS\System32\NSI.dll
0x00007ffa77d60000 - 0x00007ffa77da9000 	C:\Users\akbop\AppData\Local\Temp\jna-92866905\jna15809411729335665074.dll
0x00007ffa8e510000 - 0x00007ffa8e518000 	C:\WINDOWS\System32\PSAPI.DLL
0x00007ffa83b50000 - 0x00007ffa83b6e000 	C:\WINDOWS\SYSTEM32\dhcpcsvc6.DLL
0x00007ffa83a00000 - 0x00007ffa83a23000 	C:\WINDOWS\SYSTEM32\dhcpcsvc.DLL
0x00007ffa78e80000 - 0x00007ffa78ea7000 	C:\Users\akbop\.gradle\native\1def1411415f61bf3af743bc5b6707747c0891f09f0c88961ee8f79bc544acac\windows-amd64\native-platform.dll
0x00007ffa5f7f0000 - 0x00007ffa5f7fa000 	C:\Users\akbop\.vscode\extensions\redhat.java-1.52.0-win32-x64\jre\21.0.9-win32-x86_64\bin\management.dll
0x00007ffa58780000 - 0x00007ffa5878c000 	C:\Users\akbop\.vscode\extensions\redhat.java-1.52.0-win32-x64\jre\21.0.9-win32-x86_64\bin\management_ext.dll
0x00007ffa439f0000 - 0x00007ffa439f9000 	C:\Users\akbop\.vscode\extensions\redhat.java-1.52.0-win32-x64\jre\21.0.9-win32-x86_64\bin\extnet.dll
0x00007ffa57c00000 - 0x00007ffa57c0e000 	C:\Users\akbop\.vscode\extensions\redhat.java-1.52.0-win32-x64\jre\21.0.9-win32-x86_64\bin\sunmscapi.dll
0x00007ffa8c1b0000 - 0x00007ffa8c327000 	C:\WINDOWS\System32\CRYPT32.dll
0x00007ffa8b9b0000 - 0x00007ffa8b9e0000 	C:\WINDOWS\SYSTEM32\ncrypt.dll
0x00007ffa8b960000 - 0x00007ffa8b99f000 	C:\WINDOWS\SYSTEM32\NTASN1.dll
0x00007ffa85450000 - 0x00007ffa85458000 	C:\WINDOWS\system32\wshunix.dll

JVMTI agents:
c:\Users\akbop\.vscode\extensions\redhat.java-1.52.0-win32-x64\lombok\lombok-1.18.39-4050.jar path:c:\Users\akbop\.vscode\extensions\redhat.java-1.52.0-win32-x64\jre\21.0.9-win32-x86_64\bin\instrument.dll, loaded, initialized, instrumentlib options:none

dbghelp: loaded successfully - version: 4.0.5 - missing functions: none
symbol engine: initialized successfully - sym options: 0x614 - pdb path: .;c:\Users\akbop\.vscode\extensions\redhat.java-1.52.0-win32-x64\jre\21.0.9-win32-x86_64\bin;C:\WINDOWS\SYSTEM32;C:\WINDOWS\WinSxS\amd64_microsoft.windows.common-controls_6595b64144ccf1df_6.0.26100.7309_none_3e05feeae336a044;c:\Users\akbop\.vscode\extensions\redhat.java-1.52.0-win32-x64\jre\21.0.9-win32-x86_64\bin\server;C:\Users\akbop\AppData\Roaming\Code\User\globalStorage\redhat.java\1.52.0\config_win\org.eclipse.equinox.launcher\org.eclipse.equinox.launcher.win32.win32.x86_64_1.2.1500.v20260121-1430;C:\Users\akbop\AppData\Local\Temp\jna-92866905;C:\Users\akbop\.gradle\native\1def1411415f61bf3af743bc5b6707747c0891f09f0c88961ee8f79bc544acac\windows-amd64

VM Arguments:
jvm_args: --add-modules=ALL-SYSTEM --add-opens=java.base/java.util=ALL-UNNAMED --add-opens=java.base/java.lang=ALL-UNNAMED --add-opens=java.base/sun.nio.fs=ALL-UNNAMED -Declipse.application=org.eclipse.jdt.ls.core.id1 -Dosgi.bundles.defaultStartLevel=4 -Declipse.product=org.eclipse.jdt.ls.core.product -Djava.import.generatesMetadataFilesAtProjectRoot=false -DDetectVMInstallationsJob.disabled=true -Dfile.encoding=utf8 -XX:+UseParallelGC -XX:GCTimeRatio=4 -XX:AdaptiveSizePolicyWeight=90 -Dsun.zip.disableMemoryMapping=true -Xmx2G -Xms100m -Xlog:disable -javaagent:c:\Users\akbop\.vscode\extensions\redhat.java-1.52.0-win32-x64\lombok\lombok-1.18.39-4050.jar -XX:+HeapDumpOnOutOfMemoryError -XX:HeapDumpPath=c:\Users\akbop\AppData\Roaming\Code\User\workspaceStorage\5c7d54b4b6ce7c03cd1729fc8615050d\redhat.java -Daether.dependencyCollector.impl=bf 
java_command: c:\Users\akbop\.vscode\extensions\redhat.java-1.52.0-win32-x64\server\plugins\org.eclipse.equinox.launcher_1.7.100.v20251111-0406.jar -configuration c:\Users\akbop\AppData\Roaming\Code\User\globalStorage\redhat.java\1.52.0\config_win -data c:\Users\akbop\AppData\Roaming\Code\User\workspaceStorage\5c7d54b4b6ce7c03cd1729fc8615050d\redhat.java\jdt_ws --pipe=\\.\pipe\lsp-45ca892d7fce00c71527f77752a29a05-sock
java_class_path (initial): c:\Users\akbop\.vscode\extensions\redhat.java-1.52.0-win32-x64\server\plugins\org.eclipse.equinox.launcher_1.7.100.v20251111-0406.jar
Launcher Type: SUN_STANDARD

[Global flags]
    uintx AdaptiveSizePolicyWeight                 = 90                                        {product} {command line}
     intx CICompilerCount                          = 3                                         {product} {ergonomic}
    uintx GCTimeRatio                              = 4                                         {product} {command line}
     bool HeapDumpOnOutOfMemoryError               = true                                   {manageable} {command line}
    ccstr HeapDumpPath                             = c:\Users\akbop\AppData\Roaming\Code\User\workspaceStorage\5c7d54b4b6ce7c03cd1729fc8615050d\redhat.java         {manageable} {command line}
   size_t InitialHeapSize                          = 104857600                                 {product} {command line}
   size_t MaxHeapSize                              = 2147483648                                {product} {command line}
   size_t MaxNewSize                               = 715653120                                 {product} {ergonomic}
   size_t MinHeapDeltaBytes                        = 524288                                    {product} {ergonomic}
   size_t MinHeapSize                              = 104857600                                 {product} {command line}
   size_t NewSize                                  = 34603008                                  {product} {ergonomic}
    uintx NonNMethodCodeHeapSize                   = 5832780                                {pd product} {ergonomic}
    uintx NonProfiledCodeHeapSize                  = 122912730                              {pd product} {ergonomic}
   size_t OldSize                                  = 70254592                                  {product} {ergonomic}
    uintx ProfiledCodeHeapSize                     = 122912730                              {pd product} {ergonomic}
    uintx ReservedCodeCacheSize                    = 251658240                              {pd product} {ergonomic}
     bool SegmentedCodeCache                       = true                                      {product} {ergonomic}
   size_t SoftMaxHeapSize                          = 2147483648                             {manageable} {ergonomic}
     bool UseCompressedOops                        = true                           {product lp64_product} {ergonomic}
     bool UseLargePagesIndividualAllocation        = false                                  {pd product} {ergonomic}
     bool UseParallelGC                            = true                                      {product} {command line}

Logging:
Log output configuration:
 #0: stdout all=off uptime,level,tags foldmultilines=false
 #1: stderr all=off uptime,level,tags foldmultilines=false

Release file:
JAVA_VERSION="21.0.9" 
MODULES="java.base java.compiler java.datatransfer java.xml java.prefs java.desktop java.instrument java.logging java.management java.security.sasl java.naming java.rmi java.management.rmi java.net.http java.scripting java.security.jgss java.transaction.xa java.sql java.sql.rowset java.xml.crypto java.se java.smartcardio jdk.accessibility jdk.internal.jvmstat jdk.attach jdk.charsets jdk.internal.opt jdk.zipfs jdk.compiler jdk.crypto.ec jdk.crypto.cryptoki jdk.crypto.mscapi jdk.dynalink jdk.internal.ed jdk.editpad jdk.hotspot.agent jdk.httpserver jdk.internal.le jdk.internal.vm.ci jdk.internal.vm.compiler jdk.internal.vm.compiler.management jdk.jartool jdk.javadoc jdk.jcmd jdk.management jdk.management.agent jdk.jconsole jdk.jdeps jdk.jdwp.agent jdk.jdi jdk.jfr jdk.jshell jdk.jsobject jdk.jstatd jdk.localedata jdk.management.jfr jdk.naming.dns jdk.naming.rmi jdk.net jdk.nio.mapmode jdk.random jdk.sctp jdk.security.auth jdk.security.jgss jdk.unsupported jdk.unsupported.desktop jdk.xml.dom" 

Environment Variables:
PATH=C:\ProgramData\Oracle\Java\javapath;C:\Program Files\Common Files\Oracle\Java\javapath;C:\Program Files (x86)\Common Files\Oracle\Java\java8path;C:\WINDOWS\system32;C:\WINDOWS;C:\WINDOWS\System32\Wbem;C:\WINDOWS\System32\WindowsPowerShell\v1.0\;C:\WINDOWS\System32\OpenSSH\;C:\Program Files (x86)\Common Files\Intel\Shared Libraries\redist\intel64\compiler;C:\Program Files (x86)\NVIDIA Corporation\PhysX\Common;C:\Users\akbop\AppData\Local\Programs\Python\Python311\Scripts\;C:\Users\akbop\AppData\Local\Programs\Python\Python311\;C:\Users\akbop\AppData\Local\Microsoft\WindowsApps;C:\Users\akbop\AppData\Local\Programs\Microsoft VS Code\bin;C:\Program Files\nodejs\;C:\Program Files\dotnet\;C:\WINDOWS\system32;C:\WINDOWS;C:\WINDOWS\System32\Wbem;C:\WINDOWS\System32\WindowsPowerShell\v1.0\;C:\WINDOWS\System32\OpenSSH\;C:\apache-maven-3.9.11\bin;C:\Program Files\Git\cmd;C:\Users\akbop\AppData\Roaming\npm;C:\Users\akbop\AppData\Local\Pub\Cache\bin;C:\ffmpeg\ffmpeg-8.0-essentials_build\bin;;C:\Program Files\Docker\Docker\resources\bin;C:\Users\akbop\AppData\Local\Programs\Python\Python314\Scripts\;C:\Users\akbop\AppData\Local\Programs\Python\Python314\;C:\Program Files\PowerShell\7;C:\Program Files\Common Files\Oracle\Java\javapath;C:\Program Files\Eclipse Adoptium\jdk-21.0.8.9-hotspot\bin;C:\Program Files (x86)\Common Files\Oracle\Java\java8path;C:\WINDOWS\system32;C:\WINDOWS;C:\WINDOWS\System32\Wbem;C:\WINDOWS\System32\WindowsPowerShell\v1.0\;C:\WINDOWS\System32\OpenSSH\;C:\Program Files (x86)\Common Files\Intel\Shared Libraries\redist\intel64\compiler;C:\Program Files (x86)\NVIDIA Corporation\PhysX\Common;C:\Users\akbop\AppData\Local\Programs\Python\Python311\Scripts\;C:\Users\akbop\AppData\Local\Programs\Python\Python311\;C:\Users\akbop\AppData\Local\Microsoft\WindowsApps;C:\Users\akbop\AppData\Local\Programs\Microsoft VS Code\bin;C:\Program Files\nodejs\;C:\Program Files\dotnet\;C:\WINDOWS\system32;C:\WINDOWS;C:\WINDOWS\System32\Wbem;C:\WINDOWS\System32\WindowsPowerShell\v1.0\;C:\WINDOWS\System32\OpenSSH\;C:\ffmpeg\bin;C:\apache-maven-3.9.11\bin;C:\Program Files\Git\cmd;C:\Users\akbop\AppData\Roaming\npm;C:\Program Files\PowerShell\7;C:\flutter\bin\;C:;C:\Users\akbop\AppData\Local\Microsoft\WinGet\Links;C:\Users\akbop\AppData\Local\Microsoft\WinGet\Packages\yt-dlp.FFmpeg_Microsoft.Winget.Source_8wekyb3d8bbwe\ffmpeg-N-121583-g4348bde2d2-win64-gpl/bin;C:\Program Files\JetBrains\IntelliJ IDEA 2025.3.1.1\bin
USERNAME=akbop
OS=Windows_NT
PROCESSOR_IDENTIFIER=AMD64 Family 23 Model 24 Stepping 1, AuthenticAMD
TMP=C:\Users\akbop\AppData\Local\Temp
TEMP=C:\Users\akbop\AppData\Local\Temp




Periodic native trim disabled

---------------  S Y S T E M  ---------------

OS:
 Windows 11 , 64 bit Build 26100 (10.0.26100.7623)
OS uptime: 1 days 13:12 hours
Hyper-V role detected

CPU: total 4 (initial active 4) (4 cores per cpu, 2 threads per core) family 23 model 24 stepping 1 microcode 0x8108109, cx8, cmov, fxsr, ht, mmx, 3dnowpref, sse, sse2, sse3, ssse3, sse4a, sse4.1, sse4.2, popcnt, lzcnt, tsc, tscinvbit, avx, avx2, aes, clmul, bmi1, bmi2, adx, sha, fma, vzeroupper, clflush, clflushopt, hv, rdtscp, f16c
Processor Information for the first 4 processors :
  Max Mhz: 2400, Current Mhz: 2400, Mhz Limit: 2400

Memory: 4k page, system-wide physical 6020M (567M free)
TotalPageFile size 21123M (AvailPageFile size 0M)
current process WorkingSet (physical memory assigned to process): 47M, peak: 260M
current process commit charge ("private bytes"): 341M, peak: 364M

vm_info: OpenJDK 64-Bit Server VM (21.0.9+10-LTS) for windows-amd64 JRE (21.0.9+10-LTS), built on 2025-10-21T00:00:00Z by "admin" with unknown MS VC++:1942

END.
